          Evm          Svm            E11          E22          E33          E23          E13          E12         SDEV11       SDEV22       SDEV33       SDEV23       SDEV13       SDEV12      TEMP
  0.00000E+00  0.57797E+02    0.00000E+00  0.00000E+00  0.00000E+00  0.00000E+00  0.00000E+00  0.00000E+00    0.16681E+02  0.18784E+02 -0.35465E+02 -0.31624E+01  0.13585E+01  0.12539E+02      982.00
  0.23011E-01  0.57826E+02    0.12500E-01  0.12500E-01 -0.25000E-01  0.00000E+00  0.00000E+00  0.00000E+00    0.16995E+02  0.18427E+02 -0.35422E+02 -0.30051E+01  0.15796E+01  0.12710E+02      982.00
  0.45981E-01  0.57945E+02    0.25000E-01  0.25000E-01 -0.50000E-01  0.00000E+00  0.00000E+00  0.00000E+00    0.17233E+02  0.18183E+02 -0.35416E+02 -0.28997E+01  0.17387E+01  0.12915E+02      982.00
  0.68902E-01  0.58142E+02    0.37500E-01  0.37500E-01 -0.75000E-01  0.00000E+00  0.00000E+00  0.00000E+00    0.17431E+02  0.18015E+02 -0.35446E+02 -0.28150E+01  0.18605E+01  0.13155E+02      982.00
  0.91763E-01  0.58406E+02    0.50000E-01  0.50000E-01 -0.10000E+00  0.00000E+00  0.00000E+00  0.00000E+00    0.17601E+02  0.17904E+02 -0.35506E+02 -0.27404E+01  0.19537E+01  0.13426E+02      982.00
  0.11456E+00  0.58720E+02    0.62500E-01  0.62500E-01 -0.12500E+00  0.00000E+00  0.00000E+00  0.00000E+00    0.17746E+02  0.17844E+02 -0.35590E+02 -0.26736E+01  0.20191E+01  0.13718E+02      982.00
  0.13729E+00  0.59068E+02    0.75000E-01  0.75000E-01 -0.15000E+00  0.00000E+00  0.00000E+00  0.00000E+00    0.17874E+02  0.17818E+02 -0.35692E+02 -0.26087E+01  0.20639E+01  0.14018E+02      982.00
  0.15995E+00  0.59440E+02    0.87500E-01  0.87500E-01 -0.17500E+00  0.00000E+00  0.00000E+00  0.00000E+00    0.17981E+02  0.17829E+02 -0.35810E+02 -0.25487E+01  0.20829E+01  0.14322E+02      982.00
  0.18254E+00  0.59817E+02    0.10000E+00  0.10000E+00 -0.20000E+00  0.00000E+00  0.00000E+00  0.00000E+00    0.18067E+02  0.17865E+02 -0.35932E+02 -0.24978E+01  0.20798E+01  0.14622E+02      982.00
  0.20507E+00  0.60194E+02    0.11250E+00  0.11250E+00 -0.22500E+00  0.00000E+00  0.00000E+00  0.00000E+00    0.18146E+02  0.17914E+02 -0.36060E+02 -0.24411E+01  0.20649E+01  0.14908E+02      982.00
  0.22753E+00  0.60573E+02    0.12500E+00  0.12500E+00 -0.25000E+00  0.00000E+00  0.00000E+00  0.00000E+00    0.18219E+02  0.17973E+02 -0.36192E+02 -0.23715E+01  0.20331E+01  0.15194E+02      982.00
  0.24994E+00  0.60941E+02    0.13750E+00  0.13750E+00 -0.27500E+00  0.00000E+00  0.00000E+00  0.00000E+00    0.18282E+02  0.18041E+02 -0.36323E+02 -0.23240E+01  0.19976E+01  0.15460E+02      982.00
  0.27229E+00  0.61294E+02    0.15000E+00  0.15000E+00 -0.30000E+00  0.00000E+00  0.00000E+00  0.00000E+00    0.18342E+02  0.18110E+02 -0.36452E+02 -0.22795E+01  0.19582E+01  0.15707E+02      982.00
  0.29459E+00  0.61630E+02    0.16250E+00  0.16250E+00 -0.32500E+00  0.00000E+00  0.00000E+00  0.00000E+00    0.18400E+02  0.18178E+02 -0.36577E+02 -0.22383E+01  0.19182E+01  0.15936E+02      982.00
  0.31685E+00  0.61960E+02    0.17500E+00  0.17500E+00 -0.35000E+00  0.00000E+00  0.00000E+00  0.00000E+00    0.18456E+02  0.18243E+02 -0.36699E+02 -0.21865E+01  0.18665E+01  0.16164E+02      982.00
  0.33906E+00  0.62255E+02    0.18750E+00  0.18750E+00 -0.37500E+00  0.00000E+00  0.00000E+00  0.00000E+00    0.18512E+02  0.18302E+02 -0.36815E+02 -0.21543E+01  0.18297E+01  0.16352E+02      982.00
  0.36123E+00  0.62506E+02    0.20000E+00  0.20000E+00 -0.40000E+00  0.00000E+00  0.00000E+00  0.00000E+00    0.18568E+02  0.18350E+02 -0.36919E+02 -0.21479E+01  0.18179E+01  0.16497E+02      982.00
  0.38338E+00  0.62747E+02    0.21250E+00  0.21250E+00 -0.42500E+00  0.00000E+00  0.00000E+00  0.00000E+00    0.18618E+02  0.18397E+02 -0.37015E+02 -0.21174E+01  0.17821E+01  0.16647E+02      982.00
  0.40550E+00  0.62989E+02    0.22500E+00  0.22500E+00 -0.45000E+00  0.00000E+00  0.00000E+00  0.00000E+00    0.18672E+02  0.18441E+02 -0.37113E+02 -0.20885E+01  0.17459E+01  0.16796E+02      982.00
  0.42760E+00  0.63213E+02    0.23750E+00  0.23750E+00 -0.47500E+00  0.00000E+00  0.00000E+00  0.00000E+00    0.18727E+02  0.18480E+02 -0.37207E+02 -0.20722E+01  0.17223E+01  0.16924E+02      982.00
  0.44967E+00  0.63409E+02    0.25000E+00  0.25000E+00 -0.50000E+00  0.00000E+00  0.00000E+00  0.00000E+00    0.18779E+02  0.18511E+02 -0.37290E+02 -0.20579E+01  0.17009E+01  0.17035E+02      982.00
  0.47173E+00  0.63626E+02    0.26250E+00  0.26250E+00 -0.52500E+00  0.00000E+00  0.00000E+00  0.00000E+00    0.18839E+02  0.18542E+02 -0.37381E+02 -0.20387E+01  0.16722E+01  0.17159E+02      982.00
  0.49376E+00  0.63798E+02    0.27500E+00  0.27500E+00 -0.55000E+00  0.00000E+00  0.00000E+00  0.00000E+00    0.18892E+02  0.18565E+02 -0.37457E+02 -0.20316E+01  0.16574E+01  0.17250E+02      982.00
  0.51577E+00  0.63956E+02    0.28750E+00  0.28750E+00 -0.57500E+00  0.00000E+00  0.00000E+00  0.00000E+00    0.18943E+02  0.18584E+02 -0.37528E+02 -0.20267E+01  0.16456E+01  0.17331E+02      982.00
  0.53778E+00  0.64102E+02    0.30000E+00  0.30000E+00 -0.60000E+00  0.00000E+00  0.00000E+00  0.00000E+00    0.18994E+02  0.18600E+02 -0.37594E+02 -0.20234E+01  0.16357E+01  0.17404E+02      982.00
  0.55977E+00  0.64224E+02    0.31250E+00  0.31250E+00 -0.62500E+00  0.00000E+00  0.00000E+00  0.00000E+00    0.19035E+02  0.18619E+02 -0.37655E+02 -0.20306E+01  0.16407E+01  0.17455E+02      982.00
  0.58176E+00  0.64353E+02    0.32500E+00  0.32500E+00 -0.65000E+00  0.00000E+00  0.00000E+00  0.00000E+00    0.19091E+02  0.18612E+02 -0.37704E+02 -0.20170E+01  0.16156E+01  0.17536E+02      982.00
  0.60373E+00  0.64474E+02    0.33750E+00  0.33750E+00 -0.67500E+00  0.00000E+00  0.00000E+00  0.00000E+00    0.19142E+02  0.18620E+02 -0.37762E+02 -0.20172E+01  0.16088E+01  0.17591E+02      982.00
  0.62569E+00  0.64577E+02    0.35000E+00  0.35000E+00 -0.70000E+00  0.00000E+00  0.00000E+00  0.00000E+00    0.19186E+02  0.18624E+02 -0.37810E+02 -0.20186E+01  0.16046E+01  0.17639E+02      982.00
  0.64765E+00  0.64674E+02    0.36250E+00  0.36250E+00 -0.72500E+00  0.00000E+00  0.00000E+00  0.00000E+00    0.19230E+02  0.18626E+02 -0.37856E+02 -0.20207E+01  0.16016E+01  0.17683E+02      982.00
  0.66960E+00  0.64764E+02    0.37500E+00  0.37500E+00 -0.75000E+00  0.00000E+00  0.00000E+00  0.00000E+00    0.19273E+02  0.18626E+02 -0.37899E+02 -0.20233E+01  0.15993E+01  0.17723E+02      982.00
  0.69154E+00  0.64847E+02    0.38750E+00  0.38750E+00 -0.77500E+00  0.00000E+00  0.00000E+00  0.00000E+00    0.19314E+02  0.18624E+02 -0.37939E+02 -0.20262E+01  0.15976E+01  0.17760E+02      982.00
  0.71348E+00  0.64925E+02    0.40000E+00  0.40000E+00 -0.80000E+00  0.00000E+00  0.00000E+00  0.00000E+00    0.19355E+02  0.18621E+02 -0.37976E+02 -0.20295E+01  0.15964E+01  0.17795E+02      982.00
  0.73542E+00  0.64997E+02    0.41250E+00  0.41250E+00 -0.82500E+00  0.00000E+00  0.00000E+00  0.00000E+00    0.19394E+02  0.18617E+02 -0.38011E+02 -0.20330E+01  0.15957E+01  0.17826E+02      982.00
  0.75735E+00  0.65064E+02    0.42500E+00  0.42500E+00 -0.85000E+00  0.00000E+00  0.00000E+00  0.00000E+00    0.19432E+02  0.18611E+02 -0.38043E+02 -0.20367E+01  0.15954E+01  0.17855E+02      982.00
  0.77927E+00  0.65127E+02    0.43750E+00  0.43750E+00 -0.87500E+00  0.00000E+00  0.00000E+00  0.00000E+00    0.19469E+02  0.18605E+02 -0.38074E+02 -0.20406E+01  0.15954E+01  0.17882E+02      982.00
  0.80119E+00  0.65218E+02    0.45000E+00  0.45000E+00 -0.90000E+00  0.00000E+00  0.00000E+00  0.00000E+00    0.19529E+02  0.18586E+02 -0.38115E+02 -0.20446E+01  0.15931E+01  0.17925E+02      982.00
  0.82311E+00  0.65241E+02    0.46250E+00  0.46250E+00 -0.92500E+00  0.00000E+00  0.00000E+00  0.00000E+00    0.19541E+02  0.18588E+02 -0.38129E+02 -0.20484E+01  0.15954E+01  0.17930E+02      982.00
  0.84503E+00  0.65319E+02    0.47500E+00  0.47500E+00 -0.95000E+00  0.00000E+00  0.00000E+00  0.00000E+00    0.19597E+02  0.18567E+02 -0.38164E+02 -0.20534E+01  0.15948E+01  0.17967E+02      982.00
  0.86694E+00  0.65365E+02    0.48750E+00  0.48750E+00 -0.97500E+00  0.00000E+00  0.00000E+00  0.00000E+00    0.19633E+02  0.18553E+02 -0.38186E+02 -0.20578E+01  0.15952E+01  0.17986E+02      982.00
  0.88884E+00  0.65355E+02    0.50000E+00  0.50000E+00 -0.10000E+01  0.00000E+00  0.00000E+00  0.00000E+00    0.19613E+02  0.18571E+02 -0.38184E+02 -0.20564E+01  0.15995E+01  0.17978E+02      982.00
