          Evm          Svm            E11          E22          E33          E23          E13          E12         SDEV11       SDEV22       SDEV33       SDEV23       SDEV13       SDEV12      TEMP
  0.00000E+00  0.63308E+02    0.00000E+00  0.00000E+00  0.00000E+00  0.00000E+00  0.00000E+00  0.00000E+00    0.19867E+02  0.21721E+02 -0.41588E+02  0.16118E+01  0.23215E+00  0.59428E+01      982.00
  0.24634E-01  0.63530E+02    0.12500E-01  0.12500E-01 -0.25000E-01  0.00000E+00  0.00000E+00  0.00000E+00    0.20943E+02  0.20750E+02 -0.41693E+02  0.15652E+01  0.19591E-01  0.62585E+01      982.00
  0.49244E-01  0.63709E+02    0.25000E-01  0.25000E-01 -0.50000E-01  0.00000E+00  0.00000E+00  0.00000E+00    0.21785E+02  0.19972E+02 -0.41757E+02  0.15260E+01 -0.33292E-01  0.64869E+01      982.00
  0.73823E-01  0.63858E+02    0.37500E-01  0.37500E-01 -0.75000E-01  0.00000E+00  0.00000E+00  0.00000E+00    0.22429E+02  0.19367E+02 -0.41796E+02  0.14801E+01  0.93153E-02  0.66749E+01      982.00
  0.98367E-01  0.63998E+02    0.50000E-01  0.50000E-01 -0.10000E+00  0.00000E+00  0.00000E+00  0.00000E+00    0.22914E+02  0.18915E+02 -0.41829E+02  0.14248E+01  0.10692E+00  0.68513E+01      982.00
  0.12288E+00  0.64147E+02    0.62500E-01  0.62500E-01 -0.12500E+00  0.00000E+00  0.00000E+00  0.00000E+00    0.23299E+02  0.18569E+02 -0.41868E+02  0.13562E+01  0.22297E+00  0.70321E+01      982.00
  0.14735E+00  0.64317E+02    0.75000E-01  0.75000E-01 -0.15000E+00  0.00000E+00  0.00000E+00  0.00000E+00    0.23606E+02  0.18314E+02 -0.41920E+02  0.12786E+01  0.34591E+00  0.72223E+01      982.00
  0.17179E+00  0.64512E+02    0.87500E-01  0.87500E-01 -0.17500E+00  0.00000E+00  0.00000E+00  0.00000E+00    0.23858E+02  0.18131E+02 -0.41989E+02  0.11938E+01  0.46657E+00  0.74233E+01      982.00
  0.19620E+00  0.64730E+02    0.10000E+00  0.10000E+00 -0.20000E+00  0.00000E+00  0.00000E+00  0.00000E+00    0.24082E+02  0.17991E+02 -0.42073E+02  0.11001E+01  0.57506E+00  0.76302E+01      982.00
  0.22058E+00  0.64967E+02    0.11250E+00  0.11250E+00 -0.22500E+00  0.00000E+00  0.00000E+00  0.00000E+00    0.24281E+02  0.17889E+02 -0.42171E+02  0.10009E+01  0.67189E+00  0.78412E+01      982.00
  0.24492E+00  0.65220E+02    0.12500E+00  0.12500E+00 -0.25000E+00  0.00000E+00  0.00000E+00  0.00000E+00    0.24460E+02  0.17819E+02 -0.42279E+02  0.89728E+00  0.75653E+00  0.80546E+01      982.00
  0.26923E+00  0.65476E+02    0.13750E+00  0.13750E+00 -0.27500E+00  0.00000E+00  0.00000E+00  0.00000E+00    0.24615E+02  0.17776E+02 -0.42391E+02  0.79048E+00  0.83004E+00  0.82638E+01      982.00
  0.29351E+00  0.65744E+02    0.15000E+00  0.15000E+00 -0.30000E+00  0.00000E+00  0.00000E+00  0.00000E+00    0.24747E+02  0.17765E+02 -0.42512E+02  0.68168E+00  0.89927E+00  0.84756E+01      982.00
  0.31775E+00  0.66011E+02    0.16250E+00  0.16250E+00 -0.32500E+00  0.00000E+00  0.00000E+00  0.00000E+00    0.24869E+02  0.17765E+02 -0.42634E+02  0.56981E+00  0.95164E+00  0.86847E+01      982.00
  0.34197E+00  0.66281E+02    0.17500E+00  0.17500E+00 -0.35000E+00  0.00000E+00  0.00000E+00  0.00000E+00    0.24974E+02  0.17784E+02 -0.42757E+02  0.45318E+00  0.99686E+00  0.88945E+01      982.00
  0.36616E+00  0.66536E+02    0.18750E+00  0.18750E+00 -0.37500E+00  0.00000E+00  0.00000E+00  0.00000E+00    0.25049E+02  0.17829E+02 -0.42877E+02  0.33918E+00  0.10407E+01  0.90886E+01      982.00
  0.39033E+00  0.66783E+02    0.20000E+00  0.20000E+00 -0.40000E+00  0.00000E+00  0.00000E+00  0.00000E+00    0.25107E+02  0.17888E+02 -0.42994E+02  0.22512E+00  0.10785E+01  0.92749E+01      982.00
  0.41447E+00  0.67019E+02    0.21250E+00  0.21250E+00 -0.42500E+00  0.00000E+00  0.00000E+00  0.00000E+00    0.25149E+02  0.17958E+02 -0.43106E+02  0.11147E+00  0.11105E+01  0.94535E+01      982.00
  0.43859E+00  0.67242E+02    0.22500E+00  0.22500E+00 -0.45000E+00  0.00000E+00  0.00000E+00  0.00000E+00    0.25178E+02  0.18035E+02 -0.43213E+02  0.27521E-02  0.11427E+01  0.96196E+01      982.00
  0.46269E+00  0.67453E+02    0.23750E+00  0.23750E+00 -0.47500E+00  0.00000E+00  0.00000E+00  0.00000E+00    0.25195E+02  0.18118E+02 -0.43313E+02 -0.10821E+00  0.11650E+01  0.97830E+01      982.00
  0.48677E+00  0.67651E+02    0.25000E+00  0.25000E+00 -0.50000E+00  0.00000E+00  0.00000E+00  0.00000E+00    0.25200E+02  0.18207E+02 -0.43406E+02 -0.21698E+00  0.11843E+01  0.99382E+01      982.00
  0.51083E+00  0.67835E+02    0.26250E+00  0.26250E+00 -0.52500E+00  0.00000E+00  0.00000E+00  0.00000E+00    0.25194E+02  0.18300E+02 -0.43493E+02 -0.32301E+00  0.12011E+01  0.10085E+02      982.00
  0.53488E+00  0.68008E+02    0.27500E+00  0.27500E+00 -0.55000E+00  0.00000E+00  0.00000E+00  0.00000E+00    0.25179E+02  0.18395E+02 -0.43574E+02 -0.42592E+00  0.12161E+01  0.10224E+02      982.00
  0.55890E+00  0.68168E+02    0.28750E+00  0.28750E+00 -0.57500E+00  0.00000E+00  0.00000E+00  0.00000E+00    0.25157E+02  0.18491E+02 -0.43648E+02 -0.52540E+00  0.12300E+01  0.10354E+02      982.00
  0.58291E+00  0.68316E+02    0.30000E+00  0.30000E+00 -0.60000E+00  0.00000E+00  0.00000E+00  0.00000E+00    0.25129E+02  0.18587E+02 -0.43716E+02 -0.62126E+00  0.12430E+01  0.10476E+02      982.00
  0.60691E+00  0.68454E+02    0.31250E+00  0.31250E+00 -0.62500E+00  0.00000E+00  0.00000E+00  0.00000E+00    0.25097E+02  0.18682E+02 -0.43779E+02 -0.71339E+00  0.12555E+01  0.10591E+02      982.00
  0.63089E+00  0.68581E+02    0.32500E+00  0.32500E+00 -0.65000E+00  0.00000E+00  0.00000E+00  0.00000E+00    0.25061E+02  0.18776E+02 -0.43837E+02 -0.80175E+00  0.12679E+01  0.10698E+02      982.00
  0.65486E+00  0.68696E+02    0.33750E+00  0.33750E+00 -0.67500E+00  0.00000E+00  0.00000E+00  0.00000E+00    0.25013E+02  0.18876E+02 -0.43889E+02 -0.89093E+00  0.12779E+01  0.10795E+02      982.00
  0.67882E+00  0.68799E+02    0.35000E+00  0.35000E+00 -0.70000E+00  0.00000E+00  0.00000E+00  0.00000E+00    0.24972E+02  0.18963E+02 -0.43935E+02 -0.96525E+00  0.12882E+01  0.10884E+02      982.00
  0.70277E+00  0.68898E+02    0.36250E+00  0.36250E+00 -0.72500E+00  0.00000E+00  0.00000E+00  0.00000E+00    0.24931E+02  0.19047E+02 -0.43978E+02 -0.10427E+01  0.13007E+01  0.10969E+02      982.00
  0.72671E+00  0.68991E+02    0.37500E+00  0.37500E+00 -0.75000E+00  0.00000E+00  0.00000E+00  0.00000E+00    0.24890E+02  0.19129E+02 -0.44018E+02 -0.11170E+01  0.13138E+01  0.11050E+02      982.00
  0.75063E+00  0.69077E+02    0.38750E+00  0.38750E+00 -0.77500E+00  0.00000E+00  0.00000E+00  0.00000E+00    0.24848E+02  0.19207E+02 -0.44055E+02 -0.11881E+01  0.13270E+01  0.11125E+02      982.00
  0.77455E+00  0.69150E+02    0.40000E+00  0.40000E+00 -0.80000E+00  0.00000E+00  0.00000E+00  0.00000E+00    0.24795E+02  0.19292E+02 -0.44088E+02 -0.12649E+01  0.13388E+01  0.11188E+02      982.00
  0.79846E+00  0.69224E+02    0.41250E+00  0.41250E+00 -0.82500E+00  0.00000E+00  0.00000E+00  0.00000E+00    0.24755E+02  0.19363E+02 -0.44118E+02 -0.13302E+01  0.13524E+01  0.11253E+02      982.00
  0.82236E+00  0.69290E+02    0.42500E+00  0.42500E+00 -0.85000E+00  0.00000E+00  0.00000E+00  0.00000E+00    0.24715E+02  0.19430E+02 -0.44145E+02 -0.13923E+01  0.13663E+01  0.11314E+02      982.00
  0.84625E+00  0.69352E+02    0.43750E+00  0.43750E+00 -0.87500E+00  0.00000E+00  0.00000E+00  0.00000E+00    0.24676E+02  0.19493E+02 -0.44170E+02 -0.14517E+01  0.13803E+01  0.11370E+02      982.00
  0.87013E+00  0.69408E+02    0.45000E+00  0.45000E+00 -0.90000E+00  0.00000E+00  0.00000E+00  0.00000E+00    0.24639E+02  0.19553E+02 -0.44192E+02 -0.15084E+01  0.13942E+01  0.11423E+02      982.00
  0.89401E+00  0.69460E+02    0.46250E+00  0.46250E+00 -0.92500E+00  0.00000E+00  0.00000E+00  0.00000E+00    0.24602E+02  0.19609E+02 -0.44211E+02 -0.15626E+01  0.14082E+01  0.11472E+02      982.00
  0.91788E+00  0.69507E+02    0.47500E+00  0.47500E+00 -0.95000E+00  0.00000E+00  0.00000E+00  0.00000E+00    0.24566E+02  0.19663E+02 -0.44229E+02 -0.16144E+01  0.14221E+01  0.11518E+02      982.00
  0.94174E+00  0.69551E+02    0.48750E+00  0.48750E+00 -0.97500E+00  0.00000E+00  0.00000E+00  0.00000E+00    0.24531E+02  0.19713E+02 -0.44244E+02 -0.16640E+01  0.14359E+01  0.11561E+02      982.00
  0.96559E+00  0.69552E+02    0.50000E+00  0.50000E+00 -0.10000E+01  0.00000E+00  0.00000E+00  0.00000E+00    0.24485E+02  0.19749E+02 -0.44234E+02 -0.17012E+01  0.14444E+01  0.11594E+02      982.00
