          Evm          Svm            E11          E22          E33          E23          E13          E12         SDEV11       SDEV22       SDEV33       SDEV23       SDEV13       SDEV12      TEMP
  0.00000E+00  0.56868E+02    0.00000E+00  0.00000E+00  0.00000E+00  0.00000E+00  0.00000E+00  0.00000E+00    0.21627E+02  0.14084E+02 -0.35710E+02 -0.39661E+00  0.38733E+01  0.96017E+01      982.00
  0.23548E-01  0.56884E+02    0.12500E-01  0.12500E-01 -0.25000E-01  0.00000E+00  0.00000E+00  0.00000E+00    0.21181E+02  0.14516E+02 -0.35697E+02 -0.57097E+00  0.37237E+01  0.98783E+01      982.00
  0.47081E-01  0.57025E+02    0.25000E-01  0.25000E-01 -0.50000E-01  0.00000E+00  0.00000E+00  0.00000E+00    0.20719E+02  0.15024E+02 -0.35743E+02 -0.77541E+00  0.35655E+01  0.10215E+02      982.00
  0.70586E-01  0.57244E+02    0.37500E-01  0.37500E-01 -0.75000E-01  0.00000E+00  0.00000E+00  0.00000E+00    0.20261E+02  0.15557E+02 -0.35818E+02 -0.99135E+00  0.34135E+01  0.10581E+02      982.00
  0.94050E-01  0.57515E+02    0.50000E-01  0.50000E-01 -0.10000E+00  0.00000E+00  0.00000E+00  0.00000E+00    0.19845E+02  0.16059E+02 -0.35904E+02 -0.11999E+01  0.32818E+01  0.10957E+02      982.00
  0.11746E+00  0.57836E+02    0.62500E-01  0.62500E-01 -0.12500E+00  0.00000E+00  0.00000E+00  0.00000E+00    0.19513E+02  0.16491E+02 -0.36004E+02 -0.13867E+01  0.31769E+01  0.11336E+02      982.00
  0.14080E+00  0.58205E+02    0.75000E-01  0.75000E-01 -0.15000E+00  0.00000E+00  0.00000E+00  0.00000E+00    0.19276E+02  0.16843E+02 -0.36120E+02 -0.15455E+01  0.30963E+01  0.11719E+02      982.00
  0.16407E+00  0.58612E+02    0.87500E-01  0.87500E-01 -0.17500E+00  0.00000E+00  0.00000E+00  0.00000E+00    0.19118E+02  0.17132E+02 -0.36250E+02 -0.16803E+01  0.30310E+01  0.12107E+02      982.00
  0.18727E+00  0.59044E+02    0.10000E+00  0.10000E+00 -0.20000E+00  0.00000E+00  0.00000E+00  0.00000E+00    0.19027E+02  0.17363E+02 -0.36390E+02 -0.17904E+01  0.29792E+01  0.12495E+02      982.00
  0.21038E+00  0.59484E+02    0.11250E+00  0.11250E+00 -0.22500E+00  0.00000E+00  0.00000E+00  0.00000E+00    0.18981E+02  0.17551E+02 -0.36532E+02 -0.18810E+01  0.29350E+01  0.12877E+02      982.00
  0.23341E+00  0.59920E+02    0.12500E+00  0.12500E+00 -0.25000E+00  0.00000E+00  0.00000E+00  0.00000E+00    0.18978E+02  0.17696E+02 -0.36673E+02 -0.19476E+01  0.29037E+01  0.13247E+02      982.00
  0.25636E+00  0.60343E+02    0.13750E+00  0.13750E+00 -0.27500E+00  0.00000E+00  0.00000E+00  0.00000E+00    0.18990E+02  0.17819E+02 -0.36808E+02 -0.20017E+01  0.28742E+01  0.13602E+02      982.00
  0.27924E+00  0.60745E+02    0.15000E+00  0.15000E+00 -0.30000E+00  0.00000E+00  0.00000E+00  0.00000E+00    0.19011E+02  0.17924E+02 -0.36935E+02 -0.20427E+01  0.28508E+01  0.13938E+02      982.00
  0.30204E+00  0.61130E+02    0.16250E+00  0.16250E+00 -0.32500E+00  0.00000E+00  0.00000E+00  0.00000E+00    0.19034E+02  0.18018E+02 -0.37052E+02 -0.20728E+01  0.28287E+01  0.14263E+02      982.00
  0.32477E+00  0.61488E+02    0.17500E+00  0.17500E+00 -0.35000E+00  0.00000E+00  0.00000E+00  0.00000E+00    0.19049E+02  0.18109E+02 -0.37158E+02 -0.20978E+01  0.28049E+01  0.14568E+02      982.00
  0.34743E+00  0.61822E+02    0.18750E+00  0.18750E+00 -0.37500E+00  0.00000E+00  0.00000E+00  0.00000E+00    0.19053E+02  0.18200E+02 -0.37253E+02 -0.21193E+01  0.27779E+01  0.14858E+02      982.00
  0.37003E+00  0.62130E+02    0.20000E+00  0.20000E+00 -0.40000E+00  0.00000E+00  0.00000E+00  0.00000E+00    0.19043E+02  0.18293E+02 -0.37337E+02 -0.21394E+01  0.27465E+01  0.15131E+02      982.00
  0.39256E+00  0.62413E+02    0.21250E+00  0.21250E+00 -0.42500E+00  0.00000E+00  0.00000E+00  0.00000E+00    0.19020E+02  0.18391E+02 -0.37411E+02 -0.21593E+01  0.27102E+01  0.15385E+02      982.00
  0.41504E+00  0.62678E+02    0.22500E+00  0.22500E+00 -0.45000E+00  0.00000E+00  0.00000E+00  0.00000E+00    0.18989E+02  0.18489E+02 -0.37478E+02 -0.21750E+01  0.26722E+01  0.15625E+02      982.00
  0.43746E+00  0.62914E+02    0.23750E+00  0.23750E+00 -0.47500E+00  0.00000E+00  0.00000E+00  0.00000E+00    0.18941E+02  0.18593E+02 -0.37534E+02 -0.21948E+01  0.26273E+01  0.15844E+02      982.00
  0.45983E+00  0.63131E+02    0.25000E+00  0.25000E+00 -0.50000E+00  0.00000E+00  0.00000E+00  0.00000E+00    0.18884E+02  0.18700E+02 -0.37584E+02 -0.22143E+01  0.25793E+01  0.16047E+02      982.00
  0.48216E+00  0.63331E+02    0.26250E+00  0.26250E+00 -0.52500E+00  0.00000E+00  0.00000E+00  0.00000E+00    0.18821E+02  0.18808E+02 -0.37630E+02 -0.22325E+01  0.25298E+01  0.16234E+02      982.00
  0.50444E+00  0.63522E+02    0.27500E+00  0.27500E+00 -0.55000E+00  0.00000E+00  0.00000E+00  0.00000E+00    0.18757E+02  0.18917E+02 -0.37674E+02 -0.22475E+01  0.24808E+01  0.16410E+02      982.00
  0.52668E+00  0.63691E+02    0.28750E+00  0.28750E+00 -0.57500E+00  0.00000E+00  0.00000E+00  0.00000E+00    0.18684E+02  0.19027E+02 -0.37710E+02 -0.22652E+01  0.24298E+01  0.16570E+02      982.00
  0.54888E+00  0.63846E+02    0.30000E+00  0.30000E+00 -0.60000E+00  0.00000E+00  0.00000E+00  0.00000E+00    0.18616E+02  0.19129E+02 -0.37745E+02 -0.22754E+01  0.23821E+01  0.16714E+02      982.00
  0.57105E+00  0.63985E+02    0.31250E+00  0.31250E+00 -0.62500E+00  0.00000E+00  0.00000E+00  0.00000E+00    0.18543E+02  0.19231E+02 -0.37775E+02 -0.22867E+01  0.23336E+01  0.16843E+02      982.00
  0.59319E+00  0.64120E+02    0.32500E+00  0.32500E+00 -0.65000E+00  0.00000E+00  0.00000E+00  0.00000E+00    0.18481E+02  0.19325E+02 -0.37806E+02 -0.22896E+01  0.22915E+01  0.16964E+02      982.00
  0.61530E+00  0.64245E+02    0.33750E+00  0.33750E+00 -0.67500E+00  0.00000E+00  0.00000E+00  0.00000E+00    0.18423E+02  0.19414E+02 -0.37837E+02 -0.22892E+01  0.22528E+01  0.17075E+02      982.00
  0.63739E+00  0.64365E+02    0.35000E+00  0.35000E+00 -0.70000E+00  0.00000E+00  0.00000E+00  0.00000E+00    0.18369E+02  0.19500E+02 -0.37869E+02 -0.22854E+01  0.22150E+01  0.17175E+02      982.00
  0.65945E+00  0.64453E+02    0.36250E+00  0.36250E+00 -0.72500E+00  0.00000E+00  0.00000E+00  0.00000E+00    0.18308E+02  0.19582E+02 -0.37889E+02 -0.22843E+01  0.21757E+01  0.17253E+02      982.00
  0.68150E+00  0.64557E+02    0.37500E+00  0.37500E+00 -0.75000E+00  0.00000E+00  0.00000E+00  0.00000E+00    0.18263E+02  0.19655E+02 -0.37918E+02 -0.22764E+01  0.21462E+01  0.17338E+02      982.00
  0.70352E+00  0.64655E+02    0.38750E+00  0.38750E+00 -0.77500E+00  0.00000E+00  0.00000E+00  0.00000E+00    0.18223E+02  0.19722E+02 -0.37945E+02 -0.22663E+01  0.21200E+01  0.17416E+02      982.00
  0.72553E+00  0.64746E+02    0.40000E+00  0.40000E+00 -0.80000E+00  0.00000E+00  0.00000E+00  0.00000E+00    0.18187E+02  0.19786E+02 -0.37972E+02 -0.22552E+01  0.20963E+01  0.17488E+02      982.00
  0.74752E+00  0.64831E+02    0.41250E+00  0.41250E+00 -0.82500E+00  0.00000E+00  0.00000E+00  0.00000E+00    0.18154E+02  0.19844E+02 -0.37998E+02 -0.22434E+01  0.20748E+01  0.17553E+02      982.00
  0.76950E+00  0.64885E+02    0.42500E+00  0.42500E+00 -0.85000E+00  0.00000E+00  0.00000E+00  0.00000E+00    0.18116E+02  0.19899E+02 -0.38015E+02 -0.22278E+01  0.20453E+01  0.17594E+02      982.00
  0.79147E+00  0.64962E+02    0.43750E+00  0.43750E+00 -0.87500E+00  0.00000E+00  0.00000E+00  0.00000E+00    0.18091E+02  0.19949E+02 -0.38040E+02 -0.22157E+01  0.20273E+01  0.17651E+02      982.00
  0.81343E+00  0.65034E+02    0.45000E+00  0.45000E+00 -0.90000E+00  0.00000E+00  0.00000E+00  0.00000E+00    0.18069E+02  0.19995E+02 -0.38064E+02 -0.22033E+01  0.20117E+01  0.17701E+02      982.00
  0.83538E+00  0.65100E+02    0.46250E+00  0.46250E+00 -0.92500E+00  0.00000E+00  0.00000E+00  0.00000E+00    0.18050E+02  0.20036E+02 -0.38087E+02 -0.21912E+01  0.19974E+01  0.17747E+02      982.00
  0.85732E+00  0.65163E+02    0.47500E+00  0.47500E+00 -0.95000E+00  0.00000E+00  0.00000E+00  0.00000E+00    0.18034E+02  0.20074E+02 -0.38109E+02 -0.21794E+01  0.19843E+01  0.17790E+02      982.00
  0.87925E+00  0.65221E+02    0.48750E+00  0.48750E+00 -0.97500E+00  0.00000E+00  0.00000E+00  0.00000E+00    0.18021E+02  0.20109E+02 -0.38130E+02 -0.21682E+01  0.19721E+01  0.17828E+02      982.00
  0.90117E+00  0.65276E+02    0.50000E+00  0.50000E+00 -0.10000E+01  0.00000E+00  0.00000E+00  0.00000E+00    0.18010E+02  0.20140E+02 -0.38150E+02 -0.21575E+01  0.19609E+01  0.17864E+02      982.00
