          Evm          Svm            E11          E22          E33          E23          E13          E12         SDEV11       SDEV22       SDEV33       SDEV23       SDEV13       SDEV12      TEMP
  0.00000E+00  0.58321E+02    0.00000E+00  0.00000E+00  0.00000E+00  0.00000E+00  0.00000E+00  0.00000E+00    0.14831E+02  0.20957E+02 -0.35788E+02 -0.49664E+01 -0.54586E+01 -0.10458E+02      982.00
  0.23011E-01  0.58465E+02    0.12500E-01  0.12500E-01 -0.25000E-01  0.00000E+00  0.00000E+00  0.00000E+00    0.15189E+02  0.20763E+02 -0.35952E+02 -0.50347E+01 -0.54368E+01 -0.10358E+02      982.00
  0.46071E-01  0.58638E+02    0.25000E-01  0.25000E-01 -0.50000E-01  0.00000E+00  0.00000E+00  0.00000E+00    0.15472E+02  0.20656E+02 -0.36128E+02 -0.51988E+01 -0.53073E+01 -0.10262E+02      982.00
  0.69176E-01  0.58873E+02    0.37500E-01  0.37500E-01 -0.75000E-01  0.00000E+00  0.00000E+00  0.00000E+00    0.15702E+02  0.20625E+02 -0.36327E+02 -0.53590E+01 -0.51812E+01 -0.10196E+02      982.00
  0.92315E-01  0.59133E+02    0.50000E-01  0.50000E-01 -0.10000E+00  0.00000E+00  0.00000E+00  0.00000E+00    0.15910E+02  0.20628E+02 -0.36538E+02 -0.54923E+01 -0.50637E+01 -0.10146E+02      982.00
  0.11549E+00  0.59420E+02    0.62500E-01  0.62500E-01 -0.12500E+00  0.00000E+00  0.00000E+00  0.00000E+00    0.16089E+02  0.20671E+02 -0.36760E+02 -0.55866E+01 -0.49641E+01 -0.10115E+02      982.00
  0.13869E+00  0.59736E+02    0.75000E-01  0.75000E-01 -0.15000E+00  0.00000E+00  0.00000E+00  0.00000E+00    0.16242E+02  0.20756E+02 -0.36998E+02 -0.56429E+01 -0.48812E+01 -0.10103E+02      982.00
  0.16191E+00  0.60083E+02    0.87500E-01  0.87500E-01 -0.17500E+00  0.00000E+00  0.00000E+00  0.00000E+00    0.16376E+02  0.20876E+02 -0.37252E+02 -0.56661E+01 -0.48128E+01 -0.10109E+02      982.00
  0.18516E+00  0.60453E+02    0.10000E+00  0.10000E+00 -0.20000E+00  0.00000E+00  0.00000E+00  0.00000E+00    0.16492E+02  0.21027E+02 -0.37519E+02 -0.56627E+01 -0.47571E+01 -0.10128E+02      982.00
  0.20844E+00  0.60844E+02    0.11250E+00  0.11250E+00 -0.22500E+00  0.00000E+00  0.00000E+00  0.00000E+00    0.16594E+02  0.21204E+02 -0.37798E+02 -0.56381E+01 -0.47122E+01 -0.10158E+02      982.00
  0.23173E+00  0.61249E+02    0.12500E+00  0.12500E+00 -0.25000E+00  0.00000E+00  0.00000E+00  0.00000E+00    0.16685E+02  0.21399E+02 -0.38084E+02 -0.55974E+01 -0.46774E+01 -0.10195E+02      982.00
  0.25505E+00  0.61667E+02    0.13750E+00  0.13750E+00 -0.27500E+00  0.00000E+00  0.00000E+00  0.00000E+00    0.16768E+02  0.21609E+02 -0.38377E+02 -0.55441E+01 -0.46509E+01 -0.10235E+02      982.00
  0.27839E+00  0.62092E+02    0.15000E+00  0.15000E+00 -0.30000E+00  0.00000E+00  0.00000E+00  0.00000E+00    0.16845E+02  0.21830E+02 -0.38675E+02 -0.54817E+01 -0.46323E+01 -0.10276E+02      982.00
  0.30174E+00  0.62514E+02    0.16250E+00  0.16250E+00 -0.32500E+00  0.00000E+00  0.00000E+00  0.00000E+00    0.16907E+02  0.22064E+02 -0.38971E+02 -0.54127E+01 -0.46171E+01 -0.10313E+02      982.00
  0.32512E+00  0.62937E+02    0.17500E+00  0.17500E+00 -0.35000E+00  0.00000E+00  0.00000E+00  0.00000E+00    0.16974E+02  0.22293E+02 -0.39267E+02 -0.53393E+01 -0.46119E+01 -0.10347E+02      982.00
  0.34852E+00  0.63352E+02    0.18750E+00  0.18750E+00 -0.37500E+00  0.00000E+00  0.00000E+00  0.00000E+00    0.17036E+02  0.22523E+02 -0.39559E+02 -0.52627E+01 -0.46123E+01 -0.10374E+02      982.00
  0.37193E+00  0.63760E+02    0.20000E+00  0.20000E+00 -0.40000E+00  0.00000E+00  0.00000E+00  0.00000E+00    0.17086E+02  0.22763E+02 -0.39848E+02 -0.51813E+01 -0.46156E+01 -0.10392E+02      982.00
  0.39537E+00  0.64149E+02    0.21250E+00  0.21250E+00 -0.42500E+00  0.00000E+00  0.00000E+00  0.00000E+00    0.17139E+02  0.22986E+02 -0.40126E+02 -0.51016E+01 -0.46240E+01 -0.10403E+02      982.00
  0.41883E+00  0.64523E+02    0.22500E+00  0.22500E+00 -0.45000E+00  0.00000E+00  0.00000E+00  0.00000E+00    0.17189E+02  0.23204E+02 -0.40393E+02 -0.50215E+01 -0.46355E+01 -0.10406E+02      982.00
  0.44230E+00  0.64879E+02    0.23750E+00  0.23750E+00 -0.47500E+00  0.00000E+00  0.00000E+00  0.00000E+00    0.17234E+02  0.23417E+02 -0.40650E+02 -0.49415E+01 -0.46491E+01 -0.10400E+02      982.00
  0.46580E+00  0.65217E+02    0.25000E+00  0.25000E+00 -0.50000E+00  0.00000E+00  0.00000E+00  0.00000E+00    0.17274E+02  0.23623E+02 -0.40897E+02 -0.48619E+01 -0.46640E+01 -0.10387E+02      982.00
  0.48931E+00  0.65544E+02    0.26250E+00  0.26250E+00 -0.52500E+00  0.00000E+00  0.00000E+00  0.00000E+00    0.17300E+02  0.23840E+02 -0.41139E+02 -0.47712E+01 -0.46806E+01 -0.10359E+02      982.00
  0.51285E+00  0.65843E+02    0.27500E+00  0.27500E+00 -0.55000E+00  0.00000E+00  0.00000E+00  0.00000E+00    0.17328E+02  0.24033E+02 -0.41361E+02 -0.46922E+01 -0.46970E+01 -0.10330E+02      982.00
  0.53641E+00  0.66115E+02    0.28750E+00  0.28750E+00 -0.57500E+00  0.00000E+00  0.00000E+00  0.00000E+00    0.17352E+02  0.24210E+02 -0.41562E+02 -0.46253E+01 -0.47158E+01 -0.10302E+02      982.00
  0.55998E+00  0.66379E+02    0.30000E+00  0.30000E+00 -0.60000E+00  0.00000E+00  0.00000E+00  0.00000E+00    0.17371E+02  0.24391E+02 -0.41762E+02 -0.45487E+01 -0.47320E+01 -0.10261E+02      982.00
  0.58358E+00  0.66626E+02    0.31250E+00  0.31250E+00 -0.62500E+00  0.00000E+00  0.00000E+00  0.00000E+00    0.17384E+02  0.24567E+02 -0.41951E+02 -0.44732E+01 -0.47481E+01 -0.10215E+02      982.00
  0.60719E+00  0.66857E+02    0.32500E+00  0.32500E+00 -0.65000E+00  0.00000E+00  0.00000E+00  0.00000E+00    0.17391E+02  0.24737E+02 -0.42129E+02 -0.43988E+01 -0.47637E+01 -0.10164E+02      982.00
  0.63082E+00  0.67072E+02    0.33750E+00  0.33750E+00 -0.67500E+00  0.00000E+00  0.00000E+00  0.00000E+00    0.17393E+02  0.24903E+02 -0.42296E+02 -0.43258E+01 -0.47788E+01 -0.10108E+02      982.00
  0.65446E+00  0.67272E+02    0.35000E+00  0.35000E+00 -0.70000E+00  0.00000E+00  0.00000E+00  0.00000E+00    0.17390E+02  0.25064E+02 -0.42454E+02 -0.42540E+01 -0.47933E+01 -0.10049E+02      982.00
  0.67813E+00  0.67458E+02    0.36250E+00  0.36250E+00 -0.72500E+00  0.00000E+00  0.00000E+00  0.00000E+00    0.17381E+02  0.25221E+02 -0.42602E+02 -0.41836E+01 -0.48073E+01 -0.99856E+01      982.00
  0.70181E+00  0.67631E+02    0.37500E+00  0.37500E+00 -0.75000E+00  0.00000E+00  0.00000E+00  0.00000E+00    0.17367E+02  0.25374E+02 -0.42741E+02 -0.41147E+01 -0.48207E+01 -0.99191E+01      982.00
  0.72551E+00  0.67792E+02    0.38750E+00  0.38750E+00 -0.77500E+00  0.00000E+00  0.00000E+00  0.00000E+00    0.17347E+02  0.25523E+02 -0.42871E+02 -0.40472E+01 -0.48335E+01 -0.98498E+01      982.00
  0.74923E+00  0.67941E+02    0.40000E+00  0.40000E+00 -0.80000E+00  0.00000E+00  0.00000E+00  0.00000E+00    0.17323E+02  0.25670E+02 -0.42993E+02 -0.39811E+01 -0.48458E+01 -0.97779E+01      982.00
  0.77296E+00  0.68079E+02    0.41250E+00  0.41250E+00 -0.82500E+00  0.00000E+00  0.00000E+00  0.00000E+00    0.17295E+02  0.25813E+02 -0.43107E+02 -0.39166E+01 -0.48575E+01 -0.97037E+01      982.00
  0.79670E+00  0.68207E+02    0.42500E+00  0.42500E+00 -0.85000E+00  0.00000E+00  0.00000E+00  0.00000E+00    0.17261E+02  0.25953E+02 -0.43214E+02 -0.38535E+01 -0.48688E+01 -0.96275E+01      982.00
  0.82046E+00  0.68326E+02    0.43750E+00  0.43750E+00 -0.87500E+00  0.00000E+00  0.00000E+00  0.00000E+00    0.17224E+02  0.26091E+02 -0.43314E+02 -0.37920E+01 -0.48797E+01 -0.95495E+01      982.00
  0.84423E+00  0.68435E+02    0.45000E+00  0.45000E+00 -0.90000E+00  0.00000E+00  0.00000E+00  0.00000E+00    0.17182E+02  0.26226E+02 -0.43408E+02 -0.37320E+01 -0.48901E+01 -0.94698E+01      982.00
  0.86802E+00  0.68477E+02    0.46250E+00  0.46250E+00 -0.92500E+00  0.00000E+00  0.00000E+00  0.00000E+00    0.17134E+02  0.26325E+02 -0.43460E+02 -0.36656E+01 -0.48741E+01 -0.93880E+01      982.00
  0.89182E+00  0.68515E+02    0.47500E+00  0.47500E+00 -0.95000E+00  0.00000E+00  0.00000E+00  0.00000E+00    0.17079E+02  0.26431E+02 -0.43510E+02 -0.35951E+01 -0.48647E+01 -0.92975E+01      982.00
  0.91563E+00  0.68550E+02    0.48750E+00  0.48750E+00 -0.97500E+00  0.00000E+00  0.00000E+00  0.00000E+00    0.17023E+02  0.26535E+02 -0.43557E+02 -0.35263E+01 -0.48560E+01 -0.92083E+01      982.00
  0.93946E+00  0.68582E+02    0.50000E+00  0.50000E+00 -0.10000E+01  0.00000E+00  0.00000E+00  0.00000E+00    0.16964E+02  0.26637E+02 -0.43601E+02 -0.34596E+01 -0.48477E+01 -0.91200E+01      982.00
