          Evm          Svm            E11          E22          E33          E23          E13          E12         SDEV11       SDEV22       SDEV33       SDEV23       SDEV13       SDEV12      TEMP
  0.00000E+00  0.52603E+02    0.00000E+00  0.00000E+00  0.00000E+00  0.00000E+00  0.00000E+00  0.00000E+00    0.15551E+02  0.16458E+02 -0.32009E+02  0.29289E+01 -0.16660E+01  0.11931E+02      982.00
  0.22819E-01  0.52476E+02    0.12500E-01  0.12500E-01 -0.25000E-01  0.00000E+00  0.00000E+00  0.00000E+00    0.16233E+02  0.15756E+02 -0.31989E+02  0.19454E+01 -0.11448E+01  0.12053E+02      982.00
  0.45679E-01  0.52514E+02    0.25000E-01  0.25000E-01 -0.50000E-01  0.00000E+00  0.00000E+00  0.00000E+00    0.17046E+02  0.14978E+02 -0.32024E+02  0.84867E+00 -0.63183E+00  0.12161E+02      982.00
  0.68548E-01  0.52633E+02    0.37500E-01  0.37500E-01 -0.75000E-01  0.00000E+00  0.00000E+00  0.00000E+00    0.17906E+02  0.14158E+02 -0.32064E+02 -0.22117E+00 -0.17685E+00  0.12197E+02      982.00
  0.91392E-01  0.52739E+02    0.50000E-01  0.50000E-01 -0.10000E+00  0.00000E+00  0.00000E+00  0.00000E+00    0.18668E+02  0.13405E+02 -0.32073E+02 -0.10777E+01  0.14564E+00  0.12146E+02      982.00
  0.11420E+00  0.52828E+02    0.62500E-01  0.62500E-01 -0.12500E+00  0.00000E+00  0.00000E+00  0.00000E+00    0.19277E+02  0.12796E+02 -0.32073E+02 -0.16915E+01  0.32952E+00  0.12054E+02      982.00
  0.13696E+00  0.52973E+02    0.75000E-01  0.75000E-01 -0.15000E+00  0.00000E+00  0.00000E+00  0.00000E+00    0.19778E+02  0.12328E+02 -0.32106E+02 -0.21444E+01  0.41251E+00  0.11985E+02      982.00
  0.15969E+00  0.53185E+02    0.87500E-01  0.87500E-01 -0.17500E+00  0.00000E+00  0.00000E+00  0.00000E+00    0.20205E+02  0.11973E+02 -0.32178E+02 -0.25041E+01  0.42187E+00  0.11955E+02      982.00
  0.18238E+00  0.53483E+02    0.10000E+00  0.10000E+00 -0.20000E+00  0.00000E+00  0.00000E+00  0.00000E+00    0.20594E+02  0.11704E+02 -0.32298E+02 -0.28113E+01  0.38473E+00  0.11972E+02      982.00
  0.20503E+00  0.53832E+02    0.11250E+00  0.11250E+00 -0.22500E+00  0.00000E+00  0.00000E+00  0.00000E+00    0.20962E+02  0.11484E+02 -0.32446E+02 -0.30861E+01  0.32598E+00  0.12012E+02      982.00
  0.22763E+00  0.54215E+02    0.12500E+00  0.12500E+00 -0.25000E+00  0.00000E+00  0.00000E+00  0.00000E+00    0.21304E+02  0.11315E+02 -0.32619E+02 -0.33317E+01  0.24985E+00  0.12068E+02      982.00
  0.25019E+00  0.54611E+02    0.13750E+00  0.13750E+00 -0.27500E+00  0.00000E+00  0.00000E+00  0.00000E+00    0.21620E+02  0.11188E+02 -0.32807E+02 -0.35551E+01  0.16430E+00  0.12125E+02      982.00
  0.27272E+00  0.55004E+02    0.15000E+00  0.15000E+00 -0.30000E+00  0.00000E+00  0.00000E+00  0.00000E+00    0.21917E+02  0.11082E+02 -0.32999E+02 -0.37601E+01  0.74799E-01  0.12176E+02      982.00
  0.29522E+00  0.55380E+02    0.16250E+00  0.16250E+00 -0.32500E+00  0.00000E+00  0.00000E+00  0.00000E+00    0.22191E+02  0.11001E+02 -0.33192E+02 -0.39449E+01 -0.18898E-01  0.12214E+02      982.00
  0.31769E+00  0.55727E+02    0.17500E+00  0.17500E+00 -0.35000E+00  0.00000E+00  0.00000E+00  0.00000E+00    0.22435E+02  0.10939E+02 -0.33375E+02 -0.41176E+01 -0.11420E+00  0.12237E+02      982.00
  0.34015E+00  0.56066E+02    0.18750E+00  0.18750E+00 -0.37500E+00  0.00000E+00  0.00000E+00  0.00000E+00    0.22672E+02  0.10887E+02 -0.33559E+02 -0.42809E+01 -0.21119E+00  0.12250E+02      982.00
  0.36260E+00  0.56356E+02    0.20000E+00  0.20000E+00 -0.40000E+00  0.00000E+00  0.00000E+00  0.00000E+00    0.22874E+02  0.10849E+02 -0.33724E+02 -0.44293E+01 -0.31069E+00  0.12240E+02      982.00
  0.38504E+00  0.56621E+02    0.21250E+00  0.21250E+00 -0.42500E+00  0.00000E+00  0.00000E+00  0.00000E+00    0.23056E+02  0.10825E+02 -0.33881E+02 -0.45692E+01 -0.41274E+00  0.12217E+02      982.00
  0.40748E+00  0.56854E+02    0.22500E+00  0.22500E+00 -0.45000E+00  0.00000E+00  0.00000E+00  0.00000E+00    0.23220E+02  0.10807E+02 -0.34027E+02 -0.47016E+01 -0.51808E+00  0.12173E+02      982.00
  0.42992E+00  0.57057E+02    0.23750E+00  0.23750E+00 -0.47500E+00  0.00000E+00  0.00000E+00  0.00000E+00    0.23373E+02  0.10783E+02 -0.34156E+02 -0.48314E+01 -0.62887E+00  0.12118E+02      982.00
  0.45237E+00  0.57216E+02    0.25000E+00  0.25000E+00 -0.50000E+00  0.00000E+00  0.00000E+00  0.00000E+00    0.23491E+02  0.10780E+02 -0.34271E+02 -0.49482E+01 -0.74055E+00  0.12038E+02      982.00
  0.47483E+00  0.57353E+02    0.26250E+00  0.26250E+00 -0.52500E+00  0.00000E+00  0.00000E+00  0.00000E+00    0.23602E+02  0.10773E+02 -0.34375E+02 -0.50647E+01 -0.85903E+00  0.11946E+02      982.00
  0.49731E+00  0.57452E+02    0.27500E+00  0.27500E+00 -0.55000E+00  0.00000E+00  0.00000E+00  0.00000E+00    0.23693E+02  0.10766E+02 -0.34459E+02 -0.51780E+01 -0.98333E+00  0.11837E+02      982.00
  0.51980E+00  0.57526E+02    0.28750E+00  0.28750E+00 -0.57500E+00  0.00000E+00  0.00000E+00  0.00000E+00    0.23773E+02  0.10759E+02 -0.34532E+02 -0.52907E+01 -0.11127E+01  0.11714E+02      982.00
  0.54231E+00  0.57562E+02    0.30000E+00  0.30000E+00 -0.60000E+00  0.00000E+00  0.00000E+00  0.00000E+00    0.23832E+02  0.10752E+02 -0.34585E+02 -0.54022E+01 -0.12500E+01  0.11571E+02      982.00
  0.56484E+00  0.57573E+02    0.31250E+00  0.31250E+00 -0.62500E+00  0.00000E+00  0.00000E+00  0.00000E+00    0.23882E+02  0.10743E+02 -0.34625E+02 -0.55143E+01 -0.13913E+01  0.11412E+02      982.00
  0.58739E+00  0.57536E+02    0.32500E+00  0.32500E+00 -0.65000E+00  0.00000E+00  0.00000E+00  0.00000E+00    0.23910E+02  0.10735E+02 -0.34644E+02 -0.56244E+01 -0.15366E+01  0.11221E+02      982.00
  0.60997E+00  0.57483E+02    0.33750E+00  0.33750E+00 -0.67500E+00  0.00000E+00  0.00000E+00  0.00000E+00    0.23932E+02  0.10719E+02 -0.34651E+02 -0.57374E+01 -0.16912E+01  0.11023E+02      982.00
  0.63258E+00  0.57387E+02    0.35000E+00  0.35000E+00 -0.70000E+00  0.00000E+00  0.00000E+00  0.00000E+00    0.23935E+02  0.10699E+02 -0.34634E+02 -0.58502E+01 -0.18510E+01  0.10801E+02      982.00
  0.65521E+00  0.57263E+02    0.36250E+00  0.36250E+00 -0.72500E+00  0.00000E+00  0.00000E+00  0.00000E+00    0.23928E+02  0.10674E+02 -0.34602E+02 -0.59662E+01 -0.20180E+01  0.10558E+02      982.00
  0.67787E+00  0.57088E+02    0.37500E+00  0.37500E+00 -0.75000E+00  0.00000E+00  0.00000E+00  0.00000E+00    0.23901E+02  0.10646E+02 -0.34547E+02 -0.60779E+01 -0.21824E+01  0.10275E+02      982.00
  0.70056E+00  0.56882E+02    0.38750E+00  0.38750E+00 -0.77500E+00  0.00000E+00  0.00000E+00  0.00000E+00    0.23862E+02  0.10610E+02 -0.34472E+02 -0.61927E+01 -0.23568E+01  0.99751E+01      982.00
  0.72329E+00  0.56638E+02    0.40000E+00  0.40000E+00 -0.80000E+00  0.00000E+00  0.00000E+00  0.00000E+00    0.23809E+02  0.10568E+02 -0.34378E+02 -0.63026E+01 -0.25335E+01  0.96418E+01      982.00
  0.74605E+00  0.56341E+02    0.41250E+00  0.41250E+00 -0.82500E+00  0.00000E+00  0.00000E+00  0.00000E+00    0.23737E+02  0.10517E+02 -0.34254E+02 -0.64099E+01 -0.27103E+01  0.92723E+01      982.00
  0.76885E+00  0.56005E+02    0.42500E+00  0.42500E+00 -0.85000E+00  0.00000E+00  0.00000E+00  0.00000E+00    0.23651E+02  0.10462E+02 -0.34113E+02 -0.65109E+01 -0.28829E+01  0.88640E+01      982.00
  0.79169E+00  0.55615E+02    0.43750E+00  0.43750E+00 -0.87500E+00  0.00000E+00  0.00000E+00  0.00000E+00    0.23549E+02  0.10398E+02 -0.33948E+02 -0.65920E+01 -0.30426E+01  0.84110E+01      982.00
  0.81458E+00  0.55146E+02    0.45000E+00  0.45000E+00 -0.90000E+00  0.00000E+00  0.00000E+00  0.00000E+00    0.23419E+02  0.10325E+02 -0.33744E+02 -0.66586E+01 -0.31938E+01  0.78940E+01      982.00
  0.83753E+00  0.54631E+02    0.46250E+00  0.46250E+00 -0.92500E+00  0.00000E+00  0.00000E+00  0.00000E+00    0.23275E+02  0.10252E+02 -0.33527E+02 -0.66941E+01 -0.33078E+01  0.73256E+01      982.00
  0.86054E+00  0.54069E+02    0.47500E+00  0.47500E+00 -0.95000E+00  0.00000E+00  0.00000E+00  0.00000E+00    0.23109E+02  0.10182E+02 -0.33291E+02 -0.67061E+01 -0.33959E+01  0.67060E+01      982.00
  0.88363E+00  0.53415E+02    0.48750E+00  0.48750E+00 -0.97500E+00  0.00000E+00  0.00000E+00  0.00000E+00    0.22914E+02  0.10106E+02 -0.33019E+02 -0.66720E+01 -0.34410E+01  0.59999E+01      982.00
  0.90681E+00  0.52683E+02    0.50000E+00  0.50000E+00 -0.10000E+01  0.00000E+00  0.00000E+00  0.00000E+00    0.22690E+02  0.10034E+02 -0.32724E+02 -0.65594E+01 -0.34208E+01  0.52195E+01      982.00
