          Evm          Svm            E11          E22          E33          E23          E13          E12         SDEV11       SDEV22       SDEV33       SDEV23       SDEV13       SDEV12      TEMP
  0.00000E+00  0.59462E+02    0.00000E+00  0.00000E+00  0.00000E+00  0.00000E+00  0.00000E+00  0.00000E+00    0.98848E+01  0.27033E+02 -0.36918E+02 -0.11438E+01 -0.22469E+01 -0.87473E+01      982.00
  0.23282E-01  0.59746E+02    0.12500E-01  0.12500E-01 -0.25000E-01  0.00000E+00  0.00000E+00  0.00000E+00    0.10004E+02  0.27064E+02 -0.37068E+02 -0.11942E+01 -0.24519E+01 -0.88964E+01      982.00
  0.46548E-01  0.60108E+02    0.25000E-01  0.25000E-01 -0.50000E-01  0.00000E+00  0.00000E+00  0.00000E+00    0.10132E+02  0.27136E+02 -0.37268E+02 -0.12955E+01 -0.26154E+01 -0.90458E+01      982.00
  0.69799E-01  0.60578E+02    0.37500E-01  0.37500E-01 -0.75000E-01  0.00000E+00  0.00000E+00  0.00000E+00    0.10293E+02  0.27245E+02 -0.37538E+02 -0.14580E+01 -0.27785E+01 -0.92043E+01      982.00
  0.93036E-01  0.61127E+02    0.50000E-01  0.50000E-01 -0.10000E+00  0.00000E+00  0.00000E+00  0.00000E+00    0.10503E+02  0.27363E+02 -0.37866E+02 -0.16672E+01 -0.29691E+01 -0.93524E+01      982.00
  0.11627E+00  0.61663E+02    0.62500E-01  0.62500E-01 -0.12500E+00  0.00000E+00  0.00000E+00  0.00000E+00    0.10793E+02  0.27421E+02 -0.38214E+02 -0.18739E+01 -0.32102E+01 -0.94471E+01      982.00
  0.13951E+00  0.62005E+02    0.75000E-01  0.75000E-01 -0.15000E+00  0.00000E+00  0.00000E+00  0.00000E+00    0.11126E+02  0.27354E+02 -0.38480E+02 -0.20804E+01 -0.34408E+01 -0.94336E+01      982.00
  0.16278E+00  0.62288E+02    0.87500E-01  0.87500E-01 -0.17500E+00  0.00000E+00  0.00000E+00  0.00000E+00    0.11390E+02  0.27326E+02 -0.38716E+02 -0.23727E+01 -0.35459E+01 -0.93467E+01      982.00
  0.18609E+00  0.62565E+02    0.10000E+00  0.10000E+00 -0.20000E+00  0.00000E+00  0.00000E+00  0.00000E+00    0.11530E+02  0.27408E+02 -0.38938E+02 -0.27216E+01 -0.34894E+01 -0.92222E+01      982.00
  0.20943E+00  0.62889E+02    0.11250E+00  0.11250E+00 -0.22500E+00  0.00000E+00  0.00000E+00  0.00000E+00    0.11634E+02  0.27543E+02 -0.39177E+02 -0.30621E+01 -0.33938E+01 -0.91142E+01      982.00
  0.23279E+00  0.63253E+02    0.12500E+00  0.12500E+00 -0.25000E+00  0.00000E+00  0.00000E+00  0.00000E+00    0.11708E+02  0.27719E+02 -0.39427E+02 -0.33660E+01 -0.32908E+01 -0.90289E+01      982.00
  0.25616E+00  0.63656E+02    0.13750E+00  0.13750E+00 -0.27500E+00  0.00000E+00  0.00000E+00  0.00000E+00    0.11769E+02  0.27924E+02 -0.39694E+02 -0.36168E+01 -0.31973E+01 -0.89699E+01      982.00
  0.27954E+00  0.64066E+02    0.15000E+00  0.15000E+00 -0.30000E+00  0.00000E+00  0.00000E+00  0.00000E+00    0.11836E+02  0.28126E+02 -0.39962E+02 -0.38124E+01 -0.31261E+01 -0.89316E+01      982.00
  0.30294E+00  0.64483E+02    0.16250E+00  0.16250E+00 -0.32500E+00  0.00000E+00  0.00000E+00  0.00000E+00    0.11919E+02  0.28316E+02 -0.40235E+02 -0.39599E+01 -0.30835E+01 -0.89172E+01      982.00
  0.32633E+00  0.64892E+02    0.17500E+00  0.17500E+00 -0.35000E+00  0.00000E+00  0.00000E+00  0.00000E+00    0.12005E+02  0.28496E+02 -0.40502E+02 -0.40704E+01 -0.30579E+01 -0.89145E+01      982.00
  0.34974E+00  0.65294E+02    0.18750E+00  0.18750E+00 -0.37500E+00  0.00000E+00  0.00000E+00  0.00000E+00    0.12094E+02  0.28669E+02 -0.40763E+02 -0.41567E+01 -0.30472E+01 -0.89257E+01      982.00
  0.37315E+00  0.65689E+02    0.20000E+00  0.20000E+00 -0.40000E+00  0.00000E+00  0.00000E+00  0.00000E+00    0.12204E+02  0.28820E+02 -0.41023E+02 -0.42173E+01 -0.30580E+01 -0.89432E+01      982.00
  0.39657E+00  0.66052E+02    0.21250E+00  0.21250E+00 -0.42500E+00  0.00000E+00  0.00000E+00  0.00000E+00    0.12321E+02  0.28946E+02 -0.41267E+02 -0.42588E+01 -0.30846E+01 -0.89612E+01      982.00
  0.42000E+00  0.66449E+02    0.22500E+00  0.22500E+00 -0.45000E+00  0.00000E+00  0.00000E+00  0.00000E+00    0.12467E+02  0.29071E+02 -0.41538E+02 -0.42877E+01 -0.31249E+01 -0.89830E+01      982.00
  0.44344E+00  0.66716E+02    0.23750E+00  0.23750E+00 -0.47500E+00  0.00000E+00  0.00000E+00  0.00000E+00    0.12588E+02  0.29142E+02 -0.41730E+02 -0.42903E+01 -0.31529E+01 -0.89857E+01      982.00
  0.46690E+00  0.67014E+02    0.25000E+00  0.25000E+00 -0.50000E+00  0.00000E+00  0.00000E+00  0.00000E+00    0.12724E+02  0.29220E+02 -0.41943E+02 -0.42928E+01 -0.31886E+01 -0.89933E+01      982.00
  0.49037E+00  0.67281E+02    0.26250E+00  0.26250E+00 -0.52500E+00  0.00000E+00  0.00000E+00  0.00000E+00    0.12848E+02  0.29288E+02 -0.42136E+02 -0.42907E+01 -0.32138E+01 -0.89998E+01      982.00
  0.51385E+00  0.67535E+02    0.27500E+00  0.27500E+00 -0.55000E+00  0.00000E+00  0.00000E+00  0.00000E+00    0.12982E+02  0.29341E+02 -0.42323E+02 -0.42874E+01 -0.32491E+01 -0.90039E+01      982.00
  0.53735E+00  0.67773E+02    0.28750E+00  0.28750E+00 -0.57500E+00  0.00000E+00  0.00000E+00  0.00000E+00    0.13116E+02  0.29384E+02 -0.42500E+02 -0.42800E+01 -0.32823E+01 -0.90072E+01      982.00
  0.56087E+00  0.68000E+02    0.30000E+00  0.30000E+00 -0.60000E+00  0.00000E+00  0.00000E+00  0.00000E+00    0.13242E+02  0.29427E+02 -0.42669E+02 -0.42718E+01 -0.33059E+01 -0.90090E+01      982.00
  0.58440E+00  0.68200E+02    0.31250E+00  0.31250E+00 -0.62500E+00  0.00000E+00  0.00000E+00  0.00000E+00    0.13374E+02  0.29450E+02 -0.42824E+02 -0.42604E+01 -0.33357E+01 -0.90079E+01      982.00
  0.60795E+00  0.68382E+02    0.32500E+00  0.32500E+00 -0.65000E+00  0.00000E+00  0.00000E+00  0.00000E+00    0.13503E+02  0.29463E+02 -0.42966E+02 -0.42486E+01 -0.33636E+01 -0.90067E+01      982.00
  0.63151E+00  0.68547E+02    0.33750E+00  0.33750E+00 -0.67500E+00  0.00000E+00  0.00000E+00  0.00000E+00    0.13632E+02  0.29465E+02 -0.43098E+02 -0.42352E+01 -0.33901E+01 -0.90026E+01      982.00
  0.65509E+00  0.68696E+02    0.35000E+00  0.35000E+00 -0.70000E+00  0.00000E+00  0.00000E+00  0.00000E+00    0.13757E+02  0.29462E+02 -0.43219E+02 -0.42219E+01 -0.34146E+01 -0.89995E+01      982.00
  0.67868E+00  0.68839E+02    0.36250E+00  0.36250E+00 -0.72500E+00  0.00000E+00  0.00000E+00  0.00000E+00    0.13883E+02  0.29454E+02 -0.43336E+02 -0.42072E+01 -0.34372E+01 -0.89957E+01      982.00
  0.70229E+00  0.68972E+02    0.37500E+00  0.37500E+00 -0.75000E+00  0.00000E+00  0.00000E+00  0.00000E+00    0.14006E+02  0.29442E+02 -0.43447E+02 -0.41918E+01 -0.34584E+01 -0.89915E+01      982.00
  0.72591E+00  0.69090E+02    0.38750E+00  0.38750E+00 -0.77500E+00  0.00000E+00  0.00000E+00  0.00000E+00    0.14126E+02  0.29423E+02 -0.43549E+02 -0.41764E+01 -0.34732E+01 -0.89867E+01      982.00
  0.74955E+00  0.69192E+02    0.40000E+00  0.40000E+00 -0.80000E+00  0.00000E+00  0.00000E+00  0.00000E+00    0.14241E+02  0.29397E+02 -0.43638E+02 -0.41615E+01 -0.34918E+01 -0.89838E+01      982.00
  0.77320E+00  0.69293E+02    0.41250E+00  0.41250E+00 -0.82500E+00  0.00000E+00  0.00000E+00  0.00000E+00    0.14356E+02  0.29371E+02 -0.43726E+02 -0.41455E+01 -0.35081E+01 -0.89805E+01      982.00
  0.79686E+00  0.69377E+02    0.42500E+00  0.42500E+00 -0.85000E+00  0.00000E+00  0.00000E+00  0.00000E+00    0.14466E+02  0.29337E+02 -0.43803E+02 -0.41297E+01 -0.35225E+01 -0.89779E+01      982.00
  0.82054E+00  0.69463E+02    0.43750E+00  0.43750E+00 -0.87500E+00  0.00000E+00  0.00000E+00  0.00000E+00    0.14576E+02  0.29305E+02 -0.43881E+02 -0.41144E+01 -0.35362E+01 -0.89767E+01      982.00
  0.84423E+00  0.69530E+02    0.45000E+00  0.45000E+00 -0.90000E+00  0.00000E+00  0.00000E+00  0.00000E+00    0.14680E+02  0.29264E+02 -0.43944E+02 -0.40990E+01 -0.35490E+01 -0.89756E+01      982.00
  0.86793E+00  0.69542E+02    0.46250E+00  0.46250E+00 -0.92500E+00  0.00000E+00  0.00000E+00  0.00000E+00    0.14780E+02  0.29198E+02 -0.43978E+02 -0.40657E+01 -0.35485E+01 -0.89673E+01      982.00
  0.89164E+00  0.69543E+02    0.47500E+00  0.47500E+00 -0.95000E+00  0.00000E+00  0.00000E+00  0.00000E+00    0.14871E+02  0.29131E+02 -0.44002E+02 -0.40352E+01 -0.35485E+01 -0.89589E+01      982.00
  0.91537E+00  0.69548E+02    0.48750E+00  0.48750E+00 -0.97500E+00  0.00000E+00  0.00000E+00  0.00000E+00    0.14960E+02  0.29067E+02 -0.44027E+02 -0.39982E+01 -0.35561E+01 -0.89540E+01      982.00
  0.93911E+00  0.69553E+02    0.50000E+00  0.50000E+00 -0.10000E+01  0.00000E+00  0.00000E+00  0.00000E+00    0.15049E+02  0.29002E+02 -0.44051E+02 -0.39693E+01 -0.35551E+01 -0.89496E+01      982.00
