          Evm          Svm            E11          E22          E33          E23          E13          E12         SDEV11       SDEV22       SDEV33       SDEV23       SDEV13       SDEV12      TEMP
  0.00000E+00  0.60953E+02    0.00000E+00  0.00000E+00  0.00000E+00  0.00000E+00  0.00000E+00  0.00000E+00    0.22404E+02  0.13742E+02 -0.36146E+02  0.54433E+01 -0.45713E+01  0.13757E+02      982.00
  0.22238E-01  0.61061E+02    0.12500E-01  0.12500E-01 -0.25000E-01  0.00000E+00  0.00000E+00  0.00000E+00    0.22571E+02  0.13768E+02 -0.36339E+02  0.55180E+01 -0.47541E+01  0.13417E+02      982.00
  0.44555E-01  0.61174E+02    0.25000E-01  0.25000E-01 -0.50000E-01  0.00000E+00  0.00000E+00  0.00000E+00    0.22727E+02  0.13805E+02 -0.36532E+02  0.55051E+01 -0.48988E+01  0.13125E+02      982.00
  0.66949E-01  0.61311E+02    0.37500E-01  0.37500E-01 -0.75000E-01  0.00000E+00  0.00000E+00  0.00000E+00    0.22911E+02  0.13820E+02 -0.36731E+02  0.54387E+01 -0.50169E+01  0.12875E+02      982.00
  0.89415E-01  0.61479E+02    0.50000E-01  0.50000E-01 -0.10000E+00  0.00000E+00  0.00000E+00  0.00000E+00    0.23119E+02  0.13816E+02 -0.36935E+02  0.53402E+01 -0.51072E+01  0.12669E+02      982.00
  0.11194E+00  0.61675E+02    0.62500E-01  0.62500E-01 -0.12500E+00  0.00000E+00  0.00000E+00  0.00000E+00    0.23344E+02  0.13800E+02 -0.37144E+02  0.52269E+01 -0.51715E+01  0.12505E+02      982.00
  0.13453E+00  0.61901E+02    0.75000E-01  0.75000E-01 -0.15000E+00  0.00000E+00  0.00000E+00  0.00000E+00    0.23583E+02  0.13775E+02 -0.37358E+02  0.51110E+01 -0.52143E+01  0.12377E+02      982.00
  0.15716E+00  0.62146E+02    0.87500E-01  0.87500E-01 -0.17500E+00  0.00000E+00  0.00000E+00  0.00000E+00    0.23815E+02  0.13756E+02 -0.37571E+02  0.49991E+01 -0.52374E+01  0.12287E+02      982.00
  0.17983E+00  0.62410E+02    0.10000E+00  0.10000E+00 -0.20000E+00  0.00000E+00  0.00000E+00  0.00000E+00    0.24041E+02  0.13746E+02 -0.37787E+02  0.48962E+01 -0.52472E+01  0.12226E+02      982.00
  0.20254E+00  0.62685E+02    0.11250E+00  0.11250E+00 -0.22500E+00  0.00000E+00  0.00000E+00  0.00000E+00    0.24260E+02  0.13740E+02 -0.38001E+02  0.48029E+01 -0.52449E+01  0.12186E+02      982.00
  0.22527E+00  0.62974E+02    0.12500E+00  0.12500E+00 -0.25000E+00  0.00000E+00  0.00000E+00  0.00000E+00    0.24461E+02  0.13755E+02 -0.38217E+02  0.47234E+01 -0.52381E+01  0.12171E+02      982.00
  0.24803E+00  0.63258E+02    0.13750E+00  0.13750E+00 -0.27500E+00  0.00000E+00  0.00000E+00  0.00000E+00    0.24647E+02  0.13777E+02 -0.38424E+02  0.46533E+01 -0.52231E+01  0.12169E+02      982.00
  0.27080E+00  0.63544E+02    0.15000E+00  0.15000E+00 -0.30000E+00  0.00000E+00  0.00000E+00  0.00000E+00    0.24815E+02  0.13813E+02 -0.38628E+02  0.45948E+01 -0.52053E+01  0.12182E+02      982.00
  0.29360E+00  0.63840E+02    0.16250E+00  0.16250E+00 -0.32500E+00  0.00000E+00  0.00000E+00  0.00000E+00    0.24960E+02  0.13877E+02 -0.38837E+02  0.45499E+01 -0.51886E+01  0.12205E+02      982.00
  0.31641E+00  0.64128E+02    0.17500E+00  0.17500E+00 -0.35000E+00  0.00000E+00  0.00000E+00  0.00000E+00    0.25087E+02  0.13950E+02 -0.39037E+02  0.45118E+01 -0.51677E+01  0.12239E+02      982.00
  0.33924E+00  0.64425E+02    0.18750E+00  0.18750E+00 -0.37500E+00  0.00000E+00  0.00000E+00  0.00000E+00    0.25197E+02  0.14046E+02 -0.39243E+02  0.44813E+01 -0.51448E+01  0.12283E+02      982.00
  0.36208E+00  0.64682E+02    0.20000E+00  0.20000E+00 -0.40000E+00  0.00000E+00  0.00000E+00  0.00000E+00    0.25276E+02  0.14153E+02 -0.39429E+02  0.44640E+01 -0.51247E+01  0.12308E+02      982.00
  0.38494E+00  0.64946E+02    0.21250E+00  0.21250E+00 -0.42500E+00  0.00000E+00  0.00000E+00  0.00000E+00    0.25351E+02  0.14268E+02 -0.39619E+02  0.44511E+01 -0.51023E+01  0.12338E+02      982.00
  0.40782E+00  0.65195E+02    0.22500E+00  0.22500E+00 -0.45000E+00  0.00000E+00  0.00000E+00  0.00000E+00    0.25407E+02  0.14389E+02 -0.39797E+02  0.44407E+01 -0.50757E+01  0.12374E+02      982.00
  0.43071E+00  0.65430E+02    0.23750E+00  0.23750E+00 -0.47500E+00  0.00000E+00  0.00000E+00  0.00000E+00    0.25448E+02  0.14518E+02 -0.39967E+02  0.44337E+01 -0.50470E+01  0.12410E+02      982.00
  0.45362E+00  0.65660E+02    0.25000E+00  0.25000E+00 -0.50000E+00  0.00000E+00  0.00000E+00  0.00000E+00    0.25487E+02  0.14648E+02 -0.40135E+02  0.44309E+01 -0.50183E+01  0.12442E+02      982.00
  0.47654E+00  0.65867E+02    0.26250E+00  0.26250E+00 -0.52500E+00  0.00000E+00  0.00000E+00  0.00000E+00    0.25504E+02  0.14784E+02 -0.40288E+02  0.44283E+01 -0.49859E+01  0.12474E+02      982.00
  0.49947E+00  0.66060E+02    0.27500E+00  0.27500E+00 -0.55000E+00  0.00000E+00  0.00000E+00  0.00000E+00    0.25511E+02  0.14923E+02 -0.40434E+02  0.44269E+01 -0.49520E+01  0.12504E+02      982.00
  0.52243E+00  0.66241E+02    0.28750E+00  0.28750E+00 -0.57500E+00  0.00000E+00  0.00000E+00  0.00000E+00    0.25508E+02  0.15063E+02 -0.40571E+02  0.44263E+01 -0.49169E+01  0.12532E+02      982.00
  0.54540E+00  0.66409E+02    0.30000E+00  0.30000E+00 -0.60000E+00  0.00000E+00  0.00000E+00  0.00000E+00    0.25497E+02  0.15204E+02 -0.40701E+02  0.44260E+01 -0.48808E+01  0.12558E+02      982.00
  0.56838E+00  0.66565E+02    0.31250E+00  0.31250E+00 -0.62500E+00  0.00000E+00  0.00000E+00  0.00000E+00    0.25481E+02  0.15343E+02 -0.40824E+02  0.44259E+01 -0.48440E+01  0.12581E+02      982.00
  0.59138E+00  0.66705E+02    0.32500E+00  0.32500E+00 -0.65000E+00  0.00000E+00  0.00000E+00  0.00000E+00    0.25448E+02  0.15488E+02 -0.40936E+02  0.44253E+01 -0.48047E+01  0.12606E+02      982.00
  0.61439E+00  0.66840E+02    0.33750E+00  0.33750E+00 -0.67500E+00  0.00000E+00  0.00000E+00  0.00000E+00    0.25422E+02  0.15623E+02 -0.41045E+02  0.44249E+01 -0.47670E+01  0.12624E+02      982.00
  0.63742E+00  0.66966E+02    0.35000E+00  0.35000E+00 -0.70000E+00  0.00000E+00  0.00000E+00  0.00000E+00    0.25393E+02  0.15755E+02 -0.41148E+02  0.44242E+01 -0.47295E+01  0.12641E+02      982.00
  0.66046E+00  0.67083E+02    0.36250E+00  0.36250E+00 -0.72500E+00  0.00000E+00  0.00000E+00  0.00000E+00    0.25361E+02  0.15883E+02 -0.41245E+02  0.44230E+01 -0.46921E+01  0.12655E+02      982.00
  0.68352E+00  0.67191E+02    0.37500E+00  0.37500E+00 -0.75000E+00  0.00000E+00  0.00000E+00  0.00000E+00    0.25328E+02  0.16007E+02 -0.41336E+02  0.44215E+01 -0.46550E+01  0.12667E+02      982.00
  0.70659E+00  0.67291E+02    0.38750E+00  0.38750E+00 -0.77500E+00  0.00000E+00  0.00000E+00  0.00000E+00    0.25294E+02  0.16127E+02 -0.41421E+02  0.44195E+01 -0.46185E+01  0.12678E+02      982.00
  0.72967E+00  0.67378E+02    0.40000E+00  0.40000E+00 -0.80000E+00  0.00000E+00  0.00000E+00  0.00000E+00    0.25251E+02  0.16245E+02 -0.41496E+02  0.44170E+01 -0.45792E+01  0.12691E+02      982.00
  0.75276E+00  0.67466E+02    0.41250E+00  0.41250E+00 -0.82500E+00  0.00000E+00  0.00000E+00  0.00000E+00    0.25217E+02  0.16355E+02 -0.41572E+02  0.44145E+01 -0.45438E+01  0.12698E+02      982.00
  0.77587E+00  0.67547E+02    0.42500E+00  0.42500E+00 -0.85000E+00  0.00000E+00  0.00000E+00  0.00000E+00    0.25183E+02  0.16461E+02 -0.41644E+02  0.44116E+01 -0.45093E+01  0.12705E+02      982.00
  0.79899E+00  0.67622E+02    0.43750E+00  0.43750E+00 -0.87500E+00  0.00000E+00  0.00000E+00  0.00000E+00    0.25149E+02  0.16561E+02 -0.41711E+02  0.44085E+01 -0.44758E+01  0.12710E+02      982.00
  0.82212E+00  0.67693E+02    0.45000E+00  0.45000E+00 -0.90000E+00  0.00000E+00  0.00000E+00  0.00000E+00    0.25116E+02  0.16657E+02 -0.41774E+02  0.44051E+01 -0.44431E+01  0.12713E+02      982.00
  0.84526E+00  0.67758E+02    0.46250E+00  0.46250E+00 -0.92500E+00  0.00000E+00  0.00000E+00  0.00000E+00    0.25084E+02  0.16749E+02 -0.41833E+02  0.44015E+01 -0.44114E+01  0.12716E+02      982.00
  0.86842E+00  0.67819E+02    0.47500E+00  0.47500E+00 -0.95000E+00  0.00000E+00  0.00000E+00  0.00000E+00    0.25052E+02  0.16836E+02 -0.41888E+02  0.43978E+01 -0.43807E+01  0.12719E+02      982.00
  0.89158E+00  0.67876E+02    0.48750E+00  0.48750E+00 -0.97500E+00  0.00000E+00  0.00000E+00  0.00000E+00    0.25022E+02  0.16918E+02 -0.41940E+02  0.43940E+01 -0.43510E+01  0.12720E+02      982.00
  0.91475E+00  0.67927E+02    0.50000E+00  0.50000E+00 -0.10000E+01  0.00000E+00  0.00000E+00  0.00000E+00    0.24985E+02  0.17001E+02 -0.41986E+02  0.43912E+01 -0.43156E+01  0.12730E+02      982.00
