          Evm          Svm            E11          E22          E33          E23          E13          E12         SDEV11       SDEV22       SDEV33       SDEV23       SDEV13       SDEV12      TEMP
  0.00000E+00  0.54698E+02    0.00000E+00  0.00000E+00  0.00000E+00  0.00000E+00  0.00000E+00  0.00000E+00    0.14245E+02  0.19245E+02 -0.33489E+02 -0.44277E+01  0.18412E+01  0.11265E+02      982.00
  0.22960E-01  0.54652E+02    0.12500E-01  0.12500E-01 -0.25000E-01  0.00000E+00  0.00000E+00  0.00000E+00    0.14555E+02  0.18933E+02 -0.33488E+02 -0.39921E+01  0.20077E+01  0.11392E+02      982.00
  0.45937E-01  0.54689E+02    0.25000E-01  0.25000E-01 -0.50000E-01  0.00000E+00  0.00000E+00  0.00000E+00    0.14894E+02  0.18621E+02 -0.33515E+02 -0.35824E+01  0.21555E+01  0.11557E+02      982.00
  0.68919E-01  0.54822E+02    0.37500E-01  0.37500E-01 -0.75000E-01  0.00000E+00  0.00000E+00  0.00000E+00    0.15220E+02  0.18356E+02 -0.33576E+02 -0.32223E+01  0.22733E+01  0.11760E+02      982.00
  0.91886E-01  0.55066E+02    0.50000E-01  0.50000E-01 -0.10000E+00  0.00000E+00  0.00000E+00  0.00000E+00    0.15499E+02  0.18182E+02 -0.33680E+02 -0.29170E+01  0.23626E+01  0.12004E+02      982.00
  0.11482E+00  0.55426E+02    0.62500E-01  0.62500E-01 -0.12500E+00  0.00000E+00  0.00000E+00  0.00000E+00    0.15736E+02  0.18098E+02 -0.33834E+02 -0.26564E+01  0.24321E+01  0.12292E+02      982.00
  0.13771E+00  0.55876E+02    0.75000E-01  0.75000E-01 -0.15000E+00  0.00000E+00  0.00000E+00  0.00000E+00    0.15940E+02  0.18090E+02 -0.34029E+02 -0.24335E+01  0.24850E+01  0.12609E+02      982.00
  0.16055E+00  0.56382E+02    0.87500E-01  0.87500E-01 -0.17500E+00  0.00000E+00  0.00000E+00  0.00000E+00    0.16122E+02  0.18131E+02 -0.34253E+02 -0.22392E+01  0.25226E+01  0.12935E+02      982.00
  0.18333E+00  0.56904E+02    0.10000E+00  0.10000E+00 -0.20000E+00  0.00000E+00  0.00000E+00  0.00000E+00    0.16281E+02  0.18203E+02 -0.34484E+02 -0.20680E+01  0.25473E+01  0.13259E+02      982.00
  0.20606E+00  0.57444E+02    0.11250E+00  0.11250E+00 -0.22500E+00  0.00000E+00  0.00000E+00  0.00000E+00    0.16426E+02  0.18302E+02 -0.34728E+02 -0.19388E+01  0.25569E+01  0.13574E+02      982.00
  0.22873E+00  0.57982E+02    0.12500E+00  0.12500E+00 -0.25000E+00  0.00000E+00  0.00000E+00  0.00000E+00    0.16565E+02  0.18408E+02 -0.34973E+02 -0.18356E+01  0.25554E+01  0.13876E+02      982.00
  0.25135E+00  0.58507E+02    0.13750E+00  0.13750E+00 -0.27500E+00  0.00000E+00  0.00000E+00  0.00000E+00    0.16699E+02  0.18516E+02 -0.35215E+02 -0.17560E+01  0.25435E+01  0.14163E+02      982.00
  0.27392E+00  0.58997E+02    0.15000E+00  0.15000E+00 -0.30000E+00  0.00000E+00  0.00000E+00  0.00000E+00    0.16826E+02  0.18613E+02 -0.35439E+02 -0.16811E+01  0.25238E+01  0.14432E+02      982.00
  0.29644E+00  0.59476E+02    0.16250E+00  0.16250E+00 -0.32500E+00  0.00000E+00  0.00000E+00  0.00000E+00    0.16953E+02  0.18711E+02 -0.35664E+02 -0.16427E+01  0.24926E+01  0.14682E+02      982.00
  0.31893E+00  0.59929E+02    0.17500E+00  0.17500E+00 -0.35000E+00  0.00000E+00  0.00000E+00  0.00000E+00    0.17075E+02  0.18801E+02 -0.35876E+02 -0.16205E+01  0.24531E+01  0.14915E+02      982.00
  0.34138E+00  0.60356E+02    0.18750E+00  0.18750E+00 -0.37500E+00  0.00000E+00  0.00000E+00  0.00000E+00    0.17194E+02  0.18883E+02 -0.36077E+02 -0.16120E+01  0.24064E+01  0.15133E+02      982.00
  0.36379E+00  0.60757E+02    0.20000E+00  0.20000E+00 -0.40000E+00  0.00000E+00  0.00000E+00  0.00000E+00    0.17309E+02  0.18956E+02 -0.36266E+02 -0.16152E+01  0.23535E+01  0.15337E+02      982.00
  0.38618E+00  0.61132E+02    0.21250E+00  0.21250E+00 -0.42500E+00  0.00000E+00  0.00000E+00  0.00000E+00    0.17422E+02  0.19016E+02 -0.36439E+02 -0.16178E+01  0.22918E+01  0.15536E+02      982.00
  0.40853E+00  0.61485E+02    0.22500E+00  0.22500E+00 -0.45000E+00  0.00000E+00  0.00000E+00  0.00000E+00    0.17529E+02  0.19074E+02 -0.36603E+02 -0.16403E+01  0.22288E+01  0.15718E+02      982.00
  0.43086E+00  0.61839E+02    0.23750E+00  0.23750E+00 -0.47500E+00  0.00000E+00  0.00000E+00  0.00000E+00    0.17642E+02  0.19121E+02 -0.36763E+02 -0.16644E+01  0.21505E+01  0.15910E+02      982.00
  0.45315E+00  0.62147E+02    0.25000E+00  0.25000E+00 -0.50000E+00  0.00000E+00  0.00000E+00  0.00000E+00    0.17740E+02  0.19162E+02 -0.36902E+02 -0.16972E+01  0.20826E+01  0.16074E+02      982.00
  0.47542E+00  0.62415E+02    0.26250E+00  0.26250E+00 -0.52500E+00  0.00000E+00  0.00000E+00  0.00000E+00    0.17824E+02  0.19201E+02 -0.37025E+02 -0.17364E+01  0.20293E+01  0.16212E+02      982.00
  0.49766E+00  0.62690E+02    0.27500E+00  0.27500E+00 -0.55000E+00  0.00000E+00  0.00000E+00  0.00000E+00    0.17915E+02  0.19230E+02 -0.37145E+02 -0.17731E+01  0.19646E+01  0.16364E+02      982.00
  0.51988E+00  0.62948E+02    0.28750E+00  0.28750E+00 -0.57500E+00  0.00000E+00  0.00000E+00  0.00000E+00    0.18003E+02  0.19252E+02 -0.37255E+02 -0.18096E+01  0.19029E+01  0.16510E+02      982.00
  0.54207E+00  0.63189E+02    0.30000E+00  0.30000E+00 -0.60000E+00  0.00000E+00  0.00000E+00  0.00000E+00    0.18088E+02  0.19268E+02 -0.37356E+02 -0.18444E+01  0.18458E+01  0.16650E+02      982.00
  0.56424E+00  0.63416E+02    0.31250E+00  0.31250E+00 -0.62500E+00  0.00000E+00  0.00000E+00  0.00000E+00    0.18165E+02  0.19283E+02 -0.37449E+02 -0.18800E+01  0.18028E+01  0.16781E+02      982.00
  0.58639E+00  0.63628E+02    0.32500E+00  0.32500E+00 -0.65000E+00  0.00000E+00  0.00000E+00  0.00000E+00    0.18246E+02  0.19286E+02 -0.37533E+02 -0.19078E+01  0.17581E+01  0.16911E+02      982.00
  0.60851E+00  0.63826E+02    0.33750E+00  0.33750E+00 -0.67500E+00  0.00000E+00  0.00000E+00  0.00000E+00    0.18326E+02  0.19283E+02 -0.37609E+02 -0.19318E+01  0.17204E+01  0.17035E+02      982.00
  0.63060E+00  0.64011E+02    0.35000E+00  0.35000E+00 -0.70000E+00  0.00000E+00  0.00000E+00  0.00000E+00    0.18404E+02  0.19274E+02 -0.37679E+02 -0.19514E+01  0.16898E+01  0.17151E+02      982.00
  0.65268E+00  0.64182E+02    0.36250E+00  0.36250E+00 -0.72500E+00  0.00000E+00  0.00000E+00  0.00000E+00    0.18495E+02  0.19246E+02 -0.37741E+02 -0.19658E+01  0.16560E+01  0.17265E+02      982.00
  0.67473E+00  0.64326E+02    0.37500E+00  0.37500E+00 -0.75000E+00  0.00000E+00  0.00000E+00  0.00000E+00    0.18582E+02  0.19211E+02 -0.37794E+02 -0.19750E+01  0.16315E+01  0.17359E+02      982.00
  0.69676E+00  0.64459E+02    0.38750E+00  0.38750E+00 -0.77500E+00  0.00000E+00  0.00000E+00  0.00000E+00    0.18630E+02  0.19212E+02 -0.37842E+02 -0.19878E+01  0.16358E+01  0.17443E+02      982.00
  0.71878E+00  0.64595E+02    0.40000E+00  0.40000E+00 -0.80000E+00  0.00000E+00  0.00000E+00  0.00000E+00    0.18709E+02  0.19182E+02 -0.37891E+02 -0.19937E+01  0.16292E+01  0.17531E+02      982.00
  0.74077E+00  0.64719E+02    0.41250E+00  0.41250E+00 -0.82500E+00  0.00000E+00  0.00000E+00  0.00000E+00    0.18786E+02  0.19150E+02 -0.37936E+02 -0.19981E+01  0.16258E+01  0.17612E+02      982.00
  0.76276E+00  0.64833E+02    0.42500E+00  0.42500E+00 -0.85000E+00  0.00000E+00  0.00000E+00  0.00000E+00    0.18863E+02  0.19115E+02 -0.37977E+02 -0.20014E+01  0.16247E+01  0.17685E+02      982.00
  0.78472E+00  0.64938E+02    0.43750E+00  0.43750E+00 -0.87500E+00  0.00000E+00  0.00000E+00  0.00000E+00    0.18939E+02  0.19076E+02 -0.38016E+02 -0.20043E+01  0.16252E+01  0.17750E+02      982.00
  0.80668E+00  0.65000E+02    0.45000E+00  0.45000E+00 -0.90000E+00  0.00000E+00  0.00000E+00  0.00000E+00    0.19011E+02  0.19029E+02 -0.38040E+02 -0.20032E+01  0.16265E+01  0.17788E+02      982.00
  0.82862E+00  0.65091E+02    0.46250E+00  0.46250E+00 -0.92500E+00  0.00000E+00  0.00000E+00  0.00000E+00    0.19086E+02  0.18988E+02 -0.38074E+02 -0.20068E+01  0.16286E+01  0.17843E+02      982.00
  0.85056E+00  0.65133E+02    0.47500E+00  0.47500E+00 -0.95000E+00  0.00000E+00  0.00000E+00  0.00000E+00    0.19092E+02  0.18997E+02 -0.38089E+02 -0.20078E+01  0.16282E+01  0.17870E+02      982.00
  0.87249E+00  0.65155E+02    0.48750E+00  0.48750E+00 -0.97500E+00  0.00000E+00  0.00000E+00  0.00000E+00    0.19218E+02  0.18872E+02 -0.38090E+02 -0.19959E+01  0.16261E+01  0.17896E+02      982.00
  0.89441E+00  0.65212E+02    0.50000E+00  0.50000E+00 -0.10000E+01  0.00000E+00  0.00000E+00  0.00000E+00    0.19313E+02  0.18793E+02 -0.38105E+02 -0.19976E+01  0.16213E+01  0.17940E+02      982.00
