          Evm          Svm            E11          E22          E33          E23          E13          E12         SDEV11       SDEV22       SDEV33       SDEV23       SDEV13       SDEV12      TEMP
  0.00000E+00  0.52635E+02    0.00000E+00  0.00000E+00  0.00000E+00  0.00000E+00  0.00000E+00  0.00000E+00    0.14348E+02  0.18730E+02 -0.33078E+02  0.79955E+01 -0.20319E+01 -0.54773E+01      982.00
  0.23567E-01  0.52687E+02    0.12500E-01  0.12500E-01 -0.25000E-01  0.00000E+00  0.00000E+00  0.00000E+00    0.14159E+02  0.18928E+02 -0.33087E+02  0.77056E+01 -0.21864E+01 -0.58647E+01      982.00
  0.47116E-01  0.52818E+02    0.25000E-01  0.25000E-01 -0.50000E-01  0.00000E+00  0.00000E+00  0.00000E+00    0.14024E+02  0.19119E+02 -0.33143E+02  0.73939E+01 -0.23441E+01 -0.62783E+01      982.00
  0.70648E-01  0.53038E+02    0.37500E-01  0.37500E-01 -0.75000E-01  0.00000E+00  0.00000E+00  0.00000E+00    0.13920E+02  0.19326E+02 -0.33246E+02  0.70545E+01 -0.25341E+01 -0.67239E+01      982.00
  0.94154E-01  0.53343E+02    0.50000E-01  0.50000E-01 -0.10000E+00  0.00000E+00  0.00000E+00  0.00000E+00    0.13839E+02  0.19553E+02 -0.33392E+02  0.66918E+01 -0.27501E+01 -0.71908E+01      982.00
  0.11763E+00  0.53722E+02    0.62500E-01  0.62500E-01 -0.12500E+00  0.00000E+00  0.00000E+00  0.00000E+00    0.13773E+02  0.19802E+02 -0.33574E+02  0.63110E+01 -0.29856E+01 -0.76660E+01      982.00
  0.14106E+00  0.54162E+02    0.75000E-01  0.75000E-01 -0.15000E+00  0.00000E+00  0.00000E+00  0.00000E+00    0.13720E+02  0.20066E+02 -0.33786E+02  0.59199E+01 -0.32264E+01 -0.81362E+01      982.00
  0.16446E+00  0.54650E+02    0.87500E-01  0.87500E-01 -0.17500E+00  0.00000E+00  0.00000E+00  0.00000E+00    0.13680E+02  0.20342E+02 -0.34022E+02  0.55261E+01 -0.34604E+01 -0.85916E+01      982.00
  0.18780E+00  0.55177E+02    0.10000E+00  0.10000E+00 -0.20000E+00  0.00000E+00  0.00000E+00  0.00000E+00    0.13646E+02  0.20631E+02 -0.34277E+02  0.51239E+01 -0.36953E+01 -0.90293E+01      982.00
  0.21110E+00  0.55733E+02    0.11250E+00  0.11250E+00 -0.22500E+00  0.00000E+00  0.00000E+00  0.00000E+00    0.13619E+02  0.20929E+02 -0.34548E+02  0.47179E+01 -0.39232E+01 -0.94438E+01      982.00
  0.23434E+00  0.56309E+02    0.12500E+00  0.12500E+00 -0.25000E+00  0.00000E+00  0.00000E+00  0.00000E+00    0.13596E+02  0.21235E+02 -0.34831E+02  0.42938E+01 -0.41544E+01 -0.98347E+01      982.00
  0.25754E+00  0.56898E+02    0.13750E+00  0.13750E+00 -0.27500E+00  0.00000E+00  0.00000E+00  0.00000E+00    0.13578E+02  0.21545E+02 -0.35123E+02  0.38585E+01 -0.43819E+01 -0.10196E+02      982.00
  0.28069E+00  0.57491E+02    0.15000E+00  0.15000E+00 -0.30000E+00  0.00000E+00  0.00000E+00  0.00000E+00    0.13564E+02  0.21857E+02 -0.35420E+02  0.34061E+01 -0.46088E+01 -0.10525E+02      982.00
  0.30379E+00  0.58081E+02    0.16250E+00  0.16250E+00 -0.32500E+00  0.00000E+00  0.00000E+00  0.00000E+00    0.13557E+02  0.22163E+02 -0.35720E+02  0.29439E+01 -0.48293E+01 -0.10817E+02      982.00
  0.32686E+00  0.58662E+02    0.17500E+00  0.17500E+00 -0.35000E+00  0.00000E+00  0.00000E+00  0.00000E+00    0.13559E+02  0.22462E+02 -0.36021E+02  0.24876E+01 -0.50366E+01 -0.11073E+02      982.00
  0.34988E+00  0.59234E+02    0.18750E+00  0.18750E+00 -0.37500E+00  0.00000E+00  0.00000E+00  0.00000E+00    0.13569E+02  0.22753E+02 -0.36322E+02  0.20571E+01 -0.52250E+01 -0.11291E+02      982.00
  0.37288E+00  0.59800E+02    0.20000E+00  0.20000E+00 -0.40000E+00  0.00000E+00  0.00000E+00  0.00000E+00    0.13587E+02  0.23040E+02 -0.36627E+02  0.16607E+01 -0.53943E+01 -0.11475E+02      982.00
  0.39584E+00  0.60364E+02    0.21250E+00  0.21250E+00 -0.42500E+00  0.00000E+00  0.00000E+00  0.00000E+00    0.13608E+02  0.23331E+02 -0.36939E+02  0.13113E+01 -0.55449E+01 -0.11626E+02      982.00
  0.41879E+00  0.60924E+02    0.22500E+00  0.22500E+00 -0.45000E+00  0.00000E+00  0.00000E+00  0.00000E+00    0.13627E+02  0.23629E+02 -0.37257E+02  0.10174E+01 -0.56787E+01 -0.11743E+02      982.00
  0.44172E+00  0.61477E+02    0.23750E+00  0.23750E+00 -0.47500E+00  0.00000E+00  0.00000E+00  0.00000E+00    0.13646E+02  0.23934E+02 -0.37581E+02  0.75342E+00 -0.58012E+01 -0.11828E+02      982.00
  0.46465E+00  0.62014E+02    0.25000E+00  0.25000E+00 -0.50000E+00  0.00000E+00  0.00000E+00  0.00000E+00    0.13663E+02  0.24241E+02 -0.37904E+02  0.53160E+00 -0.59110E+01 -0.11882E+02      982.00
  0.48757E+00  0.62532E+02    0.26250E+00  0.26250E+00 -0.52500E+00  0.00000E+00  0.00000E+00  0.00000E+00    0.13679E+02  0.24546E+02 -0.38225E+02  0.33537E+00 -0.60094E+01 -0.11908E+02      982.00
  0.51049E+00  0.63029E+02    0.27500E+00  0.27500E+00 -0.55000E+00  0.00000E+00  0.00000E+00  0.00000E+00    0.13694E+02  0.24847E+02 -0.38541E+02  0.15101E+00 -0.60986E+01 -0.11910E+02      982.00
  0.53342E+00  0.63499E+02    0.28750E+00  0.28750E+00 -0.57500E+00  0.00000E+00  0.00000E+00  0.00000E+00    0.13708E+02  0.25140E+02 -0.38848E+02 -0.69820E-02 -0.61757E+01 -0.11890E+02      982.00
  0.55636E+00  0.63948E+02    0.30000E+00  0.30000E+00 -0.60000E+00  0.00000E+00  0.00000E+00  0.00000E+00    0.13722E+02  0.25427E+02 -0.39149E+02 -0.14723E+00 -0.62366E+01 -0.11851E+02      982.00
  0.57932E+00  0.64363E+02    0.31250E+00  0.31250E+00 -0.62500E+00  0.00000E+00  0.00000E+00  0.00000E+00    0.13736E+02  0.25699E+02 -0.39435E+02 -0.27893E+00 -0.62894E+01 -0.11796E+02      982.00
  0.60230E+00  0.64753E+02    0.32500E+00  0.32500E+00 -0.65000E+00  0.00000E+00  0.00000E+00  0.00000E+00    0.13751E+02  0.25959E+02 -0.39710E+02 -0.40867E+00 -0.63314E+01 -0.11727E+02      982.00
  0.62529E+00  0.65117E+02    0.33750E+00  0.33750E+00 -0.67500E+00  0.00000E+00  0.00000E+00  0.00000E+00    0.13765E+02  0.26206E+02 -0.39972E+02 -0.52114E+00 -0.63630E+01 -0.11647E+02      982.00
  0.64831E+00  0.65456E+02    0.35000E+00  0.35000E+00 -0.70000E+00  0.00000E+00  0.00000E+00  0.00000E+00    0.13780E+02  0.26441E+02 -0.40221E+02 -0.62541E+00 -0.63844E+01 -0.11559E+02      982.00
  0.67136E+00  0.65772E+02    0.36250E+00  0.36250E+00 -0.72500E+00  0.00000E+00  0.00000E+00  0.00000E+00    0.13795E+02  0.26664E+02 -0.40460E+02 -0.72273E+00 -0.63967E+01 -0.11464E+02      982.00
  0.69442E+00  0.66067E+02    0.37500E+00  0.37500E+00 -0.75000E+00  0.00000E+00  0.00000E+00  0.00000E+00    0.13811E+02  0.26875E+02 -0.40686E+02 -0.81390E+00 -0.64006E+01 -0.11364E+02      982.00
  0.71752E+00  0.66341E+02    0.38750E+00  0.38750E+00 -0.77500E+00  0.00000E+00  0.00000E+00  0.00000E+00    0.13827E+02  0.27074E+02 -0.40901E+02 -0.89962E+00 -0.63968E+01 -0.11260E+02      982.00
  0.74064E+00  0.66597E+02    0.40000E+00  0.40000E+00 -0.80000E+00  0.00000E+00  0.00000E+00  0.00000E+00    0.13843E+02  0.27262E+02 -0.41105E+02 -0.98048E+00 -0.63861E+01 -0.11153E+02      982.00
  0.76378E+00  0.66836E+02    0.41250E+00  0.41250E+00 -0.82500E+00  0.00000E+00  0.00000E+00  0.00000E+00    0.13860E+02  0.27439E+02 -0.41299E+02 -0.10570E+01 -0.63693E+01 -0.11046E+02      982.00
  0.78696E+00  0.67058E+02    0.42500E+00  0.42500E+00 -0.85000E+00  0.00000E+00  0.00000E+00  0.00000E+00    0.13877E+02  0.27606E+02 -0.41483E+02 -0.11297E+01 -0.63471E+01 -0.10938E+02      982.00
  0.81015E+00  0.67268E+02    0.43750E+00  0.43750E+00 -0.87500E+00  0.00000E+00  0.00000E+00  0.00000E+00    0.13894E+02  0.27764E+02 -0.41658E+02 -0.11995E+01 -0.63205E+01 -0.10831E+02      982.00
  0.83338E+00  0.67462E+02    0.45000E+00  0.45000E+00 -0.90000E+00  0.00000E+00  0.00000E+00  0.00000E+00    0.13912E+02  0.27911E+02 -0.41823E+02 -0.12659E+01 -0.62893E+01 -0.10725E+02      982.00
  0.85662E+00  0.67643E+02    0.46250E+00  0.46250E+00 -0.92500E+00  0.00000E+00  0.00000E+00  0.00000E+00    0.13929E+02  0.28049E+02 -0.41978E+02 -0.13294E+01 -0.62543E+01 -0.10621E+02      982.00
  0.87990E+00  0.67735E+02    0.47500E+00  0.47500E+00 -0.95000E+00  0.00000E+00  0.00000E+00  0.00000E+00    0.13938E+02  0.28147E+02 -0.42085E+02 -0.13712E+01 -0.61597E+01 -0.10520E+02      982.00
  0.90320E+00  0.67826E+02    0.48750E+00  0.48750E+00 -0.97500E+00  0.00000E+00  0.00000E+00  0.00000E+00    0.13948E+02  0.28240E+02 -0.42187E+02 -0.14182E+01 -0.60806E+01 -0.10420E+02      982.00
  0.92652E+00  0.67911E+02    0.50000E+00  0.50000E+00 -0.10000E+01  0.00000E+00  0.00000E+00  0.00000E+00    0.13957E+02  0.28327E+02 -0.42284E+02 -0.14644E+01 -0.60038E+01 -0.10323E+02      982.00
