          Evm          Svm            E11          E22          E33          E23          E13          E12         SDEV11       SDEV22       SDEV33       SDEV23       SDEV13       SDEV12      TEMP
  0.00000E+00  0.62751E+02    0.00000E+00  0.00000E+00  0.00000E+00  0.00000E+00  0.00000E+00  0.00000E+00    0.18271E+02  0.21231E+02 -0.39502E+02  0.58793E+01 -0.49217E+01  0.90158E+01      982.00
  0.23606E-01  0.62939E+02    0.12500E-01  0.12500E-01 -0.25000E-01  0.00000E+00  0.00000E+00  0.00000E+00    0.18989E+02  0.20591E+02 -0.39580E+02  0.56283E+01 -0.52414E+01  0.92578E+01      982.00
  0.47189E-01  0.63081E+02    0.25000E-01  0.25000E-01 -0.50000E-01  0.00000E+00  0.00000E+00  0.00000E+00    0.19493E+02  0.20150E+02 -0.39644E+02  0.54188E+01 -0.53892E+01  0.94423E+01      982.00
  0.70756E-01  0.63215E+02    0.37500E-01  0.37500E-01 -0.75000E-01  0.00000E+00  0.00000E+00  0.00000E+00    0.19854E+02  0.19857E+02 -0.39711E+02  0.52204E+01 -0.54264E+01  0.96245E+01      982.00
  0.94313E-01  0.63358E+02    0.50000E-01  0.50000E-01 -0.10000E+00  0.00000E+00  0.00000E+00  0.00000E+00    0.20109E+02  0.19674E+02 -0.39783E+02  0.50284E+01 -0.53934E+01  0.98312E+01      982.00
  0.11786E+00  0.63524E+02    0.62500E-01  0.62500E-01 -0.12500E+00  0.00000E+00  0.00000E+00  0.00000E+00    0.20285E+02  0.19577E+02 -0.39863E+02  0.48448E+01 -0.53200E+01  0.10072E+02      982.00
  0.14139E+00  0.63723E+02    0.75000E-01  0.75000E-01 -0.15000E+00  0.00000E+00  0.00000E+00  0.00000E+00    0.20416E+02  0.19536E+02 -0.39953E+02  0.46669E+01 -0.52338E+01  0.10345E+02      982.00
  0.16490E+00  0.63945E+02    0.87500E-01  0.87500E-01 -0.17500E+00  0.00000E+00  0.00000E+00  0.00000E+00    0.20504E+02  0.19543E+02 -0.40048E+02  0.45003E+01 -0.51386E+01  0.10641E+02      982.00
  0.18839E+00  0.64186E+02    0.10000E+00  0.10000E+00 -0.20000E+00  0.00000E+00  0.00000E+00  0.00000E+00    0.20565E+02  0.19579E+02 -0.40143E+02  0.43437E+01 -0.50465E+01  0.10960E+02      982.00
  0.21184E+00  0.64445E+02    0.11250E+00  0.11250E+00 -0.22500E+00  0.00000E+00  0.00000E+00  0.00000E+00    0.20605E+02  0.19632E+02 -0.40237E+02  0.41978E+01 -0.49613E+01  0.11299E+02      982.00
  0.23525E+00  0.64711E+02    0.12500E+00  0.12500E+00 -0.25000E+00  0.00000E+00  0.00000E+00  0.00000E+00    0.20627E+02  0.19703E+02 -0.40330E+02  0.40734E+01 -0.48878E+01  0.11630E+02      982.00
  0.25863E+00  0.64972E+02    0.13750E+00  0.13750E+00 -0.27500E+00  0.00000E+00  0.00000E+00  0.00000E+00    0.20636E+02  0.19780E+02 -0.40416E+02  0.39678E+01 -0.48308E+01  0.11949E+02      982.00
  0.28195E+00  0.65250E+02    0.15000E+00  0.15000E+00 -0.30000E+00  0.00000E+00  0.00000E+00  0.00000E+00    0.20639E+02  0.19862E+02 -0.40501E+02  0.38750E+01 -0.47863E+01  0.12282E+02      982.00
  0.30523E+00  0.65523E+02    0.16250E+00  0.16250E+00 -0.32500E+00  0.00000E+00  0.00000E+00  0.00000E+00    0.20636E+02  0.19942E+02 -0.40578E+02  0.38015E+01 -0.47562E+01  0.12608E+02      982.00
  0.32845E+00  0.65797E+02    0.17500E+00  0.17500E+00 -0.35000E+00  0.00000E+00  0.00000E+00  0.00000E+00    0.20628E+02  0.20018E+02 -0.40646E+02  0.37401E+01 -0.47406E+01  0.12940E+02      982.00
  0.35162E+00  0.66061E+02    0.18750E+00  0.18750E+00 -0.37500E+00  0.00000E+00  0.00000E+00  0.00000E+00    0.20608E+02  0.20094E+02 -0.40702E+02  0.36908E+01 -0.47387E+01  0.13269E+02      982.00
  0.37472E+00  0.66312E+02    0.20000E+00  0.20000E+00 -0.40000E+00  0.00000E+00  0.00000E+00  0.00000E+00    0.20577E+02  0.20166E+02 -0.40743E+02  0.36543E+01 -0.47482E+01  0.13596E+02      982.00
  0.39776E+00  0.66548E+02    0.21250E+00  0.21250E+00 -0.42500E+00  0.00000E+00  0.00000E+00  0.00000E+00    0.20536E+02  0.20231E+02 -0.40767E+02  0.36289E+01 -0.47675E+01  0.13923E+02      982.00
  0.42074E+00  0.66768E+02    0.22500E+00  0.22500E+00 -0.45000E+00  0.00000E+00  0.00000E+00  0.00000E+00    0.20484E+02  0.20290E+02 -0.40774E+02  0.36133E+01 -0.47957E+01  0.14250E+02      982.00
  0.44364E+00  0.66971E+02    0.23750E+00  0.23750E+00 -0.47500E+00  0.00000E+00  0.00000E+00  0.00000E+00    0.20419E+02  0.20346E+02 -0.40764E+02  0.36005E+01 -0.48288E+01  0.14576E+02      982.00
  0.46646E+00  0.67153E+02    0.25000E+00  0.25000E+00 -0.50000E+00  0.00000E+00  0.00000E+00  0.00000E+00    0.20345E+02  0.20387E+02 -0.40732E+02  0.35990E+01 -0.48685E+01  0.14908E+02      982.00
  0.48921E+00  0.67317E+02    0.26250E+00  0.26250E+00 -0.52500E+00  0.00000E+00  0.00000E+00  0.00000E+00    0.20260E+02  0.20418E+02 -0.40678E+02  0.36014E+01 -0.49115E+01  0.15245E+02      982.00
  0.51187E+00  0.67461E+02    0.27500E+00  0.27500E+00 -0.55000E+00  0.00000E+00  0.00000E+00  0.00000E+00    0.20165E+02  0.20437E+02 -0.40602E+02  0.36057E+01 -0.49556E+01  0.15589E+02      982.00
  0.53444E+00  0.67587E+02    0.28750E+00  0.28750E+00 -0.57500E+00  0.00000E+00  0.00000E+00  0.00000E+00    0.20059E+02  0.20445E+02 -0.40504E+02  0.36094E+01 -0.49983E+01  0.15942E+02      982.00
  0.55691E+00  0.67697E+02    0.30000E+00  0.30000E+00 -0.60000E+00  0.00000E+00  0.00000E+00  0.00000E+00    0.19938E+02  0.20449E+02 -0.40387E+02  0.36061E+01 -0.50359E+01  0.16306E+02      982.00
  0.57928E+00  0.67786E+02    0.31250E+00  0.31250E+00 -0.62500E+00  0.00000E+00  0.00000E+00  0.00000E+00    0.19810E+02  0.20435E+02 -0.40246E+02  0.36011E+01 -0.50674E+01  0.16677E+02      982.00
  0.60155E+00  0.67856E+02    0.32500E+00  0.32500E+00 -0.65000E+00  0.00000E+00  0.00000E+00  0.00000E+00    0.19674E+02  0.20409E+02 -0.40083E+02  0.35863E+01 -0.50886E+01  0.17056E+02      982.00
  0.62370E+00  0.67910E+02    0.33750E+00  0.33750E+00 -0.67500E+00  0.00000E+00  0.00000E+00  0.00000E+00    0.19530E+02  0.20372E+02 -0.39902E+02  0.35610E+01 -0.50970E+01  0.17443E+02      982.00
  0.64573E+00  0.67948E+02    0.35000E+00  0.35000E+00 -0.70000E+00  0.00000E+00  0.00000E+00  0.00000E+00    0.19379E+02  0.20325E+02 -0.39704E+02  0.35212E+01 -0.50891E+01  0.17837E+02      982.00
  0.66765E+00  0.67971E+02    0.36250E+00  0.36250E+00 -0.72500E+00  0.00000E+00  0.00000E+00  0.00000E+00    0.19223E+02  0.20268E+02 -0.39491E+02  0.34647E+01 -0.50619E+01  0.18233E+02      982.00
  0.68943E+00  0.67980E+02    0.37500E+00  0.37500E+00 -0.75000E+00  0.00000E+00  0.00000E+00  0.00000E+00    0.19063E+02  0.20205E+02 -0.39268E+02  0.33893E+01 -0.50126E+01  0.18629E+02      982.00
  0.71109E+00  0.67977E+02    0.38750E+00  0.38750E+00 -0.77500E+00  0.00000E+00  0.00000E+00  0.00000E+00    0.18902E+02  0.20135E+02 -0.39037E+02  0.32932E+01 -0.49390E+01  0.19020E+02      982.00
  0.73263E+00  0.67961E+02    0.40000E+00  0.40000E+00 -0.80000E+00  0.00000E+00  0.00000E+00  0.00000E+00    0.18742E+02  0.20061E+02 -0.38803E+02  0.31753E+01 -0.48394E+01  0.19401E+02      982.00
  0.75404E+00  0.67947E+02    0.41250E+00  0.41250E+00 -0.82500E+00  0.00000E+00  0.00000E+00  0.00000E+00    0.18590E+02  0.19981E+02 -0.38571E+02  0.30486E+01 -0.47265E+01  0.19774E+02      982.00
  0.77533E+00  0.67921E+02    0.42500E+00  0.42500E+00 -0.85000E+00  0.00000E+00  0.00000E+00  0.00000E+00    0.18441E+02  0.19905E+02 -0.38347E+02  0.28931E+01 -0.45820E+01  0.20125E+02      982.00
  0.79650E+00  0.67880E+02    0.43750E+00  0.43750E+00 -0.87500E+00  0.00000E+00  0.00000E+00  0.00000E+00    0.18297E+02  0.19832E+02 -0.38130E+02  0.27133E+01 -0.44069E+01  0.20448E+02      982.00
  0.81756E+00  0.67840E+02    0.45000E+00  0.45000E+00 -0.90000E+00  0.00000E+00  0.00000E+00  0.00000E+00    0.18166E+02  0.19762E+02 -0.37928E+02  0.25227E+01 -0.42176E+01  0.20745E+02      982.00
  0.83853E+00  0.67789E+02    0.46250E+00  0.46250E+00 -0.92500E+00  0.00000E+00  0.00000E+00  0.00000E+00    0.18044E+02  0.19698E+02 -0.37742E+02  0.23113E+01 -0.40016E+01  0.21010E+02      982.00
  0.85941E+00  0.67732E+02    0.47500E+00  0.47500E+00 -0.95000E+00  0.00000E+00  0.00000E+00  0.00000E+00    0.17933E+02  0.19640E+02 -0.37574E+02  0.20797E+01 -0.37589E+01  0.21241E+02      982.00
  0.88021E+00  0.67674E+02    0.48750E+00  0.48750E+00 -0.97500E+00  0.00000E+00  0.00000E+00  0.00000E+00    0.17838E+02  0.19590E+02 -0.37428E+02  0.18408E+01 -0.35054E+01  0.21437E+02      982.00
  0.90095E+00  0.67574E+02    0.50000E+00  0.50000E+00 -0.10000E+01  0.00000E+00  0.00000E+00  0.00000E+00    0.17751E+02  0.19535E+02 -0.37286E+02  0.16071E+01 -0.32448E+01  0.21576E+02      982.00
