
*******   STEP   1      *** NEFF=10 CALCULATION                
    1   0.131E+00   0.186E+00   0.199E+00
    2   0.711E-01   0.454E+00   0.168E+00
    3   0.406E-01   0.371E+00   0.105E+00
    4   0.265E-01   0.282E+00   0.686E-01
    5   0.189E-01   0.212E+00   0.486E-01
    6   0.141E-01   0.159E+00   0.359E-01
    7   0.107E-01   0.121E+00   0.270E-01
    8   0.808E-02   0.924E-01   0.204E-01
    9   0.611E-02   0.705E-01   0.154E-01
   10   0.464E-02   0.539E-01   0.117E-01
   11   0.353E-02   0.412E-01   0.891E-02
   12   0.268E-02   0.315E-01   0.678E-02
   13   0.205E-02   0.242E-01   0.517E-02
   14   0.156E-02   0.185E-01   0.395E-02
   15   0.119E-02   0.142E-01   0.302E-02
   16   0.110E-02   0.109E-01   0.224E-02
   17   0.832E-03   0.796E-02   0.161E-02
   18   0.608E-03   0.571E-02   0.115E-02
   19   0.434E-03   0.405E-02   0.805E-03
   20   0.306E-03   0.287E-02   0.559E-03
   21   0.213E-03   0.201E-02   0.386E-03
   22   0.148E-03   0.140E-02   0.264E-03
   23   0.101E-03   0.974E-03   0.179E-03

*******   STEP   2      *** NEFF=10 CALCULATION                
    1   0.312E-02   0.124E-01   0.630E-02
    2   0.160E-02   0.201E-01   0.432E-02
    3   0.111E-02   0.150E-01   0.290E-02
    4   0.798E-03   0.112E-01   0.209E-02
    5   0.749E-03   0.845E-02   0.145E-02
    6   0.552E-03   0.608E-02   0.106E-02
    7   0.396E-03   0.435E-02   0.776E-03
    8   0.287E-03   0.312E-02   0.553E-03
    9   0.208E-03   0.223E-02   0.403E-03
   10   0.150E-03   0.160E-02   0.313E-03
   11   0.112E-03   0.116E-02   0.240E-03
   12   0.849E-04   0.851E-03   0.172E-03

*******   STEP   3      *** NEFF=10 CALCULATION                
    1   0.306E-02   0.841E-02   0.647E-02
    2   0.157E-02   0.185E-01   0.451E-02
    3   0.109E-02   0.137E-01   0.280E-02
    4   0.750E-03   0.103E-01   0.194E-02
    5   0.559E-03   0.794E-02   0.148E-02
    6   0.525E-03   0.609E-02   0.107E-02
    7   0.397E-03   0.448E-02   0.774E-03
    8   0.291E-03   0.325E-02   0.565E-03
    9   0.212E-03   0.235E-02   0.420E-03
   10   0.157E-03   0.171E-02   0.318E-03
   11   0.117E-03   0.125E-02   0.240E-03
   12   0.884E-04   0.925E-03   0.177E-03

*******   STEP   4      *** NEFF=10 CALCULATION                
    1   0.324E-02   0.459E-02   0.742E-02
    2   0.167E-02   0.172E-01   0.523E-02
    3   0.117E-02   0.126E-01   0.288E-02
    4   0.723E-03   0.933E-02   0.179E-02
    5   0.509E-03   0.713E-02   0.138E-02
    6   0.476E-03   0.546E-02   0.987E-03
    7   0.359E-03   0.403E-02   0.708E-03
    8   0.262E-03   0.294E-02   0.515E-03
    9   0.191E-03   0.214E-02   0.391E-03
   10   0.142E-03   0.156E-02   0.303E-03
   11   0.108E-03   0.115E-02   0.229E-03
   12   0.830E-04   0.859E-03   0.167E-03

*******   STEP   5      *** NEFF=10 CALCULATION                
    1   0.368E-02   0.256E-02   0.912E-02
    2   0.219E-02   0.171E-01   0.611E-02
    3   0.128E-02   0.123E-01   0.291E-02
    4   0.709E-03   0.870E-02   0.171E-02
    5   0.474E-03   0.648E-02   0.134E-02
    6   0.441E-03   0.489E-02   0.907E-03
    7   0.326E-03   0.356E-02   0.626E-03
    8   0.231E-03   0.258E-02   0.470E-03
    9   0.166E-03   0.188E-02   0.375E-03
   10   0.127E-03   0.138E-02   0.289E-03
   11   0.996E-04   0.103E-02   0.209E-03
   12   0.760E-04   0.773E-03   0.152E-03

*******   STEP   6      *** NEFF=10 CALCULATION                
    1   0.448E-02   0.565E-02   0.109E-01
    2   0.249E-02   0.178E-01   0.705E-02
    3   0.144E-02   0.126E-01   0.316E-02
    4   0.740E-03   0.850E-02   0.172E-02
    5   0.458E-03   0.607E-02   0.133E-02
    6   0.423E-03   0.446E-02   0.853E-03
    7   0.303E-03   0.316E-02   0.559E-03
    8   0.205E-03   0.225E-02   0.431E-03
    9   0.145E-03   0.163E-02   0.358E-03
   10   0.113E-03   0.120E-02   0.275E-03
   11   0.903E-04   0.902E-03   0.191E-03

*******   STEP   7      *** NEFF=10 CALCULATION                
    1   0.517E-02   0.946E-02   0.129E-01
    2   0.289E-02   0.194E-01   0.824E-02
    3   0.143E-02   0.135E-01   0.378E-02
    4   0.868E-03   0.896E-02   0.188E-02
    5   0.483E-03   0.612E-02   0.133E-02
    6   0.434E-03   0.435E-02   0.870E-03
    7   0.299E-03   0.296E-02   0.548E-03
    8   0.197E-03   0.201E-02   0.362E-03
    9   0.129E-03   0.141E-02   0.292E-03
   10   0.933E-04   0.102E-02   0.242E-03
   11   0.749E-04   0.764E-03   0.177E-03

*******   STEP   8      *** NEFF=10 CALCULATION                
    1   0.578E-02   0.128E-01   0.146E-01
    2   0.321E-02   0.209E-01   0.919E-02
    3   0.156E-02   0.143E-01   0.417E-02
    4   0.938E-03   0.928E-02   0.200E-02
    5   0.497E-03   0.611E-02   0.136E-02
    6   0.441E-03   0.419E-02   0.867E-03
    7   0.295E-03   0.272E-02   0.514E-03
    8   0.185E-03   0.176E-02   0.319E-03
    9   0.114E-03   0.119E-02   0.264E-03
   10   0.792E-04   0.858E-03   0.225E-03

*******   STEP   9      *** NEFF=10 CALCULATION                
    1   0.628E-02   0.155E-01   0.159E-01
    2   0.344E-02   0.222E-01   0.986E-02
    3   0.165E-02   0.150E-01   0.445E-02
    4   0.986E-03   0.955E-02   0.210E-02
    5   0.507E-03   0.613E-02   0.139E-02
    6   0.447E-03   0.410E-02   0.864E-03
    7   0.292E-03   0.256E-02   0.489E-03
    8   0.177E-03   0.158E-02   0.287E-03
    9   0.103E-03   0.103E-02   0.242E-03
   10   0.686E-04   0.733E-03   0.209E-03

*******   STEP  10      *** NEFF=10 CALCULATION                
    1   0.661E-02   0.175E-01   0.166E-01
    2   0.355E-02   0.227E-01   0.102E-01
    3   0.169E-02   0.152E-01   0.458E-02
    4   0.999E-03   0.956E-02   0.214E-02
    5   0.504E-03   0.602E-02   0.138E-02
    6   0.441E-03   0.397E-02   0.844E-03
    7   0.283E-03   0.239E-02   0.460E-03
    8   0.167E-03   0.141E-02   0.255E-03
    9   0.922E-04   0.888E-03   0.219E-03

*******   STEP  11      *** NEFF=10 CALCULATION                
    1   0.681E-02   0.188E-01   0.169E-01
    2   0.357E-02   0.228E-01   0.102E-01
    3   0.168E-02   0.152E-01   0.458E-02
    4   0.987E-03   0.942E-02   0.214E-02
    5   0.492E-03   0.589E-02   0.135E-02
    6   0.429E-03   0.384E-02   0.819E-03
    7   0.273E-03   0.227E-02   0.436E-03
    8   0.158E-03   0.130E-02   0.234E-03
    9   0.851E-04   0.804E-03   0.202E-03

*******   STEP  12      *** NEFF=10 CALCULATION                
    1   0.687E-02   0.194E-01   0.168E-01
    2   0.351E-02   0.224E-01   0.993E-02
    3   0.162E-02   0.147E-01   0.445E-02
    4   0.948E-03   0.906E-02   0.207E-02
    5   0.467E-03   0.563E-02   0.129E-02
    6   0.407E-03   0.366E-02   0.779E-03
    7   0.258E-03   0.213E-02   0.409E-03
    8   0.147E-03   0.121E-02   0.214E-03
    9   0.781E-04   0.739E-03   0.185E-03

*******   STEP  13      *** NEFF=10 CALCULATION                
    1   0.683E-02   0.195E-01   0.164E-01
    2   0.339E-02   0.215E-01   0.950E-02
    3   0.154E-02   0.139E-01   0.423E-02
    4   0.892E-03   0.857E-02   0.197E-02
    5   0.437E-03   0.533E-02   0.122E-02
    6   0.380E-03   0.347E-02   0.735E-03
    7   0.240E-03   0.202E-02   0.385E-03
    8   0.136E-03   0.115E-02   0.200E-03
    9   0.728E-04   0.708E-03   0.172E-03

*******   STEP  14      *** NEFF=10 CALCULATION                
    1   0.672E-02   0.192E-01   0.158E-01
    2   0.323E-02   0.205E-01   0.895E-02
    3   0.144E-02   0.131E-01   0.396E-02
    4   0.826E-03   0.803E-02   0.185E-02
    5   0.403E-03   0.501E-02   0.115E-02
    6   0.351E-03   0.329E-02   0.690E-03
    7   0.223E-03   0.192E-02   0.366E-03
    8   0.127E-03   0.112E-02   0.192E-03
    9   0.692E-04   0.705E-03   0.163E-03

*******   STEP  15      *** NEFF=10 CALCULATION                
    1   0.656E-02   0.186E-01   0.151E-01
    2   0.304E-02   0.193E-01   0.834E-02
    3   0.133E-02   0.122E-01   0.366E-02
    4   0.757E-03   0.747E-02   0.171E-02
    5   0.368E-03   0.471E-02   0.107E-02
    6   0.322E-03   0.312E-02   0.649E-03
    7   0.206E-03   0.186E-02   0.352E-03
    8   0.119E-03   0.111E-02   0.189E-03
    9   0.673E-04   0.721E-03   0.157E-03

*******   STEP  16      *** NEFF=10 CALCULATION                
    1   0.636E-02   0.179E-01   0.143E-01
    2   0.285E-02   0.181E-01   0.771E-02
    3   0.122E-02   0.113E-01   0.336E-02
    4   0.688E-03   0.693E-02   0.158E-02
    5   0.335E-03   0.444E-02   0.995E-03
    6   0.295E-03   0.298E-02   0.612E-03
    7   0.190E-03   0.181E-02   0.341E-03
    8   0.112E-03   0.112E-02   0.190E-03
    9   0.666E-04   0.749E-03   0.153E-03

*******   STEP  17      *** NEFF=10 CALCULATION                
    1   0.614E-02   0.170E-01   0.135E-01
    2   0.266E-02   0.169E-01   0.708E-02
    3   0.133E-02   0.105E-01   0.269E-02
    4   0.544E-03   0.607E-02   0.131E-02
    5   0.271E-03   0.398E-02   0.891E-03
    6   0.248E-03   0.272E-02   0.521E-03
    7   0.166E-03   0.171E-02   0.300E-03
    8   0.998E-04   0.113E-02   0.222E-03
    9   0.672E-04   0.808E-03   0.176E-03

*******   STEP  18      *** NEFF=10 CALCULATION                
    1   0.591E-02   0.161E-01   0.127E-01
    2   0.247E-02   0.158E-01   0.649E-02
    3   0.122E-02   0.966E-02   0.243E-02
    4   0.489E-03   0.569E-02   0.122E-02
    5   0.390E-03   0.380E-02   0.896E-03
    6   0.232E-03   0.239E-02   0.688E-03
    7   0.159E-03   0.155E-02   0.360E-03
    8   0.116E-03   0.107E-02   0.205E-03
    9   0.715E-04   0.803E-03   0.262E-03

*******   STEP  19      *** NEFF=10 CALCULATION                
    1   0.570E-02   0.150E-01   0.120E-01
    2   0.230E-02   0.148E-01   0.594E-02
    3   0.111E-02   0.888E-02   0.219E-02
    4   0.436E-03   0.530E-02   0.112E-02
    5   0.350E-03   0.360E-02   0.832E-03
    6   0.213E-03   0.231E-02   0.642E-03
    7   0.149E-03   0.155E-02   0.341E-03
    8   0.111E-03   0.109E-02   0.202E-03
    9   0.712E-04   0.819E-03   0.248E-03

*******   STEP  20      *** NEFF=10 CALCULATION                
    1   0.547E-02   0.141E-01   0.112E-01
    2   0.213E-02   0.138E-01   0.543E-02
    3   0.101E-02   0.824E-02   0.198E-02
    4   0.393E-03   0.502E-02   0.105E-02
    5   0.320E-03   0.346E-02   0.782E-03
    6   0.199E-03   0.227E-02   0.601E-03
    7   0.141E-03   0.155E-02   0.324E-03
    8   0.107E-03   0.111E-02   0.200E-03
    9   0.711E-04   0.836E-03   0.235E-03

*******   STEP  21      *** NEFF=10 CALCULATION                
    1   0.524E-02   0.132E-01   0.106E-01
    2   0.198E-02   0.130E-01   0.497E-02
    3   0.914E-03   0.769E-02   0.181E-02
    4   0.357E-03   0.479E-02   0.998E-03
    5   0.294E-03   0.335E-02   0.739E-03
    6   0.187E-03   0.223E-02   0.565E-03
    7   0.134E-03   0.155E-02   0.311E-03
    8   0.103E-03   0.113E-02   0.198E-03
    9   0.712E-04   0.851E-03   0.222E-03

*******   STEP  22      *** NEFF=10 CALCULATION                
    1   0.502E-02   0.124E-01   0.992E-02
    2   0.184E-02   0.123E-01   0.456E-02
    3   0.833E-03   0.720E-02   0.167E-02
    4   0.326E-03   0.459E-02   0.956E-03
    5   0.273E-03   0.325E-02   0.700E-03
    6   0.177E-03   0.219E-02   0.532E-03
    7   0.128E-03   0.155E-02   0.299E-03
    8   0.997E-04   0.114E-02   0.196E-03
    9   0.712E-04   0.863E-03   0.211E-03

*******   STEP  23      *** NEFF=10 CALCULATION                
    1   0.481E-02   0.116E-01   0.932E-02
    2   0.171E-02   0.117E-01   0.419E-02
    3   0.761E-03   0.679E-02   0.156E-02
    4   0.300E-03   0.441E-02   0.924E-03
    5   0.256E-03   0.316E-02   0.667E-03
    6   0.168E-03   0.215E-02   0.502E-03
    7   0.123E-03   0.155E-02   0.289E-03
    8   0.969E-04   0.115E-02   0.194E-03
    9   0.713E-04   0.873E-03   0.201E-03

*******   STEP  24      *** NEFF=10 CALCULATION                
    1   0.461E-02   0.108E-01   0.877E-02
    2   0.159E-02   0.111E-01   0.387E-02
    3   0.698E-03   0.643E-02   0.147E-02
    4   0.278E-03   0.426E-02   0.899E-03
    5   0.242E-03   0.307E-02   0.638E-03
    6   0.161E-03   0.212E-02   0.475E-03
    7   0.118E-03   0.155E-02   0.280E-03
    8   0.944E-04   0.116E-02   0.192E-03
    9   0.713E-04   0.880E-03   0.192E-03

*******   STEP  25      *** NEFF=10 CALCULATION                
    1   0.428E-02   0.997E-02   0.871E-02
    2   0.160E-02   0.110E-01   0.379E-02
    3   0.687E-03   0.628E-02   0.143E-02
    4   0.270E-03   0.416E-02   0.883E-03
    5   0.235E-03   0.301E-02   0.625E-03
    6   0.156E-03   0.208E-02   0.464E-03
    7   0.114E-03   0.153E-02   0.274E-03
    8   0.927E-04   0.116E-02   0.191E-03
    9   0.708E-04   0.882E-03   0.190E-03

*******   STEP  26      *** NEFF=10 CALCULATION                
    1   0.411E-02   0.936E-02   0.820E-02
    2   0.149E-02   0.105E-01   0.352E-02
    3   0.634E-03   0.598E-02   0.137E-02
    4   0.253E-03   0.403E-02   0.865E-03
    5   0.224E-03   0.293E-02   0.600E-03
    6   0.149E-03   0.205E-02   0.440E-03
    7   0.109E-03   0.152E-02   0.266E-03
    8   0.905E-04   0.117E-02   0.190E-03
    9   0.708E-04   0.888E-03   0.183E-03

*******   STEP  27      *** NEFF=10 CALCULATION                
    1   0.395E-02   0.878E-02   0.773E-02
    2   0.128E-02   0.995E-02   0.365E-02
    3   0.660E-03   0.576E-02   0.143E-02
    4   0.268E-03   0.394E-02   0.843E-03
    5   0.229E-03   0.283E-02   0.608E-03
    6   0.143E-03   0.198E-02   0.484E-03
    7   0.108E-03   0.150E-02   0.286E-03
    8   0.937E-04   0.115E-02   0.186E-03
    9   0.713E-04   0.878E-03   0.200E-03

*******   STEP  28      *** NEFF=10 CALCULATION                
    1   0.380E-02   0.826E-02   0.730E-02
    2   0.120E-02   0.955E-02   0.341E-02
    3   0.615E-03   0.549E-02   0.136E-02
    4   0.253E-03   0.380E-02   0.826E-03
    5   0.219E-03   0.274E-02   0.581E-03
    6   0.137E-03   0.194E-02   0.455E-03
    7   0.103E-03   0.148E-02   0.274E-03
    8   0.911E-04   0.115E-02   0.185E-03
    9   0.711E-04   0.882E-03   0.193E-03

*******   STEP  29      *** NEFF=10 CALCULATION                
    1   0.365E-02   0.777E-02   0.688E-02
    2   0.114E-02   0.918E-02   0.318E-02
    3   0.576E-03   0.526E-02   0.131E-02
    4   0.240E-03   0.369E-02   0.814E-03
    5   0.210E-03   0.268E-02   0.559E-03
    6   0.132E-03   0.190E-02   0.430E-03
    7   0.989E-04   0.147E-02   0.265E-03
    8   0.891E-04   0.116E-02   0.185E-03
    9   0.711E-04   0.887E-03   0.186E-03

*******   STEP  30      *** NEFF=10 CALCULATION                
    1   0.351E-02   0.732E-02   0.650E-02
    2   0.108E-02   0.885E-02   0.299E-02
    3   0.543E-03   0.507E-02   0.127E-02
    4   0.230E-03   0.359E-02   0.804E-03
    5   0.203E-03   0.262E-02   0.541E-03
    6   0.128E-03   0.188E-02   0.409E-03
    7   0.954E-04   0.147E-02   0.258E-03
    8   0.875E-04   0.116E-02   0.186E-03
    9   0.712E-04   0.894E-03   0.182E-03

*******   STEP  31      *** NEFF=10 CALCULATION                
    1   0.337E-02   0.690E-02   0.614E-02
    2   0.102E-02   0.855E-02   0.281E-02
    3   0.515E-03   0.491E-02   0.124E-02
    4   0.222E-03   0.351E-02   0.797E-03
    5   0.197E-03   0.257E-02   0.526E-03
    6   0.123E-03   0.186E-02   0.391E-03
    7   0.923E-04   0.147E-02   0.253E-03
    8   0.865E-04   0.117E-02   0.188E-03
    9   0.714E-04   0.902E-03   0.178E-03

*******   STEP  32      *** NEFF=10 CALCULATION                
    1   0.325E-02   0.652E-02   0.581E-02
    2   0.974E-03   0.828E-02   0.266E-02
    3   0.492E-03   0.476E-02   0.121E-02
    4   0.215E-03   0.343E-02   0.790E-03
    5   0.192E-03   0.252E-02   0.515E-03
    6   0.120E-03   0.185E-02   0.377E-03
    7   0.898E-04   0.148E-02   0.250E-03
    8   0.858E-04   0.118E-02   0.190E-03
    9   0.716E-04   0.912E-03   0.177E-03

*******   STEP  33      *** NEFF=10 CALCULATION                
    1   0.312E-02   0.616E-02   0.550E-02
    2   0.932E-03   0.803E-02   0.252E-02
    3   0.473E-03   0.464E-02   0.118E-02
    4   0.210E-03   0.336E-02   0.785E-03
    5   0.187E-03   0.249E-02   0.507E-03
    6   0.116E-03   0.184E-02   0.366E-03
    7   0.878E-04   0.149E-02   0.250E-03
    8   0.855E-04   0.120E-02   0.194E-03
    9   0.719E-04   0.924E-03   0.176E-03

*******   STEP  34      *** NEFF=10 CALCULATION                
    1   0.301E-02   0.584E-02   0.521E-02
    2   0.894E-03   0.780E-02   0.240E-02
    3   0.458E-03   0.453E-02   0.116E-02
    4   0.204E-03   0.331E-02   0.781E-03
    5   0.183E-03   0.247E-02   0.501E-03
    6   0.113E-03   0.184E-02   0.359E-03
    7   0.862E-04   0.150E-02   0.251E-03
    8   0.855E-04   0.121E-02   0.198E-03
    9   0.722E-04   0.937E-03   0.178E-03

*******   STEP  35      *** NEFF=10 CALCULATION                
    1   0.290E-02   0.553E-02   0.495E-02
    2   0.861E-03   0.759E-02   0.229E-02
    3   0.446E-03   0.444E-02   0.115E-02
    4   0.200E-03   0.326E-02   0.777E-03
    5   0.178E-03   0.245E-02   0.498E-03
    6   0.109E-03   0.185E-02   0.355E-03
    7   0.851E-04   0.152E-02   0.254E-03
    8   0.857E-04   0.123E-02   0.203E-03
    9   0.725E-04   0.952E-03   0.180E-03

*******   STEP  36      *** NEFF=10 CALCULATION                
    1   0.280E-02   0.526E-02   0.470E-02
    2   0.832E-03   0.740E-02   0.219E-02
    3   0.435E-03   0.435E-02   0.113E-02
    4   0.195E-03   0.321E-02   0.774E-03
    5   0.174E-03   0.243E-02   0.497E-03
    6   0.106E-03   0.186E-02   0.353E-03
    7   0.843E-04   0.154E-02   0.258E-03
    8   0.860E-04   0.125E-02   0.209E-03
    9   0.727E-04   0.970E-03   0.184E-03

*******   STEP  37      *** NEFF=10 CALCULATION                
    1   0.201E-02   0.225E-02   0.480E-02
    2   0.741E-03   0.842E-02   0.269E-02
    3   0.412E-03   0.541E-02   0.167E-02
    4   0.220E-03   0.420E-02   0.121E-02
    5   0.211E-03   0.323E-02   0.790E-03
    6   0.148E-03   0.243E-02   0.546E-03
    7   0.120E-03   0.192E-02   0.395E-03
    8   0.109E-03   0.151E-02   0.303E-03
    9   0.877E-04   0.114E-02   0.246E-03
   10   0.605E-04   0.833E-03   0.191E-03

*******   STEP  38      *** NEFF=10 CALCULATION                
    1   0.196E-02   0.209E-02   0.459E-02
    2   0.720E-03   0.814E-02   0.260E-02
    3   0.405E-03   0.526E-02   0.164E-02
    4   0.213E-03   0.410E-02   0.119E-02
    5   0.204E-03   0.317E-02   0.790E-03
    6   0.143E-03   0.241E-02   0.551E-03
    7   0.117E-03   0.192E-02   0.404E-03
    8   0.108E-03   0.151E-02   0.313E-03
    9   0.866E-04   0.114E-02   0.254E-03
   10   0.595E-04   0.842E-03   0.197E-03

*******   STEP  39      *** NEFF=10 CALCULATION                
    1   0.191E-02   0.206E-02   0.440E-02
    2   0.702E-03   0.789E-02   0.251E-02
    3   0.398E-03   0.514E-02   0.160E-02
    4   0.207E-03   0.402E-02   0.118E-02
    5   0.196E-03   0.313E-02   0.789E-03
    6   0.138E-03   0.241E-02   0.557E-03
    7   0.115E-03   0.193E-02   0.414E-03
    8   0.107E-03   0.153E-02   0.325E-03
    9   0.859E-04   0.116E-02   0.264E-03
   10   0.590E-04   0.866E-03   0.206E-03

*******   STEP  40      *** NEFF=10 CALCULATION                
    1   0.186E-02   0.204E-02   0.422E-02
    2   0.685E-03   0.767E-02   0.243E-02
    3   0.392E-03   0.502E-02   0.156E-02
    4   0.200E-03   0.395E-02   0.116E-02
    5   0.189E-03   0.310E-02   0.787E-03
    6   0.133E-03   0.242E-02   0.563E-03
    7   0.113E-03   0.195E-02   0.424E-03
    8   0.106E-03   0.155E-02   0.336E-03
    9   0.852E-04   0.119E-02   0.275E-03
   10   0.586E-04   0.892E-03   0.215E-03

*******   STEP  41      *** NEFF=10 CALCULATION                
    1   0.182E-02   0.202E-02   0.405E-02
    2   0.670E-03   0.745E-02   0.235E-02
    3   0.385E-03   0.491E-02   0.153E-02
    4   0.337E-03   0.367E-02   0.962E-03
    5   0.175E-03   0.286E-02   0.764E-03
    6   0.146E-03   0.250E-02   0.553E-03
    7   0.170E-03   0.209E-02   0.448E-03
    8   0.138E-03   0.162E-02   0.440E-03
    9   0.889E-04   0.121E-02   0.352E-03
   10   0.583E-04   0.888E-03   0.227E-03
