          Evm          Svm            E11          E22          E33          E23          E13          E12         SDEV11       SDEV22       SDEV33       SDEV23       SDEV13       SDEV12      TEMP
  0.00000E+00  0.52595E+02    0.00000E+00  0.00000E+00  0.00000E+00  0.00000E+00  0.00000E+00  0.00000E+00    0.12194E+02  0.21676E+02 -0.33869E+02 -0.36794E+01 -0.50587E+01 -0.35236E+00      982.00
  0.24149E-01  0.52662E+02    0.12500E-01  0.12500E-01 -0.25000E-01  0.00000E+00  0.00000E+00  0.00000E+00    0.12107E+02  0.21800E+02 -0.33907E+02 -0.34212E+01 -0.51766E+01 -0.41681E+00      982.00
  0.48293E-01  0.52795E+02    0.25000E-01  0.25000E-01 -0.50000E-01  0.00000E+00  0.00000E+00  0.00000E+00    0.12040E+02  0.21946E+02 -0.33986E+02 -0.32085E+01 -0.52704E+01 -0.46954E+00      982.00
  0.72433E-01  0.53003E+02    0.37500E-01  0.37500E-01 -0.75000E-01  0.00000E+00  0.00000E+00  0.00000E+00    0.11984E+02  0.22122E+02 -0.34106E+02 -0.30265E+01 -0.53749E+01 -0.51912E+00      982.00
  0.96564E-01  0.53298E+02    0.50000E-01  0.50000E-01 -0.10000E+00  0.00000E+00  0.00000E+00  0.00000E+00    0.11943E+02  0.22334E+02 -0.34277E+02 -0.28682E+01 -0.54934E+01 -0.56568E+00      982.00
  0.12068E+00  0.53694E+02    0.62500E-01  0.62500E-01 -0.12500E+00  0.00000E+00  0.00000E+00  0.00000E+00    0.11916E+02  0.22588E+02 -0.34504E+02 -0.27321E+01 -0.56368E+01 -0.61104E+00      982.00
  0.14478E+00  0.54156E+02    0.75000E-01  0.75000E-01 -0.15000E+00  0.00000E+00  0.00000E+00  0.00000E+00    0.11903E+02  0.22868E+02 -0.34771E+02 -0.26162E+01 -0.57926E+01 -0.65166E+00      982.00
  0.16886E+00  0.54692E+02    0.87500E-01  0.87500E-01 -0.17500E+00  0.00000E+00  0.00000E+00  0.00000E+00    0.11908E+02  0.23172E+02 -0.35080E+02 -0.25151E+01 -0.59658E+01 -0.69034E+00      982.00
  0.19291E+00  0.55283E+02    0.10000E+00  0.10000E+00 -0.20000E+00  0.00000E+00  0.00000E+00  0.00000E+00    0.11928E+02  0.23494E+02 -0.35422E+02 -0.24239E+01 -0.61500E+01 -0.72776E+00      982.00
  0.21694E+00  0.55915E+02    0.11250E+00  0.11250E+00 -0.22500E+00  0.00000E+00  0.00000E+00  0.00000E+00    0.11965E+02  0.23825E+02 -0.35790E+02 -0.23342E+01 -0.63443E+01 -0.76743E+00      982.00
  0.24094E+00  0.56566E+02    0.12500E+00  0.12500E+00 -0.25000E+00  0.00000E+00  0.00000E+00  0.00000E+00    0.12014E+02  0.24157E+02 -0.36171E+02 -0.22507E+01 -0.65370E+01 -0.80600E+00      982.00
  0.26492E+00  0.57231E+02    0.13750E+00  0.13750E+00 -0.27500E+00  0.00000E+00  0.00000E+00  0.00000E+00    0.12079E+02  0.24484E+02 -0.36563E+02 -0.21673E+01 -0.67272E+01 -0.84607E+00      982.00
  0.28888E+00  0.57883E+02    0.15000E+00  0.15000E+00 -0.30000E+00  0.00000E+00  0.00000E+00  0.00000E+00    0.12150E+02  0.24798E+02 -0.36949E+02 -0.20830E+01 -0.69121E+01 -0.88797E+00      982.00
  0.31281E+00  0.58519E+02    0.16250E+00  0.16250E+00 -0.32500E+00  0.00000E+00  0.00000E+00  0.00000E+00    0.12230E+02  0.25098E+02 -0.37327E+02 -0.19963E+01 -0.70879E+01 -0.93166E+00      982.00
  0.33673E+00  0.59148E+02    0.17500E+00  0.17500E+00 -0.35000E+00  0.00000E+00  0.00000E+00  0.00000E+00    0.12320E+02  0.25386E+02 -0.37706E+02 -0.19069E+01 -0.72515E+01 -0.97631E+00      982.00
  0.36064E+00  0.59747E+02    0.18750E+00  0.18750E+00 -0.37500E+00  0.00000E+00  0.00000E+00  0.00000E+00    0.12415E+02  0.25655E+02 -0.38069E+02 -0.18114E+01 -0.74016E+01 -0.10247E+01      982.00
  0.38453E+00  0.60312E+02    0.20000E+00  0.20000E+00 -0.40000E+00  0.00000E+00  0.00000E+00  0.00000E+00    0.12509E+02  0.25905E+02 -0.38414E+02 -0.17192E+01 -0.75373E+01 -0.10694E+01      982.00
  0.40842E+00  0.60853E+02    0.21250E+00  0.21250E+00 -0.42500E+00  0.00000E+00  0.00000E+00  0.00000E+00    0.12607E+02  0.26140E+02 -0.38747E+02 -0.16268E+01 -0.76584E+01 -0.11125E+01      982.00
  0.43230E+00  0.61355E+02    0.22500E+00  0.22500E+00 -0.45000E+00  0.00000E+00  0.00000E+00  0.00000E+00    0.12703E+02  0.26357E+02 -0.39060E+02 -0.15309E+01 -0.77623E+01 -0.11566E+01      982.00
  0.45617E+00  0.61835E+02    0.23750E+00  0.23750E+00 -0.47500E+00  0.00000E+00  0.00000E+00  0.00000E+00    0.12800E+02  0.26561E+02 -0.39361E+02 -0.14395E+01 -0.78553E+01 -0.11938E+01      982.00
  0.48004E+00  0.62279E+02    0.25000E+00  0.25000E+00 -0.50000E+00  0.00000E+00  0.00000E+00  0.00000E+00    0.12892E+02  0.26749E+02 -0.39641E+02 -0.13505E+01 -0.79362E+01 -0.12266E+01      982.00
  0.50391E+00  0.62696E+02    0.26250E+00  0.26250E+00 -0.52500E+00  0.00000E+00  0.00000E+00  0.00000E+00    0.12983E+02  0.26924E+02 -0.39907E+02 -0.12630E+01 -0.80043E+01 -0.12549E+01      982.00
  0.52778E+00  0.63085E+02    0.27500E+00  0.27500E+00 -0.55000E+00  0.00000E+00  0.00000E+00  0.00000E+00    0.13069E+02  0.27088E+02 -0.40157E+02 -0.11774E+01 -0.80595E+01 -0.12782E+01      982.00
  0.55165E+00  0.63438E+02    0.28750E+00  0.28750E+00 -0.57500E+00  0.00000E+00  0.00000E+00  0.00000E+00    0.13152E+02  0.27234E+02 -0.40386E+02 -0.10890E+01 -0.81070E+01 -0.13012E+01      982.00
  0.57552E+00  0.63776E+02    0.30000E+00  0.30000E+00 -0.60000E+00  0.00000E+00  0.00000E+00  0.00000E+00    0.13230E+02  0.27375E+02 -0.40606E+02 -0.10088E+01 -0.81485E+01 -0.13143E+01      982.00
  0.59940E+00  0.64086E+02    0.31250E+00  0.31250E+00 -0.62500E+00  0.00000E+00  0.00000E+00  0.00000E+00    0.13304E+02  0.27506E+02 -0.40810E+02 -0.93125E+00 -0.81771E+01 -0.13220E+01      982.00
  0.62328E+00  0.64377E+02    0.32500E+00  0.32500E+00 -0.65000E+00  0.00000E+00  0.00000E+00  0.00000E+00    0.13375E+02  0.27627E+02 -0.41003E+02 -0.85656E+00 -0.82014E+01 -0.13244E+01      982.00
  0.64716E+00  0.64647E+02    0.33750E+00  0.33750E+00 -0.67500E+00  0.00000E+00  0.00000E+00  0.00000E+00    0.13442E+02  0.27740E+02 -0.41183E+02 -0.78408E+00 -0.82212E+01 -0.13219E+01      982.00
  0.67105E+00  0.64904E+02    0.35000E+00  0.35000E+00 -0.70000E+00  0.00000E+00  0.00000E+00  0.00000E+00    0.13506E+02  0.27848E+02 -0.41355E+02 -0.71423E+00 -0.82352E+01 -0.13143E+01      982.00
  0.69495E+00  0.65138E+02    0.36250E+00  0.36250E+00 -0.72500E+00  0.00000E+00  0.00000E+00  0.00000E+00    0.13565E+02  0.27949E+02 -0.41514E+02 -0.64680E+00 -0.82444E+01 -0.13017E+01      982.00
  0.71885E+00  0.65359E+02    0.37500E+00  0.37500E+00 -0.75000E+00  0.00000E+00  0.00000E+00  0.00000E+00    0.13621E+02  0.28042E+02 -0.41663E+02 -0.58130E+00 -0.82518E+01 -0.12846E+01      982.00
  0.74275E+00  0.65560E+02    0.38750E+00  0.38750E+00 -0.77500E+00  0.00000E+00  0.00000E+00  0.00000E+00    0.13671E+02  0.28129E+02 -0.41801E+02 -0.51759E+00 -0.82543E+01 -0.12634E+01      982.00
  0.76666E+00  0.65745E+02    0.40000E+00  0.40000E+00 -0.80000E+00  0.00000E+00  0.00000E+00  0.00000E+00    0.13719E+02  0.28207E+02 -0.41927E+02 -0.45048E+00 -0.82573E+01 -0.12425E+01      982.00
  0.79058E+00  0.65927E+02    0.41250E+00  0.41250E+00 -0.82500E+00  0.00000E+00  0.00000E+00  0.00000E+00    0.13765E+02  0.28287E+02 -0.42052E+02 -0.39559E+00 -0.82547E+01 -0.12087E+01      982.00
  0.81450E+00  0.66088E+02    0.42500E+00  0.42500E+00 -0.85000E+00  0.00000E+00  0.00000E+00  0.00000E+00    0.13807E+02  0.28357E+02 -0.42164E+02 -0.33770E+00 -0.82513E+01 -0.11758E+01      982.00
  0.83842E+00  0.66243E+02    0.43750E+00  0.43750E+00 -0.87500E+00  0.00000E+00  0.00000E+00  0.00000E+00    0.13848E+02  0.28424E+02 -0.42272E+02 -0.28105E+00 -0.82488E+01 -0.11392E+01      982.00
  0.86235E+00  0.66298E+02    0.45000E+00  0.45000E+00 -0.90000E+00  0.00000E+00  0.00000E+00  0.00000E+00    0.13874E+02  0.28455E+02 -0.42329E+02 -0.23336E+00 -0.81807E+01 -0.10997E+01      982.00
  0.88629E+00  0.66363E+02    0.46250E+00  0.46250E+00 -0.92500E+00  0.00000E+00  0.00000E+00  0.00000E+00    0.13900E+02  0.28488E+02 -0.42389E+02 -0.18312E+00 -0.81289E+01 -0.10586E+01      982.00
  0.91025E+00  0.66423E+02    0.47500E+00  0.47500E+00 -0.95000E+00  0.00000E+00  0.00000E+00  0.00000E+00    0.13925E+02  0.28519E+02 -0.42444E+02 -0.13415E+00 -0.80805E+01 -0.10158E+01      982.00
  0.93421E+00  0.66480E+02    0.48750E+00  0.48750E+00 -0.97500E+00  0.00000E+00  0.00000E+00  0.00000E+00    0.13946E+02  0.28549E+02 -0.42495E+02 -0.85880E-01 -0.80348E+01 -0.96950E+00      982.00
  0.95818E+00  0.66530E+02    0.50000E+00  0.50000E+00 -0.10000E+01  0.00000E+00  0.00000E+00  0.00000E+00    0.13966E+02  0.28575E+02 -0.42541E+02 -0.39161E-01 -0.79926E+01 -0.92289E+00      982.00
