          Evm          Svm            E11          E22          E33          E23          E13          E12         SDEV11       SDEV22       SDEV33       SDEV23       SDEV13       SDEV12      TEMP
  0.00000E+00  0.63611E+02    0.00000E+00  0.00000E+00  0.00000E+00  0.00000E+00  0.00000E+00  0.00000E+00    0.18940E+02  0.21845E+02 -0.40785E+02 -0.33418E+01  0.35440E+01  0.86817E+01      982.00
  0.24044E-01  0.63619E+02    0.12500E-01  0.12500E-01 -0.25000E-01  0.00000E+00  0.00000E+00  0.00000E+00    0.18433E+02  0.22384E+02 -0.40818E+02 -0.31974E+01  0.33241E+01  0.86250E+01      982.00
  0.48104E-01  0.63646E+02    0.25000E-01  0.25000E-01 -0.50000E-01  0.00000E+00  0.00000E+00  0.00000E+00    0.18044E+02  0.22811E+02 -0.40855E+02 -0.32016E+01  0.30400E+01  0.85604E+01      982.00
  0.72175E-01  0.63710E+02    0.37500E-01  0.37500E-01 -0.75000E-01  0.00000E+00  0.00000E+00  0.00000E+00    0.17721E+02  0.23184E+02 -0.40905E+02 -0.32743E+01  0.27530E+01  0.85046E+01      982.00
  0.96252E-01  0.63808E+02    0.50000E-01  0.50000E-01 -0.10000E+00  0.00000E+00  0.00000E+00  0.00000E+00    0.17452E+02  0.23513E+02 -0.40965E+02 -0.33724E+01  0.24901E+01  0.84732E+01      982.00
  0.12033E+00  0.63946E+02    0.62500E-01  0.62500E-01 -0.12500E+00  0.00000E+00  0.00000E+00  0.00000E+00    0.17218E+02  0.23823E+02 -0.41041E+02 -0.34713E+01  0.22638E+01  0.84645E+01      982.00
  0.14439E+00  0.64116E+02    0.75000E-01  0.75000E-01 -0.15000E+00  0.00000E+00  0.00000E+00  0.00000E+00    0.17029E+02  0.24101E+02 -0.41130E+02 -0.35653E+01  0.20744E+01  0.84872E+01      982.00
  0.16845E+00  0.64318E+02    0.87500E-01  0.87500E-01 -0.17500E+00  0.00000E+00  0.00000E+00  0.00000E+00    0.16867E+02  0.24366E+02 -0.41233E+02 -0.36480E+01  0.19200E+01  0.85310E+01      982.00
  0.19249E+00  0.64559E+02    0.10000E+00  0.10000E+00 -0.20000E+00  0.00000E+00  0.00000E+00  0.00000E+00    0.16744E+02  0.24609E+02 -0.41354E+02 -0.37257E+01  0.17963E+01  0.86093E+01      982.00
  0.21651E+00  0.64822E+02    0.11250E+00  0.11250E+00 -0.22500E+00  0.00000E+00  0.00000E+00  0.00000E+00    0.16647E+02  0.24837E+02 -0.41484E+02 -0.37967E+01  0.16993E+01  0.87101E+01      982.00
  0.24051E+00  0.65100E+02    0.12500E+00  0.12500E+00 -0.25000E+00  0.00000E+00  0.00000E+00  0.00000E+00    0.16565E+02  0.25058E+02 -0.41623E+02 -0.38557E+01  0.16251E+01  0.88199E+01      982.00
  0.26449E+00  0.65393E+02    0.13750E+00  0.13750E+00 -0.27500E+00  0.00000E+00  0.00000E+00  0.00000E+00    0.16509E+02  0.25259E+02 -0.41768E+02 -0.39119E+01  0.15711E+01  0.89498E+01      982.00
  0.28844E+00  0.65695E+02    0.15000E+00  0.15000E+00 -0.30000E+00  0.00000E+00  0.00000E+00  0.00000E+00    0.16471E+02  0.25447E+02 -0.41917E+02 -0.39611E+01  0.15332E+01  0.90891E+01      982.00
  0.31237E+00  0.65987E+02    0.16250E+00  0.16250E+00 -0.32500E+00  0.00000E+00  0.00000E+00  0.00000E+00    0.16437E+02  0.25624E+02 -0.42060E+02 -0.39978E+01  0.15076E+01  0.92343E+01      982.00
  0.33627E+00  0.66291E+02    0.17500E+00  0.17500E+00 -0.35000E+00  0.00000E+00  0.00000E+00  0.00000E+00    0.16418E+02  0.25791E+02 -0.42209E+02 -0.40274E+01  0.14937E+01  0.93935E+01      982.00
  0.36015E+00  0.66586E+02    0.18750E+00  0.18750E+00 -0.37500E+00  0.00000E+00  0.00000E+00  0.00000E+00    0.16420E+02  0.25935E+02 -0.42355E+02 -0.40483E+01  0.14904E+01  0.95496E+01      982.00
  0.38400E+00  0.66827E+02    0.20000E+00  0.20000E+00 -0.40000E+00  0.00000E+00  0.00000E+00  0.00000E+00    0.16434E+02  0.26040E+02 -0.42474E+02 -0.40627E+01  0.14994E+01  0.96810E+01      982.00
  0.40783E+00  0.67072E+02    0.21250E+00  0.21250E+00 -0.42500E+00  0.00000E+00  0.00000E+00  0.00000E+00    0.16436E+02  0.26151E+02 -0.42586E+02 -0.40553E+01  0.15127E+01  0.98490E+01      982.00
  0.43164E+00  0.67303E+02    0.22500E+00  0.22500E+00 -0.45000E+00  0.00000E+00  0.00000E+00  0.00000E+00    0.16461E+02  0.26238E+02 -0.42698E+02 -0.40434E+01  0.15338E+01  0.99988E+01      982.00
  0.45543E+00  0.67507E+02    0.23750E+00  0.23750E+00 -0.47500E+00  0.00000E+00  0.00000E+00  0.00000E+00    0.16503E+02  0.26298E+02 -0.42800E+02 -0.40296E+01  0.15575E+01  0.10125E+02      982.00
  0.47921E+00  0.67696E+02    0.25000E+00  0.25000E+00 -0.50000E+00  0.00000E+00  0.00000E+00  0.00000E+00    0.16539E+02  0.26350E+02 -0.42889E+02 -0.39985E+01  0.15869E+01  0.10267E+02      982.00
  0.50297E+00  0.67873E+02    0.26250E+00  0.26250E+00 -0.52500E+00  0.00000E+00  0.00000E+00  0.00000E+00    0.16586E+02  0.26387E+02 -0.42972E+02 -0.39606E+01  0.16208E+01  0.10405E+02      982.00
  0.52671E+00  0.68035E+02    0.27500E+00  0.27500E+00 -0.55000E+00  0.00000E+00  0.00000E+00  0.00000E+00    0.16636E+02  0.26413E+02 -0.43049E+02 -0.39146E+01  0.16571E+01  0.10538E+02      982.00
  0.55044E+00  0.68182E+02    0.28750E+00  0.28750E+00 -0.57500E+00  0.00000E+00  0.00000E+00  0.00000E+00    0.16692E+02  0.26426E+02 -0.43118E+02 -0.38620E+01  0.16936E+01  0.10664E+02      982.00
  0.57415E+00  0.68323E+02    0.30000E+00  0.30000E+00 -0.60000E+00  0.00000E+00  0.00000E+00  0.00000E+00    0.16753E+02  0.26432E+02 -0.43186E+02 -0.38055E+01  0.17306E+01  0.10787E+02      982.00
  0.59786E+00  0.68437E+02    0.31250E+00  0.31250E+00 -0.62500E+00  0.00000E+00  0.00000E+00  0.00000E+00    0.16816E+02  0.26424E+02 -0.43240E+02 -0.37443E+01  0.17667E+01  0.10898E+02      982.00
  0.62155E+00  0.68547E+02    0.32500E+00  0.32500E+00 -0.65000E+00  0.00000E+00  0.00000E+00  0.00000E+00    0.16883E+02  0.26410E+02 -0.43293E+02 -0.36820E+01  0.18015E+01  0.11001E+02      982.00
  0.64523E+00  0.68649E+02    0.33750E+00  0.33750E+00 -0.67500E+00  0.00000E+00  0.00000E+00  0.00000E+00    0.16951E+02  0.26392E+02 -0.43344E+02 -0.36198E+01  0.18344E+01  0.11098E+02      982.00
  0.66891E+00  0.68746E+02    0.35000E+00  0.35000E+00 -0.70000E+00  0.00000E+00  0.00000E+00  0.00000E+00    0.17022E+02  0.26371E+02 -0.43392E+02 -0.35582E+01  0.18662E+01  0.11188E+02      982.00
  0.69258E+00  0.68819E+02    0.36250E+00  0.36250E+00 -0.72500E+00  0.00000E+00  0.00000E+00  0.00000E+00    0.17096E+02  0.26333E+02 -0.43429E+02 -0.34891E+01  0.18981E+01  0.11271E+02      982.00
  0.71625E+00  0.68901E+02    0.37500E+00  0.37500E+00 -0.75000E+00  0.00000E+00  0.00000E+00  0.00000E+00    0.17166E+02  0.26305E+02 -0.43472E+02 -0.34307E+01  0.19254E+01  0.11346E+02      982.00
  0.73991E+00  0.68983E+02    0.38750E+00  0.38750E+00 -0.77500E+00  0.00000E+00  0.00000E+00  0.00000E+00    0.17236E+02  0.26281E+02 -0.43517E+02 -0.33736E+01  0.19504E+01  0.11414E+02      982.00
  0.76356E+00  0.69042E+02    0.40000E+00  0.40000E+00 -0.80000E+00  0.00000E+00  0.00000E+00  0.00000E+00    0.17300E+02  0.26249E+02 -0.43549E+02 -0.33191E+01  0.19734E+01  0.11473E+02      982.00
  0.78721E+00  0.69109E+02    0.41250E+00  0.41250E+00 -0.82500E+00  0.00000E+00  0.00000E+00  0.00000E+00    0.17366E+02  0.26221E+02 -0.43587E+02 -0.32676E+01  0.19941E+01  0.11528E+02      982.00
  0.81087E+00  0.69171E+02    0.42500E+00  0.42500E+00 -0.85000E+00  0.00000E+00  0.00000E+00  0.00000E+00    0.17430E+02  0.26193E+02 -0.43623E+02 -0.32176E+01  0.20133E+01  0.11578E+02      982.00
  0.83452E+00  0.69228E+02    0.43750E+00  0.43750E+00 -0.87500E+00  0.00000E+00  0.00000E+00  0.00000E+00    0.17492E+02  0.26166E+02 -0.43658E+02 -0.31699E+01  0.20305E+01  0.11619E+02      982.00
  0.85816E+00  0.69275E+02    0.45000E+00  0.45000E+00 -0.90000E+00  0.00000E+00  0.00000E+00  0.00000E+00    0.17549E+02  0.26138E+02 -0.43687E+02 -0.31250E+01  0.20465E+01  0.11657E+02      982.00
  0.88181E+00  0.69325E+02    0.46250E+00  0.46250E+00 -0.92500E+00  0.00000E+00  0.00000E+00  0.00000E+00    0.17606E+02  0.26111E+02 -0.43717E+02 -0.30814E+01  0.20614E+01  0.11693E+02      982.00
  0.90546E+00  0.69367E+02    0.47500E+00  0.47500E+00 -0.95000E+00  0.00000E+00  0.00000E+00  0.00000E+00    0.17660E+02  0.26085E+02 -0.43745E+02 -0.30401E+01  0.20744E+01  0.11723E+02      982.00
  0.92911E+00  0.69409E+02    0.48750E+00  0.48750E+00 -0.97500E+00  0.00000E+00  0.00000E+00  0.00000E+00    0.17712E+02  0.26060E+02 -0.43772E+02 -0.30010E+01  0.20873E+01  0.11751E+02      982.00
  0.95276E+00  0.69416E+02    0.50000E+00  0.50000E+00 -0.10000E+01  0.00000E+00  0.00000E+00  0.00000E+00    0.17755E+02  0.26028E+02 -0.43782E+02 -0.29621E+01  0.20883E+01  0.11760E+02      982.00
