          Evm          Svm            E11          E22          E33          E23          E13          E12         SDEV11       SDEV22       SDEV33       SDEV23       SDEV13       SDEV12      TEMP
  0.00000E+00  0.62800E+02    0.00000E+00  0.00000E+00  0.00000E+00  0.00000E+00  0.00000E+00  0.00000E+00    0.20205E+02  0.21276E+02 -0.41481E+02 -0.13942E+01  0.12257E+01  0.45156E+01      982.00
  0.24770E-01  0.63059E+02    0.12500E-01  0.12500E-01 -0.25000E-01  0.00000E+00  0.00000E+00  0.00000E+00    0.21245E+02  0.20381E+02 -0.41626E+02 -0.13211E+01  0.85254E+00  0.48255E+01      982.00
  0.49524E-01  0.63273E+02    0.25000E-01  0.25000E-01 -0.50000E-01  0.00000E+00  0.00000E+00  0.00000E+00    0.22174E+02  0.19552E+02 -0.41726E+02 -0.11832E+01  0.65489E+00  0.50170E+01      982.00
  0.74253E-01  0.63439E+02    0.37500E-01  0.37500E-01 -0.75000E-01  0.00000E+00  0.00000E+00  0.00000E+00    0.22914E+02  0.18875E+02 -0.41789E+02 -0.10196E+01  0.62263E+00  0.51237E+01      982.00
  0.98956E-01  0.63580E+02    0.50000E-01  0.50000E-01 -0.10000E+00  0.00000E+00  0.00000E+00  0.00000E+00    0.23490E+02  0.18346E+02 -0.41836E+02 -0.86566E+00  0.69033E+00  0.51902E+01      982.00
  0.12363E+00  0.63722E+02    0.62500E-01  0.62500E-01 -0.12500E+00  0.00000E+00  0.00000E+00  0.00000E+00    0.23939E+02  0.17946E+02 -0.41886E+02 -0.73575E+00  0.81117E+00  0.52457E+01      982.00
  0.14828E+00  0.63882E+02    0.75000E-01  0.75000E-01 -0.15000E+00  0.00000E+00  0.00000E+00  0.00000E+00    0.24306E+02  0.17642E+02 -0.41948E+02 -0.63258E+00  0.95019E+00  0.53065E+01      982.00
  0.17290E+00  0.64069E+02    0.87500E-01  0.87500E-01 -0.17500E+00  0.00000E+00  0.00000E+00  0.00000E+00    0.24618E+02  0.17412E+02 -0.42030E+02 -0.55349E+00  0.10912E+01  0.53796E+01      982.00
  0.19750E+00  0.64284E+02    0.10000E+00  0.10000E+00 -0.20000E+00  0.00000E+00  0.00000E+00  0.00000E+00    0.24892E+02  0.17237E+02 -0.42130E+02 -0.49412E+00  0.12267E+01  0.54672E+01      982.00
  0.22208E+00  0.64526E+02    0.11250E+00  0.11250E+00 -0.22500E+00  0.00000E+00  0.00000E+00  0.00000E+00    0.25133E+02  0.17115E+02 -0.42248E+02 -0.45000E+00  0.13585E+01  0.55746E+01      982.00
  0.24663E+00  0.64789E+02    0.12500E+00  0.12500E+00 -0.25000E+00  0.00000E+00  0.00000E+00  0.00000E+00    0.25361E+02  0.17019E+02 -0.42380E+02 -0.41824E+00  0.14789E+01  0.56918E+01      982.00
  0.27116E+00  0.65073E+02    0.13750E+00  0.13750E+00 -0.27500E+00  0.00000E+00  0.00000E+00  0.00000E+00    0.25576E+02  0.16949E+02 -0.42525E+02 -0.39485E+00  0.15939E+01  0.58241E+01      982.00
  0.29567E+00  0.65364E+02    0.15000E+00  0.15000E+00 -0.30000E+00  0.00000E+00  0.00000E+00  0.00000E+00    0.25768E+02  0.16908E+02 -0.42676E+02 -0.37957E+00  0.17046E+01  0.59632E+01      982.00
  0.32015E+00  0.65643E+02    0.16250E+00  0.16250E+00 -0.32500E+00  0.00000E+00  0.00000E+00  0.00000E+00    0.25947E+02  0.16872E+02 -0.42819E+02 -0.36766E+00  0.18043E+01  0.61053E+01      982.00
  0.34461E+00  0.65961E+02    0.17500E+00  0.17500E+00 -0.35000E+00  0.00000E+00  0.00000E+00  0.00000E+00    0.26130E+02  0.16852E+02 -0.42982E+02 -0.35703E+00  0.19096E+01  0.62752E+01      982.00
  0.36905E+00  0.66244E+02    0.18750E+00  0.18750E+00 -0.37500E+00  0.00000E+00  0.00000E+00  0.00000E+00    0.26284E+02  0.16843E+02 -0.43127E+02 -0.35252E+00  0.20057E+01  0.64287E+01      982.00
  0.39346E+00  0.66514E+02    0.20000E+00  0.20000E+00 -0.40000E+00  0.00000E+00  0.00000E+00  0.00000E+00    0.26426E+02  0.16839E+02 -0.43264E+02 -0.34983E+00  0.20988E+01  0.65850E+01      982.00
  0.41786E+00  0.66770E+02    0.21250E+00  0.21250E+00 -0.42500E+00  0.00000E+00  0.00000E+00  0.00000E+00    0.26556E+02  0.16834E+02 -0.43391E+02 -0.34871E+00  0.21885E+01  0.67439E+01      982.00
  0.44223E+00  0.67010E+02    0.22500E+00  0.22500E+00 -0.45000E+00  0.00000E+00  0.00000E+00  0.00000E+00    0.26677E+02  0.16829E+02 -0.43506E+02 -0.34931E+00  0.22747E+01  0.69052E+01      982.00
  0.46657E+00  0.67232E+02    0.23750E+00  0.23750E+00 -0.47500E+00  0.00000E+00  0.00000E+00  0.00000E+00    0.26787E+02  0.16821E+02 -0.43608E+02 -0.35210E+00  0.23572E+01  0.70688E+01      982.00
  0.49090E+00  0.67435E+02    0.25000E+00  0.25000E+00 -0.50000E+00  0.00000E+00  0.00000E+00  0.00000E+00    0.26886E+02  0.16810E+02 -0.43697E+02 -0.35781E+00  0.24352E+01  0.72349E+01      982.00
  0.51520E+00  0.67621E+02    0.26250E+00  0.26250E+00 -0.52500E+00  0.00000E+00  0.00000E+00  0.00000E+00    0.26977E+02  0.16796E+02 -0.43773E+02 -0.36745E+00  0.25078E+01  0.74033E+01      982.00
  0.53947E+00  0.67788E+02    0.27500E+00  0.27500E+00 -0.55000E+00  0.00000E+00  0.00000E+00  0.00000E+00    0.27057E+02  0.16779E+02 -0.43836E+02 -0.38220E+00  0.25738E+01  0.75743E+01      982.00
  0.56372E+00  0.67960E+02    0.28750E+00  0.28750E+00 -0.57500E+00  0.00000E+00  0.00000E+00  0.00000E+00    0.27134E+02  0.16760E+02 -0.43894E+02 -0.40206E+00  0.26376E+01  0.77773E+01      982.00
  0.58794E+00  0.68091E+02    0.30000E+00  0.30000E+00 -0.60000E+00  0.00000E+00  0.00000E+00  0.00000E+00    0.27193E+02  0.16739E+02 -0.43932E+02 -0.43276E+00  0.26833E+01  0.79534E+01      982.00
  0.61213E+00  0.68207E+02    0.31250E+00  0.31250E+00 -0.62500E+00  0.00000E+00  0.00000E+00  0.00000E+00    0.27241E+02  0.16718E+02 -0.43960E+02 -0.47392E+00  0.27181E+01  0.81311E+01      982.00
  0.63630E+00  0.68292E+02    0.32500E+00  0.32500E+00 -0.65000E+00  0.00000E+00  0.00000E+00  0.00000E+00    0.27273E+02  0.16700E+02 -0.43973E+02 -0.51869E+00  0.27409E+01  0.82841E+01      982.00
  0.66045E+00  0.68383E+02    0.33750E+00  0.33750E+00 -0.67500E+00  0.00000E+00  0.00000E+00  0.00000E+00    0.27298E+02  0.16687E+02 -0.43984E+02 -0.57758E+00  0.27519E+01  0.84675E+01      982.00
  0.68457E+00  0.68463E+02    0.35000E+00  0.35000E+00 -0.70000E+00  0.00000E+00  0.00000E+00  0.00000E+00    0.27309E+02  0.16681E+02 -0.43989E+02 -0.64724E+00  0.27483E+01  0.86534E+01      982.00
  0.70867E+00  0.68530E+02    0.36250E+00  0.36250E+00 -0.72500E+00  0.00000E+00  0.00000E+00  0.00000E+00    0.27306E+02  0.16682E+02 -0.43988E+02 -0.71606E+00  0.27407E+01  0.88306E+01      982.00
  0.73274E+00  0.68595E+02    0.37500E+00  0.37500E+00 -0.75000E+00  0.00000E+00  0.00000E+00  0.00000E+00    0.27288E+02  0.16697E+02 -0.43986E+02 -0.80225E+00  0.27126E+01  0.90188E+01      982.00
  0.75678E+00  0.68653E+02    0.38750E+00  0.38750E+00 -0.77500E+00  0.00000E+00  0.00000E+00  0.00000E+00    0.27255E+02  0.16726E+02 -0.43980E+02 -0.89587E+00  0.26718E+01  0.92041E+01      982.00
  0.78081E+00  0.68710E+02    0.40000E+00  0.40000E+00 -0.80000E+00  0.00000E+00  0.00000E+00  0.00000E+00    0.27210E+02  0.16766E+02 -0.43976E+02 -0.99431E+00  0.26229E+01  0.93899E+01      982.00
  0.80481E+00  0.68768E+02    0.41250E+00  0.41250E+00 -0.82500E+00  0.00000E+00  0.00000E+00  0.00000E+00    0.27158E+02  0.16813E+02 -0.43972E+02 -0.10846E+01  0.25800E+01  0.95728E+01      982.00
  0.82878E+00  0.68823E+02    0.42500E+00  0.42500E+00 -0.85000E+00  0.00000E+00  0.00000E+00  0.00000E+00    0.27092E+02  0.16877E+02 -0.43969E+02 -0.11846E+01  0.25211E+01  0.97493E+01      982.00
  0.85274E+00  0.68877E+02    0.43750E+00  0.43750E+00 -0.87500E+00  0.00000E+00  0.00000E+00  0.00000E+00    0.27019E+02  0.16949E+02 -0.43968E+02 -0.12830E+01  0.24600E+01  0.99191E+01      982.00
  0.87668E+00  0.68931E+02    0.45000E+00  0.45000E+00 -0.90000E+00  0.00000E+00  0.00000E+00  0.00000E+00    0.26940E+02  0.17029E+02 -0.43969E+02 -0.13781E+01  0.23990E+01  0.10081E+02      982.00
  0.90060E+00  0.68985E+02    0.46250E+00  0.46250E+00 -0.92500E+00  0.00000E+00  0.00000E+00  0.00000E+00    0.26859E+02  0.17114E+02 -0.43973E+02 -0.14686E+01  0.23398E+01  0.10234E+02      982.00
  0.92450E+00  0.68998E+02    0.47500E+00  0.47500E+00 -0.95000E+00  0.00000E+00  0.00000E+00  0.00000E+00    0.26763E+02  0.17190E+02 -0.43953E+02 -0.15427E+01  0.22805E+01  0.10371E+02      982.00
  0.94839E+00  0.69014E+02    0.48750E+00  0.48750E+00 -0.97500E+00  0.00000E+00  0.00000E+00  0.00000E+00    0.26665E+02  0.17273E+02 -0.43938E+02 -0.16148E+01  0.22220E+01  0.10495E+02      982.00
  0.97227E+00  0.69031E+02    0.50000E+00  0.50000E+00 -0.10000E+01  0.00000E+00  0.00000E+00  0.00000E+00    0.26570E+02  0.17356E+02 -0.43926E+02 -0.16808E+01  0.21683E+01  0.10610E+02      982.00
