          Evm          Svm            E11          E22          E33          E23          E13          E12         SDEV11       SDEV22       SDEV33       SDEV23       SDEV13       SDEV12      TEMP
  0.00000E+00  0.62805E+02    0.00000E+00  0.00000E+00  0.00000E+00  0.00000E+00  0.00000E+00  0.00000E+00    0.25443E+02  0.14078E+02 -0.39521E+02  0.60497E+01  0.17254E+01 -0.84593E+01      982.00
  0.23597E-01  0.63085E+02    0.12500E-01  0.12500E-01 -0.25000E-01  0.00000E+00  0.00000E+00  0.00000E+00    0.25788E+02  0.13958E+02 -0.39745E+02  0.58344E+01  0.18359E+01 -0.83312E+01      982.00
  0.47223E-01  0.63404E+02    0.25000E-01  0.25000E-01 -0.50000E-01  0.00000E+00  0.00000E+00  0.00000E+00    0.26063E+02  0.13942E+02 -0.40004E+02  0.57205E+01  0.19318E+01 -0.81603E+01      982.00
  0.70883E-01  0.63508E+02    0.37500E-01  0.37500E-01 -0.75000E-01  0.00000E+00  0.00000E+00  0.00000E+00    0.26156E+02  0.14003E+02 -0.40159E+02  0.56124E+01  0.19761E+01 -0.79069E+01      982.00
  0.94596E-01  0.63495E+02    0.50000E-01  0.50000E-01 -0.10000E+00  0.00000E+00  0.00000E+00  0.00000E+00    0.26222E+02  0.14028E+02 -0.40250E+02  0.54161E+01  0.21229E+01 -0.76023E+01      982.00
  0.11837E+00  0.63571E+02    0.62500E-01  0.62500E-01 -0.12500E+00  0.00000E+00  0.00000E+00  0.00000E+00    0.26392E+02  0.13984E+02 -0.40376E+02  0.51777E+01  0.24011E+01 -0.73041E+01      982.00
  0.14219E+00  0.63743E+02    0.75000E-01  0.75000E-01 -0.15000E+00  0.00000E+00  0.00000E+00  0.00000E+00    0.26636E+02  0.13902E+02 -0.40538E+02  0.49482E+01  0.27232E+01 -0.70346E+01      982.00
  0.16603E+00  0.63986E+02    0.87500E-01  0.87500E-01 -0.17500E+00  0.00000E+00  0.00000E+00  0.00000E+00    0.26910E+02  0.13813E+02 -0.40723E+02  0.47532E+01  0.30258E+01 -0.68064E+01      982.00
  0.18990E+00  0.64278E+02    0.10000E+00  0.10000E+00 -0.20000E+00  0.00000E+00  0.00000E+00  0.00000E+00    0.27203E+02  0.13721E+02 -0.40925E+02  0.45910E+01  0.32824E+01 -0.66205E+01      982.00
  0.21378E+00  0.64604E+02    0.11250E+00  0.11250E+00 -0.22500E+00  0.00000E+00  0.00000E+00  0.00000E+00    0.27493E+02  0.13645E+02 -0.41138E+02  0.44667E+01  0.34839E+01 -0.64772E+01      982.00
  0.23765E+00  0.64955E+02    0.12500E+00  0.12500E+00 -0.25000E+00  0.00000E+00  0.00000E+00  0.00000E+00    0.27786E+02  0.13575E+02 -0.41361E+02  0.43672E+01  0.36365E+01 -0.63686E+01      982.00
  0.26153E+00  0.65318E+02    0.13750E+00  0.13750E+00 -0.27500E+00  0.00000E+00  0.00000E+00  0.00000E+00    0.28072E+02  0.13517E+02 -0.41588E+02  0.42914E+01  0.37461E+01 -0.62887E+01      982.00
  0.28541E+00  0.65686E+02    0.15000E+00  0.15000E+00 -0.30000E+00  0.00000E+00  0.00000E+00  0.00000E+00    0.28347E+02  0.13471E+02 -0.41818E+02  0.42349E+01  0.38207E+01 -0.62304E+01      982.00
  0.30928E+00  0.66050E+02    0.16250E+00  0.16250E+00 -0.32500E+00  0.00000E+00  0.00000E+00  0.00000E+00    0.28609E+02  0.13436E+02 -0.42045E+02  0.41940E+01  0.38676E+01 -0.61876E+01      982.00
  0.33315E+00  0.66408E+02    0.17500E+00  0.17500E+00 -0.35000E+00  0.00000E+00  0.00000E+00  0.00000E+00    0.28854E+02  0.13415E+02 -0.42269E+02  0.41660E+01  0.38923E+01 -0.61556E+01      982.00
  0.35702E+00  0.66750E+02    0.18750E+00  0.18750E+00 -0.37500E+00  0.00000E+00  0.00000E+00  0.00000E+00    0.29078E+02  0.13406E+02 -0.42485E+02  0.41530E+01  0.39009E+01 -0.61325E+01      982.00
  0.38089E+00  0.67071E+02    0.20000E+00  0.20000E+00 -0.40000E+00  0.00000E+00  0.00000E+00  0.00000E+00    0.29289E+02  0.13399E+02 -0.42688E+02  0.41409E+01  0.38986E+01 -0.61107E+01      982.00
  0.40476E+00  0.67372E+02    0.21250E+00  0.21250E+00 -0.42500E+00  0.00000E+00  0.00000E+00  0.00000E+00    0.29483E+02  0.13396E+02 -0.42879E+02  0.41349E+01  0.38886E+01 -0.60916E+01      982.00
  0.42863E+00  0.67661E+02    0.22500E+00  0.22500E+00 -0.45000E+00  0.00000E+00  0.00000E+00  0.00000E+00    0.29658E+02  0.13408E+02 -0.43065E+02  0.41396E+01  0.38704E+01 -0.60742E+01      982.00
  0.45249E+00  0.67924E+02    0.23750E+00  0.23750E+00 -0.47500E+00  0.00000E+00  0.00000E+00  0.00000E+00    0.29820E+02  0.13415E+02 -0.43235E+02  0.41436E+01  0.38504E+01 -0.60557E+01      982.00
  0.47636E+00  0.68176E+02    0.25000E+00  0.25000E+00 -0.50000E+00  0.00000E+00  0.00000E+00  0.00000E+00    0.29974E+02  0.13425E+02 -0.43398E+02  0.41516E+01  0.38266E+01 -0.60345E+01      982.00
  0.50023E+00  0.68420E+02    0.26250E+00  0.26250E+00 -0.52500E+00  0.00000E+00  0.00000E+00  0.00000E+00    0.30120E+02  0.13439E+02 -0.43559E+02  0.41622E+01  0.37968E+01 -0.60078E+01      982.00
  0.52411E+00  0.68634E+02    0.27500E+00  0.27500E+00 -0.55000E+00  0.00000E+00  0.00000E+00  0.00000E+00    0.30240E+02  0.13462E+02 -0.43702E+02  0.41738E+01  0.37662E+01 -0.59878E+01      982.00
  0.54799E+00  0.68848E+02    0.28750E+00  0.28750E+00 -0.57500E+00  0.00000E+00  0.00000E+00  0.00000E+00    0.30365E+02  0.13481E+02 -0.43846E+02  0.41858E+01  0.37269E+01 -0.59551E+01      982.00
  0.57187E+00  0.69027E+02    0.30000E+00  0.30000E+00 -0.60000E+00  0.00000E+00  0.00000E+00  0.00000E+00    0.30463E+02  0.13505E+02 -0.43968E+02  0.41969E+01  0.36946E+01 -0.59334E+01      982.00
  0.59575E+00  0.69195E+02    0.31250E+00  0.31250E+00 -0.62500E+00  0.00000E+00  0.00000E+00  0.00000E+00    0.30553E+02  0.13529E+02 -0.44082E+02  0.42094E+01  0.36632E+01 -0.59127E+01      982.00
  0.61964E+00  0.69329E+02    0.32500E+00  0.32500E+00 -0.65000E+00  0.00000E+00  0.00000E+00  0.00000E+00    0.30624E+02  0.13549E+02 -0.44173E+02  0.42225E+01  0.36414E+01 -0.58986E+01      982.00
  0.64354E+00  0.69504E+02    0.33750E+00  0.33750E+00 -0.67500E+00  0.00000E+00  0.00000E+00  0.00000E+00    0.30723E+02  0.13573E+02 -0.44295E+02  0.42346E+01  0.35936E+01 -0.58590E+01      982.00
  0.66744E+00  0.69602E+02    0.35000E+00  0.35000E+00 -0.70000E+00  0.00000E+00  0.00000E+00  0.00000E+00    0.30769E+02  0.13593E+02 -0.44362E+02  0.42403E+01  0.35780E+01 -0.58572E+01      982.00
  0.69134E+00  0.69746E+02    0.36250E+00  0.36250E+00 -0.72500E+00  0.00000E+00  0.00000E+00  0.00000E+00    0.30851E+02  0.13613E+02 -0.44464E+02  0.42506E+01  0.35317E+01 -0.58194E+01      982.00
  0.71524E+00  0.69833E+02    0.37500E+00  0.37500E+00 -0.75000E+00  0.00000E+00  0.00000E+00  0.00000E+00    0.30893E+02  0.13630E+02 -0.44523E+02  0.42553E+01  0.35173E+01 -0.58175E+01      982.00
  0.73915E+00  0.69952E+02    0.38750E+00  0.38750E+00 -0.77500E+00  0.00000E+00  0.00000E+00  0.00000E+00    0.30962E+02  0.13647E+02 -0.44609E+02  0.42635E+01  0.34726E+01 -0.57820E+01      982.00
  0.76307E+00  0.70030E+02    0.40000E+00  0.40000E+00 -0.80000E+00  0.00000E+00  0.00000E+00  0.00000E+00    0.31001E+02  0.13661E+02 -0.44662E+02  0.42675E+01  0.34592E+01 -0.57802E+01      982.00
  0.78698E+00  0.70118E+02    0.41250E+00  0.41250E+00 -0.82500E+00  0.00000E+00  0.00000E+00  0.00000E+00    0.31049E+02  0.13674E+02 -0.44723E+02  0.42726E+01  0.34322E+01 -0.57627E+01      982.00
  0.81090E+00  0.70199E+02    0.42500E+00  0.42500E+00 -0.85000E+00  0.00000E+00  0.00000E+00  0.00000E+00    0.31095E+02  0.13685E+02 -0.44780E+02  0.42772E+01  0.34050E+01 -0.57459E+01      982.00
  0.83482E+00  0.70273E+02    0.43750E+00  0.43750E+00 -0.87500E+00  0.00000E+00  0.00000E+00  0.00000E+00    0.31137E+02  0.13696E+02 -0.44833E+02  0.42814E+01  0.33783E+01 -0.57300E+01      982.00
  0.85875E+00  0.70332E+02    0.45000E+00  0.45000E+00 -0.90000E+00  0.00000E+00  0.00000E+00  0.00000E+00    0.31171E+02  0.13704E+02 -0.44876E+02  0.42902E+01  0.33508E+01 -0.57086E+01      982.00
  0.88267E+00  0.70345E+02    0.46250E+00  0.46250E+00 -0.92500E+00  0.00000E+00  0.00000E+00  0.00000E+00    0.31179E+02  0.13711E+02 -0.44889E+02  0.42767E+01  0.33143E+01 -0.57123E+01      982.00
  0.90660E+00  0.70347E+02    0.47500E+00  0.47500E+00 -0.95000E+00  0.00000E+00  0.00000E+00  0.00000E+00    0.31183E+02  0.13716E+02 -0.44899E+02  0.42652E+01  0.32772E+01 -0.56949E+01      982.00
  0.93054E+00  0.70352E+02    0.48750E+00  0.48750E+00 -0.97500E+00  0.00000E+00  0.00000E+00  0.00000E+00    0.31189E+02  0.13720E+02 -0.44909E+02  0.42546E+01  0.32412E+01 -0.56798E+01      982.00
  0.95448E+00  0.70354E+02    0.50000E+00  0.50000E+00 -0.10000E+01  0.00000E+00  0.00000E+00  0.00000E+00    0.31195E+02  0.13724E+02 -0.44918E+02  0.42421E+01  0.32033E+01 -0.56639E+01      982.00
