          Evm          Svm            E11          E22          E33          E23          E13          E12         SDEV11       SDEV22       SDEV33       SDEV23       SDEV13       SDEV12      TEMP
  0.00000E+00  0.59680E+02    0.00000E+00  0.00000E+00  0.00000E+00  0.00000E+00  0.00000E+00  0.00000E+00    0.23912E+02  0.14429E+02 -0.38341E+02  0.76413E+01  0.15721E+01  0.11493E+01      982.00
  0.24092E-01  0.59352E+02    0.12500E-01  0.12500E-01 -0.25000E-01  0.00000E+00  0.00000E+00  0.00000E+00    0.23981E+02  0.14215E+02 -0.38195E+02  0.72261E+01  0.15516E+01  0.12604E+01      982.00
  0.48225E-01  0.59090E+02    0.25000E-01  0.25000E-01 -0.50000E-01  0.00000E+00  0.00000E+00  0.00000E+00    0.24053E+02  0.14026E+02 -0.38078E+02  0.68722E+01  0.14900E+01  0.13499E+01      982.00
  0.72390E-01  0.58923E+02    0.37500E-01  0.37500E-01 -0.75000E-01  0.00000E+00  0.00000E+00  0.00000E+00    0.24146E+02  0.13866E+02 -0.38012E+02  0.65628E+01  0.14270E+01  0.14367E+01      982.00
  0.96582E-01  0.58875E+02    0.50000E-01  0.50000E-01 -0.10000E+00  0.00000E+00  0.00000E+00  0.00000E+00    0.24260E+02  0.13748E+02 -0.38008E+02  0.63346E+01  0.13694E+01  0.15197E+01      982.00
  0.12079E+00  0.58963E+02    0.62500E-01  0.62500E-01 -0.12500E+00  0.00000E+00  0.00000E+00  0.00000E+00    0.24409E+02  0.13676E+02 -0.38085E+02  0.61516E+01  0.13222E+01  0.16106E+01      982.00
  0.14501E+00  0.59166E+02    0.75000E-01  0.75000E-01 -0.15000E+00  0.00000E+00  0.00000E+00  0.00000E+00    0.24584E+02  0.13643E+02 -0.38226E+02  0.60375E+01  0.12877E+01  0.17054E+01      982.00
  0.16924E+00  0.59487E+02    0.87500E-01  0.87500E-01 -0.17500E+00  0.00000E+00  0.00000E+00  0.00000E+00    0.24785E+02  0.13652E+02 -0.38437E+02  0.59714E+01  0.12647E+01  0.18061E+01      982.00
  0.19347E+00  0.59869E+02    0.10000E+00  0.10000E+00 -0.20000E+00  0.00000E+00  0.00000E+00  0.00000E+00    0.24995E+02  0.13689E+02 -0.38684E+02  0.59360E+01  0.12496E+01  0.19167E+01      982.00
  0.21770E+00  0.60323E+02    0.11250E+00  0.11250E+00 -0.22500E+00  0.00000E+00  0.00000E+00  0.00000E+00    0.25216E+02  0.13759E+02 -0.38975E+02  0.59359E+01  0.12407E+01  0.20239E+01      982.00
  0.24193E+00  0.60801E+02    0.12500E+00  0.12500E+00 -0.25000E+00  0.00000E+00  0.00000E+00  0.00000E+00    0.25434E+02  0.13846E+02 -0.39280E+02  0.59531E+01  0.12342E+01  0.21317E+01      982.00
  0.26616E+00  0.61288E+02    0.13750E+00  0.13750E+00 -0.27500E+00  0.00000E+00  0.00000E+00  0.00000E+00    0.25644E+02  0.13947E+02 -0.39590E+02  0.59838E+01  0.12281E+01  0.22374E+01      982.00
  0.29038E+00  0.61771E+02    0.15000E+00  0.15000E+00 -0.30000E+00  0.00000E+00  0.00000E+00  0.00000E+00    0.25841E+02  0.14056E+02 -0.39897E+02  0.60243E+01  0.12219E+01  0.23517E+01      982.00
  0.31460E+00  0.62233E+02    0.16250E+00  0.16250E+00 -0.32500E+00  0.00000E+00  0.00000E+00  0.00000E+00    0.26023E+02  0.14171E+02 -0.40194E+02  0.60585E+01  0.12134E+01  0.24494E+01      982.00
  0.33882E+00  0.62671E+02    0.17500E+00  0.17500E+00 -0.35000E+00  0.00000E+00  0.00000E+00  0.00000E+00    0.26188E+02  0.14288E+02 -0.40476E+02  0.60964E+01  0.12029E+01  0.25438E+01      982.00
  0.36304E+00  0.63061E+02    0.18750E+00  0.18750E+00 -0.37500E+00  0.00000E+00  0.00000E+00  0.00000E+00    0.26329E+02  0.14399E+02 -0.40728E+02  0.61294E+01  0.11929E+01  0.26283E+01      982.00
  0.38726E+00  0.63451E+02    0.20000E+00  0.20000E+00 -0.40000E+00  0.00000E+00  0.00000E+00  0.00000E+00    0.26466E+02  0.14515E+02 -0.40981E+02  0.61613E+01  0.11780E+01  0.27136E+01      982.00
  0.41148E+00  0.63817E+02    0.21250E+00  0.21250E+00 -0.42500E+00  0.00000E+00  0.00000E+00  0.00000E+00    0.26587E+02  0.14630E+02 -0.41217E+02  0.61999E+01  0.11602E+01  0.28110E+01      982.00
  0.43570E+00  0.64148E+02    0.22500E+00  0.22500E+00 -0.45000E+00  0.00000E+00  0.00000E+00  0.00000E+00    0.26693E+02  0.14740E+02 -0.41434E+02  0.62249E+01  0.11424E+01  0.28888E+01      982.00
  0.45992E+00  0.64445E+02    0.23750E+00  0.23750E+00 -0.47500E+00  0.00000E+00  0.00000E+00  0.00000E+00    0.26784E+02  0.14844E+02 -0.41629E+02  0.62458E+01  0.11220E+01  0.29627E+01      982.00
  0.48415E+00  0.64722E+02    0.25000E+00  0.25000E+00 -0.50000E+00  0.00000E+00  0.00000E+00  0.00000E+00    0.26866E+02  0.14946E+02 -0.41812E+02  0.62624E+01  0.11004E+01  0.30337E+01      982.00
  0.50837E+00  0.64977E+02    0.26250E+00  0.26250E+00 -0.52500E+00  0.00000E+00  0.00000E+00  0.00000E+00    0.26937E+02  0.15044E+02 -0.41981E+02  0.62769E+01  0.10774E+01  0.31015E+01      982.00
  0.53260E+00  0.65223E+02    0.27500E+00  0.27500E+00 -0.55000E+00  0.00000E+00  0.00000E+00  0.00000E+00    0.26998E+02  0.15145E+02 -0.42143E+02  0.62932E+01  0.10450E+01  0.31860E+01      982.00
  0.55683E+00  0.65437E+02    0.28750E+00  0.28750E+00 -0.57500E+00  0.00000E+00  0.00000E+00  0.00000E+00    0.27050E+02  0.15236E+02 -0.42286E+02  0.63066E+01  0.10208E+01  0.32516E+01      982.00
  0.58106E+00  0.65626E+02    0.30000E+00  0.30000E+00 -0.60000E+00  0.00000E+00  0.00000E+00  0.00000E+00    0.27092E+02  0.15321E+02 -0.42413E+02  0.63129E+01  0.99541E+00  0.33122E+01      982.00
  0.60530E+00  0.65799E+02    0.31250E+00  0.31250E+00 -0.62500E+00  0.00000E+00  0.00000E+00  0.00000E+00    0.27128E+02  0.15401E+02 -0.42529E+02  0.63194E+01  0.96950E+00  0.33713E+01      982.00
  0.62954E+00  0.65966E+02    0.32500E+00  0.32500E+00 -0.65000E+00  0.00000E+00  0.00000E+00  0.00000E+00    0.27161E+02  0.15482E+02 -0.42643E+02  0.63216E+01  0.94331E+00  0.34292E+01      982.00
  0.65378E+00  0.66112E+02    0.33750E+00  0.33750E+00 -0.67500E+00  0.00000E+00  0.00000E+00  0.00000E+00    0.27185E+02  0.15557E+02 -0.42742E+02  0.63263E+01  0.91732E+00  0.34856E+01      982.00
  0.67802E+00  0.66232E+02    0.35000E+00  0.35000E+00 -0.70000E+00  0.00000E+00  0.00000E+00  0.00000E+00    0.27203E+02  0.15618E+02 -0.42821E+02  0.63335E+01  0.89999E+00  0.35343E+01      982.00
  0.70227E+00  0.66364E+02    0.36250E+00  0.36250E+00 -0.72500E+00  0.00000E+00  0.00000E+00  0.00000E+00    0.27222E+02  0.15689E+02 -0.42911E+02  0.63360E+01  0.87325E+00  0.35882E+01      982.00
  0.72651E+00  0.66480E+02    0.37500E+00  0.37500E+00 -0.75000E+00  0.00000E+00  0.00000E+00  0.00000E+00    0.27234E+02  0.15756E+02 -0.42991E+02  0.63366E+01  0.84652E+00  0.36410E+01      982.00
  0.75076E+00  0.66586E+02    0.38750E+00  0.38750E+00 -0.77500E+00  0.00000E+00  0.00000E+00  0.00000E+00    0.27242E+02  0.15821E+02 -0.43063E+02  0.63386E+01  0.82002E+00  0.36933E+01      982.00
  0.77502E+00  0.66687E+02    0.40000E+00  0.40000E+00 -0.80000E+00  0.00000E+00  0.00000E+00  0.00000E+00    0.27248E+02  0.15884E+02 -0.43132E+02  0.63392E+01  0.79342E+00  0.37448E+01      982.00
  0.79927E+00  0.66782E+02    0.41250E+00  0.41250E+00 -0.82500E+00  0.00000E+00  0.00000E+00  0.00000E+00    0.27251E+02  0.15945E+02 -0.43197E+02  0.63412E+01  0.76704E+00  0.37956E+01      982.00
  0.82353E+00  0.66871E+02    0.42500E+00  0.42500E+00 -0.85000E+00  0.00000E+00  0.00000E+00  0.00000E+00    0.27252E+02  0.16005E+02 -0.43257E+02  0.63430E+01  0.74022E+00  0.38453E+01      982.00
  0.84778E+00  0.66947E+02    0.43750E+00  0.43750E+00 -0.87500E+00  0.00000E+00  0.00000E+00  0.00000E+00    0.27247E+02  0.16061E+02 -0.43309E+02  0.63440E+01  0.71378E+00  0.38941E+01      982.00
  0.87204E+00  0.66950E+02    0.45000E+00  0.45000E+00 -0.90000E+00  0.00000E+00  0.00000E+00  0.00000E+00    0.27228E+02  0.16095E+02 -0.43323E+02  0.62959E+01  0.69103E+00  0.39184E+01      982.00
  0.89631E+00  0.66966E+02    0.46250E+00  0.46250E+00 -0.92500E+00  0.00000E+00  0.00000E+00  0.00000E+00    0.27207E+02  0.16133E+02 -0.43340E+02  0.62656E+01  0.66481E+00  0.39567E+01      982.00
  0.92058E+00  0.66971E+02    0.47500E+00  0.47500E+00 -0.95000E+00  0.00000E+00  0.00000E+00  0.00000E+00    0.27181E+02  0.16169E+02 -0.43350E+02  0.62396E+01  0.63713E+00  0.39954E+01      982.00
  0.94485E+00  0.66982E+02    0.48750E+00  0.48750E+00 -0.97500E+00  0.00000E+00  0.00000E+00  0.00000E+00    0.27158E+02  0.16206E+02 -0.43363E+02  0.62147E+01  0.60965E+00  0.40339E+01      982.00
  0.96913E+00  0.66995E+02    0.50000E+00  0.50000E+00 -0.10000E+01  0.00000E+00  0.00000E+00  0.00000E+00    0.27120E+02  0.16258E+02 -0.43379E+02  0.61939E+01  0.58463E+00  0.40796E+01      982.00
