          Evm          Svm            E11          E22          E33          E23          E13          E12         SDEV11       SDEV22       SDEV33       SDEV23       SDEV13       SDEV12      TEMP
  0.00000E+00  0.56982E+02    0.00000E+00  0.00000E+00  0.00000E+00  0.00000E+00  0.00000E+00  0.00000E+00    0.15838E+02  0.18353E+02 -0.34191E+02 -0.44302E+01  0.16367E+01  0.13478E+02      982.00
  0.22501E-01  0.56977E+02    0.12500E-01  0.12500E-01 -0.25000E-01  0.00000E+00  0.00000E+00  0.00000E+00    0.16139E+02  0.18047E+02 -0.34186E+02 -0.40802E+01  0.17975E+01  0.13596E+02      982.00
  0.45001E-01  0.57094E+02    0.25000E-01  0.25000E-01 -0.50000E-01  0.00000E+00  0.00000E+00  0.00000E+00    0.16367E+02  0.17859E+02 -0.34226E+02 -0.38141E+01  0.18900E+01  0.13760E+02      982.00
  0.67481E-01  0.57314E+02    0.37500E-01  0.37500E-01 -0.75000E-01  0.00000E+00  0.00000E+00  0.00000E+00    0.16556E+02  0.17751E+02 -0.34307E+02 -0.35885E+01  0.19480E+01  0.13972E+02      982.00
  0.89928E-01  0.57619E+02    0.50000E-01  0.50000E-01 -0.10000E+00  0.00000E+00  0.00000E+00  0.00000E+00    0.16720E+02  0.17704E+02 -0.34423E+02 -0.33911E+01  0.19832E+01  0.14221E+02      982.00
  0.11233E+00  0.57987E+02    0.62500E-01  0.62500E-01 -0.12500E+00  0.00000E+00  0.00000E+00  0.00000E+00    0.16862E+02  0.17705E+02 -0.34568E+02 -0.32189E+01  0.19992E+01  0.14495E+02      982.00
  0.13469E+00  0.58402E+02    0.75000E-01  0.75000E-01 -0.15000E+00  0.00000E+00  0.00000E+00  0.00000E+00    0.16990E+02  0.17744E+02 -0.34734E+02 -0.30680E+01  0.20005E+01  0.14782E+02      982.00
  0.15699E+00  0.58835E+02    0.87500E-01  0.87500E-01 -0.17500E+00  0.00000E+00  0.00000E+00  0.00000E+00    0.17105E+02  0.17808E+02 -0.34913E+02 -0.29378E+01  0.19900E+01  0.15065E+02      982.00
  0.17924E+00  0.59281E+02    0.10000E+00  0.10000E+00 -0.20000E+00  0.00000E+00  0.00000E+00  0.00000E+00    0.17212E+02  0.17887E+02 -0.35100E+02 -0.28190E+01  0.19714E+01  0.15345E+02      982.00
  0.20145E+00  0.59741E+02    0.11250E+00  0.11250E+00 -0.22500E+00  0.00000E+00  0.00000E+00  0.00000E+00    0.17316E+02  0.17979E+02 -0.35295E+02 -0.27233E+01  0.19456E+01  0.15622E+02      982.00
  0.22360E+00  0.60182E+02    0.12500E+00  0.12500E+00 -0.25000E+00  0.00000E+00  0.00000E+00  0.00000E+00    0.17415E+02  0.18070E+02 -0.35485E+02 -0.26311E+01  0.19181E+01  0.15881E+02      982.00
  0.24571E+00  0.60619E+02    0.13750E+00  0.13750E+00 -0.27500E+00  0.00000E+00  0.00000E+00  0.00000E+00    0.17514E+02  0.18163E+02 -0.35677E+02 -0.25622E+01  0.18909E+01  0.16124E+02      982.00
  0.26778E+00  0.61034E+02    0.15000E+00  0.15000E+00 -0.30000E+00  0.00000E+00  0.00000E+00  0.00000E+00    0.17610E+02  0.18250E+02 -0.35861E+02 -0.24915E+01  0.18615E+01  0.16354E+02      982.00
  0.28982E+00  0.61423E+02    0.16250E+00  0.16250E+00 -0.32500E+00  0.00000E+00  0.00000E+00  0.00000E+00    0.17706E+02  0.18332E+02 -0.36039E+02 -0.24434E+01  0.18376E+01  0.16555E+02      982.00
  0.31182E+00  0.61785E+02    0.17500E+00  0.17500E+00 -0.35000E+00  0.00000E+00  0.00000E+00  0.00000E+00    0.17801E+02  0.18407E+02 -0.36208E+02 -0.24030E+01  0.18157E+01  0.16735E+02      982.00
  0.33379E+00  0.62135E+02    0.18750E+00  0.18750E+00 -0.37500E+00  0.00000E+00  0.00000E+00  0.00000E+00    0.17897E+02  0.18473E+02 -0.36370E+02 -0.23568E+01  0.17899E+01  0.16911E+02      982.00
  0.35574E+00  0.62442E+02    0.20000E+00  0.20000E+00 -0.40000E+00  0.00000E+00  0.00000E+00  0.00000E+00    0.17987E+02  0.18532E+02 -0.36519E+02 -0.23287E+01  0.17727E+01  0.17052E+02      982.00
  0.37768E+00  0.62723E+02    0.21250E+00  0.21250E+00 -0.42500E+00  0.00000E+00  0.00000E+00  0.00000E+00    0.18076E+02  0.18582E+02 -0.36658E+02 -0.23054E+01  0.17574E+01  0.17177E+02      982.00
  0.39959E+00  0.62943E+02    0.22500E+00  0.22500E+00 -0.45000E+00  0.00000E+00  0.00000E+00  0.00000E+00    0.18148E+02  0.18624E+02 -0.36773E+02 -0.22948E+01  0.17489E+01  0.17264E+02      982.00
  0.42150E+00  0.63209E+02    0.23750E+00  0.23750E+00 -0.47500E+00  0.00000E+00  0.00000E+00  0.00000E+00    0.18244E+02  0.18656E+02 -0.36900E+02 -0.22626E+01  0.17278E+01  0.17391E+02      982.00
  0.44339E+00  0.63423E+02    0.25000E+00  0.25000E+00 -0.50000E+00  0.00000E+00  0.00000E+00  0.00000E+00    0.18325E+02  0.18686E+02 -0.37011E+02 -0.22467E+01  0.17171E+01  0.17478E+02      982.00
  0.46528E+00  0.63619E+02    0.26250E+00  0.26250E+00 -0.52500E+00  0.00000E+00  0.00000E+00  0.00000E+00    0.18403E+02  0.18711E+02 -0.37114E+02 -0.22345E+01  0.17079E+01  0.17552E+02      982.00
  0.48715E+00  0.63798E+02    0.27500E+00  0.27500E+00 -0.55000E+00  0.00000E+00  0.00000E+00  0.00000E+00    0.18479E+02  0.18731E+02 -0.37210E+02 -0.22239E+01  0.16996E+01  0.17619E+02      982.00
  0.50902E+00  0.63962E+02    0.28750E+00  0.28750E+00 -0.57500E+00  0.00000E+00  0.00000E+00  0.00000E+00    0.18552E+02  0.18748E+02 -0.37299E+02 -0.22145E+01  0.16922E+01  0.17678E+02      982.00
  0.53089E+00  0.64113E+02    0.30000E+00  0.30000E+00 -0.60000E+00  0.00000E+00  0.00000E+00  0.00000E+00    0.18622E+02  0.18760E+02 -0.37382E+02 -0.22062E+01  0.16856E+01  0.17730E+02      982.00
  0.55276E+00  0.64251E+02    0.31250E+00  0.31250E+00 -0.62500E+00  0.00000E+00  0.00000E+00  0.00000E+00    0.18690E+02  0.18769E+02 -0.37459E+02 -0.21988E+01  0.16796E+01  0.17777E+02      982.00
  0.57462E+00  0.64378E+02    0.32500E+00  0.32500E+00 -0.65000E+00  0.00000E+00  0.00000E+00  0.00000E+00    0.18755E+02  0.18775E+02 -0.37530E+02 -0.21922E+01  0.16742E+01  0.17819E+02      982.00
  0.59648E+00  0.64494E+02    0.33750E+00  0.33750E+00 -0.67500E+00  0.00000E+00  0.00000E+00  0.00000E+00    0.18818E+02  0.18778E+02 -0.37596E+02 -0.21863E+01  0.16694E+01  0.17856E+02      982.00
  0.61834E+00  0.64602E+02    0.35000E+00  0.35000E+00 -0.70000E+00  0.00000E+00  0.00000E+00  0.00000E+00    0.18879E+02  0.18779E+02 -0.37657E+02 -0.21811E+01  0.16651E+01  0.17890E+02      982.00
  0.64020E+00  0.64701E+02    0.36250E+00  0.36250E+00 -0.72500E+00  0.00000E+00  0.00000E+00  0.00000E+00    0.18937E+02  0.18777E+02 -0.37714E+02 -0.21764E+01  0.16612E+01  0.17920E+02      982.00
  0.66206E+00  0.64783E+02    0.37500E+00  0.37500E+00 -0.75000E+00  0.00000E+00  0.00000E+00  0.00000E+00    0.19001E+02  0.18759E+02 -0.37760E+02 -0.21708E+01  0.16572E+01  0.17948E+02      982.00
  0.68392E+00  0.64871E+02    0.38750E+00  0.38750E+00 -0.77500E+00  0.00000E+00  0.00000E+00  0.00000E+00    0.19057E+02  0.18754E+02 -0.37811E+02 -0.21667E+01  0.16544E+01  0.17973E+02      982.00
  0.70577E+00  0.64948E+02    0.40000E+00  0.40000E+00 -0.80000E+00  0.00000E+00  0.00000E+00  0.00000E+00    0.19109E+02  0.18748E+02 -0.37857E+02 -0.21633E+01  0.16518E+01  0.17994E+02      982.00
  0.72763E+00  0.65021E+02    0.41250E+00  0.41250E+00 -0.82500E+00  0.00000E+00  0.00000E+00  0.00000E+00    0.19160E+02  0.18740E+02 -0.37900E+02 -0.21602E+01  0.16493E+01  0.18014E+02      982.00
  0.74949E+00  0.65088E+02    0.42500E+00  0.42500E+00 -0.85000E+00  0.00000E+00  0.00000E+00  0.00000E+00    0.19208E+02  0.18731E+02 -0.37940E+02 -0.21576E+01  0.16471E+01  0.18032E+02      982.00
  0.77135E+00  0.65150E+02    0.43750E+00  0.43750E+00 -0.87500E+00  0.00000E+00  0.00000E+00  0.00000E+00    0.19255E+02  0.18722E+02 -0.37977E+02 -0.21553E+01  0.16451E+01  0.18049E+02      982.00
  0.79321E+00  0.65209E+02    0.45000E+00  0.45000E+00 -0.90000E+00  0.00000E+00  0.00000E+00  0.00000E+00    0.19301E+02  0.18711E+02 -0.38012E+02 -0.21533E+01  0.16434E+01  0.18064E+02      982.00
  0.81507E+00  0.65264E+02    0.46250E+00  0.46250E+00 -0.92500E+00  0.00000E+00  0.00000E+00  0.00000E+00    0.19345E+02  0.18700E+02 -0.38045E+02 -0.21517E+01  0.16419E+01  0.18078E+02      982.00
  0.83693E+00  0.65315E+02    0.47500E+00  0.47500E+00 -0.95000E+00  0.00000E+00  0.00000E+00  0.00000E+00    0.19387E+02  0.18688E+02 -0.38075E+02 -0.21502E+01  0.16406E+01  0.18091E+02      982.00
  0.85879E+00  0.65362E+02    0.48750E+00  0.48750E+00 -0.97500E+00  0.00000E+00  0.00000E+00  0.00000E+00    0.19429E+02  0.18675E+02 -0.38104E+02 -0.21491E+01  0.16394E+01  0.18103E+02      982.00
  0.88065E+00  0.65370E+02    0.50000E+00  0.50000E+00 -0.10000E+01  0.00000E+00  0.00000E+00  0.00000E+00    0.19416E+02  0.18691E+02 -0.38107E+02 -0.21485E+01  0.16426E+01  0.18108E+02      982.00
