          Evm          Svm            E11          E22          E33          E23          E13          E12         SDEV11       SDEV22       SDEV33       SDEV23       SDEV13       SDEV12      TEMP
  0.00000E+00  0.60258E+02    0.00000E+00  0.00000E+00  0.00000E+00  0.00000E+00  0.00000E+00  0.00000E+00    0.12633E+02  0.25828E+02 -0.38461E+02 -0.14028E+01  0.17920E+00 -0.74414E+01      982.00
  0.23935E-01  0.60261E+02    0.12500E-01  0.12500E-01 -0.25000E-01  0.00000E+00  0.00000E+00  0.00000E+00    0.12614E+02  0.25788E+02 -0.38402E+02 -0.14636E+01  0.37319E+00 -0.76660E+01      982.00
  0.47832E-01  0.60360E+02    0.25000E-01  0.25000E-01 -0.50000E-01  0.00000E+00  0.00000E+00  0.00000E+00    0.12639E+02  0.25766E+02 -0.38405E+02 -0.15177E+01  0.52676E+00 -0.79109E+01      982.00
  0.71692E-01  0.60537E+02    0.37500E-01  0.37500E-01 -0.75000E-01  0.00000E+00  0.00000E+00  0.00000E+00    0.12708E+02  0.25749E+02 -0.38457E+02 -0.15436E+01  0.68730E+00 -0.81860E+01      982.00
  0.95515E-01  0.60810E+02    0.50000E-01  0.50000E-01 -0.10000E+00  0.00000E+00  0.00000E+00  0.00000E+00    0.12822E+02  0.25747E+02 -0.38569E+02 -0.15341E+01  0.85325E+00 -0.84893E+01      982.00
  0.11930E+00  0.61175E+02    0.62500E-01  0.62500E-01 -0.12500E+00  0.00000E+00  0.00000E+00  0.00000E+00    0.12976E+02  0.25766E+02 -0.38742E+02 -0.14831E+01  0.10219E+01 -0.88108E+01      982.00
  0.14305E+00  0.61618E+02    0.75000E-01  0.75000E-01 -0.15000E+00  0.00000E+00  0.00000E+00  0.00000E+00    0.13163E+02  0.25803E+02 -0.38966E+02 -0.13859E+01  0.11906E+01 -0.91413E+01      982.00
  0.16676E+00  0.62122E+02    0.87500E-01  0.87500E-01 -0.17500E+00  0.00000E+00  0.00000E+00  0.00000E+00    0.13376E+02  0.25856E+02 -0.39232E+02 -0.12382E+01  0.13584E+01 -0.94713E+01      982.00
  0.19044E+00  0.62694E+02    0.10000E+00  0.10000E+00 -0.20000E+00  0.00000E+00  0.00000E+00  0.00000E+00    0.13615E+02  0.25933E+02 -0.39548E+02 -0.10451E+01  0.15151E+01 -0.97893E+01      982.00
  0.21410E+00  0.63296E+02    0.11250E+00  0.11250E+00 -0.22500E+00  0.00000E+00  0.00000E+00  0.00000E+00    0.13871E+02  0.26021E+02 -0.39892E+02 -0.81335E+00  0.16648E+01 -0.10080E+02      982.00
  0.23773E+00  0.63910E+02    0.12500E+00  0.12500E+00 -0.25000E+00  0.00000E+00  0.00000E+00  0.00000E+00    0.14145E+02  0.26112E+02 -0.40256E+02 -0.56437E+00  0.18212E+01 -0.10326E+02      982.00
  0.26135E+00  0.64451E+02    0.13750E+00  0.13750E+00 -0.27500E+00  0.00000E+00  0.00000E+00  0.00000E+00    0.14426E+02  0.26170E+02 -0.40596E+02 -0.32392E+00  0.19990E+01 -0.10490E+02      982.00
  0.28498E+00  0.64838E+02    0.15000E+00  0.15000E+00 -0.30000E+00  0.00000E+00  0.00000E+00  0.00000E+00    0.14687E+02  0.26178E+02 -0.40865E+02 -0.81532E-01  0.21638E+01 -0.10542E+02      982.00
  0.30861E+00  0.65115E+02    0.16250E+00  0.16250E+00 -0.32500E+00  0.00000E+00  0.00000E+00  0.00000E+00    0.14901E+02  0.26179E+02 -0.41079E+02  0.19830E+00  0.22419E+01 -0.10527E+02      982.00
  0.33227E+00  0.65367E+02    0.17500E+00  0.17500E+00 -0.35000E+00  0.00000E+00  0.00000E+00  0.00000E+00    0.15064E+02  0.26214E+02 -0.41278E+02  0.50154E+00  0.22053E+01 -0.10498E+02      982.00
  0.35595E+00  0.65633E+02    0.18750E+00  0.18750E+00 -0.37500E+00  0.00000E+00  0.00000E+00  0.00000E+00    0.15192E+02  0.26287E+02 -0.41479E+02  0.79953E+00  0.20952E+01 -0.10475E+02      982.00
  0.37965E+00  0.65900E+02    0.20000E+00  0.20000E+00 -0.40000E+00  0.00000E+00  0.00000E+00  0.00000E+00    0.15297E+02  0.26377E+02 -0.41674E+02  0.10557E+01  0.19652E+01 -0.10458E+02      982.00
  0.40336E+00  0.66165E+02    0.21250E+00  0.21250E+00 -0.42500E+00  0.00000E+00  0.00000E+00  0.00000E+00    0.15390E+02  0.26472E+02 -0.41862E+02  0.12722E+01  0.18430E+01 -0.10451E+02      982.00
  0.42709E+00  0.66444E+02    0.22500E+00  0.22500E+00 -0.45000E+00  0.00000E+00  0.00000E+00  0.00000E+00    0.15475E+02  0.26575E+02 -0.42050E+02  0.14602E+01  0.17289E+01 -0.10465E+02      982.00
  0.45082E+00  0.66699E+02    0.23750E+00  0.23750E+00 -0.47500E+00  0.00000E+00  0.00000E+00  0.00000E+00    0.15558E+02  0.26667E+02 -0.42225E+02  0.15897E+01  0.16557E+01 -0.10469E+02      982.00
  0.47456E+00  0.66952E+02    0.25000E+00  0.25000E+00 -0.50000E+00  0.00000E+00  0.00000E+00  0.00000E+00    0.15634E+02  0.26758E+02 -0.42392E+02  0.17017E+01  0.15926E+01 -0.10488E+02      982.00
  0.49830E+00  0.67185E+02    0.26250E+00  0.26250E+00 -0.52500E+00  0.00000E+00  0.00000E+00  0.00000E+00    0.15712E+02  0.26836E+02 -0.42548E+02  0.17872E+01  0.15524E+01 -0.10503E+02      982.00
  0.52205E+00  0.67434E+02    0.27500E+00  0.27500E+00 -0.55000E+00  0.00000E+00  0.00000E+00  0.00000E+00    0.15792E+02  0.26919E+02 -0.42711E+02  0.18665E+01  0.15185E+01 -0.10531E+02      982.00
  0.54580E+00  0.67647E+02    0.28750E+00  0.28750E+00 -0.57500E+00  0.00000E+00  0.00000E+00  0.00000E+00    0.15867E+02  0.26986E+02 -0.42854E+02  0.19163E+01  0.15072E+01 -0.10545E+02      982.00
  0.56956E+00  0.67845E+02    0.30000E+00  0.30000E+00 -0.60000E+00  0.00000E+00  0.00000E+00  0.00000E+00    0.15938E+02  0.27047E+02 -0.42984E+02  0.19640E+01  0.15039E+01 -0.10565E+02      982.00
  0.59332E+00  0.68029E+02    0.31250E+00  0.31250E+00 -0.62500E+00  0.00000E+00  0.00000E+00  0.00000E+00    0.16012E+02  0.27099E+02 -0.43110E+02  0.19948E+01  0.15096E+01 -0.10572E+02      982.00
  0.61708E+00  0.68200E+02    0.32500E+00  0.32500E+00 -0.65000E+00  0.00000E+00  0.00000E+00  0.00000E+00    0.16084E+02  0.27146E+02 -0.43230E+02  0.20194E+01  0.15195E+01 -0.10576E+02      982.00
  0.64085E+00  0.68360E+02    0.33750E+00  0.33750E+00 -0.67500E+00  0.00000E+00  0.00000E+00  0.00000E+00    0.16153E+02  0.27188E+02 -0.43341E+02  0.20399E+01  0.15318E+01 -0.10578E+02      982.00
  0.66463E+00  0.68506E+02    0.35000E+00  0.35000E+00 -0.70000E+00  0.00000E+00  0.00000E+00  0.00000E+00    0.16220E+02  0.27224E+02 -0.43444E+02  0.20578E+01  0.15451E+01 -0.10579E+02      982.00
  0.68841E+00  0.68644E+02    0.36250E+00  0.36250E+00 -0.72500E+00  0.00000E+00  0.00000E+00  0.00000E+00    0.16286E+02  0.27257E+02 -0.43543E+02  0.20736E+01  0.15604E+01 -0.10577E+02      982.00
  0.71220E+00  0.68765E+02    0.37500E+00  0.37500E+00 -0.75000E+00  0.00000E+00  0.00000E+00  0.00000E+00    0.16349E+02  0.27281E+02 -0.43630E+02  0.20883E+01  0.15766E+01 -0.10573E+02      982.00
  0.73599E+00  0.68883E+02    0.38750E+00  0.38750E+00 -0.77500E+00  0.00000E+00  0.00000E+00  0.00000E+00    0.16412E+02  0.27304E+02 -0.43716E+02  0.21020E+01  0.15924E+01 -0.10569E+02      982.00
  0.75979E+00  0.68994E+02    0.40000E+00  0.40000E+00 -0.80000E+00  0.00000E+00  0.00000E+00  0.00000E+00    0.16472E+02  0.27325E+02 -0.43797E+02  0.21146E+01  0.16079E+01 -0.10563E+02      982.00
  0.78359E+00  0.69087E+02    0.41250E+00  0.41250E+00 -0.82500E+00  0.00000E+00  0.00000E+00  0.00000E+00    0.16529E+02  0.27338E+02 -0.43867E+02  0.21274E+01  0.16235E+01 -0.10555E+02      982.00
  0.80740E+00  0.69185E+02    0.42500E+00  0.42500E+00 -0.85000E+00  0.00000E+00  0.00000E+00  0.00000E+00    0.16588E+02  0.27352E+02 -0.43940E+02  0.21400E+01  0.16385E+01 -0.10546E+02      982.00
  0.83122E+00  0.69262E+02    0.43750E+00  0.43750E+00 -0.87500E+00  0.00000E+00  0.00000E+00  0.00000E+00    0.16627E+02  0.27370E+02 -0.43997E+02  0.21480E+01  0.16459E+01 -0.10540E+02      982.00
  0.85504E+00  0.69298E+02    0.45000E+00  0.45000E+00 -0.90000E+00  0.00000E+00  0.00000E+00  0.00000E+00    0.16700E+02  0.27340E+02 -0.44040E+02  0.21514E+01  0.16490E+01 -0.10508E+02      982.00
  0.87887E+00  0.69315E+02    0.46250E+00  0.46250E+00 -0.92500E+00  0.00000E+00  0.00000E+00  0.00000E+00    0.16727E+02  0.27332E+02 -0.44059E+02  0.21577E+01  0.16518E+01 -0.10494E+02      982.00
  0.90271E+00  0.69325E+02    0.47500E+00  0.47500E+00 -0.95000E+00  0.00000E+00  0.00000E+00  0.00000E+00    0.16769E+02  0.27310E+02 -0.44079E+02  0.21653E+01  0.16533E+01 -0.10469E+02      982.00
  0.92655E+00  0.69348E+02    0.48750E+00  0.48750E+00 -0.97500E+00  0.00000E+00  0.00000E+00  0.00000E+00    0.16813E+02  0.27293E+02 -0.44106E+02  0.21722E+01  0.16537E+01 -0.10446E+02      982.00
  0.95040E+00  0.69354E+02    0.50000E+00  0.50000E+00 -0.10000E+01  0.00000E+00  0.00000E+00  0.00000E+00    0.16852E+02  0.27270E+02 -0.44122E+02  0.21797E+01  0.16547E+01 -0.10421E+02      982.00
