          Evm          Svm            E11          E22          E33          E23          E13          E12         SDEV11       SDEV22       SDEV33       SDEV23       SDEV13       SDEV12      TEMP
  0.00000E+00  0.57605E+02    0.00000E+00  0.00000E+00  0.00000E+00  0.00000E+00  0.00000E+00  0.00000E+00    0.16042E+02  0.16889E+02 -0.32931E+02 -0.29779E+01  0.55932E+00  0.16835E+02      982.00
  0.21437E-01  0.57492E+02    0.12500E-01  0.12500E-01 -0.25000E-01  0.00000E+00  0.00000E+00  0.00000E+00    0.15940E+02  0.17004E+02 -0.32943E+02 -0.30526E+01  0.95111E+00  0.16652E+02      982.00
  0.42925E-01  0.57504E+02    0.25000E-01  0.25000E-01 -0.50000E-01  0.00000E+00  0.00000E+00  0.00000E+00    0.15929E+02  0.17080E+02 -0.33009E+02 -0.30849E+01  0.12088E+01  0.16546E+02      982.00
  0.64451E-01  0.57638E+02    0.37500E-01  0.37500E-01 -0.75000E-01  0.00000E+00  0.00000E+00  0.00000E+00    0.15953E+02  0.17171E+02 -0.33123E+02 -0.30892E+01  0.14095E+01  0.16511E+02      982.00
  0.86002E-01  0.57850E+02    0.50000E-01  0.50000E-01 -0.10000E+00  0.00000E+00  0.00000E+00  0.00000E+00    0.16002E+02  0.17269E+02 -0.33270E+02 -0.30680E+01  0.15567E+01  0.16526E+02      982.00
  0.10757E+00  0.58141E+02    0.62500E-01  0.62500E-01 -0.12500E+00  0.00000E+00  0.00000E+00  0.00000E+00    0.16072E+02  0.17374E+02 -0.33446E+02 -0.30367E+01  0.16564E+01  0.16596E+02      982.00
  0.12914E+00  0.58473E+02    0.75000E-01  0.75000E-01 -0.15000E+00  0.00000E+00  0.00000E+00  0.00000E+00    0.16152E+02  0.17487E+02 -0.33639E+02 -0.29904E+01  0.17316E+01  0.16692E+02      982.00
  0.15071E+00  0.58868E+02    0.87500E-01  0.87500E-01 -0.17500E+00  0.00000E+00  0.00000E+00  0.00000E+00    0.16249E+02  0.17607E+02 -0.33855E+02 -0.29515E+01  0.17820E+01  0.16827E+02      982.00
  0.17228E+00  0.59279E+02    0.10000E+00  0.10000E+00 -0.20000E+00  0.00000E+00  0.00000E+00  0.00000E+00    0.16351E+02  0.17727E+02 -0.34078E+02 -0.29125E+01  0.18168E+01  0.16974E+02      982.00
  0.19384E+00  0.59704E+02    0.11250E+00  0.11250E+00 -0.22500E+00  0.00000E+00  0.00000E+00  0.00000E+00    0.16458E+02  0.17849E+02 -0.34307E+02 -0.28759E+01  0.18418E+01  0.17127E+02      982.00
  0.21539E+00  0.60130E+02    0.12500E+00  0.12500E+00 -0.25000E+00  0.00000E+00  0.00000E+00  0.00000E+00    0.16569E+02  0.17968E+02 -0.34537E+02 -0.28424E+01  0.18600E+01  0.17279E+02      982.00
  0.23692E+00  0.60538E+02    0.13750E+00  0.13750E+00 -0.27500E+00  0.00000E+00  0.00000E+00  0.00000E+00    0.16679E+02  0.18080E+02 -0.34759E+02 -0.28020E+01  0.18721E+01  0.17424E+02      982.00
  0.25846E+00  0.60941E+02    0.15000E+00  0.15000E+00 -0.30000E+00  0.00000E+00  0.00000E+00  0.00000E+00    0.16793E+02  0.18190E+02 -0.34983E+02 -0.27751E+01  0.18819E+01  0.17561E+02      982.00
  0.27998E+00  0.61330E+02    0.16250E+00  0.16250E+00 -0.32500E+00  0.00000E+00  0.00000E+00  0.00000E+00    0.16908E+02  0.18290E+02 -0.35198E+02 -0.27413E+01  0.18886E+01  0.17694E+02      982.00
  0.30150E+00  0.61690E+02    0.17500E+00  0.17500E+00 -0.35000E+00  0.00000E+00  0.00000E+00  0.00000E+00    0.17021E+02  0.18384E+02 -0.35405E+02 -0.27190E+01  0.18936E+01  0.17803E+02      982.00
  0.32303E+00  0.62025E+02    0.18750E+00  0.18750E+00 -0.37500E+00  0.00000E+00  0.00000E+00  0.00000E+00    0.17132E+02  0.18470E+02 -0.35603E+02 -0.26986E+01  0.18966E+01  0.17899E+02      982.00
  0.34455E+00  0.62335E+02    0.20000E+00  0.20000E+00 -0.40000E+00  0.00000E+00  0.00000E+00  0.00000E+00    0.17241E+02  0.18548E+02 -0.35790E+02 -0.26790E+01  0.18980E+01  0.17981E+02      982.00
  0.36608E+00  0.62621E+02    0.21250E+00  0.21250E+00 -0.42500E+00  0.00000E+00  0.00000E+00  0.00000E+00    0.17348E+02  0.18619E+02 -0.35966E+02 -0.26598E+01  0.18980E+01  0.18052E+02      982.00
  0.38762E+00  0.62884E+02    0.22500E+00  0.22500E+00 -0.45000E+00  0.00000E+00  0.00000E+00  0.00000E+00    0.17451E+02  0.18681E+02 -0.36132E+02 -0.26407E+01  0.18968E+01  0.18112E+02      982.00
  0.40917E+00  0.63141E+02    0.23750E+00  0.23750E+00 -0.47500E+00  0.00000E+00  0.00000E+00  0.00000E+00    0.17560E+02  0.18734E+02 -0.36294E+02 -0.26134E+01  0.18935E+01  0.18172E+02      982.00
  0.43072E+00  0.63346E+02    0.25000E+00  0.25000E+00 -0.50000E+00  0.00000E+00  0.00000E+00  0.00000E+00    0.17648E+02  0.18786E+02 -0.36434E+02 -0.26012E+01  0.18906E+01  0.18203E+02      982.00
  0.45229E+00  0.63560E+02    0.26250E+00  0.26250E+00 -0.52500E+00  0.00000E+00  0.00000E+00  0.00000E+00    0.17751E+02  0.18824E+02 -0.36575E+02 -0.25754E+01  0.18851E+01  0.18243E+02      982.00
  0.47387E+00  0.63734E+02    0.27500E+00  0.27500E+00 -0.55000E+00  0.00000E+00  0.00000E+00  0.00000E+00    0.17833E+02  0.18866E+02 -0.36698E+02 -0.25632E+01  0.18810E+01  0.18264E+02      982.00
  0.49546E+00  0.63911E+02    0.28750E+00  0.28750E+00 -0.57500E+00  0.00000E+00  0.00000E+00  0.00000E+00    0.17930E+02  0.18891E+02 -0.36821E+02 -0.25374E+01  0.18734E+01  0.18290E+02      982.00
  0.51707E+00  0.64060E+02    0.30000E+00  0.30000E+00 -0.60000E+00  0.00000E+00  0.00000E+00  0.00000E+00    0.18005E+02  0.18924E+02 -0.36929E+02 -0.25253E+01  0.18685E+01  0.18303E+02      982.00
  0.53869E+00  0.64207E+02    0.31250E+00  0.31250E+00 -0.62500E+00  0.00000E+00  0.00000E+00  0.00000E+00    0.18096E+02  0.18940E+02 -0.37036E+02 -0.24998E+01  0.18593E+01  0.18319E+02      982.00
  0.56032E+00  0.64322E+02    0.32500E+00  0.32500E+00 -0.65000E+00  0.00000E+00  0.00000E+00  0.00000E+00    0.18166E+02  0.18954E+02 -0.37120E+02 -0.24843E+01  0.18545E+01  0.18328E+02      982.00
  0.58196E+00  0.64444E+02    0.33750E+00  0.33750E+00 -0.67500E+00  0.00000E+00  0.00000E+00  0.00000E+00    0.18242E+02  0.18970E+02 -0.37212E+02 -0.24664E+01  0.18468E+01  0.18336E+02      982.00
  0.60361E+00  0.64556E+02    0.35000E+00  0.35000E+00 -0.70000E+00  0.00000E+00  0.00000E+00  0.00000E+00    0.18315E+02  0.18982E+02 -0.37297E+02 -0.24486E+01  0.18388E+01  0.18341E+02      982.00
  0.62528E+00  0.64659E+02    0.36250E+00  0.36250E+00 -0.72500E+00  0.00000E+00  0.00000E+00  0.00000E+00    0.18385E+02  0.18991E+02 -0.37376E+02 -0.24311E+01  0.18307E+01  0.18344E+02      982.00
  0.64695E+00  0.64754E+02    0.37500E+00  0.37500E+00 -0.75000E+00  0.00000E+00  0.00000E+00  0.00000E+00    0.18452E+02  0.18998E+02 -0.37450E+02 -0.24142E+01  0.18225E+01  0.18346E+02      982.00
  0.66864E+00  0.64842E+02    0.38750E+00  0.38750E+00 -0.77500E+00  0.00000E+00  0.00000E+00  0.00000E+00    0.18517E+02  0.19002E+02 -0.37520E+02 -0.23978E+01  0.18145E+01  0.18347E+02      982.00
  0.69034E+00  0.64923E+02    0.40000E+00  0.40000E+00 -0.80000E+00  0.00000E+00  0.00000E+00  0.00000E+00    0.18580E+02  0.19004E+02 -0.37584E+02 -0.23821E+01  0.18065E+01  0.18346E+02      982.00
  0.71205E+00  0.64999E+02    0.41250E+00  0.41250E+00 -0.82500E+00  0.00000E+00  0.00000E+00  0.00000E+00    0.18640E+02  0.19004E+02 -0.37645E+02 -0.23670E+01  0.17986E+01  0.18346E+02      982.00
  0.73377E+00  0.65069E+02    0.42500E+00  0.42500E+00 -0.85000E+00  0.00000E+00  0.00000E+00  0.00000E+00    0.18698E+02  0.19003E+02 -0.37701E+02 -0.23525E+01  0.17910E+01  0.18344E+02      982.00
  0.75550E+00  0.65134E+02    0.43750E+00  0.43750E+00 -0.87500E+00  0.00000E+00  0.00000E+00  0.00000E+00    0.18754E+02  0.19000E+02 -0.37754E+02 -0.23387E+01  0.17836E+01  0.18343E+02      982.00
  0.77723E+00  0.65194E+02    0.45000E+00  0.45000E+00 -0.90000E+00  0.00000E+00  0.00000E+00  0.00000E+00    0.18808E+02  0.18995E+02 -0.37803E+02 -0.23255E+01  0.17764E+01  0.18341E+02      982.00
  0.79898E+00  0.65251E+02    0.46250E+00  0.46250E+00 -0.92500E+00  0.00000E+00  0.00000E+00  0.00000E+00    0.18861E+02  0.18989E+02 -0.37849E+02 -0.23131E+01  0.17695E+01  0.18339E+02      982.00
  0.82073E+00  0.65304E+02    0.47500E+00  0.47500E+00 -0.95000E+00  0.00000E+00  0.00000E+00  0.00000E+00    0.18911E+02  0.18982E+02 -0.37893E+02 -0.23013E+01  0.17629E+01  0.18337E+02      982.00
  0.84249E+00  0.65353E+02    0.48750E+00  0.48750E+00 -0.97500E+00  0.00000E+00  0.00000E+00  0.00000E+00    0.18960E+02  0.18974E+02 -0.37933E+02 -0.22902E+01  0.17565E+01  0.18334E+02      982.00
  0.86425E+00  0.65358E+02    0.50000E+00  0.50000E+00 -0.10000E+01  0.00000E+00  0.00000E+00  0.00000E+00    0.18987E+02  0.18957E+02 -0.37943E+02 -0.22716E+01  0.17467E+01  0.18327E+02      982.00
