          Evm          Svm            E11          E22          E33          E23          E13          E12         SDEV11       SDEV22       SDEV33       SDEV23       SDEV13       SDEV12      TEMP
  0.00000E+00  0.58807E+02    0.00000E+00  0.00000E+00  0.00000E+00  0.00000E+00  0.00000E+00  0.00000E+00    0.15387E+02  0.22332E+02 -0.37718E+02 -0.51121E+01  0.35668E+01  0.59014E+01      982.00
  0.24052E-01  0.58898E+02    0.12500E-01  0.12500E-01 -0.25000E-01  0.00000E+00  0.00000E+00  0.00000E+00    0.16029E+02  0.21732E+02 -0.37761E+02 -0.51226E+01  0.37693E+01  0.61938E+01      982.00
  0.48094E-01  0.59123E+02    0.25000E-01  0.25000E-01 -0.50000E-01  0.00000E+00  0.00000E+00  0.00000E+00    0.16797E+02  0.21068E+02 -0.37865E+02 -0.50966E+01  0.40196E+01  0.65691E+01      982.00
  0.72111E-01  0.59408E+02    0.37500E-01  0.37500E-01 -0.75000E-01  0.00000E+00  0.00000E+00  0.00000E+00    0.17620E+02  0.20360E+02 -0.37981E+02 -0.50246E+01  0.42918E+01  0.69996E+01      982.00
  0.96085E-01  0.59661E+02    0.50000E-01  0.50000E-01 -0.10000E+00  0.00000E+00  0.00000E+00  0.00000E+00    0.18370E+02  0.19699E+02 -0.38069E+02 -0.49025E+01  0.44877E+01  0.74111E+01      982.00
  0.12001E+00  0.59868E+02    0.62500E-01  0.62500E-01 -0.12500E+00  0.00000E+00  0.00000E+00  0.00000E+00    0.18985E+02  0.19154E+02 -0.38139E+02 -0.47320E+01  0.45484E+01  0.77893E+01      982.00
  0.14390E+00  0.60047E+02    0.75000E-01  0.75000E-01 -0.15000E+00  0.00000E+00  0.00000E+00  0.00000E+00    0.19472E+02  0.18732E+02 -0.38204E+02 -0.45219E+01  0.44845E+01  0.81572E+01      982.00
  0.16776E+00  0.60217E+02    0.87500E-01  0.87500E-01 -0.17500E+00  0.00000E+00  0.00000E+00  0.00000E+00    0.19854E+02  0.18414E+02 -0.38268E+02 -0.42836E+01  0.43291E+01  0.85299E+01      982.00
  0.19159E+00  0.60390E+02    0.10000E+00  0.10000E+00 -0.20000E+00  0.00000E+00  0.00000E+00  0.00000E+00    0.20155E+02  0.18178E+02 -0.38334E+02 -0.40306E+01  0.41115E+01  0.89106E+01      982.00
  0.21540E+00  0.60577E+02    0.11250E+00  0.11250E+00 -0.22500E+00  0.00000E+00  0.00000E+00  0.00000E+00    0.20414E+02  0.17989E+02 -0.38403E+02 -0.37628E+01  0.38616E+01  0.93036E+01      982.00
  0.23917E+00  0.60782E+02    0.12500E+00  0.12500E+00 -0.25000E+00  0.00000E+00  0.00000E+00  0.00000E+00    0.20633E+02  0.17843E+02 -0.38476E+02 -0.34938E+01  0.35907E+01  0.97020E+01      982.00
  0.26291E+00  0.61005E+02    0.13750E+00  0.13750E+00 -0.27500E+00  0.00000E+00  0.00000E+00  0.00000E+00    0.20838E+02  0.17715E+02 -0.38553E+02 -0.32165E+01  0.33106E+01  0.10102E+02      982.00
  0.28661E+00  0.61248E+02    0.15000E+00  0.15000E+00 -0.30000E+00  0.00000E+00  0.00000E+00  0.00000E+00    0.21022E+02  0.17612E+02 -0.38634E+02 -0.29481E+01  0.30276E+01  0.10499E+02      982.00
  0.31026E+00  0.61508E+02    0.16250E+00  0.16250E+00 -0.32500E+00  0.00000E+00  0.00000E+00  0.00000E+00    0.21194E+02  0.17524E+02 -0.38718E+02 -0.26857E+01  0.27472E+01  0.10890E+02      982.00
  0.33387E+00  0.61781E+02    0.17500E+00  0.17500E+00 -0.35000E+00  0.00000E+00  0.00000E+00  0.00000E+00    0.21354E+02  0.17451E+02 -0.38805E+02 -0.24341E+01  0.24749E+01  0.11272E+02      982.00
  0.35742E+00  0.62062E+02    0.18750E+00  0.18750E+00 -0.37500E+00  0.00000E+00  0.00000E+00  0.00000E+00    0.21506E+02  0.17387E+02 -0.38893E+02 -0.21908E+01  0.22136E+01  0.11639E+02      982.00
  0.38092E+00  0.62353E+02    0.20000E+00  0.20000E+00 -0.40000E+00  0.00000E+00  0.00000E+00  0.00000E+00    0.21635E+02  0.17346E+02 -0.38981E+02 -0.19791E+01  0.19738E+01  0.11997E+02      982.00
  0.40437E+00  0.62641E+02    0.21250E+00  0.21250E+00 -0.42500E+00  0.00000E+00  0.00000E+00  0.00000E+00    0.21747E+02  0.17318E+02 -0.39066E+02 -0.17887E+01  0.17561E+01  0.12337E+02      982.00
  0.42775E+00  0.62937E+02    0.22500E+00  0.22500E+00 -0.45000E+00  0.00000E+00  0.00000E+00  0.00000E+00    0.21841E+02  0.17310E+02 -0.39151E+02 -0.16214E+01  0.15592E+01  0.12672E+02      982.00
  0.45108E+00  0.63232E+02    0.23750E+00  0.23750E+00 -0.47500E+00  0.00000E+00  0.00000E+00  0.00000E+00    0.21912E+02  0.17320E+02 -0.39232E+02 -0.14972E+01  0.13955E+01  0.12998E+02      982.00
  0.47435E+00  0.63529E+02    0.25000E+00  0.25000E+00 -0.50000E+00  0.00000E+00  0.00000E+00  0.00000E+00    0.21968E+02  0.17343E+02 -0.39311E+02 -0.13875E+01  0.12477E+01  0.13323E+02      982.00
  0.49755E+00  0.63814E+02    0.26250E+00  0.26250E+00 -0.52500E+00  0.00000E+00  0.00000E+00  0.00000E+00    0.22011E+02  0.17371E+02 -0.39382E+02 -0.13159E+01  0.11352E+01  0.13630E+02      982.00
  0.52069E+00  0.64070E+02    0.27500E+00  0.27500E+00 -0.55000E+00  0.00000E+00  0.00000E+00  0.00000E+00    0.22050E+02  0.17391E+02 -0.39441E+02 -0.12751E+01  0.10559E+01  0.13908E+02      982.00
  0.54378E+00  0.64337E+02    0.28750E+00  0.28750E+00 -0.57500E+00  0.00000E+00  0.00000E+00  0.00000E+00    0.22080E+02  0.17423E+02 -0.39503E+02 -0.12307E+01  0.98110E+00  0.14195E+02      982.00
  0.56680E+00  0.64611E+02    0.30000E+00  0.30000E+00 -0.60000E+00  0.00000E+00  0.00000E+00  0.00000E+00    0.22108E+02  0.17454E+02 -0.39561E+02 -0.12024E+01  0.92237E+00  0.14491E+02      982.00
  0.58976E+00  0.64852E+02    0.31250E+00  0.31250E+00 -0.62500E+00  0.00000E+00  0.00000E+00  0.00000E+00    0.22140E+02  0.17468E+02 -0.39608E+02 -0.11927E+01  0.88788E+00  0.14754E+02      982.00
  0.61267E+00  0.65082E+02    0.32500E+00  0.32500E+00 -0.65000E+00  0.00000E+00  0.00000E+00  0.00000E+00    0.22178E+02  0.17471E+02 -0.39649E+02 -0.11923E+01  0.86770E+00  0.15004E+02      982.00
  0.63551E+00  0.65297E+02    0.33750E+00  0.33750E+00 -0.67500E+00  0.00000E+00  0.00000E+00  0.00000E+00    0.22218E+02  0.17466E+02 -0.39684E+02 -0.11987E+01  0.85929E+00  0.15241E+02      982.00
  0.65830E+00  0.65531E+02    0.35000E+00  0.35000E+00 -0.70000E+00  0.00000E+00  0.00000E+00  0.00000E+00    0.22266E+02  0.17454E+02 -0.39721E+02 -0.12131E+01  0.86303E+00  0.15497E+02      982.00
  0.68103E+00  0.65719E+02    0.36250E+00  0.36250E+00 -0.72500E+00  0.00000E+00  0.00000E+00  0.00000E+00    0.22315E+02  0.17431E+02 -0.39746E+02 -0.12307E+01  0.87448E+00  0.15704E+02      982.00
  0.70371E+00  0.65892E+02    0.37500E+00  0.37500E+00 -0.75000E+00  0.00000E+00  0.00000E+00  0.00000E+00    0.22366E+02  0.17401E+02 -0.39767E+02 -0.12519E+01  0.89074E+00  0.15896E+02      982.00
  0.72635E+00  0.66028E+02    0.38750E+00  0.38750E+00 -0.77500E+00  0.00000E+00  0.00000E+00  0.00000E+00    0.22408E+02  0.17372E+02 -0.39780E+02 -0.12708E+01  0.90171E+00  0.16050E+02      982.00
  0.74894E+00  0.66177E+02    0.40000E+00  0.40000E+00 -0.80000E+00  0.00000E+00  0.00000E+00  0.00000E+00    0.22458E+02  0.17336E+02 -0.39795E+02 -0.12946E+01  0.91999E+00  0.16217E+02      982.00
  0.77149E+00  0.66316E+02    0.41250E+00  0.41250E+00 -0.82500E+00  0.00000E+00  0.00000E+00  0.00000E+00    0.22510E+02  0.17297E+02 -0.39807E+02 -0.13227E+01  0.94179E+00  0.16372E+02      982.00
  0.79400E+00  0.66444E+02    0.42500E+00  0.42500E+00 -0.85000E+00  0.00000E+00  0.00000E+00  0.00000E+00    0.22567E+02  0.17253E+02 -0.39820E+02 -0.13509E+01  0.96838E+00  0.16509E+02      982.00
  0.81647E+00  0.66540E+02    0.43750E+00  0.43750E+00 -0.87500E+00  0.00000E+00  0.00000E+00  0.00000E+00    0.22598E+02  0.17222E+02 -0.39821E+02 -0.13807E+01  0.98112E+00  0.16629E+02      982.00
  0.83891E+00  0.66669E+02    0.45000E+00  0.45000E+00 -0.90000E+00  0.00000E+00  0.00000E+00  0.00000E+00    0.22667E+02  0.17167E+02 -0.39834E+02 -0.14146E+01  0.10121E+01  0.16760E+02      982.00
  0.86132E+00  0.66752E+02    0.46250E+00  0.46250E+00 -0.92500E+00  0.00000E+00  0.00000E+00  0.00000E+00    0.22704E+02  0.17131E+02 -0.39836E+02 -0.14427E+01  0.10288E+01  0.16858E+02      982.00
  0.88370E+00  0.66859E+02    0.47500E+00  0.47500E+00 -0.95000E+00  0.00000E+00  0.00000E+00  0.00000E+00    0.22766E+02  0.17076E+02 -0.39842E+02 -0.14793E+01  0.10549E+01  0.16973E+02      982.00
  0.90605E+00  0.66929E+02    0.48750E+00  0.48750E+00 -0.97500E+00  0.00000E+00  0.00000E+00  0.00000E+00    0.22801E+02  0.17042E+02 -0.39842E+02 -0.15058E+01  0.10692E+01  0.17056E+02      982.00
  0.92837E+00  0.67018E+02    0.50000E+00  0.50000E+00 -0.10000E+01  0.00000E+00  0.00000E+00  0.00000E+00    0.22859E+02  0.16987E+02 -0.39846E+02 -0.15427E+01  0.10930E+01  0.17151E+02      982.00
