          Evm          Svm            E11          E22          E33          E23          E13          E12         SDEV11       SDEV22       SDEV33       SDEV23       SDEV13       SDEV12      TEMP
  0.00000E+00  0.62927E+02    0.00000E+00  0.00000E+00  0.00000E+00  0.00000E+00  0.00000E+00  0.00000E+00    0.21353E+02  0.18492E+02 -0.39845E+02 -0.43427E+01  0.49604E+01  0.91510E+01      982.00
  0.23744E-01  0.62943E+02    0.12500E-01  0.12500E-01 -0.25000E-01  0.00000E+00  0.00000E+00  0.00000E+00    0.20970E+02  0.18867E+02 -0.39837E+02 -0.44786E+01  0.48450E+01  0.92586E+01      982.00
  0.47478E-01  0.62968E+02    0.25000E-01  0.25000E-01 -0.50000E-01  0.00000E+00  0.00000E+00  0.00000E+00    0.20716E+02  0.19125E+02 -0.39841E+02 -0.45003E+01  0.47363E+01  0.93749E+01      982.00
  0.71205E-01  0.63015E+02    0.37500E-01  0.37500E-01 -0.75000E-01  0.00000E+00  0.00000E+00  0.00000E+00    0.20554E+02  0.19302E+02 -0.39856E+02 -0.44576E+01  0.46165E+01  0.95232E+01      982.00
  0.94923E-01  0.63093E+02    0.50000E-01  0.50000E-01 -0.10000E+00  0.00000E+00  0.00000E+00  0.00000E+00    0.20465E+02  0.19419E+02 -0.39885E+02 -0.43732E+01  0.44905E+01  0.97086E+01      982.00
  0.11863E+00  0.63208E+02    0.62500E-01  0.62500E-01 -0.12500E+00  0.00000E+00  0.00000E+00  0.00000E+00    0.20437E+02  0.19494E+02 -0.39931E+02 -0.42618E+01  0.43606E+01  0.99238E+01      982.00
  0.14232E+00  0.63342E+02    0.75000E-01  0.75000E-01 -0.15000E+00  0.00000E+00  0.00000E+00  0.00000E+00    0.20449E+02  0.19529E+02 -0.39979E+02 -0.41257E+01  0.42219E+01  0.10179E+02      982.00
  0.16599E+00  0.63489E+02    0.87500E-01  0.87500E-01 -0.17500E+00  0.00000E+00  0.00000E+00  0.00000E+00    0.20496E+02  0.19530E+02 -0.40027E+02 -0.39916E+01  0.41031E+01  0.10442E+02      982.00
  0.18963E+00  0.63656E+02    0.10000E+00  0.10000E+00 -0.20000E+00  0.00000E+00  0.00000E+00  0.00000E+00    0.20557E+02  0.19521E+02 -0.40078E+02 -0.38578E+01  0.39830E+01  0.10722E+02      982.00
  0.21324E+00  0.63831E+02    0.11250E+00  0.11250E+00 -0.22500E+00  0.00000E+00  0.00000E+00  0.00000E+00    0.20621E+02  0.19509E+02 -0.40130E+02 -0.37348E+01  0.38709E+01  0.11003E+02      982.00
  0.23682E+00  0.64019E+02    0.12500E+00  0.12500E+00 -0.25000E+00  0.00000E+00  0.00000E+00  0.00000E+00    0.20688E+02  0.19493E+02 -0.40181E+02 -0.36168E+01  0.37625E+01  0.11299E+02      982.00
  0.26035E+00  0.64213E+02    0.13750E+00  0.13750E+00 -0.27500E+00  0.00000E+00  0.00000E+00  0.00000E+00    0.20761E+02  0.19469E+02 -0.40230E+02 -0.35023E+01  0.36600E+01  0.11599E+02      982.00
  0.28385E+00  0.64410E+02    0.15000E+00  0.15000E+00 -0.30000E+00  0.00000E+00  0.00000E+00  0.00000E+00    0.20834E+02  0.19442E+02 -0.40275E+02 -0.33941E+01  0.35644E+01  0.11899E+02      982.00
  0.30730E+00  0.64600E+02    0.16250E+00  0.16250E+00 -0.32500E+00  0.00000E+00  0.00000E+00  0.00000E+00    0.20901E+02  0.19412E+02 -0.40313E+02 -0.32923E+01  0.34754E+01  0.12195E+02      982.00
  0.33070E+00  0.64786E+02    0.17500E+00  0.17500E+00 -0.35000E+00  0.00000E+00  0.00000E+00  0.00000E+00    0.20962E+02  0.19383E+02 -0.40345E+02 -0.31938E+01  0.33897E+01  0.12489E+02      982.00
  0.35405E+00  0.64959E+02    0.18750E+00  0.18750E+00 -0.37500E+00  0.00000E+00  0.00000E+00  0.00000E+00    0.21019E+02  0.19349E+02 -0.40368E+02 -0.30955E+01  0.33062E+01  0.12774E+02      982.00
  0.37735E+00  0.65123E+02    0.20000E+00  0.20000E+00 -0.40000E+00  0.00000E+00  0.00000E+00  0.00000E+00    0.21059E+02  0.19323E+02 -0.40382E+02 -0.29999E+01  0.32229E+01  0.13058E+02      982.00
  0.40061E+00  0.65272E+02    0.21250E+00  0.21250E+00 -0.42500E+00  0.00000E+00  0.00000E+00  0.00000E+00    0.21091E+02  0.19297E+02 -0.40388E+02 -0.28984E+01  0.31339E+01  0.13331E+02      982.00
  0.42381E+00  0.65412E+02    0.22500E+00  0.22500E+00 -0.45000E+00  0.00000E+00  0.00000E+00  0.00000E+00    0.21109E+02  0.19278E+02 -0.40387E+02 -0.27887E+01  0.30353E+01  0.13605E+02      982.00
  0.44696E+00  0.65541E+02    0.23750E+00  0.23750E+00 -0.47500E+00  0.00000E+00  0.00000E+00  0.00000E+00    0.21105E+02  0.19271E+02 -0.40375E+02 -0.26761E+01  0.29309E+01  0.13880E+02      982.00
  0.47006E+00  0.65644E+02    0.25000E+00  0.25000E+00 -0.50000E+00  0.00000E+00  0.00000E+00  0.00000E+00    0.21082E+02  0.19273E+02 -0.40356E+02 -0.25585E+01  0.28173E+01  0.14129E+02      982.00
  0.49312E+00  0.65732E+02    0.26250E+00  0.26250E+00 -0.52500E+00  0.00000E+00  0.00000E+00  0.00000E+00    0.21046E+02  0.19283E+02 -0.40330E+02 -0.24418E+01  0.27021E+01  0.14364E+02      982.00
  0.51613E+00  0.65813E+02    0.27500E+00  0.27500E+00 -0.55000E+00  0.00000E+00  0.00000E+00  0.00000E+00    0.20998E+02  0.19303E+02 -0.40301E+02 -0.23038E+01  0.25635E+01  0.14595E+02      982.00
  0.53909E+00  0.65890E+02    0.28750E+00  0.28750E+00 -0.57500E+00  0.00000E+00  0.00000E+00  0.00000E+00    0.20945E+02  0.19327E+02 -0.40272E+02 -0.21629E+01  0.24213E+01  0.14819E+02      982.00
  0.56201E+00  0.65955E+02    0.30000E+00  0.30000E+00 -0.60000E+00  0.00000E+00  0.00000E+00  0.00000E+00    0.20878E+02  0.19365E+02 -0.40243E+02 -0.20065E+01  0.22588E+01  0.15025E+02      982.00
  0.58489E+00  0.66017E+02    0.31250E+00  0.31250E+00 -0.62500E+00  0.00000E+00  0.00000E+00  0.00000E+00    0.20803E+02  0.19413E+02 -0.40216E+02 -0.18462E+01  0.20886E+01  0.15216E+02      982.00
  0.60773E+00  0.66083E+02    0.32500E+00  0.32500E+00 -0.65000E+00  0.00000E+00  0.00000E+00  0.00000E+00    0.20732E+02  0.19461E+02 -0.40193E+02 -0.16917E+01  0.19253E+01  0.15398E+02      982.00
  0.63054E+00  0.66144E+02    0.33750E+00  0.33750E+00 -0.67500E+00  0.00000E+00  0.00000E+00  0.00000E+00    0.20653E+02  0.19521E+02 -0.40174E+02 -0.15416E+01  0.17605E+01  0.15560E+02      982.00
  0.65332E+00  0.66201E+02    0.35000E+00  0.35000E+00 -0.70000E+00  0.00000E+00  0.00000E+00  0.00000E+00    0.20565E+02  0.19593E+02 -0.40158E+02 -0.14029E+01  0.16004E+01  0.15704E+02      982.00
  0.67607E+00  0.66267E+02    0.36250E+00  0.36250E+00 -0.72500E+00  0.00000E+00  0.00000E+00  0.00000E+00    0.20488E+02  0.19659E+02 -0.40147E+02 -0.12876E+01  0.14667E+01  0.15842E+02      982.00
  0.69879E+00  0.66337E+02    0.37500E+00  0.37500E+00 -0.75000E+00  0.00000E+00  0.00000E+00  0.00000E+00    0.20418E+02  0.19720E+02 -0.40138E+02 -0.11969E+01  0.13589E+01  0.15974E+02      982.00
  0.72148E+00  0.66401E+02    0.38750E+00  0.38750E+00 -0.77500E+00  0.00000E+00  0.00000E+00  0.00000E+00    0.20341E+02  0.19791E+02 -0.40132E+02 -0.11221E+01  0.12602E+01  0.16089E+02      982.00
  0.74414E+00  0.66474E+02    0.40000E+00  0.40000E+00 -0.80000E+00  0.00000E+00  0.00000E+00  0.00000E+00    0.20278E+02  0.19850E+02 -0.40128E+02 -0.10717E+01  0.11914E+01  0.16206E+02      982.00
  0.76678E+00  0.66546E+02    0.41250E+00  0.41250E+00 -0.82500E+00  0.00000E+00  0.00000E+00  0.00000E+00    0.20222E+02  0.19900E+02 -0.40121E+02 -0.10424E+01  0.11459E+01  0.16322E+02      982.00
  0.78939E+00  0.66609E+02    0.42500E+00  0.42500E+00 -0.85000E+00  0.00000E+00  0.00000E+00  0.00000E+00    0.20159E+02  0.19959E+02 -0.40118E+02 -0.10250E+01  0.11051E+01  0.16418E+02      982.00
  0.81197E+00  0.66682E+02    0.43750E+00  0.43750E+00 -0.87500E+00  0.00000E+00  0.00000E+00  0.00000E+00    0.20109E+02  0.20004E+02 -0.40114E+02 -0.10226E+01  0.10856E+01  0.16526E+02      982.00
  0.83453E+00  0.66752E+02    0.45000E+00  0.45000E+00 -0.90000E+00  0.00000E+00  0.00000E+00  0.00000E+00    0.20063E+02  0.20045E+02 -0.40108E+02 -0.10306E+01  0.10776E+01  0.16630E+02      982.00
  0.85706E+00  0.66821E+02    0.46250E+00  0.46250E+00 -0.92500E+00  0.00000E+00  0.00000E+00  0.00000E+00    0.20021E+02  0.20083E+02 -0.40104E+02 -0.10470E+01  0.10781E+01  0.16729E+02      982.00
  0.87957E+00  0.66887E+02    0.47500E+00  0.47500E+00 -0.95000E+00  0.00000E+00  0.00000E+00  0.00000E+00    0.19973E+02  0.20127E+02 -0.40100E+02 -0.10731E+01  0.10823E+01  0.16821E+02      982.00
  0.90205E+00  0.66951E+02    0.48750E+00  0.48750E+00 -0.97500E+00  0.00000E+00  0.00000E+00  0.00000E+00    0.19937E+02  0.20156E+02 -0.40092E+02 -0.11027E+01  0.10961E+01  0.16917E+02      982.00
  0.92451E+00  0.67011E+02    0.50000E+00  0.50000E+00 -0.10000E+01  0.00000E+00  0.00000E+00  0.00000E+00    0.19903E+02  0.20180E+02 -0.40083E+02 -0.11351E+01  0.11142E+01  0.17009E+02      982.00
