          Evm          Svm            E11          E22          E33          E23          E13          E12         SDEV11       SDEV22       SDEV33       SDEV23       SDEV13       SDEV12      TEMP
  0.00000E+00  0.57192E+02    0.00000E+00  0.00000E+00  0.00000E+00  0.00000E+00  0.00000E+00  0.00000E+00    0.22029E+02  0.14310E+02 -0.36339E+02 -0.23725E+01  0.40537E+01  0.79359E+01      982.00
  0.23827E-01  0.57053E+02    0.12500E-01  0.12500E-01 -0.25000E-01  0.00000E+00  0.00000E+00  0.00000E+00    0.21559E+02  0.14728E+02 -0.36287E+02 -0.22959E+01  0.38165E+01  0.81211E+01      982.00
  0.47678E-01  0.57049E+02    0.25000E-01  0.25000E-01 -0.50000E-01  0.00000E+00  0.00000E+00  0.00000E+00    0.21072E+02  0.15235E+02 -0.36308E+02 -0.22704E+01  0.35662E+01  0.83537E+01      982.00
  0.71544E-01  0.57163E+02    0.37500E-01  0.37500E-01 -0.75000E-01  0.00000E+00  0.00000E+00  0.00000E+00    0.20566E+02  0.15821E+02 -0.36387E+02 -0.22843E+01  0.32927E+01  0.86320E+01      982.00
  0.95414E-01  0.57372E+02    0.50000E-01  0.50000E-01 -0.10000E+00  0.00000E+00  0.00000E+00  0.00000E+00    0.20065E+02  0.16440E+02 -0.36505E+02 -0.23343E+01  0.30239E+01  0.89351E+01      982.00
  0.11927E+00  0.57648E+02    0.62500E-01  0.62500E-01 -0.12500E+00  0.00000E+00  0.00000E+00  0.00000E+00    0.19610E+02  0.17035E+02 -0.36645E+02 -0.24074E+01  0.27906E+01  0.92406E+01      982.00
  0.14311E+00  0.57980E+02    0.75000E-01  0.75000E-01 -0.15000E+00  0.00000E+00  0.00000E+00  0.00000E+00    0.19217E+02  0.17585E+02 -0.36802E+02 -0.24900E+01  0.25969E+01  0.95471E+01      982.00
  0.16692E+00  0.58366E+02    0.87500E-01  0.87500E-01 -0.17500E+00  0.00000E+00  0.00000E+00  0.00000E+00    0.18894E+02  0.18084E+02 -0.36978E+02 -0.25748E+01  0.24407E+01  0.98609E+01      982.00
  0.19067E+00  0.58804E+02    0.10000E+00  0.10000E+00 -0.20000E+00  0.00000E+00  0.00000E+00  0.00000E+00    0.18643E+02  0.18530E+02 -0.37173E+02 -0.26591E+01  0.23211E+01  0.10188E+02      982.00
  0.21438E+00  0.59281E+02    0.11250E+00  0.11250E+00 -0.22500E+00  0.00000E+00  0.00000E+00  0.00000E+00    0.18462E+02  0.18918E+02 -0.37380E+02 -0.27446E+01  0.22444E+01  0.10529E+02      982.00
  0.23802E+00  0.59779E+02    0.12500E+00  0.12500E+00 -0.25000E+00  0.00000E+00  0.00000E+00  0.00000E+00    0.18327E+02  0.19259E+02 -0.37586E+02 -0.28438E+01  0.22110E+01  0.10884E+02      982.00
  0.26160E+00  0.60248E+02    0.13750E+00  0.13750E+00 -0.27500E+00  0.00000E+00  0.00000E+00  0.00000E+00    0.18236E+02  0.19533E+02 -0.37769E+02 -0.29463E+01  0.22138E+01  0.11229E+02      982.00
  0.28511E+00  0.60663E+02    0.15000E+00  0.15000E+00 -0.30000E+00  0.00000E+00  0.00000E+00  0.00000E+00    0.18199E+02  0.19726E+02 -0.37925E+02 -0.30109E+01  0.22202E+01  0.11549E+02      982.00
  0.30855E+00  0.61038E+02    0.16250E+00  0.16250E+00 -0.32500E+00  0.00000E+00  0.00000E+00  0.00000E+00    0.18211E+02  0.19856E+02 -0.38067E+02 -0.30213E+01  0.22017E+01  0.11849E+02      982.00
  0.33194E+00  0.61404E+02    0.17500E+00  0.17500E+00 -0.35000E+00  0.00000E+00  0.00000E+00  0.00000E+00    0.18267E+02  0.19943E+02 -0.38209E+02 -0.29812E+01  0.21528E+01  0.12150E+02      982.00
  0.35528E+00  0.61742E+02    0.18750E+00  0.18750E+00 -0.37500E+00  0.00000E+00  0.00000E+00  0.00000E+00    0.18371E+02  0.19970E+02 -0.38341E+02 -0.28800E+01  0.21045E+01  0.12442E+02      982.00
  0.37856E+00  0.62073E+02    0.20000E+00  0.20000E+00 -0.40000E+00  0.00000E+00  0.00000E+00  0.00000E+00    0.18478E+02  0.19986E+02 -0.38464E+02 -0.27562E+01  0.20591E+01  0.12740E+02      982.00
  0.40180E+00  0.62394E+02    0.21250E+00  0.21250E+00 -0.42500E+00  0.00000E+00  0.00000E+00  0.00000E+00    0.18587E+02  0.19991E+02 -0.38579E+02 -0.26244E+01  0.20082E+01  0.13039E+02      982.00
  0.42499E+00  0.62706E+02    0.22500E+00  0.22500E+00 -0.45000E+00  0.00000E+00  0.00000E+00  0.00000E+00    0.18698E+02  0.19986E+02 -0.38684E+02 -0.24876E+01  0.19622E+01  0.13338E+02      982.00
  0.44812E+00  0.63007E+02    0.23750E+00  0.23750E+00 -0.47500E+00  0.00000E+00  0.00000E+00  0.00000E+00    0.18811E+02  0.19969E+02 -0.38780E+02 -0.23518E+01  0.19282E+01  0.13630E+02      982.00
  0.47120E+00  0.63296E+02    0.25000E+00  0.25000E+00 -0.50000E+00  0.00000E+00  0.00000E+00  0.00000E+00    0.18916E+02  0.19951E+02 -0.38867E+02 -0.22211E+01  0.19060E+01  0.13917E+02      982.00
  0.49423E+00  0.63571E+02    0.26250E+00  0.26250E+00 -0.52500E+00  0.00000E+00  0.00000E+00  0.00000E+00    0.19016E+02  0.19928E+02 -0.38944E+02 -0.20982E+01  0.18979E+01  0.14193E+02      982.00
  0.51720E+00  0.63837E+02    0.27500E+00  0.27500E+00 -0.55000E+00  0.00000E+00  0.00000E+00  0.00000E+00    0.19092E+02  0.19921E+02 -0.39012E+02 -0.19858E+01  0.18981E+01  0.14465E+02      982.00
  0.54012E+00  0.64087E+02    0.28750E+00  0.28750E+00 -0.57500E+00  0.00000E+00  0.00000E+00  0.00000E+00    0.19156E+02  0.19916E+02 -0.39072E+02 -0.18835E+01  0.19083E+01  0.14723E+02      982.00
  0.56298E+00  0.64327E+02    0.30000E+00  0.30000E+00 -0.60000E+00  0.00000E+00  0.00000E+00  0.00000E+00    0.19188E+02  0.19935E+02 -0.39123E+02 -0.17973E+01  0.19249E+01  0.14976E+02      982.00
  0.58579E+00  0.64546E+02    0.31250E+00  0.31250E+00 -0.62500E+00  0.00000E+00  0.00000E+00  0.00000E+00    0.19206E+02  0.19961E+02 -0.39167E+02 -0.17222E+01  0.19442E+01  0.15209E+02      982.00
  0.60854E+00  0.64773E+02    0.32500E+00  0.32500E+00 -0.65000E+00  0.00000E+00  0.00000E+00  0.00000E+00    0.19205E+02  0.20005E+02 -0.39210E+02 -0.16468E+01  0.19621E+01  0.15451E+02      982.00
  0.63124E+00  0.65010E+02    0.33750E+00  0.33750E+00 -0.67500E+00  0.00000E+00  0.00000E+00  0.00000E+00    0.19167E+02  0.20084E+02 -0.39251E+02 -0.15887E+01  0.19807E+01  0.15704E+02      982.00
  0.65389E+00  0.65171E+02    0.35000E+00  0.35000E+00 -0.70000E+00  0.00000E+00  0.00000E+00  0.00000E+00    0.19098E+02  0.20173E+02 -0.39271E+02 -0.15756E+01  0.19919E+01  0.15885E+02      982.00
  0.67648E+00  0.65346E+02    0.36250E+00  0.36250E+00 -0.72500E+00  0.00000E+00  0.00000E+00  0.00000E+00    0.19034E+02  0.20258E+02 -0.39292E+02 -0.15635E+01  0.20049E+01  0.16082E+02      982.00
  0.69903E+00  0.65519E+02    0.37500E+00  0.37500E+00 -0.75000E+00  0.00000E+00  0.00000E+00  0.00000E+00    0.18946E+02  0.20366E+02 -0.39313E+02 -0.15566E+01  0.20084E+01  0.16273E+02      982.00
  0.72153E+00  0.65689E+02    0.38750E+00  0.38750E+00 -0.77500E+00  0.00000E+00  0.00000E+00  0.00000E+00    0.18857E+02  0.20475E+02 -0.39332E+02 -0.15563E+01  0.20096E+01  0.16461E+02      982.00
  0.74399E+00  0.65841E+02    0.40000E+00  0.40000E+00 -0.80000E+00  0.00000E+00  0.00000E+00  0.00000E+00    0.18749E+02  0.20599E+02 -0.39348E+02 -0.15675E+01  0.20025E+01  0.16629E+02      982.00
  0.76640E+00  0.65992E+02    0.41250E+00  0.41250E+00 -0.82500E+00  0.00000E+00  0.00000E+00  0.00000E+00    0.18639E+02  0.20723E+02 -0.39362E+02 -0.15841E+01  0.19934E+01  0.16794E+02      982.00
  0.78876E+00  0.66126E+02    0.42500E+00  0.42500E+00 -0.85000E+00  0.00000E+00  0.00000E+00  0.00000E+00    0.18524E+02  0.20852E+02 -0.39376E+02 -0.16058E+01  0.19782E+01  0.16937E+02      982.00
  0.81109E+00  0.66252E+02    0.43750E+00  0.43750E+00 -0.87500E+00  0.00000E+00  0.00000E+00  0.00000E+00    0.18409E+02  0.20980E+02 -0.39389E+02 -0.16295E+01  0.19607E+01  0.17069E+02      982.00
  0.83339E+00  0.66371E+02    0.45000E+00  0.45000E+00 -0.90000E+00  0.00000E+00  0.00000E+00  0.00000E+00    0.18298E+02  0.21105E+02 -0.39402E+02 -0.16538E+01  0.19421E+01  0.17189E+02      982.00
  0.85565E+00  0.66482E+02    0.46250E+00  0.46250E+00 -0.92500E+00  0.00000E+00  0.00000E+00  0.00000E+00    0.18191E+02  0.21224E+02 -0.39416E+02 -0.16774E+01  0.19233E+01  0.17299E+02      982.00
  0.87788E+00  0.66577E+02    0.47500E+00  0.47500E+00 -0.95000E+00  0.00000E+00  0.00000E+00  0.00000E+00    0.18083E+02  0.21344E+02 -0.39427E+02 -0.17053E+01  0.19009E+01  0.17391E+02      982.00
  0.90009E+00  0.66675E+02    0.48750E+00  0.48750E+00 -0.97500E+00  0.00000E+00  0.00000E+00  0.00000E+00    0.17991E+02  0.21450E+02 -0.39441E+02 -0.17253E+01  0.18833E+01  0.17483E+02      982.00
  0.92227E+00  0.66766E+02    0.50000E+00  0.50000E+00 -0.10000E+01  0.00000E+00  0.00000E+00  0.00000E+00    0.17906E+02  0.21549E+02 -0.39455E+02 -0.17427E+01  0.18675E+01  0.17565E+02      982.00
