          Evm          Svm            E11          E22          E33          E23          E13          E12         SDEV11       SDEV22       SDEV33       SDEV23       SDEV13       SDEV12      TEMP
  0.00000E+00  0.62621E+02    0.00000E+00  0.00000E+00  0.00000E+00  0.00000E+00  0.00000E+00  0.00000E+00    0.18217E+02  0.21366E+02 -0.39583E+02 -0.50474E+01 -0.51848E+01 -0.87846E+01      982.00
  0.23704E-01  0.62480E+02    0.12500E-01  0.12500E-01 -0.25000E-01  0.00000E+00  0.00000E+00  0.00000E+00    0.18318E+02  0.21283E+02 -0.39602E+02 -0.49793E+01 -0.50921E+01 -0.84905E+01      982.00
  0.47473E-01  0.62441E+02    0.25000E-01  0.25000E-01 -0.50000E-01  0.00000E+00  0.00000E+00  0.00000E+00    0.18402E+02  0.21256E+02 -0.39658E+02 -0.49490E+01 -0.50428E+01 -0.82540E+01      982.00
  0.71290E-01  0.62475E+02    0.37500E-01  0.37500E-01 -0.75000E-01  0.00000E+00  0.00000E+00  0.00000E+00    0.18481E+02  0.21260E+02 -0.39741E+02 -0.49366E+01 -0.50148E+01 -0.80666E+01      982.00
  0.95144E-01  0.62555E+02    0.50000E-01  0.50000E-01 -0.10000E+00  0.00000E+00  0.00000E+00  0.00000E+00    0.18552E+02  0.21283E+02 -0.39835E+02 -0.49326E+01 -0.49997E+01 -0.79401E+01      982.00
  0.11902E+00  0.62705E+02    0.62500E-01  0.62500E-01 -0.12500E+00  0.00000E+00  0.00000E+00  0.00000E+00    0.18626E+02  0.21340E+02 -0.39966E+02 -0.49327E+01 -0.49869E+01 -0.78508E+01      982.00
  0.14293E+00  0.62940E+02    0.75000E-01  0.75000E-01 -0.15000E+00  0.00000E+00  0.00000E+00  0.00000E+00    0.18701E+02  0.21438E+02 -0.40139E+02 -0.49354E+01 -0.49716E+01 -0.78200E+01      982.00
  0.16684E+00  0.63181E+02    0.87500E-01  0.87500E-01 -0.17500E+00  0.00000E+00  0.00000E+00  0.00000E+00    0.18765E+02  0.21541E+02 -0.40306E+02 -0.49333E+01 -0.49517E+01 -0.78341E+01      982.00
  0.19076E+00  0.63433E+02    0.10000E+00  0.10000E+00 -0.20000E+00  0.00000E+00  0.00000E+00  0.00000E+00    0.18831E+02  0.21647E+02 -0.40478E+02 -0.49242E+01 -0.49268E+01 -0.78661E+01      982.00
  0.21469E+00  0.63707E+02    0.11250E+00  0.11250E+00 -0.22500E+00  0.00000E+00  0.00000E+00  0.00000E+00    0.18908E+02  0.21756E+02 -0.40664E+02 -0.49095E+01 -0.49015E+01 -0.79074E+01      982.00
  0.23863E+00  0.64018E+02    0.12500E+00  0.12500E+00 -0.25000E+00  0.00000E+00  0.00000E+00  0.00000E+00    0.18999E+02  0.21871E+02 -0.40870E+02 -0.48959E+01 -0.48798E+01 -0.79660E+01      982.00
  0.26257E+00  0.64346E+02    0.13750E+00  0.13750E+00 -0.27500E+00  0.00000E+00  0.00000E+00  0.00000E+00    0.19102E+02  0.21986E+02 -0.41088E+02 -0.48803E+01 -0.48579E+01 -0.80300E+01      982.00
  0.28652E+00  0.64700E+02    0.15000E+00  0.15000E+00 -0.30000E+00  0.00000E+00  0.00000E+00  0.00000E+00    0.19218E+02  0.22101E+02 -0.41320E+02 -0.48668E+01 -0.48384E+01 -0.81063E+01      982.00
  0.31046E+00  0.65026E+02    0.16250E+00  0.16250E+00 -0.32500E+00  0.00000E+00  0.00000E+00  0.00000E+00    0.19337E+02  0.22199E+02 -0.41536E+02 -0.48487E+01 -0.48171E+01 -0.81696E+01      982.00
  0.33442E+00  0.65342E+02    0.17500E+00  0.17500E+00 -0.35000E+00  0.00000E+00  0.00000E+00  0.00000E+00    0.19464E+02  0.22284E+02 -0.41748E+02 -0.48306E+01 -0.47971E+01 -0.82285E+01      982.00
  0.35838E+00  0.65656E+02    0.18750E+00  0.18750E+00 -0.37500E+00  0.00000E+00  0.00000E+00  0.00000E+00    0.19599E+02  0.22358E+02 -0.41958E+02 -0.48152E+01 -0.47795E+01 -0.82843E+01      982.00
  0.38234E+00  0.65944E+02    0.20000E+00  0.20000E+00 -0.40000E+00  0.00000E+00  0.00000E+00  0.00000E+00    0.19734E+02  0.22417E+02 -0.42152E+02 -0.47991E+01 -0.47619E+01 -0.83341E+01      982.00
  0.40631E+00  0.66231E+02    0.21250E+00  0.21250E+00 -0.42500E+00  0.00000E+00  0.00000E+00  0.00000E+00    0.19878E+02  0.22468E+02 -0.42345E+02 -0.47874E+01 -0.47454E+01 -0.83813E+01      982.00
  0.43029E+00  0.66454E+02    0.22500E+00  0.22500E+00 -0.45000E+00  0.00000E+00  0.00000E+00  0.00000E+00    0.19990E+02  0.22506E+02 -0.42497E+02 -0.47778E+01 -0.47273E+01 -0.84151E+01      982.00
  0.45427E+00  0.66702E+02    0.23750E+00  0.23750E+00 -0.47500E+00  0.00000E+00  0.00000E+00  0.00000E+00    0.20129E+02  0.22537E+02 -0.42666E+02 -0.47687E+01 -0.47091E+01 -0.84514E+01      982.00
  0.47826E+00  0.66922E+02    0.25000E+00  0.25000E+00 -0.50000E+00  0.00000E+00  0.00000E+00  0.00000E+00    0.20266E+02  0.22551E+02 -0.42817E+02 -0.47596E+01 -0.46904E+01 -0.84813E+01      982.00
  0.50225E+00  0.67122E+02    0.26250E+00  0.26250E+00 -0.52500E+00  0.00000E+00  0.00000E+00  0.00000E+00    0.20387E+02  0.22566E+02 -0.42954E+02 -0.47550E+01 -0.46717E+01 -0.85091E+01      982.00
  0.52625E+00  0.67316E+02    0.27500E+00  0.27500E+00 -0.55000E+00  0.00000E+00  0.00000E+00  0.00000E+00    0.20524E+02  0.22564E+02 -0.43088E+02 -0.47508E+01 -0.46519E+01 -0.85314E+01      982.00
  0.55025E+00  0.67493E+02    0.28750E+00  0.28750E+00 -0.57500E+00  0.00000E+00  0.00000E+00  0.00000E+00    0.20660E+02  0.22552E+02 -0.43212E+02 -0.47482E+01 -0.46332E+01 -0.85475E+01      982.00
  0.57426E+00  0.67649E+02    0.30000E+00  0.30000E+00 -0.60000E+00  0.00000E+00  0.00000E+00  0.00000E+00    0.20794E+02  0.22528E+02 -0.43322E+02 -0.47470E+01 -0.46146E+01 -0.85614E+01      982.00
  0.59827E+00  0.67787E+02    0.31250E+00  0.31250E+00 -0.62500E+00  0.00000E+00  0.00000E+00  0.00000E+00    0.20926E+02  0.22494E+02 -0.43420E+02 -0.47471E+01 -0.45961E+01 -0.85700E+01      982.00
  0.62229E+00  0.67907E+02    0.32500E+00  0.32500E+00 -0.65000E+00  0.00000E+00  0.00000E+00  0.00000E+00    0.21060E+02  0.22446E+02 -0.43507E+02 -0.47476E+01 -0.45817E+01 -0.85721E+01      982.00
  0.64632E+00  0.68024E+02    0.33750E+00  0.33750E+00 -0.67500E+00  0.00000E+00  0.00000E+00  0.00000E+00    0.21193E+02  0.22399E+02 -0.43592E+02 -0.47485E+01 -0.45627E+01 -0.85734E+01      982.00
  0.67035E+00  0.68129E+02    0.35000E+00  0.35000E+00 -0.70000E+00  0.00000E+00  0.00000E+00  0.00000E+00    0.21324E+02  0.22345E+02 -0.43669E+02 -0.47515E+01 -0.45439E+01 -0.85724E+01      982.00
  0.69439E+00  0.68234E+02    0.36250E+00  0.36250E+00 -0.72500E+00  0.00000E+00  0.00000E+00  0.00000E+00    0.21457E+02  0.22289E+02 -0.43746E+02 -0.47567E+01 -0.45246E+01 -0.85688E+01      982.00
  0.71843E+00  0.68317E+02    0.37500E+00  0.37500E+00 -0.75000E+00  0.00000E+00  0.00000E+00  0.00000E+00    0.21585E+02  0.22223E+02 -0.43808E+02 -0.47612E+01 -0.45052E+01 -0.85629E+01      982.00
  0.74247E+00  0.68390E+02    0.38750E+00  0.38750E+00 -0.77500E+00  0.00000E+00  0.00000E+00  0.00000E+00    0.21713E+02  0.22150E+02 -0.43863E+02 -0.47685E+01 -0.44855E+01 -0.85534E+01      982.00
  0.76653E+00  0.68462E+02    0.40000E+00  0.40000E+00 -0.80000E+00  0.00000E+00  0.00000E+00  0.00000E+00    0.21844E+02  0.22075E+02 -0.43918E+02 -0.47754E+01 -0.44661E+01 -0.85416E+01      982.00
  0.79058E+00  0.68523E+02    0.41250E+00  0.41250E+00 -0.82500E+00  0.00000E+00  0.00000E+00  0.00000E+00    0.21972E+02  0.21994E+02 -0.43966E+02 -0.47835E+01 -0.44466E+01 -0.85265E+01      982.00
  0.81464E+00  0.68575E+02    0.42500E+00  0.42500E+00 -0.85000E+00  0.00000E+00  0.00000E+00  0.00000E+00    0.22101E+02  0.21907E+02 -0.44008E+02 -0.47916E+01 -0.44273E+01 -0.85084E+01      982.00
  0.83871E+00  0.68621E+02    0.43750E+00  0.43750E+00 -0.87500E+00  0.00000E+00  0.00000E+00  0.00000E+00    0.22263E+02  0.21787E+02 -0.44050E+02 -0.48018E+01 -0.44031E+01 -0.84738E+01      982.00
  0.86278E+00  0.68659E+02    0.45000E+00  0.45000E+00 -0.90000E+00  0.00000E+00  0.00000E+00  0.00000E+00    0.22392E+02  0.21690E+02 -0.44082E+02 -0.48118E+01 -0.43848E+01 -0.84502E+01      982.00
  0.88686E+00  0.68631E+02    0.46250E+00  0.46250E+00 -0.92500E+00  0.00000E+00  0.00000E+00  0.00000E+00    0.22489E+02  0.21592E+02 -0.44081E+02 -0.47940E+01 -0.43341E+01 -0.84120E+01      982.00
  0.91094E+00  0.68609E+02    0.47500E+00  0.47500E+00 -0.95000E+00  0.00000E+00  0.00000E+00  0.00000E+00    0.22591E+02  0.21489E+02 -0.44080E+02 -0.47861E+01 -0.42942E+01 -0.83749E+01      982.00
  0.93504E+00  0.68581E+02    0.48750E+00  0.48750E+00 -0.97500E+00  0.00000E+00  0.00000E+00  0.00000E+00    0.22693E+02  0.21381E+02 -0.44074E+02 -0.47792E+01 -0.42573E+01 -0.83356E+01      982.00
  0.95914E+00  0.68556E+02    0.50000E+00  0.50000E+00 -0.10000E+01  0.00000E+00  0.00000E+00  0.00000E+00    0.22798E+02  0.21272E+02 -0.44070E+02 -0.47727E+01 -0.42214E+01 -0.82954E+01      982.00
