          Evm          Svm            E11          E22          E33          E23          E13          E12         SDEV11       SDEV22       SDEV33       SDEV23       SDEV13       SDEV12      TEMP
  0.00000E+00  0.50180E+02    0.00000E+00  0.00000E+00  0.00000E+00  0.00000E+00  0.00000E+00  0.00000E+00    0.18637E+02  0.14062E+02 -0.32700E+02 -0.29456E+01  0.48392E+01 -0.25869E+00      982.00
  0.24437E-01  0.50144E+02    0.12500E-01  0.12500E-01 -0.25000E-01  0.00000E+00  0.00000E+00  0.00000E+00    0.18962E+02  0.13681E+02 -0.32643E+02 -0.32872E+01  0.45931E+01 -0.31969E+00      982.00
  0.48849E-01  0.50175E+02    0.25000E-01  0.25000E-01 -0.50000E-01  0.00000E+00  0.00000E+00  0.00000E+00    0.19259E+02  0.13370E+02 -0.32629E+02 -0.35695E+01  0.43769E+01 -0.37024E+00      982.00
  0.73235E-01  0.50289E+02    0.37500E-01  0.37500E-01 -0.75000E-01  0.00000E+00  0.00000E+00  0.00000E+00    0.19560E+02  0.13102E+02 -0.32663E+02 -0.38385E+01  0.41862E+01 -0.41625E+00      982.00
  0.97591E-01  0.50490E+02    0.50000E-01  0.50000E-01 -0.10000E+00  0.00000E+00  0.00000E+00  0.00000E+00    0.19874E+02  0.12873E+02 -0.32747E+02 -0.41005E+01  0.40243E+01 -0.46102E+00      982.00
  0.12191E+00  0.50782E+02    0.62500E-01  0.62500E-01 -0.12500E+00  0.00000E+00  0.00000E+00  0.00000E+00    0.20208E+02  0.12674E+02 -0.32883E+02 -0.43714E+01  0.38858E+01 -0.50667E+00      982.00
  0.14619E+00  0.51161E+02    0.75000E-01  0.75000E-01 -0.15000E+00  0.00000E+00  0.00000E+00  0.00000E+00    0.20560E+02  0.12509E+02 -0.33069E+02 -0.46452E+01  0.37722E+01 -0.55452E+00      982.00
  0.17043E+00  0.51619E+02    0.87500E-01  0.87500E-01 -0.17500E+00  0.00000E+00  0.00000E+00  0.00000E+00    0.20931E+02  0.12369E+02 -0.33299E+02 -0.49326E+01  0.36748E+01 -0.60422E+00      982.00
  0.19463E+00  0.52142E+02    0.10000E+00  0.10000E+00 -0.20000E+00  0.00000E+00  0.00000E+00  0.00000E+00    0.21311E+02  0.12259E+02 -0.33570E+02 -0.52207E+01  0.35928E+01 -0.65502E+00      982.00
  0.21877E+00  0.52721E+02    0.11250E+00  0.11250E+00 -0.22500E+00  0.00000E+00  0.00000E+00  0.00000E+00    0.21698E+02  0.12175E+02 -0.33873E+02 -0.55125E+01  0.35187E+01 -0.70497E+00      982.00
  0.24286E+00  0.53340E+02    0.12500E+00  0.12500E+00 -0.25000E+00  0.00000E+00  0.00000E+00  0.00000E+00    0.22089E+02  0.12112E+02 -0.34202E+02 -0.58090E+01  0.34446E+01 -0.75150E+00      982.00
  0.26691E+00  0.53980E+02    0.13750E+00  0.13750E+00 -0.27500E+00  0.00000E+00  0.00000E+00  0.00000E+00    0.22472E+02  0.12074E+02 -0.34546E+02 -0.60962E+01  0.33715E+01 -0.79281E+00      982.00
  0.29091E+00  0.54633E+02    0.15000E+00  0.15000E+00 -0.30000E+00  0.00000E+00  0.00000E+00  0.00000E+00    0.22845E+02  0.12057E+02 -0.34902E+02 -0.63756E+01  0.32933E+01 -0.82687E+00      982.00
  0.31486E+00  0.55292E+02    0.16250E+00  0.16250E+00 -0.32500E+00  0.00000E+00  0.00000E+00  0.00000E+00    0.23209E+02  0.12057E+02 -0.35266E+02 -0.66486E+01  0.32033E+01 -0.85135E+00      982.00
  0.33878E+00  0.55938E+02    0.17500E+00  0.17500E+00 -0.35000E+00  0.00000E+00  0.00000E+00  0.00000E+00    0.23554E+02  0.12074E+02 -0.35628E+02 -0.69024E+01  0.31081E+01 -0.86712E+00      982.00
  0.36267E+00  0.56571E+02    0.18750E+00  0.18750E+00 -0.37500E+00  0.00000E+00  0.00000E+00  0.00000E+00    0.23882E+02  0.12106E+02 -0.35988E+02 -0.71394E+01  0.30035E+01 -0.87376E+00      982.00
  0.38652E+00  0.57184E+02    0.20000E+00  0.20000E+00 -0.40000E+00  0.00000E+00  0.00000E+00  0.00000E+00    0.24191E+02  0.12150E+02 -0.36341E+02 -0.73575E+01  0.28900E+01 -0.87203E+00      982.00
  0.41035E+00  0.57769E+02    0.21250E+00  0.21250E+00 -0.42500E+00  0.00000E+00  0.00000E+00  0.00000E+00    0.24479E+02  0.12205E+02 -0.36684E+02 -0.75515E+01  0.27736E+01 -0.86558E+00      982.00
  0.43417E+00  0.58333E+02    0.22500E+00  0.22500E+00 -0.45000E+00  0.00000E+00  0.00000E+00  0.00000E+00    0.24751E+02  0.12268E+02 -0.37020E+02 -0.77284E+01  0.26462E+01 -0.85206E+00      982.00
  0.45797E+00  0.58878E+02    0.23750E+00  0.23750E+00 -0.47500E+00  0.00000E+00  0.00000E+00  0.00000E+00    0.25010E+02  0.12339E+02 -0.37348E+02 -0.78875E+01  0.25105E+01 -0.83299E+00      982.00
  0.48175E+00  0.59387E+02    0.25000E+00  0.25000E+00 -0.50000E+00  0.00000E+00  0.00000E+00  0.00000E+00    0.25247E+02  0.12415E+02 -0.37661E+02 -0.80219E+01  0.23755E+01 -0.81525E+00      982.00
  0.50553E+00  0.59870E+02    0.26250E+00  0.26250E+00 -0.52500E+00  0.00000E+00  0.00000E+00  0.00000E+00    0.25468E+02  0.12495E+02 -0.37963E+02 -0.81359E+01  0.22401E+01 -0.79876E+00      982.00
  0.52931E+00  0.60325E+02    0.27500E+00  0.27500E+00 -0.55000E+00  0.00000E+00  0.00000E+00  0.00000E+00    0.25673E+02  0.12579E+02 -0.38252E+02 -0.82305E+01  0.21057E+01 -0.78532E+00      982.00
  0.55309E+00  0.60755E+02    0.28750E+00  0.28750E+00 -0.57500E+00  0.00000E+00  0.00000E+00  0.00000E+00    0.25864E+02  0.12665E+02 -0.38528E+02 -0.83075E+01  0.19737E+01 -0.77654E+00      982.00
  0.57687E+00  0.61160E+02    0.30000E+00  0.30000E+00 -0.60000E+00  0.00000E+00  0.00000E+00  0.00000E+00    0.26040E+02  0.12753E+02 -0.38793E+02 -0.83681E+01  0.18451E+01 -0.77357E+00      982.00
  0.60066E+00  0.61541E+02    0.31250E+00  0.31250E+00 -0.62500E+00  0.00000E+00  0.00000E+00  0.00000E+00    0.26204E+02  0.12842E+02 -0.39046E+02 -0.84140E+01  0.17206E+01 -0.77734E+00      982.00
  0.62445E+00  0.61899E+02    0.32500E+00  0.32500E+00 -0.65000E+00  0.00000E+00  0.00000E+00  0.00000E+00    0.26355E+02  0.12932E+02 -0.39287E+02 -0.84469E+01  0.16008E+01 -0.78840E+00      982.00
  0.64825E+00  0.62240E+02    0.33750E+00  0.33750E+00 -0.67500E+00  0.00000E+00  0.00000E+00  0.00000E+00    0.26497E+02  0.13022E+02 -0.39519E+02 -0.84690E+01  0.14800E+01 -0.80271E+00      982.00
  0.67206E+00  0.62556E+02    0.35000E+00  0.35000E+00 -0.70000E+00  0.00000E+00  0.00000E+00  0.00000E+00    0.26625E+02  0.13112E+02 -0.39737E+02 -0.84807E+01  0.13703E+01 -0.82880E+00      982.00
  0.69588E+00  0.62853E+02    0.36250E+00  0.36250E+00 -0.72500E+00  0.00000E+00  0.00000E+00  0.00000E+00    0.26742E+02  0.13203E+02 -0.39945E+02 -0.84839E+01  0.12660E+01 -0.86248E+00      982.00
  0.71971E+00  0.63132E+02    0.37500E+00  0.37500E+00 -0.75000E+00  0.00000E+00  0.00000E+00  0.00000E+00    0.26849E+02  0.13293E+02 -0.40142E+02 -0.84800E+01  0.11668E+01 -0.90330E+00      982.00
  0.74356E+00  0.63394E+02    0.38750E+00  0.38750E+00 -0.77500E+00  0.00000E+00  0.00000E+00  0.00000E+00    0.26946E+02  0.13383E+02 -0.40329E+02 -0.84701E+01  0.10723E+01 -0.95084E+00      982.00
  0.76741E+00  0.63639E+02    0.40000E+00  0.40000E+00 -0.80000E+00  0.00000E+00  0.00000E+00  0.00000E+00    0.27033E+02  0.13473E+02 -0.40506E+02 -0.84552E+01  0.98253E+00 -0.10046E+01      982.00
  0.79128E+00  0.63870E+02    0.41250E+00  0.41250E+00 -0.82500E+00  0.00000E+00  0.00000E+00  0.00000E+00    0.27112E+02  0.13562E+02 -0.40674E+02 -0.84363E+01  0.89710E+00 -0.10641E+01      982.00
  0.81516E+00  0.64089E+02    0.42500E+00  0.42500E+00 -0.85000E+00  0.00000E+00  0.00000E+00  0.00000E+00    0.27184E+02  0.13651E+02 -0.40835E+02 -0.84146E+01  0.81636E+00 -0.11293E+01      982.00
  0.83906E+00  0.64292E+02    0.43750E+00  0.43750E+00 -0.87500E+00  0.00000E+00  0.00000E+00  0.00000E+00    0.27246E+02  0.13739E+02 -0.40985E+02 -0.83898E+01  0.73899E+00 -0.11987E+01      982.00
  0.86296E+00  0.64483E+02    0.45000E+00  0.45000E+00 -0.90000E+00  0.00000E+00  0.00000E+00  0.00000E+00    0.27301E+02  0.13827E+02 -0.41128E+02 -0.83631E+01  0.66518E+00 -0.12722E+01      982.00
  0.88688E+00  0.64663E+02    0.46250E+00  0.46250E+00 -0.92500E+00  0.00000E+00  0.00000E+00  0.00000E+00    0.27349E+02  0.13915E+02 -0.41263E+02 -0.83349E+01  0.59475E+00 -0.13494E+01      982.00
  0.91081E+00  0.64764E+02    0.47500E+00  0.47500E+00 -0.95000E+00  0.00000E+00  0.00000E+00  0.00000E+00    0.27372E+02  0.13988E+02 -0.41359E+02 -0.82524E+01  0.52513E+00 -0.14162E+01      982.00
  0.93476E+00  0.64861E+02    0.48750E+00  0.48750E+00 -0.97500E+00  0.00000E+00  0.00000E+00  0.00000E+00    0.27387E+02  0.14062E+02 -0.41449E+02 -0.81856E+01  0.46533E+00 -0.14918E+01      982.00
  0.95872E+00  0.64954E+02    0.50000E+00  0.50000E+00 -0.10000E+01  0.00000E+00  0.00000E+00  0.00000E+00    0.27400E+02  0.14135E+02 -0.41535E+02 -0.81174E+01  0.40370E+00 -0.15658E+01      982.00
