          Evm          Svm            E11          E22          E33          E23          E13          E12         SDEV11       SDEV22       SDEV33       SDEV23       SDEV13       SDEV12      TEMP
  0.00000E+00  0.53908E+02    0.00000E+00  0.00000E+00  0.00000E+00  0.00000E+00  0.00000E+00  0.00000E+00    0.19111E+02  0.13491E+02 -0.32602E+02 -0.18327E+01  0.40275E+01  0.12002E+02      982.00
  0.22679E-01  0.53843E+02    0.12500E-01  0.12500E-01 -0.25000E-01  0.00000E+00  0.00000E+00  0.00000E+00    0.19180E+02  0.13424E+02 -0.32603E+02 -0.20986E+01  0.37543E+01  0.11930E+02      982.00
  0.45386E-01  0.53760E+02    0.25000E-01  0.25000E-01 -0.50000E-01  0.00000E+00  0.00000E+00  0.00000E+00    0.19165E+02  0.13432E+02 -0.32598E+02 -0.23090E+01  0.34470E+01  0.11874E+02      982.00
  0.68125E-01  0.53779E+02    0.37500E-01  0.37500E-01 -0.75000E-01  0.00000E+00  0.00000E+00  0.00000E+00    0.19157E+02  0.13474E+02 -0.32630E+02 -0.24868E+01  0.31499E+01  0.11889E+02      982.00
  0.90878E-01  0.53901E+02    0.50000E-01  0.50000E-01 -0.10000E+00  0.00000E+00  0.00000E+00  0.00000E+00    0.19187E+02  0.13515E+02 -0.32702E+02 -0.26359E+01  0.28849E+01  0.11960E+02      982.00
  0.11363E+00  0.54161E+02    0.62500E-01  0.62500E-01 -0.12500E+00  0.00000E+00  0.00000E+00  0.00000E+00    0.19277E+02  0.13559E+02 -0.32836E+02 -0.27676E+01  0.26484E+01  0.12097E+02      982.00
  0.13636E+00  0.54513E+02    0.75000E-01  0.75000E-01 -0.15000E+00  0.00000E+00  0.00000E+00  0.00000E+00    0.19414E+02  0.13595E+02 -0.33009E+02 -0.28836E+01  0.24425E+01  0.12272E+02      982.00
  0.15907E+00  0.54944E+02    0.87500E-01  0.87500E-01 -0.17500E+00  0.00000E+00  0.00000E+00  0.00000E+00    0.19590E+02  0.13631E+02 -0.33221E+02 -0.29891E+01  0.22589E+01  0.12477E+02      982.00
  0.18174E+00  0.55401E+02    0.10000E+00  0.10000E+00 -0.20000E+00  0.00000E+00  0.00000E+00  0.00000E+00    0.19781E+02  0.13662E+02 -0.33444E+02 -0.30846E+01  0.21064E+01  0.12686E+02      982.00
  0.20438E+00  0.55885E+02    0.11250E+00  0.11250E+00 -0.22500E+00  0.00000E+00  0.00000E+00  0.00000E+00    0.19981E+02  0.13701E+02 -0.33682E+02 -0.31704E+01  0.19789E+01  0.12898E+02      982.00
  0.22698E+00  0.56377E+02    0.12500E+00  0.12500E+00 -0.25000E+00  0.00000E+00  0.00000E+00  0.00000E+00    0.20183E+02  0.13741E+02 -0.33924E+02 -0.32474E+01  0.18600E+01  0.13112E+02      982.00
  0.24955E+00  0.56859E+02    0.13750E+00  0.13750E+00 -0.27500E+00  0.00000E+00  0.00000E+00  0.00000E+00    0.20375E+02  0.13790E+02 -0.34165E+02 -0.33110E+01  0.17759E+01  0.13314E+02      982.00
  0.27208E+00  0.57333E+02    0.15000E+00  0.15000E+00 -0.30000E+00  0.00000E+00  0.00000E+00  0.00000E+00    0.20558E+02  0.13848E+02 -0.34406E+02 -0.33629E+01  0.17099E+01  0.13504E+02      982.00
  0.29459E+00  0.57787E+02    0.16250E+00  0.16250E+00 -0.32500E+00  0.00000E+00  0.00000E+00  0.00000E+00    0.20727E+02  0.13914E+02 -0.34641E+02 -0.34026E+01  0.16608E+01  0.13681E+02      982.00
  0.31707E+00  0.58214E+02    0.17500E+00  0.17500E+00 -0.35000E+00  0.00000E+00  0.00000E+00  0.00000E+00    0.20881E+02  0.13978E+02 -0.34859E+02 -0.34374E+01  0.16131E+01  0.13854E+02      982.00
  0.33952E+00  0.58616E+02    0.18750E+00  0.18750E+00 -0.37500E+00  0.00000E+00  0.00000E+00  0.00000E+00    0.21019E+02  0.14053E+02 -0.35072E+02 -0.34546E+01  0.15916E+01  0.14006E+02      982.00
  0.36196E+00  0.58997E+02    0.20000E+00  0.20000E+00 -0.40000E+00  0.00000E+00  0.00000E+00  0.00000E+00    0.21142E+02  0.14134E+02 -0.35276E+02 -0.34617E+01  0.15827E+01  0.14149E+02      982.00
  0.38438E+00  0.59371E+02    0.21250E+00  0.21250E+00 -0.42500E+00  0.00000E+00  0.00000E+00  0.00000E+00    0.21254E+02  0.14218E+02 -0.35472E+02 -0.34619E+01  0.15762E+01  0.14298E+02      982.00
  0.40678E+00  0.59707E+02    0.22500E+00  0.22500E+00 -0.45000E+00  0.00000E+00  0.00000E+00  0.00000E+00    0.21347E+02  0.14308E+02 -0.35654E+02 -0.34471E+01  0.15878E+01  0.14426E+02      982.00
  0.42918E+00  0.60023E+02    0.23750E+00  0.23750E+00 -0.47500E+00  0.00000E+00  0.00000E+00  0.00000E+00    0.21428E+02  0.14398E+02 -0.35826E+02 -0.34237E+01  0.16090E+01  0.14547E+02      982.00
  0.45156E+00  0.60321E+02    0.25000E+00  0.25000E+00 -0.50000E+00  0.00000E+00  0.00000E+00  0.00000E+00    0.21498E+02  0.14489E+02 -0.35987E+02 -0.33914E+01  0.16389E+01  0.14666E+02      982.00
  0.47393E+00  0.60605E+02    0.26250E+00  0.26250E+00 -0.52500E+00  0.00000E+00  0.00000E+00  0.00000E+00    0.21557E+02  0.14584E+02 -0.36141E+02 -0.33504E+01  0.16750E+01  0.14781E+02      982.00
  0.49630E+00  0.60869E+02    0.27500E+00  0.27500E+00 -0.55000E+00  0.00000E+00  0.00000E+00  0.00000E+00    0.21606E+02  0.14675E+02 -0.36281E+02 -0.33040E+01  0.17188E+01  0.14895E+02      982.00
  0.51865E+00  0.61127E+02    0.28750E+00  0.28750E+00 -0.57500E+00  0.00000E+00  0.00000E+00  0.00000E+00    0.21648E+02  0.14770E+02 -0.36418E+02 -0.32485E+01  0.17700E+01  0.15010E+02      982.00
  0.54099E+00  0.61362E+02    0.30000E+00  0.30000E+00 -0.60000E+00  0.00000E+00  0.00000E+00  0.00000E+00    0.21686E+02  0.14854E+02 -0.36541E+02 -0.31959E+01  0.18229E+01  0.15115E+02      982.00
  0.56332E+00  0.61599E+02    0.31250E+00  0.31250E+00 -0.62500E+00  0.00000E+00  0.00000E+00  0.00000E+00    0.21713E+02  0.14950E+02 -0.36662E+02 -0.31299E+01  0.18841E+01  0.15230E+02      982.00
  0.58564E+00  0.61826E+02    0.32500E+00  0.32500E+00 -0.65000E+00  0.00000E+00  0.00000E+00  0.00000E+00    0.21729E+02  0.15045E+02 -0.36774E+02 -0.30579E+01  0.19501E+01  0.15350E+02      982.00
  0.60794E+00  0.62056E+02    0.33750E+00  0.33750E+00 -0.67500E+00  0.00000E+00  0.00000E+00  0.00000E+00    0.21747E+02  0.15137E+02 -0.36884E+02 -0.29890E+01  0.20185E+01  0.15473E+02      982.00
  0.63023E+00  0.62272E+02    0.35000E+00  0.35000E+00 -0.70000E+00  0.00000E+00  0.00000E+00  0.00000E+00    0.21749E+02  0.15235E+02 -0.36985E+02 -0.29107E+01  0.20922E+01  0.15596E+02      982.00
  0.65250E+00  0.62478E+02    0.36250E+00  0.36250E+00 -0.72500E+00  0.00000E+00  0.00000E+00  0.00000E+00    0.21742E+02  0.15336E+02 -0.37078E+02 -0.28316E+01  0.21650E+01  0.15720E+02      982.00
  0.67476E+00  0.62676E+02    0.37500E+00  0.37500E+00 -0.75000E+00  0.00000E+00  0.00000E+00  0.00000E+00    0.21725E+02  0.15437E+02 -0.37162E+02 -0.27511E+01  0.22402E+01  0.15850E+02      982.00
  0.69699E+00  0.62871E+02    0.38750E+00  0.38750E+00 -0.77500E+00  0.00000E+00  0.00000E+00  0.00000E+00    0.21699E+02  0.15542E+02 -0.37242E+02 -0.26735E+01  0.23119E+01  0.15981E+02      982.00
  0.71921E+00  0.63057E+02    0.40000E+00  0.40000E+00 -0.80000E+00  0.00000E+00  0.00000E+00  0.00000E+00    0.21664E+02  0.15650E+02 -0.37314E+02 -0.25986E+01  0.23799E+01  0.16114E+02      982.00
  0.74140E+00  0.63243E+02    0.41250E+00  0.41250E+00 -0.82500E+00  0.00000E+00  0.00000E+00  0.00000E+00    0.21618E+02  0.15765E+02 -0.37383E+02 -0.25307E+01  0.24397E+01  0.16254E+02      982.00
  0.76356E+00  0.63423E+02    0.42500E+00  0.42500E+00 -0.85000E+00  0.00000E+00  0.00000E+00  0.00000E+00    0.21568E+02  0.15877E+02 -0.37445E+02 -0.24721E+01  0.24913E+01  0.16395E+02      982.00
  0.78570E+00  0.63594E+02    0.43750E+00  0.43750E+00 -0.87500E+00  0.00000E+00  0.00000E+00  0.00000E+00    0.21499E+02  0.16001E+02 -0.37500E+02 -0.24243E+01  0.25281E+01  0.16538E+02      982.00
  0.80782E+00  0.63757E+02    0.45000E+00  0.45000E+00 -0.90000E+00  0.00000E+00  0.00000E+00  0.00000E+00    0.21419E+02  0.16131E+02 -0.37550E+02 -0.23892E+01  0.25480E+01  0.16682E+02      982.00
  0.82990E+00  0.63876E+02    0.46250E+00  0.46250E+00 -0.92500E+00  0.00000E+00  0.00000E+00  0.00000E+00    0.21313E+02  0.16270E+02 -0.37582E+02 -0.23671E+01  0.25448E+01  0.16802E+02      982.00
  0.85197E+00  0.64039E+02    0.47500E+00  0.47500E+00 -0.95000E+00  0.00000E+00  0.00000E+00  0.00000E+00    0.21215E+02  0.16414E+02 -0.37629E+02 -0.23627E+01  0.25263E+01  0.16950E+02      982.00
  0.87400E+00  0.64198E+02    0.48750E+00  0.48750E+00 -0.97500E+00  0.00000E+00  0.00000E+00  0.00000E+00    0.21112E+02  0.16554E+02 -0.37667E+02 -0.23614E+01  0.24991E+01  0.17108E+02      982.00
  0.89600E+00  0.64287E+02    0.50000E+00  0.50000E+00 -0.10000E+01  0.00000E+00  0.00000E+00  0.00000E+00    0.20984E+02  0.16698E+02 -0.37682E+02 -0.23641E+01  0.24590E+01  0.17217E+02      982.00
