          Evm          Svm            E11          E22          E33          E23          E13          E12         SDEV11       SDEV22       SDEV33       SDEV23       SDEV13       SDEV12      TEMP
  0.00000E+00  0.62690E+02    0.00000E+00  0.00000E+00  0.00000E+00  0.00000E+00  0.00000E+00  0.00000E+00    0.20066E+02  0.18853E+02 -0.38919E+02 -0.26914E+01  0.21224E+01  0.12723E+02      982.00
  0.23281E-01  0.62677E+02    0.12500E-01  0.12500E-01 -0.25000E-01  0.00000E+00  0.00000E+00  0.00000E+00    0.20172E+02  0.18823E+02 -0.38995E+02 -0.27415E+01  0.22871E+01  0.12482E+02      982.00
  0.46612E-01  0.62692E+02    0.25000E-01  0.25000E-01 -0.50000E-01  0.00000E+00  0.00000E+00  0.00000E+00    0.20268E+02  0.18809E+02 -0.39078E+02 -0.27459E+01  0.23915E+01  0.12288E+02      982.00
  0.69986E-01  0.62750E+02    0.37500E-01  0.37500E-01 -0.75000E-01  0.00000E+00  0.00000E+00  0.00000E+00    0.20372E+02  0.18803E+02 -0.39175E+02 -0.27298E+01  0.24517E+01  0.12142E+02      982.00
  0.93398E-01  0.62839E+02    0.50000E-01  0.50000E-01 -0.10000E+00  0.00000E+00  0.00000E+00  0.00000E+00    0.20485E+02  0.18796E+02 -0.39282E+02 -0.27077E+01  0.24885E+01  0.12029E+02      982.00
  0.11684E+00  0.62975E+02    0.62500E-01  0.62500E-01 -0.12500E+00  0.00000E+00  0.00000E+00  0.00000E+00    0.20601E+02  0.18806E+02 -0.39407E+02 -0.26813E+01  0.25013E+01  0.11958E+02      982.00
  0.14031E+00  0.63147E+02    0.75000E-01  0.75000E-01 -0.15000E+00  0.00000E+00  0.00000E+00  0.00000E+00    0.20719E+02  0.18828E+02 -0.39547E+02 -0.26566E+01  0.25020E+01  0.11917E+02      982.00
  0.16379E+00  0.63350E+02    0.87500E-01  0.87500E-01 -0.17500E+00  0.00000E+00  0.00000E+00  0.00000E+00    0.20838E+02  0.18860E+02 -0.39698E+02 -0.26357E+01  0.24956E+01  0.11901E+02      982.00
  0.18729E+00  0.63575E+02    0.10000E+00  0.10000E+00 -0.20000E+00  0.00000E+00  0.00000E+00  0.00000E+00    0.20961E+02  0.18894E+02 -0.39856E+02 -0.26187E+01  0.24830E+01  0.11909E+02      982.00
  0.21080E+00  0.63828E+02    0.11250E+00  0.11250E+00 -0.22500E+00  0.00000E+00  0.00000E+00  0.00000E+00    0.21080E+02  0.18947E+02 -0.40027E+02 -0.26086E+01  0.24715E+01  0.11930E+02      982.00
  0.23432E+00  0.64097E+02    0.12500E+00  0.12500E+00 -0.25000E+00  0.00000E+00  0.00000E+00  0.00000E+00    0.21197E+02  0.19008E+02 -0.40205E+02 -0.26041E+01  0.24611E+01  0.11961E+02      982.00
  0.25784E+00  0.64377E+02    0.13750E+00  0.13750E+00 -0.27500E+00  0.00000E+00  0.00000E+00  0.00000E+00    0.21311E+02  0.19077E+02 -0.40388E+02 -0.26049E+01  0.24524E+01  0.12000E+02      982.00
  0.28136E+00  0.64680E+02    0.15000E+00  0.15000E+00 -0.30000E+00  0.00000E+00  0.00000E+00  0.00000E+00    0.21432E+02  0.19149E+02 -0.40581E+02 -0.26108E+01  0.24428E+01  0.12053E+02      982.00
  0.30489E+00  0.64969E+02    0.16250E+00  0.16250E+00 -0.32500E+00  0.00000E+00  0.00000E+00  0.00000E+00    0.21540E+02  0.19227E+02 -0.40768E+02 -0.26204E+01  0.24377E+01  0.12097E+02      982.00
  0.32842E+00  0.65292E+02    0.17500E+00  0.17500E+00 -0.35000E+00  0.00000E+00  0.00000E+00  0.00000E+00    0.21659E+02  0.19314E+02 -0.40973E+02 -0.26349E+01  0.24321E+01  0.12154E+02      982.00
  0.35196E+00  0.65572E+02    0.18750E+00  0.18750E+00 -0.37500E+00  0.00000E+00  0.00000E+00  0.00000E+00    0.21756E+02  0.19397E+02 -0.41154E+02 -0.26494E+01  0.24290E+01  0.12195E+02      982.00
  0.37549E+00  0.65843E+02    0.20000E+00  0.20000E+00 -0.40000E+00  0.00000E+00  0.00000E+00  0.00000E+00    0.21847E+02  0.19483E+02 -0.41330E+02 -0.26650E+01  0.24273E+01  0.12232E+02      982.00
  0.39903E+00  0.66105E+02    0.21250E+00  0.21250E+00 -0.42500E+00  0.00000E+00  0.00000E+00  0.00000E+00    0.21932E+02  0.19568E+02 -0.41500E+02 -0.26806E+01  0.24252E+01  0.12266E+02      982.00
  0.42257E+00  0.66388E+02    0.22500E+00  0.22500E+00 -0.45000E+00  0.00000E+00  0.00000E+00  0.00000E+00    0.22024E+02  0.19660E+02 -0.41684E+02 -0.27009E+01  0.24218E+01  0.12305E+02      982.00
  0.44612E+00  0.66623E+02    0.23750E+00  0.23750E+00 -0.47500E+00  0.00000E+00  0.00000E+00  0.00000E+00    0.22097E+02  0.19742E+02 -0.41839E+02 -0.27151E+01  0.24165E+01  0.12332E+02      982.00
  0.46967E+00  0.66844E+02    0.25000E+00  0.25000E+00 -0.50000E+00  0.00000E+00  0.00000E+00  0.00000E+00    0.22163E+02  0.19823E+02 -0.41986E+02 -0.27274E+01  0.24108E+01  0.12355E+02      982.00
  0.49322E+00  0.67053E+02    0.26250E+00  0.26250E+00 -0.52500E+00  0.00000E+00  0.00000E+00  0.00000E+00    0.22223E+02  0.19902E+02 -0.42125E+02 -0.27379E+01  0.24038E+01  0.12376E+02      982.00
  0.51678E+00  0.67248E+02    0.27500E+00  0.27500E+00 -0.55000E+00  0.00000E+00  0.00000E+00  0.00000E+00    0.22279E+02  0.19978E+02 -0.42257E+02 -0.27467E+01  0.23953E+01  0.12394E+02      982.00
  0.54034E+00  0.67441E+02    0.28750E+00  0.28750E+00 -0.57500E+00  0.00000E+00  0.00000E+00  0.00000E+00    0.22333E+02  0.20054E+02 -0.42386E+02 -0.27561E+01  0.23875E+01  0.12413E+02      982.00
  0.56391E+00  0.67610E+02    0.30000E+00  0.30000E+00 -0.60000E+00  0.00000E+00  0.00000E+00  0.00000E+00    0.22378E+02  0.20124E+02 -0.42502E+02 -0.27604E+01  0.23759E+01  0.12426E+02      982.00
  0.58749E+00  0.67770E+02    0.31250E+00  0.31250E+00 -0.62500E+00  0.00000E+00  0.00000E+00  0.00000E+00    0.22420E+02  0.20191E+02 -0.42611E+02 -0.27640E+01  0.23633E+01  0.12437E+02      982.00
  0.61106E+00  0.67918E+02    0.32500E+00  0.32500E+00 -0.65000E+00  0.00000E+00  0.00000E+00  0.00000E+00    0.22458E+02  0.20255E+02 -0.42713E+02 -0.27661E+01  0.23498E+01  0.12447E+02      982.00
  0.63465E+00  0.68057E+02    0.33750E+00  0.33750E+00 -0.67500E+00  0.00000E+00  0.00000E+00  0.00000E+00    0.22493E+02  0.20316E+02 -0.42809E+02 -0.27669E+01  0.23356E+01  0.12456E+02      982.00
  0.65824E+00  0.68186E+02    0.35000E+00  0.35000E+00 -0.70000E+00  0.00000E+00  0.00000E+00  0.00000E+00    0.22524E+02  0.20375E+02 -0.42899E+02 -0.27666E+01  0.23208E+01  0.12463E+02      982.00
  0.68183E+00  0.68306E+02    0.36250E+00  0.36250E+00 -0.72500E+00  0.00000E+00  0.00000E+00  0.00000E+00    0.22552E+02  0.20431E+02 -0.42983E+02 -0.27653E+01  0.23057E+01  0.12469E+02      982.00
  0.70543E+00  0.68417E+02    0.37500E+00  0.37500E+00 -0.75000E+00  0.00000E+00  0.00000E+00  0.00000E+00    0.22578E+02  0.20484E+02 -0.43062E+02 -0.27630E+01  0.22903E+01  0.12474E+02      982.00
  0.72903E+00  0.68521E+02    0.38750E+00  0.38750E+00 -0.77500E+00  0.00000E+00  0.00000E+00  0.00000E+00    0.22601E+02  0.20535E+02 -0.43135E+02 -0.27601E+01  0.22749E+01  0.12478E+02      982.00
  0.75264E+00  0.68618E+02    0.40000E+00  0.40000E+00 -0.80000E+00  0.00000E+00  0.00000E+00  0.00000E+00    0.22621E+02  0.20583E+02 -0.43204E+02 -0.27565E+01  0.22595E+01  0.12482E+02      982.00
  0.77625E+00  0.68708E+02    0.41250E+00  0.41250E+00 -0.82500E+00  0.00000E+00  0.00000E+00  0.00000E+00    0.22640E+02  0.20629E+02 -0.43269E+02 -0.27523E+01  0.22443E+01  0.12485E+02      982.00
  0.79986E+00  0.68793E+02    0.42500E+00  0.42500E+00 -0.85000E+00  0.00000E+00  0.00000E+00  0.00000E+00    0.22656E+02  0.20673E+02 -0.43329E+02 -0.27478E+01  0.22292E+01  0.12487E+02      982.00
  0.82348E+00  0.68871E+02    0.43750E+00  0.43750E+00 -0.87500E+00  0.00000E+00  0.00000E+00  0.00000E+00    0.22671E+02  0.20714E+02 -0.43385E+02 -0.27428E+01  0.22145E+01  0.12488E+02      982.00
  0.84711E+00  0.68944E+02    0.45000E+00  0.45000E+00 -0.90000E+00  0.00000E+00  0.00000E+00  0.00000E+00    0.22684E+02  0.20754E+02 -0.43438E+02 -0.27377E+01  0.22002E+01  0.12490E+02      982.00
  0.87073E+00  0.69012E+02    0.46250E+00  0.46250E+00 -0.92500E+00  0.00000E+00  0.00000E+00  0.00000E+00    0.22696E+02  0.20792E+02 -0.43488E+02 -0.27323E+01  0.21863E+01  0.12491E+02      982.00
  0.89436E+00  0.69061E+02    0.47500E+00  0.47500E+00 -0.95000E+00  0.00000E+00  0.00000E+00  0.00000E+00    0.22701E+02  0.20820E+02 -0.43521E+02 -0.27318E+01  0.21781E+01  0.12497E+02      982.00
  0.91799E+00  0.69124E+02    0.48750E+00  0.48750E+00 -0.97500E+00  0.00000E+00  0.00000E+00  0.00000E+00    0.22712E+02  0.20855E+02 -0.43567E+02 -0.27264E+01  0.21654E+01  0.12496E+02      982.00
  0.94163E+00  0.69180E+02    0.50000E+00  0.50000E+00 -0.10000E+01  0.00000E+00  0.00000E+00  0.00000E+00    0.22720E+02  0.20888E+02 -0.43609E+02 -0.27206E+01  0.21527E+01  0.12496E+02      982.00
