          Evm          Svm            E11          E22          E33          E23          E13          E12         SDEV11       SDEV22       SDEV33       SDEV23       SDEV13       SDEV12      TEMP
  0.00000E+00  0.62602E+02    0.00000E+00  0.00000E+00  0.00000E+00  0.00000E+00  0.00000E+00  0.00000E+00    0.22352E+02  0.18294E+02 -0.40646E+02 -0.24352E+01  0.34071E+01  0.67541E+01      982.00
  0.24348E-01  0.62793E+02    0.12500E-01  0.12500E-01 -0.25000E-01  0.00000E+00  0.00000E+00  0.00000E+00    0.21466E+02  0.19284E+02 -0.40750E+02 -0.26725E+01  0.33279E+01  0.70337E+01      982.00
  0.48684E-01  0.62959E+02    0.25000E-01  0.25000E-01 -0.50000E-01  0.00000E+00  0.00000E+00  0.00000E+00    0.20787E+02  0.20046E+02 -0.40832E+02 -0.27607E+01  0.32401E+01  0.72510E+01      982.00
  0.73004E-01  0.63101E+02    0.37500E-01  0.37500E-01 -0.75000E-01  0.00000E+00  0.00000E+00  0.00000E+00    0.20281E+02  0.20615E+02 -0.40896E+02 -0.27533E+01  0.31404E+01  0.74431E+01      982.00
  0.97308E-01  0.63248E+02    0.50000E-01  0.50000E-01 -0.10000E+00  0.00000E+00  0.00000E+00  0.00000E+00    0.19923E+02  0.21039E+02 -0.40962E+02 -0.26896E+01  0.30330E+01  0.76343E+01      982.00
  0.12159E+00  0.63405E+02    0.62500E-01  0.62500E-01 -0.12500E+00  0.00000E+00  0.00000E+00  0.00000E+00    0.19678E+02  0.21353E+02 -0.41031E+02 -0.25968E+01  0.29220E+01  0.78375E+01      982.00
  0.14586E+00  0.63579E+02    0.75000E-01  0.75000E-01 -0.15000E+00  0.00000E+00  0.00000E+00  0.00000E+00    0.19526E+02  0.21583E+02 -0.41109E+02 -0.24894E+01  0.28110E+01  0.80488E+01      982.00
  0.17011E+00  0.63781E+02    0.87500E-01  0.87500E-01 -0.17500E+00  0.00000E+00  0.00000E+00  0.00000E+00    0.19438E+02  0.21764E+02 -0.41202E+02 -0.23864E+01  0.27011E+01  0.82720E+01      982.00
  0.19433E+00  0.64001E+02    0.10000E+00  0.10000E+00 -0.20000E+00  0.00000E+00  0.00000E+00  0.00000E+00    0.19400E+02  0.21904E+02 -0.41304E+02 -0.22893E+01  0.25939E+01  0.85033E+01      982.00
  0.21854E+00  0.64227E+02    0.11250E+00  0.11250E+00 -0.22500E+00  0.00000E+00  0.00000E+00  0.00000E+00    0.19398E+02  0.22006E+02 -0.41405E+02 -0.21995E+01  0.24906E+01  0.87494E+01      982.00
  0.24271E+00  0.64478E+02    0.12500E+00  0.12500E+00 -0.25000E+00  0.00000E+00  0.00000E+00  0.00000E+00    0.19446E+02  0.22079E+02 -0.41525E+02 -0.21124E+01  0.23992E+01  0.89797E+01      982.00
  0.26686E+00  0.64742E+02    0.13750E+00  0.13750E+00 -0.27500E+00  0.00000E+00  0.00000E+00  0.00000E+00    0.19515E+02  0.22137E+02 -0.41652E+02 -0.20362E+01  0.23153E+01  0.92065E+01      982.00
  0.29099E+00  0.65014E+02    0.15000E+00  0.15000E+00 -0.30000E+00  0.00000E+00  0.00000E+00  0.00000E+00    0.19599E+02  0.22192E+02 -0.41791E+02 -0.19677E+01  0.22400E+01  0.94065E+01      982.00
  0.31509E+00  0.65294E+02    0.16250E+00  0.16250E+00 -0.32500E+00  0.00000E+00  0.00000E+00  0.00000E+00    0.19686E+02  0.22242E+02 -0.41929E+02 -0.19132E+01  0.21685E+01  0.96217E+01      982.00
  0.33917E+00  0.65564E+02    0.17500E+00  0.17500E+00 -0.35000E+00  0.00000E+00  0.00000E+00  0.00000E+00    0.19786E+02  0.22276E+02 -0.42062E+02 -0.18678E+01  0.21048E+01  0.98234E+01      982.00
  0.36323E+00  0.65826E+02    0.18750E+00  0.18750E+00 -0.37500E+00  0.00000E+00  0.00000E+00  0.00000E+00    0.19891E+02  0.22300E+02 -0.42190E+02 -0.18303E+01  0.20490E+01  0.10017E+02      982.00
  0.38727E+00  0.66083E+02    0.20000E+00  0.20000E+00 -0.40000E+00  0.00000E+00  0.00000E+00  0.00000E+00    0.20001E+02  0.22317E+02 -0.42318E+02 -0.17994E+01  0.19996E+01  0.10197E+02      982.00
  0.41128E+00  0.66327E+02    0.21250E+00  0.21250E+00 -0.42500E+00  0.00000E+00  0.00000E+00  0.00000E+00    0.20112E+02  0.22326E+02 -0.42438E+02 -0.17745E+01  0.19578E+01  0.10368E+02      982.00
  0.43527E+00  0.66570E+02    0.22500E+00  0.22500E+00 -0.45000E+00  0.00000E+00  0.00000E+00  0.00000E+00    0.20225E+02  0.22334E+02 -0.42559E+02 -0.17539E+01  0.19226E+01  0.10528E+02      982.00
  0.45925E+00  0.66785E+02    0.23750E+00  0.23750E+00 -0.47500E+00  0.00000E+00  0.00000E+00  0.00000E+00    0.20332E+02  0.22332E+02 -0.42664E+02 -0.17383E+01  0.18933E+01  0.10676E+02      982.00
  0.48320E+00  0.66994E+02    0.25000E+00  0.25000E+00 -0.50000E+00  0.00000E+00  0.00000E+00  0.00000E+00    0.20440E+02  0.22328E+02 -0.42768E+02 -0.17267E+01  0.18696E+01  0.10812E+02      982.00
  0.50714E+00  0.67180E+02    0.26250E+00  0.26250E+00 -0.52500E+00  0.00000E+00  0.00000E+00  0.00000E+00    0.20540E+02  0.22317E+02 -0.42857E+02 -0.17185E+01  0.18518E+01  0.10941E+02      982.00
  0.53107E+00  0.67361E+02    0.27500E+00  0.27500E+00 -0.55000E+00  0.00000E+00  0.00000E+00  0.00000E+00    0.20646E+02  0.22299E+02 -0.42945E+02 -0.17128E+01  0.18394E+01  0.11057E+02      982.00
  0.55497E+00  0.67530E+02    0.28750E+00  0.28750E+00 -0.57500E+00  0.00000E+00  0.00000E+00  0.00000E+00    0.20740E+02  0.22286E+02 -0.43026E+02 -0.17088E+01  0.18316E+01  0.11170E+02      982.00
  0.57887E+00  0.67682E+02    0.30000E+00  0.30000E+00 -0.60000E+00  0.00000E+00  0.00000E+00  0.00000E+00    0.20827E+02  0.22271E+02 -0.43098E+02 -0.17090E+01  0.18273E+01  0.11273E+02      982.00
  0.60275E+00  0.67811E+02    0.31250E+00  0.31250E+00 -0.62500E+00  0.00000E+00  0.00000E+00  0.00000E+00    0.20916E+02  0.22242E+02 -0.43158E+02 -0.17099E+01  0.18282E+01  0.11361E+02      982.00
  0.62661E+00  0.67943E+02    0.32500E+00  0.32500E+00 -0.65000E+00  0.00000E+00  0.00000E+00  0.00000E+00    0.20994E+02  0.22225E+02 -0.43219E+02 -0.17143E+01  0.18317E+01  0.11453E+02      982.00
  0.65047E+00  0.68056E+02    0.33750E+00  0.33750E+00 -0.67500E+00  0.00000E+00  0.00000E+00  0.00000E+00    0.21065E+02  0.22203E+02 -0.43268E+02 -0.17203E+01  0.18383E+01  0.11538E+02      982.00
  0.67431E+00  0.68164E+02    0.35000E+00  0.35000E+00 -0.70000E+00  0.00000E+00  0.00000E+00  0.00000E+00    0.21132E+02  0.22183E+02 -0.43314E+02 -0.17288E+01  0.18484E+01  0.11618E+02      982.00
  0.69814E+00  0.68250E+02    0.36250E+00  0.36250E+00 -0.72500E+00  0.00000E+00  0.00000E+00  0.00000E+00    0.21201E+02  0.22150E+02 -0.43351E+02 -0.17375E+01  0.18610E+01  0.11683E+02      982.00
  0.72196E+00  0.68342E+02    0.37500E+00  0.37500E+00 -0.75000E+00  0.00000E+00  0.00000E+00  0.00000E+00    0.21259E+02  0.22129E+02 -0.43388E+02 -0.17493E+01  0.18765E+01  0.11758E+02      982.00
  0.74576E+00  0.68424E+02    0.38750E+00  0.38750E+00 -0.77500E+00  0.00000E+00  0.00000E+00  0.00000E+00    0.21313E+02  0.22105E+02 -0.43418E+02 -0.17629E+01  0.18948E+01  0.11828E+02      982.00
  0.76956E+00  0.68503E+02    0.40000E+00  0.40000E+00 -0.80000E+00  0.00000E+00  0.00000E+00  0.00000E+00    0.21363E+02  0.22084E+02 -0.43447E+02 -0.17785E+01  0.19153E+01  0.11897E+02      982.00
  0.79334E+00  0.68567E+02    0.41250E+00  0.41250E+00 -0.82500E+00  0.00000E+00  0.00000E+00  0.00000E+00    0.21406E+02  0.22059E+02 -0.43465E+02 -0.17958E+01  0.19386E+01  0.11964E+02      982.00
  0.81711E+00  0.68633E+02    0.42500E+00  0.42500E+00 -0.85000E+00  0.00000E+00  0.00000E+00  0.00000E+00    0.21448E+02  0.22036E+02 -0.43485E+02 -0.18149E+01  0.19639E+01  0.12031E+02      982.00
  0.84087E+00  0.68689E+02    0.43750E+00  0.43750E+00 -0.87500E+00  0.00000E+00  0.00000E+00  0.00000E+00    0.21497E+02  0.22000E+02 -0.43497E+02 -0.18367E+01  0.19928E+01  0.12096E+02      982.00
  0.86462E+00  0.68738E+02    0.45000E+00  0.45000E+00 -0.90000E+00  0.00000E+00  0.00000E+00  0.00000E+00    0.21531E+02  0.21973E+02 -0.43504E+02 -0.18593E+01  0.20235E+01  0.12163E+02      982.00
  0.88835E+00  0.68780E+02    0.46250E+00  0.46250E+00 -0.92500E+00  0.00000E+00  0.00000E+00  0.00000E+00    0.21559E+02  0.21945E+02 -0.43505E+02 -0.18837E+01  0.20559E+01  0.12232E+02      982.00
  0.91207E+00  0.68822E+02    0.47500E+00  0.47500E+00 -0.95000E+00  0.00000E+00  0.00000E+00  0.00000E+00    0.21586E+02  0.21919E+02 -0.43505E+02 -0.19099E+01  0.20903E+01  0.12299E+02      982.00
  0.93578E+00  0.68852E+02    0.48750E+00  0.48750E+00 -0.97500E+00  0.00000E+00  0.00000E+00  0.00000E+00    0.21608E+02  0.21888E+02 -0.43496E+02 -0.19376E+01  0.21274E+01  0.12369E+02      982.00
  0.95947E+00  0.68848E+02    0.50000E+00  0.50000E+00 -0.10000E+01  0.00000E+00  0.00000E+00  0.00000E+00    0.21613E+02  0.21849E+02 -0.43462E+02 -0.19689E+01  0.21713E+01  0.12439E+02      982.00
