          Evm          Svm            E11          E22          E33          E23          E13          E12         SDEV11       SDEV22       SDEV33       SDEV23       SDEV13       SDEV12      TEMP
  0.00000E+00  0.52480E+02    0.00000E+00  0.00000E+00  0.00000E+00  0.00000E+00  0.00000E+00  0.00000E+00    0.25147E+02  0.70317E+01 -0.32179E+02  0.22337E+01  0.46917E+01  0.56904E+01      982.00
  0.22994E-01  0.52487E+02    0.12500E-01  0.12500E-01 -0.25000E-01  0.00000E+00  0.00000E+00  0.00000E+00    0.25276E+02  0.69007E+01 -0.32176E+02  0.29383E+01  0.45825E+01  0.52697E+01      982.00
  0.45983E-01  0.52575E+02    0.25000E-01  0.25000E-01 -0.50000E-01  0.00000E+00  0.00000E+00  0.00000E+00    0.25419E+02  0.67975E+01 -0.32217E+02  0.36261E+01  0.44793E+01  0.48021E+01      982.00
  0.68961E-01  0.52716E+02    0.37500E-01  0.37500E-01 -0.75000E-01  0.00000E+00  0.00000E+00  0.00000E+00    0.25568E+02  0.67126E+01 -0.32281E+02  0.43071E+01  0.43693E+01  0.42716E+01      982.00
  0.91925E-01  0.52925E+02    0.50000E-01  0.50000E-01 -0.10000E+00  0.00000E+00  0.00000E+00  0.00000E+00    0.25719E+02  0.66665E+01 -0.32385E+02  0.49696E+01  0.42524E+01  0.36821E+01      982.00
  0.11487E+00  0.53172E+02    0.62500E-01  0.62500E-01 -0.12500E+00  0.00000E+00  0.00000E+00  0.00000E+00    0.25850E+02  0.66621E+01 -0.32512E+02  0.55968E+01  0.41296E+01  0.30391E+01      982.00
  0.13780E+00  0.53437E+02    0.75000E-01  0.75000E-01 -0.15000E+00  0.00000E+00  0.00000E+00  0.00000E+00    0.25948E+02  0.67045E+01 -0.32653E+02  0.61634E+01  0.40074E+01  0.23576E+01      982.00
  0.16072E+00  0.53707E+02    0.87500E-01  0.87500E-01 -0.17500E+00  0.00000E+00  0.00000E+00  0.00000E+00    0.26004E+02  0.68020E+01 -0.32806E+02  0.66641E+01  0.38782E+01  0.16388E+01      982.00
  0.18362E+00  0.53972E+02    0.10000E+00  0.10000E+00 -0.20000E+00  0.00000E+00  0.00000E+00  0.00000E+00    0.26011E+02  0.69569E+01 -0.32968E+02  0.70926E+01  0.37399E+01  0.88600E+00      982.00
  0.20653E+00  0.54220E+02    0.11250E+00  0.11250E+00 -0.22500E+00  0.00000E+00  0.00000E+00  0.00000E+00    0.25966E+02  0.71629E+01 -0.33129E+02  0.74544E+01  0.35823E+01  0.93595E-01      982.00
  0.22944E+00  0.54448E+02    0.12500E+00  0.12500E+00 -0.25000E+00  0.00000E+00  0.00000E+00  0.00000E+00    0.25861E+02  0.74235E+01 -0.33284E+02  0.77609E+01  0.33959E+01 -0.74536E+00      982.00
  0.25236E+00  0.54632E+02    0.13750E+00  0.13750E+00 -0.27500E+00  0.00000E+00  0.00000E+00  0.00000E+00    0.25676E+02  0.77411E+01 -0.33417E+02  0.80171E+01  0.31600E+01 -0.16361E+01      982.00
  0.27530E+00  0.54710E+02    0.15000E+00  0.15000E+00 -0.30000E+00  0.00000E+00  0.00000E+00  0.00000E+00    0.25366E+02  0.81455E+01 -0.33511E+02  0.81666E+01  0.28540E+01 -0.25488E+01      982.00
  0.29827E+00  0.54674E+02    0.16250E+00  0.16250E+00 -0.32500E+00  0.00000E+00  0.00000E+00  0.00000E+00    0.24923E+02  0.86546E+01 -0.33578E+02  0.81600E+01  0.24508E+01 -0.34681E+01      982.00
  0.32130E+00  0.54584E+02    0.17500E+00  0.17500E+00 -0.35000E+00  0.00000E+00  0.00000E+00  0.00000E+00    0.24378E+02  0.92660E+01 -0.33644E+02  0.80029E+01  0.19435E+01 -0.43923E+01      982.00
  0.34442E+00  0.54489E+02    0.18750E+00  0.18750E+00 -0.37500E+00  0.00000E+00  0.00000E+00  0.00000E+00    0.23746E+02  0.99665E+01 -0.33712E+02  0.77272E+01  0.13334E+01 -0.53252E+01      982.00
  0.36762E+00  0.54457E+02    0.20000E+00  0.20000E+00 -0.40000E+00  0.00000E+00  0.00000E+00  0.00000E+00    0.23049E+02  0.10753E+02 -0.33801E+02  0.73658E+01  0.62671E+00 -0.62600E+01      982.00
  0.39089E+00  0.54522E+02    0.21250E+00  0.21250E+00 -0.42500E+00  0.00000E+00  0.00000E+00  0.00000E+00    0.22311E+02  0.11599E+02 -0.33910E+02  0.69446E+01 -0.15042E+00 -0.71774E+01      982.00
  0.41422E+00  0.54723E+02    0.22500E+00  0.22500E+00 -0.45000E+00  0.00000E+00  0.00000E+00  0.00000E+00    0.21562E+02  0.12493E+02 -0.34055E+02  0.64877E+01 -0.96432E+00 -0.80501E+01      982.00
  0.43755E+00  0.55058E+02    0.23750E+00  0.23750E+00 -0.47500E+00  0.00000E+00  0.00000E+00  0.00000E+00    0.20841E+02  0.13391E+02 -0.34233E+02  0.60190E+01 -0.17613E+01 -0.88522E+01      982.00
  0.46087E+00  0.55518E+02    0.25000E+00  0.25000E+00 -0.50000E+00  0.00000E+00  0.00000E+00  0.00000E+00    0.20175E+02  0.14273E+02 -0.34448E+02  0.55550E+01 -0.25061E+01 -0.95688E+01      982.00
  0.48414E+00  0.56064E+02    0.26250E+00  0.26250E+00 -0.52500E+00  0.00000E+00  0.00000E+00  0.00000E+00    0.19576E+02  0.15117E+02 -0.34693E+02  0.51092E+01 -0.31735E+01 -0.10193E+02      982.00
  0.50734E+00  0.56665E+02    0.27500E+00  0.27500E+00 -0.55000E+00  0.00000E+00  0.00000E+00  0.00000E+00    0.19049E+02  0.15913E+02 -0.34962E+02  0.46875E+01 -0.37525E+01 -0.10726E+02      982.00
  0.53048E+00  0.57298E+02    0.28750E+00  0.28750E+00 -0.57500E+00  0.00000E+00  0.00000E+00  0.00000E+00    0.18592E+02  0.16658E+02 -0.35250E+02  0.42936E+01 -0.42454E+01 -0.11181E+02      982.00
  0.55355E+00  0.57942E+02    0.30000E+00  0.30000E+00 -0.60000E+00  0.00000E+00  0.00000E+00  0.00000E+00    0.18199E+02  0.17355E+02 -0.35554E+02  0.39263E+01 -0.46582E+01 -0.11563E+02      982.00
  0.57656E+00  0.58590E+02    0.31250E+00  0.31250E+00 -0.62500E+00  0.00000E+00  0.00000E+00  0.00000E+00    0.17860E+02  0.18012E+02 -0.35872E+02  0.35834E+01 -0.50046E+01 -0.11885E+02      982.00
  0.59952E+00  0.59225E+02    0.32500E+00  0.32500E+00 -0.65000E+00  0.00000E+00  0.00000E+00  0.00000E+00    0.17567E+02  0.18630E+02 -0.36197E+02  0.32636E+01 -0.52904E+01 -0.12151E+02      982.00
  0.62244E+00  0.59848E+02    0.33750E+00  0.33750E+00 -0.67500E+00  0.00000E+00  0.00000E+00  0.00000E+00    0.17313E+02  0.19213E+02 -0.36526E+02  0.29644E+01 -0.55270E+01 -0.12373E+02      982.00
  0.64533E+00  0.60454E+02    0.35000E+00  0.35000E+00 -0.70000E+00  0.00000E+00  0.00000E+00  0.00000E+00    0.17090E+02  0.19768E+02 -0.36858E+02  0.26836E+01 -0.57218E+01 -0.12555E+02      982.00
  0.66819E+00  0.61031E+02    0.36250E+00  0.36250E+00 -0.72500E+00  0.00000E+00  0.00000E+00  0.00000E+00    0.16894E+02  0.20290E+02 -0.37185E+02  0.24215E+01 -0.58773E+01 -0.12699E+02      982.00
  0.69104E+00  0.61591E+02    0.37500E+00  0.37500E+00 -0.75000E+00  0.00000E+00  0.00000E+00  0.00000E+00    0.16719E+02  0.20793E+02 -0.37512E+02  0.21722E+01 -0.60070E+01 -0.12812E+02      982.00
  0.71388E+00  0.62139E+02    0.38750E+00  0.38750E+00 -0.77500E+00  0.00000E+00  0.00000E+00  0.00000E+00    0.16564E+02  0.21278E+02 -0.37842E+02  0.19366E+01 -0.61125E+01 -0.12900E+02      982.00
  0.73671E+00  0.62653E+02    0.40000E+00  0.40000E+00 -0.80000E+00  0.00000E+00  0.00000E+00  0.00000E+00    0.16426E+02  0.21736E+02 -0.38163E+02  0.17178E+01 -0.61897E+01 -0.12957E+02      982.00
  0.75956E+00  0.63147E+02    0.41250E+00  0.41250E+00 -0.82500E+00  0.00000E+00  0.00000E+00  0.00000E+00    0.16298E+02  0.22179E+02 -0.38477E+02  0.15068E+01 -0.62524E+01 -0.12993E+02      982.00
  0.78241E+00  0.63628E+02    0.42500E+00  0.42500E+00 -0.85000E+00  0.00000E+00  0.00000E+00  0.00000E+00    0.16189E+02  0.22604E+02 -0.38793E+02  0.13114E+01 -0.62929E+01 -0.13010E+02      982.00
  0.80527E+00  0.64082E+02    0.43750E+00  0.43750E+00 -0.87500E+00  0.00000E+00  0.00000E+00  0.00000E+00    0.16083E+02  0.23013E+02 -0.39096E+02  0.11265E+01 -0.63260E+01 -0.13007E+02      982.00
  0.82815E+00  0.64510E+02    0.45000E+00  0.45000E+00 -0.90000E+00  0.00000E+00  0.00000E+00  0.00000E+00    0.15986E+02  0.23403E+02 -0.39389E+02  0.95222E+00 -0.63428E+01 -0.12987E+02      982.00
  0.85104E+00  0.64921E+02    0.46250E+00  0.46250E+00 -0.92500E+00  0.00000E+00  0.00000E+00  0.00000E+00    0.15896E+02  0.23782E+02 -0.39677E+02  0.78195E+00 -0.63517E+01 -0.12950E+02      982.00
  0.87396E+00  0.65318E+02    0.47500E+00  0.47500E+00 -0.95000E+00  0.00000E+00  0.00000E+00  0.00000E+00    0.15814E+02  0.24146E+02 -0.39960E+02  0.62822E+00 -0.63511E+01 -0.12902E+02      982.00
  0.89690E+00  0.65694E+02    0.48750E+00  0.48750E+00 -0.97500E+00  0.00000E+00  0.00000E+00  0.00000E+00    0.15738E+02  0.24495E+02 -0.40233E+02  0.48177E+00 -0.63417E+01 -0.12842E+02      982.00
  0.91987E+00  0.66048E+02    0.50000E+00  0.50000E+00 -0.10000E+01  0.00000E+00  0.00000E+00  0.00000E+00    0.15664E+02  0.24831E+02 -0.40494E+02  0.34942E+00 -0.63274E+01 -0.12771E+02      982.00
