          Evm          Svm            E11          E22          E33          E23          E13          E12         SDEV11       SDEV22       SDEV33       SDEV23       SDEV13       SDEV12      TEMP
  0.00000E+00  0.60912E+02    0.00000E+00  0.00000E+00  0.00000E+00  0.00000E+00  0.00000E+00  0.00000E+00    0.13488E+02  0.23981E+02 -0.37469E+02  0.32996E+01 -0.69018E+01  0.98876E+01      982.00
  0.23067E-01  0.60982E+02    0.12500E-01  0.12500E-01 -0.25000E-01  0.00000E+00  0.00000E+00  0.00000E+00    0.13361E+02  0.24248E+02 -0.37608E+02  0.33221E+01 -0.67613E+01  0.96135E+01      982.00
  0.46194E-01  0.61058E+02    0.25000E-01  0.25000E-01 -0.50000E-01  0.00000E+00  0.00000E+00  0.00000E+00    0.13281E+02  0.24473E+02 -0.37753E+02  0.34046E+01 -0.65425E+01  0.93814E+01      982.00
  0.69381E-01  0.61163E+02    0.37500E-01  0.37500E-01 -0.75000E-01  0.00000E+00  0.00000E+00  0.00000E+00    0.13187E+02  0.24719E+02 -0.37906E+02  0.35046E+01 -0.62828E+01  0.91836E+01      982.00
  0.92622E-01  0.61301E+02    0.50000E-01  0.50000E-01 -0.10000E+00  0.00000E+00  0.00000E+00  0.00000E+00    0.13080E+02  0.24985E+02 -0.38065E+02  0.36041E+01 -0.60136E+01  0.90179E+01      982.00
  0.11591E+00  0.61470E+02    0.62500E-01  0.62500E-01 -0.12500E+00  0.00000E+00  0.00000E+00  0.00000E+00    0.12963E+02  0.25265E+02 -0.38229E+02  0.36933E+01 -0.57540E+01  0.88808E+01      982.00
  0.13923E+00  0.61670E+02    0.75000E-01  0.75000E-01 -0.15000E+00  0.00000E+00  0.00000E+00  0.00000E+00    0.12847E+02  0.25550E+02 -0.38397E+02  0.37712E+01 -0.55138E+01  0.87746E+01      982.00
  0.16258E+00  0.61898E+02    0.87500E-01  0.87500E-01 -0.17500E+00  0.00000E+00  0.00000E+00  0.00000E+00    0.12737E+02  0.25835E+02 -0.38571E+02  0.38387E+01 -0.52975E+01  0.86966E+01      982.00
  0.18595E+00  0.62154E+02    0.10000E+00  0.10000E+00 -0.20000E+00  0.00000E+00  0.00000E+00  0.00000E+00    0.12632E+02  0.26120E+02 -0.38752E+02  0.38973E+01 -0.51069E+01  0.86421E+01      982.00
  0.20933E+00  0.62430E+02    0.11250E+00  0.11250E+00 -0.22500E+00  0.00000E+00  0.00000E+00  0.00000E+00    0.12548E+02  0.26389E+02 -0.38937E+02  0.39515E+01 -0.49388E+01  0.86149E+01      982.00
  0.23271E+00  0.62723E+02    0.12500E+00  0.12500E+00 -0.25000E+00  0.00000E+00  0.00000E+00  0.00000E+00    0.12473E+02  0.26653E+02 -0.39125E+02  0.40010E+01 -0.47930E+01  0.86057E+01      982.00
  0.25611E+00  0.63030E+02    0.13750E+00  0.13750E+00 -0.27500E+00  0.00000E+00  0.00000E+00  0.00000E+00    0.12423E+02  0.26895E+02 -0.39318E+02  0.40515E+01 -0.46662E+01  0.86188E+01      982.00
  0.27950E+00  0.63342E+02    0.15000E+00  0.15000E+00 -0.30000E+00  0.00000E+00  0.00000E+00  0.00000E+00    0.12381E+02  0.27128E+02 -0.39509E+02  0.40996E+01 -0.45564E+01  0.86450E+01      982.00
  0.30289E+00  0.63658E+02    0.16250E+00  0.16250E+00 -0.32500E+00  0.00000E+00  0.00000E+00  0.00000E+00    0.12368E+02  0.27334E+02 -0.39702E+02  0.41506E+01 -0.44601E+01  0.86867E+01      982.00
  0.32628E+00  0.63960E+02    0.17500E+00  0.17500E+00 -0.35000E+00  0.00000E+00  0.00000E+00  0.00000E+00    0.12356E+02  0.27527E+02 -0.39883E+02  0.41979E+01 -0.43752E+01  0.87365E+01      982.00
  0.34966E+00  0.64258E+02    0.18750E+00  0.18750E+00 -0.37500E+00  0.00000E+00  0.00000E+00  0.00000E+00    0.12356E+02  0.27702E+02 -0.40059E+02  0.42469E+01 -0.43003E+01  0.87987E+01      982.00
  0.37304E+00  0.64558E+02    0.20000E+00  0.20000E+00 -0.40000E+00  0.00000E+00  0.00000E+00  0.00000E+00    0.12373E+02  0.27861E+02 -0.40234E+02  0.42989E+01 -0.42322E+01  0.88759E+01      982.00
  0.39641E+00  0.64865E+02    0.21250E+00  0.21250E+00 -0.42500E+00  0.00000E+00  0.00000E+00  0.00000E+00    0.12410E+02  0.28003E+02 -0.40413E+02  0.43539E+01 -0.41671E+01  0.89710E+01      982.00
  0.41977E+00  0.65137E+02    0.22500E+00  0.22500E+00 -0.45000E+00  0.00000E+00  0.00000E+00  0.00000E+00    0.12458E+02  0.28114E+02 -0.40572E+02  0.44053E+01 -0.41172E+01  0.90592E+01      982.00
  0.44313E+00  0.65394E+02    0.23750E+00  0.23750E+00 -0.47500E+00  0.00000E+00  0.00000E+00  0.00000E+00    0.12515E+02  0.28206E+02 -0.40721E+02  0.44543E+01 -0.40737E+01  0.91534E+01      982.00
  0.46648E+00  0.65622E+02    0.25000E+00  0.25000E+00 -0.50000E+00  0.00000E+00  0.00000E+00  0.00000E+00    0.12569E+02  0.28284E+02 -0.40853E+02  0.44973E+01 -0.40449E+01  0.92379E+01      982.00
  0.48983E+00  0.65847E+02    0.26250E+00  0.26250E+00 -0.52500E+00  0.00000E+00  0.00000E+00  0.00000E+00    0.12628E+02  0.28354E+02 -0.40982E+02  0.45348E+01 -0.40167E+01  0.93318E+01      982.00
  0.51317E+00  0.66055E+02    0.27500E+00  0.27500E+00 -0.55000E+00  0.00000E+00  0.00000E+00  0.00000E+00    0.12702E+02  0.28397E+02 -0.41100E+02  0.45700E+01 -0.39905E+01  0.94413E+01      982.00
  0.53650E+00  0.66252E+02    0.28750E+00  0.28750E+00 -0.57500E+00  0.00000E+00  0.00000E+00  0.00000E+00    0.12780E+02  0.28429E+02 -0.41209E+02  0.45992E+01 -0.39720E+01  0.95564E+01      982.00
  0.55982E+00  0.66426E+02    0.30000E+00  0.30000E+00 -0.60000E+00  0.00000E+00  0.00000E+00  0.00000E+00    0.12870E+02  0.28436E+02 -0.41305E+02  0.46198E+01 -0.39585E+01  0.96750E+01      982.00
  0.58314E+00  0.66589E+02    0.31250E+00  0.31250E+00 -0.62500E+00  0.00000E+00  0.00000E+00  0.00000E+00    0.12966E+02  0.28428E+02 -0.41395E+02  0.46327E+01 -0.39529E+01  0.97988E+01      982.00
  0.60646E+00  0.66737E+02    0.32500E+00  0.32500E+00 -0.65000E+00  0.00000E+00  0.00000E+00  0.00000E+00    0.13072E+02  0.28404E+02 -0.41476E+02  0.46365E+01 -0.39541E+01  0.99262E+01      982.00
  0.62976E+00  0.66882E+02    0.33750E+00  0.33750E+00 -0.67500E+00  0.00000E+00  0.00000E+00  0.00000E+00    0.13186E+02  0.28370E+02 -0.41556E+02  0.46316E+01 -0.39625E+01  0.10056E+02      982.00
  0.65306E+00  0.67004E+02    0.35000E+00  0.35000E+00 -0.70000E+00  0.00000E+00  0.00000E+00  0.00000E+00    0.13308E+02  0.28314E+02 -0.41622E+02  0.46172E+01 -0.39764E+01  0.10189E+02      982.00
  0.67635E+00  0.67115E+02    0.36250E+00  0.36250E+00 -0.72500E+00  0.00000E+00  0.00000E+00  0.00000E+00    0.13438E+02  0.28244E+02 -0.41683E+02  0.45942E+01 -0.39957E+01  0.10321E+02      982.00
  0.69964E+00  0.67216E+02    0.37500E+00  0.37500E+00 -0.75000E+00  0.00000E+00  0.00000E+00  0.00000E+00    0.13577E+02  0.28162E+02 -0.41738E+02  0.45636E+01 -0.40195E+01  0.10453E+02      982.00
  0.72293E+00  0.67309E+02    0.38750E+00  0.38750E+00 -0.77500E+00  0.00000E+00  0.00000E+00  0.00000E+00    0.13722E+02  0.28069E+02 -0.41790E+02  0.45265E+01 -0.40465E+01  0.10584E+02      982.00
  0.74621E+00  0.67395E+02    0.40000E+00  0.40000E+00 -0.80000E+00  0.00000E+00  0.00000E+00  0.00000E+00    0.13872E+02  0.27967E+02 -0.41839E+02  0.44846E+01 -0.40758E+01  0.10711E+02      982.00
  0.76949E+00  0.67474E+02    0.41250E+00  0.41250E+00 -0.82500E+00  0.00000E+00  0.00000E+00  0.00000E+00    0.14027E+02  0.27859E+02 -0.41885E+02  0.44392E+01 -0.41061E+01  0.10835E+02      982.00
  0.79277E+00  0.67533E+02    0.42500E+00  0.42500E+00 -0.85000E+00  0.00000E+00  0.00000E+00  0.00000E+00    0.14194E+02  0.27729E+02 -0.41922E+02  0.43821E+01 -0.41384E+01  0.10955E+02      982.00
  0.81605E+00  0.67604E+02    0.43750E+00  0.43750E+00 -0.87500E+00  0.00000E+00  0.00000E+00  0.00000E+00    0.14350E+02  0.27615E+02 -0.41965E+02  0.43333E+01 -0.41689E+01  0.11068E+02      982.00
  0.83933E+00  0.67670E+02    0.45000E+00  0.45000E+00 -0.90000E+00  0.00000E+00  0.00000E+00  0.00000E+00    0.14507E+02  0.27499E+02 -0.42006E+02  0.42852E+01 -0.41979E+01  0.11175E+02      982.00
  0.86261E+00  0.67732E+02    0.46250E+00  0.46250E+00 -0.92500E+00  0.00000E+00  0.00000E+00  0.00000E+00    0.14662E+02  0.27383E+02 -0.42045E+02  0.42381E+01 -0.42252E+01  0.11275E+02      982.00
  0.88588E+00  0.67791E+02    0.47500E+00  0.47500E+00 -0.95000E+00  0.00000E+00  0.00000E+00  0.00000E+00    0.14814E+02  0.27268E+02 -0.42083E+02  0.41926E+01 -0.42504E+01  0.11368E+02      982.00
  0.90916E+00  0.67853E+02    0.48750E+00  0.48750E+00 -0.97500E+00  0.00000E+00  0.00000E+00  0.00000E+00    0.14963E+02  0.27161E+02 -0.42124E+02  0.41596E+01 -0.42698E+01  0.11453E+02      982.00
  0.93244E+00  0.67860E+02    0.50000E+00  0.50000E+00 -0.10000E+01  0.00000E+00  0.00000E+00  0.00000E+00    0.15098E+02  0.27035E+02 -0.42133E+02  0.41080E+01 -0.42783E+01  0.11524E+02      982.00
