          Evm          Svm            E11          E22          E33          E23          E13          E12         SDEV11       SDEV22       SDEV33       SDEV23       SDEV13       SDEV12      TEMP
  0.00000E+00  0.55275E+02    0.00000E+00  0.00000E+00  0.00000E+00  0.00000E+00  0.00000E+00  0.00000E+00    0.14573E+02  0.18919E+02 -0.33492E+02 -0.46966E+01  0.15677E+01  0.12163E+02      982.00
  0.22722E-01  0.55230E+02    0.12500E-01  0.12500E-01 -0.25000E-01  0.00000E+00  0.00000E+00  0.00000E+00    0.14885E+02  0.18614E+02 -0.33499E+02 -0.42589E+01  0.17304E+01  0.12270E+02      982.00
  0.45466E-01  0.55264E+02    0.25000E-01  0.25000E-01 -0.50000E-01  0.00000E+00  0.00000E+00  0.00000E+00    0.15179E+02  0.18350E+02 -0.33529E+02 -0.38883E+01  0.18533E+01  0.12402E+02      982.00
  0.68218E-01  0.55414E+02    0.37500E-01  0.37500E-01 -0.75000E-01  0.00000E+00  0.00000E+00  0.00000E+00    0.15445E+02  0.18156E+02 -0.33601E+02 -0.35716E+01  0.19434E+01  0.12587E+02      982.00
  0.90957E-01  0.55698E+02    0.50000E-01  0.50000E-01 -0.10000E+00  0.00000E+00  0.00000E+00  0.00000E+00    0.15675E+02  0.18052E+02 -0.33727E+02 -0.33035E+01  0.20096E+01  0.12831E+02      982.00
  0.11366E+00  0.56096E+02    0.62500E-01  0.62500E-01 -0.12500E+00  0.00000E+00  0.00000E+00  0.00000E+00    0.15875E+02  0.18025E+02 -0.33900E+02 -0.30738E+01  0.20577E+01  0.13121E+02      982.00
  0.13633E+00  0.56571E+02    0.75000E-01  0.75000E-01 -0.15000E+00  0.00000E+00  0.00000E+00  0.00000E+00    0.16056E+02  0.18054E+02 -0.34110E+02 -0.28728E+01  0.20914E+01  0.13436E+02      982.00
  0.15894E+00  0.57089E+02    0.87500E-01  0.87500E-01 -0.17500E+00  0.00000E+00  0.00000E+00  0.00000E+00    0.16211E+02  0.18128E+02 -0.34339E+02 -0.27081E+01  0.21076E+01  0.13760E+02      982.00
  0.18149E+00  0.57643E+02    0.10000E+00  0.10000E+00 -0.20000E+00  0.00000E+00  0.00000E+00  0.00000E+00    0.16358E+02  0.18225E+02 -0.34583E+02 -0.25652E+01  0.21153E+01  0.14095E+02      982.00
  0.20399E+00  0.58195E+02    0.11250E+00  0.11250E+00 -0.22500E+00  0.00000E+00  0.00000E+00  0.00000E+00    0.16498E+02  0.18331E+02 -0.34830E+02 -0.24400E+01  0.21120E+01  0.14416E+02      982.00
  0.22643E+00  0.58719E+02    0.12500E+00  0.12500E+00 -0.25000E+00  0.00000E+00  0.00000E+00  0.00000E+00    0.16626E+02  0.18441E+02 -0.35067E+02 -0.23562E+01  0.20954E+01  0.14706E+02      982.00
  0.24883E+00  0.59249E+02    0.13750E+00  0.13750E+00 -0.27500E+00  0.00000E+00  0.00000E+00  0.00000E+00    0.16754E+02  0.18553E+02 -0.35307E+02 -0.22879E+01  0.20736E+01  0.14995E+02      982.00
  0.27118E+00  0.59756E+02    0.15000E+00  0.15000E+00 -0.30000E+00  0.00000E+00  0.00000E+00  0.00000E+00    0.16879E+02  0.18659E+02 -0.35538E+02 -0.22367E+01  0.20457E+01  0.15266E+02      982.00
  0.29348E+00  0.60220E+02    0.16250E+00  0.16250E+00 -0.32500E+00  0.00000E+00  0.00000E+00  0.00000E+00    0.16996E+02  0.18752E+02 -0.35749E+02 -0.21868E+01  0.20130E+01  0.15515E+02      982.00
  0.31574E+00  0.60671E+02    0.17500E+00  0.17500E+00 -0.35000E+00  0.00000E+00  0.00000E+00  0.00000E+00    0.17113E+02  0.18843E+02 -0.35957E+02 -0.21638E+01  0.19762E+01  0.15749E+02      982.00
  0.33796E+00  0.61094E+02    0.18750E+00  0.18750E+00 -0.37500E+00  0.00000E+00  0.00000E+00  0.00000E+00    0.17227E+02  0.18924E+02 -0.36151E+02 -0.21501E+01  0.19373E+01  0.15965E+02      982.00
  0.36015E+00  0.61487E+02    0.20000E+00  0.20000E+00 -0.40000E+00  0.00000E+00  0.00000E+00  0.00000E+00    0.17337E+02  0.18992E+02 -0.36329E+02 -0.21322E+01  0.18944E+01  0.16172E+02      982.00
  0.38231E+00  0.61851E+02    0.21250E+00  0.21250E+00 -0.42500E+00  0.00000E+00  0.00000E+00  0.00000E+00    0.17443E+02  0.19054E+02 -0.36496E+02 -0.21316E+01  0.18550E+01  0.16357E+02      982.00
  0.40444E+00  0.62212E+02    0.22500E+00  0.22500E+00 -0.45000E+00  0.00000E+00  0.00000E+00  0.00000E+00    0.17554E+02  0.19104E+02 -0.36658E+02 -0.21259E+01  0.18093E+01  0.16549E+02      982.00
  0.42653E+00  0.62520E+02    0.23750E+00  0.23750E+00 -0.47500E+00  0.00000E+00  0.00000E+00  0.00000E+00    0.17652E+02  0.19146E+02 -0.36798E+02 -0.21284E+01  0.17751E+01  0.16706E+02      982.00
  0.44861E+00  0.62804E+02    0.25000E+00  0.25000E+00 -0.50000E+00  0.00000E+00  0.00000E+00  0.00000E+00    0.17748E+02  0.19179E+02 -0.36927E+02 -0.21330E+01  0.17446E+01  0.16851E+02      982.00
  0.47066E+00  0.63067E+02    0.26250E+00  0.26250E+00 -0.52500E+00  0.00000E+00  0.00000E+00  0.00000E+00    0.17842E+02  0.19204E+02 -0.37046E+02 -0.21365E+01  0.17186E+01  0.16986E+02      982.00
  0.49268E+00  0.63290E+02    0.27500E+00  0.27500E+00 -0.55000E+00  0.00000E+00  0.00000E+00  0.00000E+00    0.17917E+02  0.19234E+02 -0.37151E+02 -0.21510E+01  0.17065E+01  0.17090E+02      982.00
  0.51470E+00  0.63515E+02    0.28750E+00  0.28750E+00 -0.57500E+00  0.00000E+00  0.00000E+00  0.00000E+00    0.18006E+02  0.19246E+02 -0.37251E+02 -0.21503E+01  0.16884E+01  0.17208E+02      982.00
  0.53669E+00  0.63693E+02    0.30000E+00  0.30000E+00 -0.60000E+00  0.00000E+00  0.00000E+00  0.00000E+00    0.18089E+02  0.19240E+02 -0.37329E+02 -0.21428E+01  0.16729E+01  0.17305E+02      982.00
  0.55867E+00  0.63886E+02    0.31250E+00  0.31250E+00 -0.62500E+00  0.00000E+00  0.00000E+00  0.00000E+00    0.18176E+02  0.19238E+02 -0.37415E+02 -0.21401E+01  0.16632E+01  0.17405E+02      982.00
  0.58063E+00  0.64088E+02    0.32500E+00  0.32500E+00 -0.65000E+00  0.00000E+00  0.00000E+00  0.00000E+00    0.18280E+02  0.19225E+02 -0.37505E+02 -0.21327E+01  0.16542E+01  0.17511E+02      982.00
  0.60257E+00  0.64220E+02    0.33750E+00  0.33750E+00 -0.67500E+00  0.00000E+00  0.00000E+00  0.00000E+00    0.18344E+02  0.19221E+02 -0.37566E+02 -0.21336E+01  0.16524E+01  0.17574E+02      982.00
  0.62451E+00  0.64367E+02    0.35000E+00  0.35000E+00 -0.70000E+00  0.00000E+00  0.00000E+00  0.00000E+00    0.18427E+02  0.19204E+02 -0.37632E+02 -0.21292E+01  0.16494E+01  0.17649E+02      982.00
  0.64643E+00  0.64501E+02    0.36250E+00  0.36250E+00 -0.72500E+00  0.00000E+00  0.00000E+00  0.00000E+00    0.18509E+02  0.19184E+02 -0.37693E+02 -0.21249E+01  0.16479E+01  0.17717E+02      982.00
  0.66835E+00  0.64625E+02    0.37500E+00  0.37500E+00 -0.75000E+00  0.00000E+00  0.00000E+00  0.00000E+00    0.18590E+02  0.19160E+02 -0.37750E+02 -0.21208E+01  0.16473E+01  0.17778E+02      982.00
  0.69025E+00  0.64703E+02    0.38750E+00  0.38750E+00 -0.77500E+00  0.00000E+00  0.00000E+00  0.00000E+00    0.18665E+02  0.19120E+02 -0.37786E+02 -0.21129E+01  0.16468E+01  0.17817E+02      982.00
  0.71215E+00  0.64811E+02    0.40000E+00  0.40000E+00 -0.80000E+00  0.00000E+00  0.00000E+00  0.00000E+00    0.18743E+02  0.19093E+02 -0.37836E+02 -0.21105E+01  0.16471E+01  0.17868E+02      982.00
  0.73405E+00  0.64907E+02    0.41250E+00  0.41250E+00 -0.82500E+00  0.00000E+00  0.00000E+00  0.00000E+00    0.18819E+02  0.19063E+02 -0.37882E+02 -0.21086E+01  0.16470E+01  0.17912E+02      982.00
  0.75593E+00  0.64983E+02    0.42500E+00  0.42500E+00 -0.85000E+00  0.00000E+00  0.00000E+00  0.00000E+00    0.18904E+02  0.19014E+02 -0.37918E+02 -0.21046E+01  0.16467E+01  0.17948E+02      982.00
  0.77781E+00  0.65068E+02    0.43750E+00  0.43750E+00 -0.87500E+00  0.00000E+00  0.00000E+00  0.00000E+00    0.18977E+02  0.18983E+02 -0.37960E+02 -0.21044E+01  0.16466E+01  0.17984E+02      982.00
  0.79969E+00  0.65142E+02    0.45000E+00  0.45000E+00 -0.90000E+00  0.00000E+00  0.00000E+00  0.00000E+00    0.19047E+02  0.18951E+02 -0.37997E+02 -0.21048E+01  0.16458E+01  0.18014E+02      982.00
  0.82156E+00  0.65224E+02    0.46250E+00  0.46250E+00 -0.92500E+00  0.00000E+00  0.00000E+00  0.00000E+00    0.19145E+02  0.18892E+02 -0.38038E+02 -0.21041E+01  0.16438E+01  0.18049E+02      982.00
  0.84343E+00  0.65287E+02    0.47500E+00  0.47500E+00 -0.95000E+00  0.00000E+00  0.00000E+00  0.00000E+00    0.19212E+02  0.18859E+02 -0.38071E+02 -0.21053E+01  0.16429E+01  0.18072E+02      982.00
  0.86530E+00  0.65289E+02    0.48750E+00  0.48750E+00 -0.97500E+00  0.00000E+00  0.00000E+00  0.00000E+00    0.19184E+02  0.18887E+02 -0.38071E+02 -0.21030E+01  0.16459E+01  0.18074E+02      982.00
  0.88717E+00  0.65317E+02    0.50000E+00  0.50000E+00 -0.10000E+01  0.00000E+00  0.00000E+00  0.00000E+00    0.19284E+02  0.18803E+02 -0.38087E+02 -0.20921E+01  0.16335E+01  0.18085E+02      982.00
