          Evm          Svm            E11          E22          E33          E23          E13          E12         SDEV11       SDEV22       SDEV33       SDEV23       SDEV13       SDEV12      TEMP
  0.00000E+00  0.64181E+02    0.00000E+00  0.00000E+00  0.00000E+00  0.00000E+00  0.00000E+00  0.00000E+00    0.21799E+02  0.20253E+02 -0.42052E+02 -0.49631E+00 -0.15115E+01  0.66091E+01      982.00
  0.24570E-01  0.64431E+02    0.12500E-01  0.12500E-01 -0.25000E-01  0.00000E+00  0.00000E+00  0.00000E+00    0.20815E+02  0.21350E+02 -0.42164E+02 -0.31686E+00 -0.14934E+01  0.69277E+01      982.00
  0.49111E-01  0.64632E+02    0.25000E-01  0.25000E-01 -0.50000E-01  0.00000E+00  0.00000E+00  0.00000E+00    0.20027E+02  0.22208E+02 -0.42235E+02 -0.30045E+00 -0.14831E+01  0.71505E+01      982.00
  0.73616E-01  0.64802E+02    0.37500E-01  0.37500E-01 -0.75000E-01  0.00000E+00  0.00000E+00  0.00000E+00    0.19415E+02  0.22866E+02 -0.42281E+02 -0.37907E+00 -0.14628E+01  0.73333E+01      982.00
  0.98083E-01  0.64964E+02    0.50000E-01  0.50000E-01 -0.10000E+00  0.00000E+00  0.00000E+00  0.00000E+00    0.18959E+02  0.23361E+02 -0.42321E+02 -0.51218E+00 -0.14300E+01  0.75070E+01      982.00
  0.12251E+00  0.65139E+02    0.62500E-01  0.62500E-01 -0.12500E+00  0.00000E+00  0.00000E+00  0.00000E+00    0.18619E+02  0.23749E+02 -0.42368E+02 -0.66643E+00 -0.13838E+01  0.76884E+01      982.00
  0.14690E+00  0.65337E+02    0.75000E-01  0.75000E-01 -0.15000E+00  0.00000E+00  0.00000E+00  0.00000E+00    0.18366E+02  0.24065E+02 -0.42431E+02 -0.82497E+00 -0.13265E+01  0.78814E+01      982.00
  0.17126E+00  0.65561E+02    0.87500E-01  0.87500E-01 -0.17500E+00  0.00000E+00  0.00000E+00  0.00000E+00    0.18178E+02  0.24333E+02 -0.42510E+02 -0.97898E+00 -0.12607E+01  0.80844E+01      982.00
  0.19557E+00  0.65808E+02    0.10000E+00  0.10000E+00 -0.20000E+00  0.00000E+00  0.00000E+00  0.00000E+00    0.18039E+02  0.24566E+02 -0.42606E+02 -0.11241E+01 -0.11889E+01  0.82943E+01      982.00
  0.21985E+00  0.66074E+02    0.11250E+00  0.11250E+00 -0.22500E+00  0.00000E+00  0.00000E+00  0.00000E+00    0.17940E+02  0.24774E+02 -0.42714E+02 -0.12587E+01 -0.11131E+01  0.85087E+01      982.00
  0.24409E+00  0.66354E+02    0.12500E+00  0.12500E+00 -0.25000E+00  0.00000E+00  0.00000E+00  0.00000E+00    0.17880E+02  0.24953E+02 -0.42833E+02 -0.13869E+01 -0.10345E+01  0.87243E+01      982.00
  0.26830E+00  0.66641E+02    0.13750E+00  0.13750E+00 -0.27500E+00  0.00000E+00  0.00000E+00  0.00000E+00    0.17839E+02  0.25119E+02 -0.42958E+02 -0.15009E+01 -0.95323E+00  0.89380E+01      982.00
  0.29247E+00  0.66913E+02    0.15000E+00  0.15000E+00 -0.30000E+00  0.00000E+00  0.00000E+00  0.00000E+00    0.17818E+02  0.25259E+02 -0.43077E+02 -0.16018E+01 -0.87167E+00  0.91405E+01      982.00
  0.31661E+00  0.67198E+02    0.16250E+00  0.16250E+00 -0.32500E+00  0.00000E+00  0.00000E+00  0.00000E+00    0.17819E+02  0.25386E+02 -0.43205E+02 -0.16971E+01 -0.78588E+00  0.93487E+01      982.00
  0.34072E+00  0.67488E+02    0.17500E+00  0.17500E+00 -0.35000E+00  0.00000E+00  0.00000E+00  0.00000E+00    0.17841E+02  0.25495E+02 -0.43337E+02 -0.17885E+01 -0.69326E+00  0.95564E+01      982.00
  0.36481E+00  0.67737E+02    0.18750E+00  0.18750E+00 -0.37500E+00  0.00000E+00  0.00000E+00  0.00000E+00    0.17881E+02  0.25571E+02 -0.43452E+02 -0.18644E+01 -0.60548E+00  0.97314E+01      982.00
  0.38886E+00  0.67968E+02    0.20000E+00  0.20000E+00 -0.40000E+00  0.00000E+00  0.00000E+00  0.00000E+00    0.17933E+02  0.25627E+02 -0.43561E+02 -0.19314E+01 -0.51711E+00  0.98962E+01      982.00
  0.41289E+00  0.68181E+02    0.21250E+00  0.21250E+00 -0.42500E+00  0.00000E+00  0.00000E+00  0.00000E+00    0.17996E+02  0.25665E+02 -0.43660E+02 -0.19899E+01 -0.42841E+00  0.10052E+02      982.00
  0.43691E+00  0.68363E+02    0.22500E+00  0.22500E+00 -0.45000E+00  0.00000E+00  0.00000E+00  0.00000E+00    0.18057E+02  0.25688E+02 -0.43746E+02 -0.20359E+01 -0.34704E+00  0.10185E+02      982.00
  0.46090E+00  0.68542E+02    0.23750E+00  0.23750E+00 -0.47500E+00  0.00000E+00  0.00000E+00  0.00000E+00    0.18122E+02  0.25708E+02 -0.43829E+02 -0.20794E+01 -0.26005E+00  0.10319E+02      982.00
  0.48488E+00  0.68705E+02    0.25000E+00  0.25000E+00 -0.50000E+00  0.00000E+00  0.00000E+00  0.00000E+00    0.18196E+02  0.25708E+02 -0.43904E+02 -0.21154E+01 -0.17211E+00  0.10448E+02      982.00
  0.50885E+00  0.68850E+02    0.26250E+00  0.26250E+00 -0.52500E+00  0.00000E+00  0.00000E+00  0.00000E+00    0.18274E+02  0.25697E+02 -0.43971E+02 -0.21460E+01 -0.85273E-01  0.10567E+02      982.00
  0.53280E+00  0.68981E+02    0.27500E+00  0.27500E+00 -0.55000E+00  0.00000E+00  0.00000E+00  0.00000E+00    0.18354E+02  0.25675E+02 -0.44030E+02 -0.21718E+01  0.13577E-03  0.10679E+02      982.00
  0.55673E+00  0.69095E+02    0.28750E+00  0.28750E+00 -0.57500E+00  0.00000E+00  0.00000E+00  0.00000E+00    0.18434E+02  0.25647E+02 -0.44081E+02 -0.21932E+01  0.81594E-01  0.10781E+02      982.00
  0.58066E+00  0.69199E+02    0.30000E+00  0.30000E+00 -0.60000E+00  0.00000E+00  0.00000E+00  0.00000E+00    0.18515E+02  0.25612E+02 -0.44126E+02 -0.22115E+01  0.16324E+00  0.10877E+02      982.00
  0.60457E+00  0.69287E+02    0.31250E+00  0.31250E+00 -0.62500E+00  0.00000E+00  0.00000E+00  0.00000E+00    0.18606E+02  0.25560E+02 -0.44166E+02 -0.22234E+01  0.24201E+00  0.10961E+02      982.00
  0.62847E+00  0.69370E+02    0.32500E+00  0.32500E+00 -0.65000E+00  0.00000E+00  0.00000E+00  0.00000E+00    0.18685E+02  0.25516E+02 -0.44202E+02 -0.22367E+01  0.31967E+00  0.11043E+02      982.00
  0.65237E+00  0.69443E+02    0.33750E+00  0.33750E+00 -0.67500E+00  0.00000E+00  0.00000E+00  0.00000E+00    0.18762E+02  0.25470E+02 -0.44232E+02 -0.22479E+01  0.39493E+00  0.11118E+02      982.00
  0.67625E+00  0.69505E+02    0.35000E+00  0.35000E+00 -0.70000E+00  0.00000E+00  0.00000E+00  0.00000E+00    0.18836E+02  0.25422E+02 -0.44258E+02 -0.22570E+01  0.46738E+00  0.11186E+02      982.00
  0.70013E+00  0.69563E+02    0.36250E+00  0.36250E+00 -0.72500E+00  0.00000E+00  0.00000E+00  0.00000E+00    0.18907E+02  0.25374E+02 -0.44281E+02 -0.22651E+01  0.53789E+00  0.11250E+02      982.00
  0.72400E+00  0.69613E+02    0.37500E+00  0.37500E+00 -0.75000E+00  0.00000E+00  0.00000E+00  0.00000E+00    0.18987E+02  0.25315E+02 -0.44302E+02 -0.22702E+01  0.61348E+00  0.11304E+02      982.00
  0.74787E+00  0.69659E+02    0.38750E+00  0.38750E+00 -0.77500E+00  0.00000E+00  0.00000E+00  0.00000E+00    0.19051E+02  0.25268E+02 -0.44319E+02 -0.22762E+01  0.67973E+00  0.11359E+02      982.00
  0.77173E+00  0.69699E+02    0.40000E+00  0.40000E+00 -0.80000E+00  0.00000E+00  0.00000E+00  0.00000E+00    0.19111E+02  0.25222E+02 -0.44333E+02 -0.22815E+01  0.74352E+00  0.11408E+02      982.00
  0.79558E+00  0.69736E+02    0.41250E+00  0.41250E+00 -0.82500E+00  0.00000E+00  0.00000E+00  0.00000E+00    0.19167E+02  0.25178E+02 -0.44346E+02 -0.22862E+01  0.80509E+00  0.11454E+02      982.00
  0.81943E+00  0.69768E+02    0.42500E+00  0.42500E+00 -0.85000E+00  0.00000E+00  0.00000E+00  0.00000E+00    0.19220E+02  0.25136E+02 -0.44356E+02 -0.22904E+01  0.86447E+00  0.11497E+02      982.00
  0.84327E+00  0.69796E+02    0.43750E+00  0.43750E+00 -0.87500E+00  0.00000E+00  0.00000E+00  0.00000E+00    0.19270E+02  0.25095E+02 -0.44364E+02 -0.22941E+01  0.92176E+00  0.11536E+02      982.00
  0.86710E+00  0.69822E+02    0.45000E+00  0.45000E+00 -0.90000E+00  0.00000E+00  0.00000E+00  0.00000E+00    0.19316E+02  0.25056E+02 -0.44371E+02 -0.22975E+01  0.97700E+00  0.11573E+02      982.00
  0.89093E+00  0.69844E+02    0.46250E+00  0.46250E+00 -0.92500E+00  0.00000E+00  0.00000E+00  0.00000E+00    0.19359E+02  0.25018E+02 -0.44377E+02 -0.23006E+01  0.10303E+01  0.11607E+02      982.00
  0.91476E+00  0.69864E+02    0.47500E+00  0.47500E+00 -0.95000E+00  0.00000E+00  0.00000E+00  0.00000E+00    0.19398E+02  0.24983E+02 -0.44381E+02 -0.23034E+01  0.10816E+01  0.11639E+02      982.00
  0.93858E+00  0.69842E+02    0.48750E+00  0.48750E+00 -0.97500E+00  0.00000E+00  0.00000E+00  0.00000E+00    0.19421E+02  0.24939E+02 -0.44360E+02 -0.22953E+01  0.11252E+01  0.11661E+02      982.00
  0.96240E+00  0.69823E+02    0.50000E+00  0.50000E+00 -0.10000E+01  0.00000E+00  0.00000E+00  0.00000E+00    0.19441E+02  0.24901E+02 -0.44342E+02 -0.22904E+01  0.11616E+01  0.11677E+02      982.00
