          Evm          Svm            E11          E22          E33          E23          E13          E12         SDEV11       SDEV22       SDEV33       SDEV23       SDEV13       SDEV12      TEMP
  0.00000E+00  0.60813E+02    0.00000E+00  0.00000E+00  0.00000E+00  0.00000E+00  0.00000E+00  0.00000E+00    0.17133E+02  0.22597E+02 -0.39731E+02  0.44496E+01 -0.26107E+01  0.38424E+01      982.00
  0.24500E-01  0.61030E+02    0.12500E-01  0.12500E-01 -0.25000E-01  0.00000E+00  0.00000E+00  0.00000E+00    0.17966E+02  0.21919E+02 -0.39885E+02  0.44291E+01 -0.28401E+01  0.41029E+01      982.00
  0.49007E-01  0.61380E+02    0.25000E-01  0.25000E-01 -0.50000E-01  0.00000E+00  0.00000E+00  0.00000E+00    0.19009E+02  0.21095E+02 -0.40103E+02  0.43833E+01 -0.31228E+01  0.44228E+01      982.00
  0.73509E-01  0.61754E+02    0.37500E-01  0.37500E-01 -0.75000E-01  0.00000E+00  0.00000E+00  0.00000E+00    0.20072E+02  0.20243E+02 -0.40315E+02  0.43096E+01 -0.33602E+01  0.47297E+01      982.00
  0.97989E-01  0.62074E+02    0.50000E-01  0.50000E-01 -0.10000E+00  0.00000E+00  0.00000E+00  0.00000E+00    0.20965E+02  0.19521E+02 -0.40486E+02  0.42199E+01 -0.34585E+01  0.49752E+01      982.00
  0.12245E+00  0.62334E+02    0.62500E-01  0.62500E-01 -0.12500E+00  0.00000E+00  0.00000E+00  0.00000E+00    0.21650E+02  0.18974E+02 -0.40625E+02  0.41238E+01 -0.34313E+01  0.51802E+01      982.00
  0.14689E+00  0.62557E+02    0.75000E-01  0.75000E-01 -0.15000E+00  0.00000E+00  0.00000E+00  0.00000E+00    0.22154E+02  0.18592E+02 -0.40747E+02  0.40297E+01 -0.33211E+01  0.53687E+01      982.00
  0.17131E+00  0.62784E+02    0.87500E-01  0.87500E-01 -0.17500E+00  0.00000E+00  0.00000E+00  0.00000E+00    0.22547E+02  0.18325E+02 -0.40872E+02  0.39420E+01 -0.31814E+01  0.55596E+01      982.00
  0.19573E+00  0.63017E+02    0.10000E+00  0.10000E+00 -0.20000E+00  0.00000E+00  0.00000E+00  0.00000E+00    0.22849E+02  0.18155E+02 -0.41004E+02  0.38644E+01 -0.30282E+01  0.57534E+01      982.00
  0.22013E+00  0.63264E+02    0.11250E+00  0.11250E+00 -0.22500E+00  0.00000E+00  0.00000E+00  0.00000E+00    0.23096E+02  0.18048E+02 -0.41144E+02  0.37977E+01 -0.28804E+01  0.59527E+01      982.00
  0.24451E+00  0.63529E+02    0.12500E+00  0.12500E+00 -0.25000E+00  0.00000E+00  0.00000E+00  0.00000E+00    0.23304E+02  0.17987E+02 -0.41292E+02  0.37430E+01 -0.27446E+01  0.61593E+01      982.00
  0.26889E+00  0.63812E+02    0.13750E+00  0.13750E+00 -0.27500E+00  0.00000E+00  0.00000E+00  0.00000E+00    0.23486E+02  0.17963E+02 -0.41449E+02  0.37011E+01 -0.26212E+01  0.63751E+01      982.00
  0.29325E+00  0.64116E+02    0.15000E+00  0.15000E+00 -0.30000E+00  0.00000E+00  0.00000E+00  0.00000E+00    0.23650E+02  0.17966E+02 -0.41615E+02  0.36725E+01 -0.25086E+01  0.66001E+01      982.00
  0.31759E+00  0.64422E+02    0.16250E+00  0.16250E+00 -0.32500E+00  0.00000E+00  0.00000E+00  0.00000E+00    0.23791E+02  0.17993E+02 -0.41784E+02  0.36559E+01 -0.24138E+01  0.68087E+01      982.00
  0.34191E+00  0.64703E+02    0.17500E+00  0.17500E+00 -0.35000E+00  0.00000E+00  0.00000E+00  0.00000E+00    0.23912E+02  0.18024E+02 -0.41937E+02  0.36466E+01 -0.23371E+01  0.70019E+01      982.00
  0.36621E+00  0.65030E+02    0.18750E+00  0.18750E+00 -0.37500E+00  0.00000E+00  0.00000E+00  0.00000E+00    0.24037E+02  0.18073E+02 -0.42109E+02  0.36485E+01 -0.22592E+01  0.72410E+01      982.00
  0.39050E+00  0.65322E+02    0.20000E+00  0.20000E+00 -0.40000E+00  0.00000E+00  0.00000E+00  0.00000E+00    0.24140E+02  0.18123E+02 -0.42263E+02  0.36543E+01 -0.21947E+01  0.74494E+01      982.00
  0.41476E+00  0.65601E+02    0.21250E+00  0.21250E+00 -0.42500E+00  0.00000E+00  0.00000E+00  0.00000E+00    0.24232E+02  0.18174E+02 -0.42406E+02  0.36648E+01 -0.21371E+01  0.76583E+01      982.00
  0.43900E+00  0.65867E+02    0.22500E+00  0.22500E+00 -0.45000E+00  0.00000E+00  0.00000E+00  0.00000E+00    0.24313E+02  0.18224E+02 -0.42538E+02  0.36783E+01 -0.20860E+01  0.78687E+01      982.00
  0.46322E+00  0.66118E+02    0.23750E+00  0.23750E+00 -0.47500E+00  0.00000E+00  0.00000E+00  0.00000E+00    0.24385E+02  0.18272E+02 -0.42657E+02  0.36929E+01 -0.20413E+01  0.80814E+01      982.00
  0.48741E+00  0.66353E+02    0.25000E+00  0.25000E+00 -0.50000E+00  0.00000E+00  0.00000E+00  0.00000E+00    0.24447E+02  0.18318E+02 -0.42765E+02  0.37070E+01 -0.20033E+01  0.82968E+01      982.00
  0.51158E+00  0.66573E+02    0.26250E+00  0.26250E+00 -0.52500E+00  0.00000E+00  0.00000E+00  0.00000E+00    0.24499E+02  0.18360E+02 -0.42859E+02  0.37188E+01 -0.19727E+01  0.85152E+01      982.00
  0.53572E+00  0.66779E+02    0.27500E+00  0.27500E+00 -0.55000E+00  0.00000E+00  0.00000E+00  0.00000E+00    0.24544E+02  0.18398E+02 -0.42942E+02  0.37261E+01 -0.19510E+01  0.87371E+01      982.00
  0.55984E+00  0.66970E+02    0.28750E+00  0.28750E+00 -0.57500E+00  0.00000E+00  0.00000E+00  0.00000E+00    0.24580E+02  0.18433E+02 -0.43013E+02  0.37269E+01 -0.19396E+01  0.89626E+01      982.00
  0.58392E+00  0.67149E+02    0.30000E+00  0.30000E+00 -0.60000E+00  0.00000E+00  0.00000E+00  0.00000E+00    0.24608E+02  0.18465E+02 -0.43073E+02  0.37193E+01 -0.19402E+01  0.91916E+01      982.00
  0.60798E+00  0.67315E+02    0.31250E+00  0.31250E+00 -0.62500E+00  0.00000E+00  0.00000E+00  0.00000E+00    0.24630E+02  0.18493E+02 -0.43123E+02  0.37014E+01 -0.19543E+01  0.94241E+01      982.00
  0.63200E+00  0.67472E+02    0.32500E+00  0.32500E+00 -0.65000E+00  0.00000E+00  0.00000E+00  0.00000E+00    0.24644E+02  0.18521E+02 -0.43165E+02  0.36721E+01 -0.19831E+01  0.96595E+01      982.00
  0.65599E+00  0.67608E+02    0.33750E+00  0.33750E+00 -0.67500E+00  0.00000E+00  0.00000E+00  0.00000E+00    0.24648E+02  0.18548E+02 -0.43197E+02  0.36413E+01 -0.20145E+01  0.98757E+01      982.00
  0.67995E+00  0.67751E+02    0.35000E+00  0.35000E+00 -0.70000E+00  0.00000E+00  0.00000E+00  0.00000E+00    0.24648E+02  0.18577E+02 -0.43225E+02  0.35912E+01 -0.20700E+01  0.10116E+02      982.00
  0.70387E+00  0.67889E+02    0.36250E+00  0.36250E+00 -0.72500E+00  0.00000E+00  0.00000E+00  0.00000E+00    0.24641E+02  0.18609E+02 -0.43250E+02  0.35433E+01 -0.21278E+01  0.10356E+02      982.00
  0.72776E+00  0.68023E+02    0.37500E+00  0.37500E+00 -0.75000E+00  0.00000E+00  0.00000E+00  0.00000E+00    0.24626E+02  0.18644E+02 -0.43270E+02  0.34761E+01 -0.22067E+01  0.10596E+02      982.00
  0.75162E+00  0.68155E+02    0.38750E+00  0.38750E+00 -0.77500E+00  0.00000E+00  0.00000E+00  0.00000E+00    0.24604E+02  0.18684E+02 -0.43288E+02  0.34034E+01 -0.22945E+01  0.10835E+02      982.00
  0.77544E+00  0.68285E+02    0.40000E+00  0.40000E+00 -0.80000E+00  0.00000E+00  0.00000E+00  0.00000E+00    0.24576E+02  0.18728E+02 -0.43304E+02  0.33286E+01 -0.23883E+01  0.11069E+02      982.00
  0.79922E+00  0.68412E+02    0.41250E+00  0.41250E+00 -0.82500E+00  0.00000E+00  0.00000E+00  0.00000E+00    0.24542E+02  0.18777E+02 -0.43318E+02  0.32549E+01 -0.24853E+01  0.11299E+02      982.00
  0.82296E+00  0.68538E+02    0.42500E+00  0.42500E+00 -0.85000E+00  0.00000E+00  0.00000E+00  0.00000E+00    0.24502E+02  0.18829E+02 -0.43331E+02  0.31851E+01 -0.25834E+01  0.11523E+02      982.00
  0.84667E+00  0.68661E+02    0.43750E+00  0.43750E+00 -0.87500E+00  0.00000E+00  0.00000E+00  0.00000E+00    0.24458E+02  0.18884E+02 -0.43342E+02  0.31216E+01 -0.26808E+01  0.11740E+02      982.00
  0.87034E+00  0.68781E+02    0.45000E+00  0.45000E+00 -0.90000E+00  0.00000E+00  0.00000E+00  0.00000E+00    0.24410E+02  0.18941E+02 -0.43351E+02  0.30660E+01 -0.27767E+01  0.11951E+02      982.00
  0.89398E+00  0.68896E+02    0.46250E+00  0.46250E+00 -0.92500E+00  0.00000E+00  0.00000E+00  0.00000E+00    0.24359E+02  0.18999E+02 -0.43358E+02  0.30193E+01 -0.28705E+01  0.12156E+02      982.00
  0.91758E+00  0.68966E+02    0.47500E+00  0.47500E+00 -0.95000E+00  0.00000E+00  0.00000E+00  0.00000E+00    0.24295E+02  0.19043E+02 -0.43339E+02  0.29778E+01 -0.29567E+01  0.12339E+02      982.00
  0.94114E+00  0.69032E+02    0.48750E+00  0.48750E+00 -0.97500E+00  0.00000E+00  0.00000E+00  0.00000E+00    0.24230E+02  0.19087E+02 -0.43317E+02  0.29470E+01 -0.30397E+01  0.12517E+02      982.00
  0.96467E+00  0.69094E+02    0.50000E+00  0.50000E+00 -0.10000E+01  0.00000E+00  0.00000E+00  0.00000E+00    0.24163E+02  0.19128E+02 -0.43291E+02  0.29266E+01 -0.31209E+01  0.12691E+02      982.00
