          Evm          Svm            E11          E22          E33          E23          E13          E12         SDEV11       SDEV22       SDEV33       SDEV23       SDEV13       SDEV12      TEMP
  0.00000E+00  0.62789E+02    0.00000E+00  0.00000E+00  0.00000E+00  0.00000E+00  0.00000E+00  0.00000E+00    0.18581E+02  0.21913E+02 -0.40494E+02 -0.27727E+01  0.78323E+01  0.35372E+01      982.00
  0.24185E-01  0.62507E+02    0.12500E-01  0.12500E-01 -0.25000E-01  0.00000E+00  0.00000E+00  0.00000E+00    0.18213E+02  0.22136E+02 -0.40349E+02 -0.26777E+01  0.75406E+01  0.36723E+01      982.00
  0.48391E-01  0.62254E+02    0.25000E-01  0.25000E-01 -0.50000E-01  0.00000E+00  0.00000E+00  0.00000E+00    0.17812E+02  0.22410E+02 -0.40222E+02 -0.25808E+01  0.72052E+01  0.38288E+01      982.00
  0.72619E-01  0.62010E+02    0.37500E-01  0.37500E-01 -0.75000E-01  0.00000E+00  0.00000E+00  0.00000E+00    0.17403E+02  0.22698E+02 -0.40101E+02 -0.24756E+01  0.68308E+01  0.39893E+01      982.00
  0.96870E-01  0.61803E+02    0.50000E-01  0.50000E-01 -0.10000E+00  0.00000E+00  0.00000E+00  0.00000E+00    0.17026E+02  0.22972E+02 -0.39998E+02 -0.23662E+01  0.64659E+01  0.41354E+01      982.00
  0.12114E+00  0.61680E+02    0.62500E-01  0.62500E-01 -0.12500E+00  0.00000E+00  0.00000E+00  0.00000E+00    0.16717E+02  0.23223E+02 -0.39940E+02 -0.22588E+01  0.61542E+01  0.42654E+01      982.00
  0.14542E+00  0.61679E+02    0.75000E-01  0.75000E-01 -0.15000E+00  0.00000E+00  0.00000E+00  0.00000E+00    0.16490E+02  0.23463E+02 -0.39952E+02 -0.21628E+01  0.59090E+01  0.43805E+01      982.00
  0.16971E+00  0.61791E+02    0.87500E-01  0.87500E-01 -0.17500E+00  0.00000E+00  0.00000E+00  0.00000E+00    0.16345E+02  0.23687E+02 -0.40032E+02 -0.20784E+01  0.57391E+01  0.44818E+01      982.00
  0.19401E+00  0.62019E+02    0.10000E+00  0.10000E+00 -0.20000E+00  0.00000E+00  0.00000E+00  0.00000E+00    0.16271E+02  0.23911E+02 -0.40182E+02 -0.20046E+01  0.56279E+01  0.45715E+01      982.00
  0.21830E+00  0.62335E+02    0.11250E+00  0.11250E+00 -0.22500E+00  0.00000E+00  0.00000E+00  0.00000E+00    0.16247E+02  0.24136E+02 -0.40383E+02 -0.19477E+01  0.55803E+01  0.46513E+01      982.00
  0.24260E+00  0.62702E+02    0.12500E+00  0.12500E+00 -0.25000E+00  0.00000E+00  0.00000E+00  0.00000E+00    0.16254E+02  0.24363E+02 -0.40617E+02 -0.18983E+01  0.55617E+01  0.47165E+01      982.00
  0.26689E+00  0.63092E+02    0.13750E+00  0.13750E+00 -0.27500E+00  0.00000E+00  0.00000E+00  0.00000E+00    0.16276E+02  0.24587E+02 -0.40863E+02 -0.18564E+01  0.55742E+01  0.47689E+01      982.00
  0.29118E+00  0.63499E+02    0.15000E+00  0.15000E+00 -0.30000E+00  0.00000E+00  0.00000E+00  0.00000E+00    0.16306E+02  0.24812E+02 -0.41118E+02 -0.18204E+01  0.56111E+01  0.48082E+01      982.00
  0.31546E+00  0.63901E+02    0.16250E+00  0.16250E+00 -0.32500E+00  0.00000E+00  0.00000E+00  0.00000E+00    0.16354E+02  0.25017E+02 -0.41371E+02 -0.18041E+01  0.56632E+01  0.48310E+01      982.00
  0.33974E+00  0.64277E+02    0.17500E+00  0.17500E+00 -0.35000E+00  0.00000E+00  0.00000E+00  0.00000E+00    0.16398E+02  0.25212E+02 -0.41610E+02 -0.17837E+01  0.57066E+01  0.48435E+01      982.00
  0.36401E+00  0.64646E+02    0.18750E+00  0.18750E+00 -0.37500E+00  0.00000E+00  0.00000E+00  0.00000E+00    0.16438E+02  0.25405E+02 -0.41843E+02 -0.17675E+01  0.57605E+01  0.48472E+01      982.00
  0.38829E+00  0.64985E+02    0.20000E+00  0.20000E+00 -0.40000E+00  0.00000E+00  0.00000E+00  0.00000E+00    0.16472E+02  0.25586E+02 -0.42057E+02 -0.17524E+01  0.58139E+01  0.48416E+01      982.00
  0.41255E+00  0.65300E+02    0.21250E+00  0.21250E+00 -0.42500E+00  0.00000E+00  0.00000E+00  0.00000E+00    0.16501E+02  0.25756E+02 -0.42257E+02 -0.17369E+01  0.58658E+01  0.48288E+01      982.00
  0.43682E+00  0.65584E+02    0.22500E+00  0.22500E+00 -0.45000E+00  0.00000E+00  0.00000E+00  0.00000E+00    0.16522E+02  0.25914E+02 -0.42436E+02 -0.17220E+01  0.59173E+01  0.48081E+01      982.00
  0.46109E+00  0.65844E+02    0.23750E+00  0.23750E+00 -0.47500E+00  0.00000E+00  0.00000E+00  0.00000E+00    0.16537E+02  0.26063E+02 -0.42600E+02 -0.17069E+01  0.59665E+01  0.47819E+01      982.00
  0.48535E+00  0.66076E+02    0.25000E+00  0.25000E+00 -0.50000E+00  0.00000E+00  0.00000E+00  0.00000E+00    0.16545E+02  0.26201E+02 -0.42746E+02 -0.16914E+01  0.60140E+01  0.47506E+01      982.00
  0.50961E+00  0.66261E+02    0.26250E+00  0.26250E+00 -0.52500E+00  0.00000E+00  0.00000E+00  0.00000E+00    0.16548E+02  0.26315E+02 -0.42863E+02 -0.16798E+01  0.60533E+01  0.47199E+01      982.00
  0.53387E+00  0.66471E+02    0.27500E+00  0.27500E+00 -0.55000E+00  0.00000E+00  0.00000E+00  0.00000E+00    0.16533E+02  0.26459E+02 -0.42993E+02 -0.16588E+01  0.61106E+01  0.46656E+01      982.00
  0.55812E+00  0.66643E+02    0.28750E+00  0.28750E+00 -0.57500E+00  0.00000E+00  0.00000E+00  0.00000E+00    0.16526E+02  0.26575E+02 -0.43102E+02 -0.16425E+01  0.61522E+01  0.46210E+01      982.00
  0.58237E+00  0.66800E+02    0.30000E+00  0.30000E+00 -0.60000E+00  0.00000E+00  0.00000E+00  0.00000E+00    0.16515E+02  0.26684E+02 -0.43199E+02 -0.16250E+01  0.61963E+01  0.45740E+01      982.00
  0.60662E+00  0.66939E+02    0.31250E+00  0.31250E+00 -0.62500E+00  0.00000E+00  0.00000E+00  0.00000E+00    0.16500E+02  0.26786E+02 -0.43286E+02 -0.16070E+01  0.62330E+01  0.45249E+01      982.00
  0.63087E+00  0.67070E+02    0.32500E+00  0.32500E+00 -0.65000E+00  0.00000E+00  0.00000E+00  0.00000E+00    0.16482E+02  0.26886E+02 -0.43368E+02 -0.15882E+01  0.62683E+01  0.44735E+01      982.00
  0.65512E+00  0.67176E+02    0.33750E+00  0.33750E+00 -0.67500E+00  0.00000E+00  0.00000E+00  0.00000E+00    0.16457E+02  0.26976E+02 -0.43433E+02 -0.15690E+01  0.63040E+01  0.44186E+01      982.00
  0.67937E+00  0.67279E+02    0.35000E+00  0.35000E+00 -0.70000E+00  0.00000E+00  0.00000E+00  0.00000E+00    0.16432E+02  0.27065E+02 -0.43497E+02 -0.15490E+01  0.63369E+01  0.43625E+01      982.00
  0.70361E+00  0.67373E+02    0.36250E+00  0.36250E+00 -0.72500E+00  0.00000E+00  0.00000E+00  0.00000E+00    0.16406E+02  0.27149E+02 -0.43555E+02 -0.15290E+01  0.63683E+01  0.43041E+01      982.00
  0.72785E+00  0.67460E+02    0.37500E+00  0.37500E+00 -0.75000E+00  0.00000E+00  0.00000E+00  0.00000E+00    0.16376E+02  0.27232E+02 -0.43608E+02 -0.15085E+01  0.63999E+01  0.42441E+01      982.00
  0.75209E+00  0.67512E+02    0.38750E+00  0.38750E+00 -0.77500E+00  0.00000E+00  0.00000E+00  0.00000E+00    0.16349E+02  0.27290E+02 -0.43639E+02 -0.14988E+01  0.64230E+01  0.41977E+01      982.00
  0.77633E+00  0.67581E+02    0.40000E+00  0.40000E+00 -0.80000E+00  0.00000E+00  0.00000E+00  0.00000E+00    0.16314E+02  0.27366E+02 -0.43680E+02 -0.14770E+01  0.64521E+01  0.41344E+01      982.00
  0.80057E+00  0.67643E+02    0.41250E+00  0.41250E+00 -0.82500E+00  0.00000E+00  0.00000E+00  0.00000E+00    0.16280E+02  0.27438E+02 -0.43717E+02 -0.14551E+01  0.64784E+01  0.40706E+01      982.00
  0.82481E+00  0.67704E+02    0.42500E+00  0.42500E+00 -0.85000E+00  0.00000E+00  0.00000E+00  0.00000E+00    0.16218E+02  0.27535E+02 -0.43752E+02 -0.14241E+01  0.65167E+01  0.39659E+01      982.00
  0.84904E+00  0.67690E+02    0.43750E+00  0.43750E+00 -0.87500E+00  0.00000E+00  0.00000E+00  0.00000E+00    0.16201E+02  0.27552E+02 -0.43753E+02 -0.14005E+01  0.64656E+01  0.39451E+01      982.00
  0.87328E+00  0.67659E+02    0.45000E+00  0.45000E+00 -0.90000E+00  0.00000E+00  0.00000E+00  0.00000E+00    0.16150E+02  0.27586E+02 -0.43736E+02 -0.13698E+01  0.64592E+01  0.38721E+01      982.00
  0.89752E+00  0.67638E+02    0.46250E+00  0.46250E+00 -0.92500E+00  0.00000E+00  0.00000E+00  0.00000E+00    0.16099E+02  0.27626E+02 -0.43725E+02 -0.13412E+01  0.64479E+01  0.38020E+01      982.00
  0.92176E+00  0.67614E+02    0.47500E+00  0.47500E+00 -0.95000E+00  0.00000E+00  0.00000E+00  0.00000E+00    0.16048E+02  0.27664E+02 -0.43713E+02 -0.13120E+01  0.64364E+01  0.37305E+01      982.00
  0.94601E+00  0.67595E+02    0.48750E+00  0.48750E+00 -0.97500E+00  0.00000E+00  0.00000E+00  0.00000E+00    0.15990E+02  0.27713E+02 -0.43704E+02 -0.12816E+01  0.64147E+01  0.36542E+01      982.00
  0.97025E+00  0.67570E+02    0.50000E+00  0.50000E+00 -0.10000E+01  0.00000E+00  0.00000E+00  0.00000E+00    0.15946E+02  0.27743E+02 -0.43689E+02 -0.12539E+01  0.64149E+01  0.35845E+01      982.00
