          Evm          Svm            E11          E22          E33          E23          E13          E12         SDEV11       SDEV22       SDEV33       SDEV23       SDEV13       SDEV12      TEMP
  0.00000E+00  0.60491E+02    0.00000E+00  0.00000E+00  0.00000E+00  0.00000E+00  0.00000E+00  0.00000E+00    0.26188E+02  0.12422E+02 -0.38610E+02  0.44612E+00 -0.11409E+01 -0.72637E+01      982.00
  0.23936E-01  0.60603E+02    0.12500E-01  0.12500E-01 -0.25000E-01  0.00000E+00  0.00000E+00  0.00000E+00    0.26230E+02  0.12386E+02 -0.38615E+02  0.19127E+00 -0.10856E+01 -0.75330E+01      982.00
  0.47830E-01  0.60804E+02    0.25000E-01  0.25000E-01 -0.50000E-01  0.00000E+00  0.00000E+00  0.00000E+00    0.26278E+02  0.12401E+02 -0.38679E+02 -0.21705E-01 -0.10505E+01 -0.78156E+01      982.00
  0.71685E-01  0.61113E+02    0.37500E-01  0.37500E-01 -0.75000E-01  0.00000E+00  0.00000E+00  0.00000E+00    0.26334E+02  0.12476E+02 -0.38810E+02 -0.23223E+00 -0.10627E+01 -0.81295E+01      982.00
  0.95499E-01  0.61542E+02    0.50000E-01  0.50000E-01 -0.10000E+00  0.00000E+00  0.00000E+00  0.00000E+00    0.26404E+02  0.12613E+02 -0.39017E+02 -0.43804E+00 -0.11328E+01 -0.84676E+01      982.00
  0.11927E+00  0.62088E+02    0.62500E-01  0.62500E-01 -0.12500E+00  0.00000E+00  0.00000E+00  0.00000E+00    0.26491E+02  0.12810E+02 -0.39301E+02 -0.64322E+00 -0.12685E+01 -0.88178E+01      982.00
  0.14301E+00  0.62732E+02    0.75000E-01  0.75000E-01 -0.15000E+00  0.00000E+00  0.00000E+00  0.00000E+00    0.26589E+02  0.13065E+02 -0.39654E+02 -0.85582E+00 -0.14634E+01 -0.91581E+01      982.00
  0.16671E+00  0.63413E+02    0.87500E-01  0.87500E-01 -0.17500E+00  0.00000E+00  0.00000E+00  0.00000E+00    0.26671E+02  0.13375E+02 -0.40047E+02 -0.10934E+01 -0.16915E+01 -0.94528E+01      982.00
  0.19040E+00  0.63995E+02    0.10000E+00  0.10000E+00 -0.20000E+00  0.00000E+00  0.00000E+00  0.00000E+00    0.26693E+02  0.13714E+02 -0.40406E+02 -0.13483E+01 -0.19222E+01 -0.96423E+01      982.00
  0.21407E+00  0.64436E+02    0.11250E+00  0.11250E+00 -0.22500E+00  0.00000E+00  0.00000E+00  0.00000E+00    0.26677E+02  0.14023E+02 -0.40700E+02 -0.15397E+01 -0.21801E+01 -0.97205E+01      982.00
  0.23776E+00  0.64842E+02    0.12500E+00  0.12500E+00 -0.25000E+00  0.00000E+00  0.00000E+00  0.00000E+00    0.26711E+02  0.14263E+02 -0.40974E+02 -0.15983E+01 -0.24756E+01 -0.97425E+01      982.00
  0.26146E+00  0.65276E+02    0.13750E+00  0.13750E+00 -0.27500E+00  0.00000E+00  0.00000E+00  0.00000E+00    0.26827E+02  0.14432E+02 -0.41259E+02 -0.15445E+01 -0.27805E+01 -0.97504E+01      982.00
  0.28516E+00  0.65718E+02    0.15000E+00  0.15000E+00 -0.30000E+00  0.00000E+00  0.00000E+00  0.00000E+00    0.26996E+02  0.14550E+02 -0.41546E+02 -0.14417E+01 -0.30345E+01 -0.97500E+01      982.00
  0.30887E+00  0.66166E+02    0.16250E+00  0.16250E+00 -0.32500E+00  0.00000E+00  0.00000E+00  0.00000E+00    0.27186E+02  0.14649E+02 -0.41835E+02 -0.13450E+01 -0.32330E+01 -0.97538E+01      982.00
  0.33258E+00  0.66633E+02    0.17500E+00  0.17500E+00 -0.35000E+00  0.00000E+00  0.00000E+00  0.00000E+00    0.27404E+02  0.14724E+02 -0.42129E+02 -0.12523E+01 -0.33967E+01 -0.97761E+01      982.00
  0.35629E+00  0.67088E+02    0.18750E+00  0.18750E+00 -0.37500E+00  0.00000E+00  0.00000E+00  0.00000E+00    0.27615E+02  0.14804E+02 -0.42419E+02 -0.11922E+01 -0.35070E+01 -0.97981E+01      982.00
  0.38000E+00  0.67533E+02    0.20000E+00  0.20000E+00 -0.40000E+00  0.00000E+00  0.00000E+00  0.00000E+00    0.27824E+02  0.14879E+02 -0.42703E+02 -0.11534E+01 -0.35815E+01 -0.98222E+01      982.00
  0.40371E+00  0.67976E+02    0.21250E+00  0.21250E+00 -0.42500E+00  0.00000E+00  0.00000E+00  0.00000E+00    0.28043E+02  0.14942E+02 -0.42986E+02 -0.11237E+01 -0.36339E+01 -0.98512E+01      982.00
  0.42742E+00  0.68379E+02    0.22500E+00  0.22500E+00 -0.45000E+00  0.00000E+00  0.00000E+00  0.00000E+00    0.28235E+02  0.15014E+02 -0.43249E+02 -0.11170E+01 -0.36556E+01 -0.98672E+01      982.00
  0.45114E+00  0.68757E+02    0.23750E+00  0.23750E+00 -0.47500E+00  0.00000E+00  0.00000E+00  0.00000E+00    0.28416E+02  0.15084E+02 -0.43500E+02 -0.11200E+01 -0.36610E+01 -0.98771E+01      982.00
  0.47487E+00  0.69112E+02    0.25000E+00  0.25000E+00 -0.50000E+00  0.00000E+00  0.00000E+00  0.00000E+00    0.28591E+02  0.15145E+02 -0.43736E+02 -0.11278E+01 -0.36571E+01 -0.98820E+01      982.00
  0.49860E+00  0.69438E+02    0.26250E+00  0.26250E+00 -0.52500E+00  0.00000E+00  0.00000E+00  0.00000E+00    0.28746E+02  0.15213E+02 -0.43959E+02 -0.11410E+01 -0.36392E+01 -0.98758E+01      982.00
  0.52234E+00  0.69777E+02    0.27500E+00  0.27500E+00 -0.55000E+00  0.00000E+00  0.00000E+00  0.00000E+00    0.28919E+02  0.15276E+02 -0.44195E+02 -0.11581E+01 -0.36067E+01 -0.98572E+01      982.00
  0.54609E+00  0.70051E+02    0.28750E+00  0.28750E+00 -0.57500E+00  0.00000E+00  0.00000E+00  0.00000E+00    0.29050E+02  0.15340E+02 -0.44390E+02 -0.11760E+01 -0.35747E+01 -0.98349E+01      982.00
  0.56985E+00  0.70301E+02    0.30000E+00  0.30000E+00 -0.60000E+00  0.00000E+00  0.00000E+00  0.00000E+00    0.29168E+02  0.15404E+02 -0.44571E+02 -0.11925E+01 -0.35392E+01 -0.98057E+01      982.00
  0.59363E+00  0.70531E+02    0.31250E+00  0.31250E+00 -0.62500E+00  0.00000E+00  0.00000E+00  0.00000E+00    0.29276E+02  0.15465E+02 -0.44741E+02 -0.12077E+01 -0.35011E+01 -0.97712E+01      982.00
  0.61742E+00  0.70723E+02    0.32500E+00  0.32500E+00 -0.65000E+00  0.00000E+00  0.00000E+00  0.00000E+00    0.29356E+02  0.15528E+02 -0.44884E+02 -0.12139E+01 -0.34768E+01 -0.97447E+01      982.00
  0.64122E+00  0.70922E+02    0.33750E+00  0.33750E+00 -0.67500E+00  0.00000E+00  0.00000E+00  0.00000E+00    0.29449E+02  0.15586E+02 -0.45035E+02 -0.12249E+01 -0.34372E+01 -0.97029E+01      982.00
  0.66503E+00  0.71103E+02    0.35000E+00  0.35000E+00 -0.70000E+00  0.00000E+00  0.00000E+00  0.00000E+00    0.29534E+02  0.15642E+02 -0.45176E+02 -0.12346E+01 -0.33961E+01 -0.96569E+01      982.00
  0.68885E+00  0.71270E+02    0.36250E+00  0.36250E+00 -0.72500E+00  0.00000E+00  0.00000E+00  0.00000E+00    0.29611E+02  0.15697E+02 -0.45308E+02 -0.12426E+01 -0.33544E+01 -0.96076E+01      982.00
  0.71269E+00  0.71422E+02    0.37500E+00  0.37500E+00 -0.75000E+00  0.00000E+00  0.00000E+00  0.00000E+00    0.29681E+02  0.15750E+02 -0.45431E+02 -0.12492E+01 -0.33124E+01 -0.95557E+01      982.00
  0.73655E+00  0.71562E+02    0.38750E+00  0.38750E+00 -0.77500E+00  0.00000E+00  0.00000E+00  0.00000E+00    0.29745E+02  0.15802E+02 -0.45547E+02 -0.12544E+01 -0.32705E+01 -0.95017E+01      982.00
  0.76041E+00  0.71690E+02    0.40000E+00  0.40000E+00 -0.80000E+00  0.00000E+00  0.00000E+00  0.00000E+00    0.29802E+02  0.15852E+02 -0.45654E+02 -0.12583E+01 -0.32288E+01 -0.94463E+01      982.00
  0.78430E+00  0.71797E+02    0.41250E+00  0.41250E+00 -0.82500E+00  0.00000E+00  0.00000E+00  0.00000E+00    0.29855E+02  0.15892E+02 -0.45747E+02 -0.12665E+01 -0.31822E+01 -0.93894E+01      982.00
  0.80819E+00  0.71904E+02    0.42500E+00  0.42500E+00 -0.85000E+00  0.00000E+00  0.00000E+00  0.00000E+00    0.29902E+02  0.15940E+02 -0.45842E+02 -0.12681E+01 -0.31402E+01 -0.93320E+01      982.00
  0.83210E+00  0.71941E+02    0.43750E+00  0.43750E+00 -0.87500E+00  0.00000E+00  0.00000E+00  0.00000E+00    0.29912E+02  0.15978E+02 -0.45890E+02 -0.12533E+01 -0.30979E+01 -0.92782E+01      982.00
  0.85602E+00  0.71969E+02    0.45000E+00  0.45000E+00 -0.90000E+00  0.00000E+00  0.00000E+00  0.00000E+00    0.29921E+02  0.16013E+02 -0.45934E+02 -0.12455E+01 -0.30492E+01 -0.92120E+01      982.00
  0.87995E+00  0.71993E+02    0.46250E+00  0.46250E+00 -0.92500E+00  0.00000E+00  0.00000E+00  0.00000E+00    0.29927E+02  0.16047E+02 -0.45975E+02 -0.12391E+01 -0.30036E+01 -0.91493E+01      982.00
  0.90390E+00  0.72018E+02    0.47500E+00  0.47500E+00 -0.95000E+00  0.00000E+00  0.00000E+00  0.00000E+00    0.29933E+02  0.16082E+02 -0.46016E+02 -0.12317E+01 -0.29574E+01 -0.90860E+01      982.00
  0.92786E+00  0.72041E+02    0.48750E+00  0.48750E+00 -0.97500E+00  0.00000E+00  0.00000E+00  0.00000E+00    0.29938E+02  0.16116E+02 -0.46055E+02 -0.12243E+01 -0.29128E+01 -0.90247E+01      982.00
  0.95183E+00  0.72061E+02    0.50000E+00  0.50000E+00 -0.10000E+01  0.00000E+00  0.00000E+00  0.00000E+00    0.29942E+02  0.16149E+02 -0.46091E+02 -0.12169E+01 -0.28697E+01 -0.89656E+01      982.00
