          Evm          Svm            E11          E22          E33          E23          E13          E12         SDEV11       SDEV22       SDEV33       SDEV23       SDEV13       SDEV12      TEMP
  0.00000E+00  0.60283E+02    0.00000E+00  0.00000E+00  0.00000E+00  0.00000E+00  0.00000E+00  0.00000E+00    0.18473E+02  0.15654E+02 -0.34127E+02  0.17102E+01 -0.14860E+01  0.18187E+02      982.00
  0.21229E-01  0.60410E+02    0.12500E-01  0.12500E-01 -0.25000E-01  0.00000E+00  0.00000E+00  0.00000E+00    0.18594E+02  0.15671E+02 -0.34266E+02  0.22329E+01 -0.19781E+01  0.18023E+02      982.00
  0.42499E-01  0.60544E+02    0.25000E-01  0.25000E-01 -0.50000E-01  0.00000E+00  0.00000E+00  0.00000E+00    0.18721E+02  0.15710E+02 -0.34430E+02  0.26962E+01 -0.24224E+01  0.17815E+02      982.00
  0.63825E-01  0.60675E+02    0.37500E-01  0.37500E-01 -0.75000E-01  0.00000E+00  0.00000E+00  0.00000E+00    0.18866E+02  0.15751E+02 -0.34617E+02  0.31287E+01 -0.28476E+01  0.17551E+02      982.00
  0.85220E-01  0.60807E+02    0.50000E-01  0.50000E-01 -0.10000E+00  0.00000E+00  0.00000E+00  0.00000E+00    0.19024E+02  0.15799E+02 -0.34823E+02  0.35088E+01 -0.32338E+01  0.17251E+02      982.00
  0.10670E+00  0.60949E+02    0.62500E-01  0.62500E-01 -0.12500E+00  0.00000E+00  0.00000E+00  0.00000E+00    0.19194E+02  0.15853E+02 -0.35047E+02  0.38310E+01 -0.35738E+01  0.16935E+02      982.00
  0.12826E+00  0.61116E+02    0.75000E-01  0.75000E-01 -0.15000E+00  0.00000E+00  0.00000E+00  0.00000E+00    0.19373E+02  0.15915E+02 -0.35288E+02  0.40848E+01 -0.38538E+01  0.16631E+02      982.00
  0.14991E+00  0.61316E+02    0.87500E-01  0.87500E-01 -0.17500E+00  0.00000E+00  0.00000E+00  0.00000E+00    0.19559E+02  0.15987E+02 -0.35545E+02  0.42752E+01 -0.40747E+01  0.16357E+02      982.00
  0.17165E+00  0.61546E+02    0.10000E+00  0.10000E+00 -0.20000E+00  0.00000E+00  0.00000E+00  0.00000E+00    0.19748E+02  0.16067E+02 -0.35816E+02  0.44137E+01 -0.42446E+01  0.16115E+02      982.00
  0.19347E+00  0.61799E+02    0.11250E+00  0.11250E+00 -0.22500E+00  0.00000E+00  0.00000E+00  0.00000E+00    0.19938E+02  0.16156E+02 -0.36094E+02  0.45128E+01 -0.43733E+01  0.15903E+02      982.00
  0.21538E+00  0.62070E+02    0.12500E+00  0.12500E+00 -0.25000E+00  0.00000E+00  0.00000E+00  0.00000E+00    0.20121E+02  0.16253E+02 -0.36374E+02  0.45800E+01 -0.44673E+01  0.15725E+02      982.00
  0.23735E+00  0.62350E+02    0.13750E+00  0.13750E+00 -0.27500E+00  0.00000E+00  0.00000E+00  0.00000E+00    0.20302E+02  0.16353E+02 -0.36655E+02  0.46308E+01 -0.45420E+01  0.15562E+02      982.00
  0.25940E+00  0.62631E+02    0.15000E+00  0.15000E+00 -0.30000E+00  0.00000E+00  0.00000E+00  0.00000E+00    0.20475E+02  0.16455E+02 -0.36930E+02  0.46687E+01 -0.46007E+01  0.15417E+02      982.00
  0.28151E+00  0.62929E+02    0.16250E+00  0.16250E+00 -0.32500E+00  0.00000E+00  0.00000E+00  0.00000E+00    0.20640E+02  0.16568E+02 -0.37208E+02  0.46954E+01 -0.46452E+01  0.15294E+02      982.00
  0.30368E+00  0.63210E+02    0.17500E+00  0.17500E+00 -0.35000E+00  0.00000E+00  0.00000E+00  0.00000E+00    0.20795E+02  0.16677E+02 -0.37472E+02  0.47203E+01 -0.46857E+01  0.15174E+02      982.00
  0.32591E+00  0.63507E+02    0.18750E+00  0.18750E+00 -0.37500E+00  0.00000E+00  0.00000E+00  0.00000E+00    0.20944E+02  0.16797E+02 -0.37741E+02  0.47371E+01 -0.47154E+01  0.15070E+02      982.00
  0.34820E+00  0.63798E+02    0.20000E+00  0.20000E+00 -0.40000E+00  0.00000E+00  0.00000E+00  0.00000E+00    0.21084E+02  0.16919E+02 -0.38003E+02  0.47506E+01 -0.47399E+01  0.14972E+02      982.00
  0.37054E+00  0.64069E+02    0.21250E+00  0.21250E+00 -0.42500E+00  0.00000E+00  0.00000E+00  0.00000E+00    0.21214E+02  0.17037E+02 -0.38250E+02  0.47679E+01 -0.47672E+01  0.14870E+02      982.00
  0.39292E+00  0.64344E+02    0.22500E+00  0.22500E+00 -0.45000E+00  0.00000E+00  0.00000E+00  0.00000E+00    0.21337E+02  0.17160E+02 -0.38497E+02  0.47762E+01 -0.47831E+01  0.14781E+02      982.00
  0.41536E+00  0.64609E+02    0.23750E+00  0.23750E+00 -0.47500E+00  0.00000E+00  0.00000E+00  0.00000E+00    0.21452E+02  0.17282E+02 -0.38734E+02  0.47818E+01 -0.47948E+01  0.14696E+02      982.00
  0.43784E+00  0.64862E+02    0.25000E+00  0.25000E+00 -0.50000E+00  0.00000E+00  0.00000E+00  0.00000E+00    0.21558E+02  0.17403E+02 -0.38961E+02  0.47851E+01 -0.48027E+01  0.14615E+02      982.00
  0.46037E+00  0.65101E+02    0.26250E+00  0.26250E+00 -0.52500E+00  0.00000E+00  0.00000E+00  0.00000E+00    0.21656E+02  0.17525E+02 -0.39181E+02  0.47933E+01 -0.48154E+01  0.14524E+02      982.00
  0.48294E+00  0.65330E+02    0.27500E+00  0.27500E+00 -0.55000E+00  0.00000E+00  0.00000E+00  0.00000E+00    0.21747E+02  0.17641E+02 -0.39388E+02  0.47918E+01 -0.48160E+01  0.14448E+02      982.00
  0.50555E+00  0.65547E+02    0.28750E+00  0.28750E+00 -0.57500E+00  0.00000E+00  0.00000E+00  0.00000E+00    0.21831E+02  0.17754E+02 -0.39585E+02  0.47875E+01 -0.48127E+01  0.14376E+02      982.00
  0.52819E+00  0.65751E+02    0.30000E+00  0.30000E+00 -0.60000E+00  0.00000E+00  0.00000E+00  0.00000E+00    0.21909E+02  0.17863E+02 -0.39772E+02  0.47811E+01 -0.48061E+01  0.14307E+02      982.00
  0.55088E+00  0.65943E+02    0.31250E+00  0.31250E+00 -0.62500E+00  0.00000E+00  0.00000E+00  0.00000E+00    0.21980E+02  0.17968E+02 -0.39949E+02  0.47728E+01 -0.47968E+01  0.14240E+02      982.00
  0.57359E+00  0.66128E+02    0.32500E+00  0.32500E+00 -0.65000E+00  0.00000E+00  0.00000E+00  0.00000E+00    0.22045E+02  0.18078E+02 -0.40123E+02  0.47661E+01 -0.47891E+01  0.14165E+02      982.00
  0.59635E+00  0.66296E+02    0.33750E+00  0.33750E+00 -0.67500E+00  0.00000E+00  0.00000E+00  0.00000E+00    0.22104E+02  0.18176E+02 -0.40280E+02  0.47539E+01 -0.47742E+01  0.14104E+02      982.00
  0.61913E+00  0.66453E+02    0.35000E+00  0.35000E+00 -0.70000E+00  0.00000E+00  0.00000E+00  0.00000E+00    0.22159E+02  0.18269E+02 -0.40428E+02  0.47396E+01 -0.47565E+01  0.14047E+02      982.00
  0.64194E+00  0.66605E+02    0.36250E+00  0.36250E+00 -0.72500E+00  0.00000E+00  0.00000E+00  0.00000E+00    0.22207E+02  0.18367E+02 -0.40574E+02  0.47257E+01 -0.47388E+01  0.13985E+02      982.00
  0.66479E+00  0.66741E+02    0.37500E+00  0.37500E+00 -0.75000E+00  0.00000E+00  0.00000E+00  0.00000E+00    0.22252E+02  0.18452E+02 -0.40704E+02  0.47085E+01 -0.47171E+01  0.13933E+02      982.00
  0.68766E+00  0.66869E+02    0.38750E+00  0.38750E+00 -0.77500E+00  0.00000E+00  0.00000E+00  0.00000E+00    0.22294E+02  0.18532E+02 -0.40826E+02  0.46900E+01 -0.46934E+01  0.13886E+02      982.00
  0.71055E+00  0.66988E+02    0.40000E+00  0.40000E+00 -0.80000E+00  0.00000E+00  0.00000E+00  0.00000E+00    0.22334E+02  0.18607E+02 -0.40941E+02  0.46708E+01 -0.46689E+01  0.13840E+02      982.00
  0.73347E+00  0.67098E+02    0.41250E+00  0.41250E+00 -0.82500E+00  0.00000E+00  0.00000E+00  0.00000E+00    0.22370E+02  0.18679E+02 -0.41049E+02  0.46512E+01 -0.46437E+01  0.13797E+02      982.00
  0.75641E+00  0.67202E+02    0.42500E+00  0.42500E+00 -0.85000E+00  0.00000E+00  0.00000E+00  0.00000E+00    0.22404E+02  0.18746E+02 -0.41150E+02  0.46314E+01 -0.46183E+01  0.13756E+02      982.00
  0.77938E+00  0.67297E+02    0.43750E+00  0.43750E+00 -0.87500E+00  0.00000E+00  0.00000E+00  0.00000E+00    0.22440E+02  0.18803E+02 -0.41243E+02  0.46162E+01 -0.45986E+01  0.13717E+02      982.00
  0.80236E+00  0.67387E+02    0.45000E+00  0.45000E+00 -0.90000E+00  0.00000E+00  0.00000E+00  0.00000E+00    0.22470E+02  0.18863E+02 -0.41333E+02  0.45979E+01 -0.45754E+01  0.13677E+02      982.00
  0.82536E+00  0.67471E+02    0.46250E+00  0.46250E+00 -0.92500E+00  0.00000E+00  0.00000E+00  0.00000E+00    0.22496E+02  0.18921E+02 -0.41417E+02  0.45792E+01 -0.45515E+01  0.13639E+02      982.00
  0.84838E+00  0.67550E+02    0.47500E+00  0.47500E+00 -0.95000E+00  0.00000E+00  0.00000E+00  0.00000E+00    0.22521E+02  0.18976E+02 -0.41497E+02  0.45606E+01 -0.45275E+01  0.13604E+02      982.00
  0.87142E+00  0.67623E+02    0.48750E+00  0.48750E+00 -0.97500E+00  0.00000E+00  0.00000E+00  0.00000E+00    0.22547E+02  0.19023E+02 -0.41570E+02  0.45480E+01 -0.45113E+01  0.13567E+02      982.00
  0.89447E+00  0.67687E+02    0.50000E+00  0.50000E+00 -0.10000E+01  0.00000E+00  0.00000E+00  0.00000E+00    0.22567E+02  0.19067E+02 -0.41634E+02  0.45342E+01 -0.44930E+01  0.13540E+02      982.00
