          Evm          Svm            E11          E22          E33          E23          E13          E12         SDEV11       SDEV22       SDEV33       SDEV23       SDEV13       SDEV12      TEMP
  0.00000E+00  0.61732E+02    0.00000E+00  0.00000E+00  0.00000E+00  0.00000E+00  0.00000E+00  0.00000E+00    0.22726E+02  0.16451E+02 -0.39177E+02 -0.39457E+01 -0.61462E+01 -0.74824E+01      982.00
  0.23798E-01  0.61659E+02    0.12500E-01  0.12500E-01 -0.25000E-01  0.00000E+00  0.00000E+00  0.00000E+00    0.22582E+02  0.16653E+02 -0.39235E+02 -0.39250E+01 -0.59275E+01 -0.73074E+01      982.00
  0.47661E-01  0.61574E+02    0.25000E-01  0.25000E-01 -0.50000E-01  0.00000E+00  0.00000E+00  0.00000E+00    0.22472E+02  0.16797E+02 -0.39269E+02 -0.37807E+01 -0.58454E+01 -0.71251E+01      982.00
  0.71576E-01  0.61594E+02    0.37500E-01  0.37500E-01 -0.75000E-01  0.00000E+00  0.00000E+00  0.00000E+00    0.22507E+02  0.16832E+02 -0.39339E+02 -0.35471E+01 -0.59177E+01 -0.69488E+01      982.00
  0.95527E-01  0.61723E+02    0.50000E-01  0.50000E-01 -0.10000E+00  0.00000E+00  0.00000E+00  0.00000E+00    0.22588E+02  0.16868E+02 -0.39456E+02 -0.33327E+01 -0.60521E+01 -0.68144E+01      982.00
  0.11950E+00  0.61919E+02    0.62500E-01  0.62500E-01 -0.12500E+00  0.00000E+00  0.00000E+00  0.00000E+00    0.22717E+02  0.16884E+02 -0.39601E+02 -0.31455E+01 -0.61944E+01 -0.67101E+01      982.00
  0.14348E+00  0.62167E+02    0.75000E-01  0.75000E-01 -0.15000E+00  0.00000E+00  0.00000E+00  0.00000E+00    0.22888E+02  0.16883E+02 -0.39772E+02 -0.29888E+01 -0.63201E+01 -0.66338E+01      982.00
  0.16747E+00  0.62456E+02    0.87500E-01  0.87500E-01 -0.17500E+00  0.00000E+00  0.00000E+00  0.00000E+00    0.23097E+02  0.16867E+02 -0.39964E+02 -0.28601E+01 -0.64211E+01 -0.65822E+01      982.00
  0.19147E+00  0.62782E+02    0.10000E+00  0.10000E+00 -0.20000E+00  0.00000E+00  0.00000E+00  0.00000E+00    0.23339E+02  0.16837E+02 -0.40176E+02 -0.27534E+01 -0.64973E+01 -0.65508E+01      982.00
  0.21546E+00  0.63137E+02    0.11250E+00  0.11250E+00 -0.22500E+00  0.00000E+00  0.00000E+00  0.00000E+00    0.23612E+02  0.16792E+02 -0.40404E+02 -0.26638E+01 -0.65528E+01 -0.65357E+01      982.00
  0.23946E+00  0.63510E+02    0.12500E+00  0.12500E+00 -0.25000E+00  0.00000E+00  0.00000E+00  0.00000E+00    0.23897E+02  0.16746E+02 -0.40643E+02 -0.25936E+01 -0.65873E+01 -0.65325E+01      982.00
  0.26346E+00  0.63897E+02    0.13750E+00  0.13750E+00 -0.27500E+00  0.00000E+00  0.00000E+00  0.00000E+00    0.24199E+02  0.16692E+02 -0.40891E+02 -0.25338E+01 -0.66072E+01 -0.65363E+01      982.00
  0.28746E+00  0.64287E+02    0.15000E+00  0.15000E+00 -0.30000E+00  0.00000E+00  0.00000E+00  0.00000E+00    0.24498E+02  0.16643E+02 -0.41141E+02 -0.24895E+01 -0.66118E+01 -0.65445E+01      982.00
  0.31146E+00  0.64676E+02    0.16250E+00  0.16250E+00 -0.32500E+00  0.00000E+00  0.00000E+00  0.00000E+00    0.24801E+02  0.16590E+02 -0.41390E+02 -0.24516E+01 -0.66065E+01 -0.65530E+01      982.00
  0.33546E+00  0.65055E+02    0.17500E+00  0.17500E+00 -0.35000E+00  0.00000E+00  0.00000E+00  0.00000E+00    0.25089E+02  0.16546E+02 -0.41635E+02 -0.24266E+01 -0.65900E+01 -0.65615E+01      982.00
  0.35946E+00  0.65422E+02    0.18750E+00  0.18750E+00 -0.37500E+00  0.00000E+00  0.00000E+00  0.00000E+00    0.25373E+02  0.16500E+02 -0.41873E+02 -0.24047E+01 -0.65673E+01 -0.65668E+01      982.00
  0.38346E+00  0.65773E+02    0.20000E+00  0.20000E+00 -0.40000E+00  0.00000E+00  0.00000E+00  0.00000E+00    0.25637E+02  0.16464E+02 -0.42101E+02 -0.23932E+01 -0.65366E+01 -0.65699E+01      982.00
  0.40746E+00  0.66105E+02    0.21250E+00  0.21250E+00 -0.42500E+00  0.00000E+00  0.00000E+00  0.00000E+00    0.25891E+02  0.16426E+02 -0.42318E+02 -0.23824E+01 -0.65025E+01 -0.65688E+01      982.00
  0.43147E+00  0.66417E+02    0.22500E+00  0.22500E+00 -0.45000E+00  0.00000E+00  0.00000E+00  0.00000E+00    0.26128E+02  0.16396E+02 -0.42524E+02 -0.23754E+01 -0.64617E+01 -0.65633E+01      982.00
  0.45548E+00  0.66702E+02    0.23750E+00  0.23750E+00 -0.47500E+00  0.00000E+00  0.00000E+00  0.00000E+00    0.26350E+02  0.16362E+02 -0.42713E+02 -0.23708E+01 -0.64215E+01 -0.65556E+01      982.00
  0.47949E+00  0.66976E+02    0.25000E+00  0.25000E+00 -0.50000E+00  0.00000E+00  0.00000E+00  0.00000E+00    0.26554E+02  0.16341E+02 -0.42896E+02 -0.23757E+01 -0.63753E+01 -0.65451E+01      982.00
  0.50351E+00  0.67223E+02    0.26250E+00  0.26250E+00 -0.52500E+00  0.00000E+00  0.00000E+00  0.00000E+00    0.26749E+02  0.16312E+02 -0.43061E+02 -0.23774E+01 -0.63314E+01 -0.65309E+01      982.00
  0.52753E+00  0.67459E+02    0.27500E+00  0.27500E+00 -0.55000E+00  0.00000E+00  0.00000E+00  0.00000E+00    0.26925E+02  0.16296E+02 -0.43222E+02 -0.23860E+01 -0.62813E+01 -0.65143E+01      982.00
  0.55156E+00  0.67675E+02    0.28750E+00  0.28750E+00 -0.57500E+00  0.00000E+00  0.00000E+00  0.00000E+00    0.27100E+02  0.16269E+02 -0.43368E+02 -0.23914E+01 -0.62327E+01 -0.64916E+01      982.00
  0.57559E+00  0.67877E+02    0.30000E+00  0.30000E+00 -0.60000E+00  0.00000E+00  0.00000E+00  0.00000E+00    0.27253E+02  0.16255E+02 -0.43508E+02 -0.24021E+01 -0.61804E+01 -0.64699E+01      982.00
  0.59962E+00  0.68071E+02    0.31250E+00  0.31250E+00 -0.62500E+00  0.00000E+00  0.00000E+00  0.00000E+00    0.27414E+02  0.16228E+02 -0.43642E+02 -0.24125E+01 -0.61248E+01 -0.64398E+01      982.00
  0.62367E+00  0.68242E+02    0.32500E+00  0.32500E+00 -0.65000E+00  0.00000E+00  0.00000E+00  0.00000E+00    0.27547E+02  0.16215E+02 -0.43762E+02 -0.24237E+01 -0.60716E+01 -0.64143E+01      982.00
  0.64771E+00  0.68399E+02    0.33750E+00  0.33750E+00 -0.67500E+00  0.00000E+00  0.00000E+00  0.00000E+00    0.27670E+02  0.16202E+02 -0.43873E+02 -0.24358E+01 -0.60186E+01 -0.63875E+01      982.00
  0.67177E+00  0.68544E+02    0.35000E+00  0.35000E+00 -0.70000E+00  0.00000E+00  0.00000E+00  0.00000E+00    0.27787E+02  0.16189E+02 -0.43976E+02 -0.24479E+01 -0.59661E+01 -0.63595E+01      982.00
  0.69583E+00  0.68686E+02    0.36250E+00  0.36250E+00 -0.72500E+00  0.00000E+00  0.00000E+00  0.00000E+00    0.27916E+02  0.16164E+02 -0.44080E+02 -0.24613E+01 -0.58989E+01 -0.63189E+01      982.00
  0.71989E+00  0.68807E+02    0.37500E+00  0.37500E+00 -0.75000E+00  0.00000E+00  0.00000E+00  0.00000E+00    0.28019E+02  0.16149E+02 -0.44168E+02 -0.24725E+01 -0.58468E+01 -0.62883E+01      982.00
  0.74396E+00  0.68910E+02    0.38750E+00  0.38750E+00 -0.77500E+00  0.00000E+00  0.00000E+00  0.00000E+00    0.28103E+02  0.16136E+02 -0.44239E+02 -0.24832E+01 -0.58117E+01 -0.62681E+01      982.00
  0.76804E+00  0.69016E+02    0.40000E+00  0.40000E+00 -0.80000E+00  0.00000E+00  0.00000E+00  0.00000E+00    0.28195E+02  0.16122E+02 -0.44316E+02 -0.24950E+01 -0.57622E+01 -0.62371E+01      982.00
  0.79212E+00  0.69114E+02    0.41250E+00  0.41250E+00 -0.82500E+00  0.00000E+00  0.00000E+00  0.00000E+00    0.28283E+02  0.16105E+02 -0.44388E+02 -0.25062E+01 -0.57138E+01 -0.62054E+01      982.00
  0.81620E+00  0.69205E+02    0.42500E+00  0.42500E+00 -0.85000E+00  0.00000E+00  0.00000E+00  0.00000E+00    0.28367E+02  0.16088E+02 -0.44455E+02 -0.25172E+01 -0.56665E+01 -0.61732E+01      982.00
  0.84029E+00  0.69292E+02    0.43750E+00  0.43750E+00 -0.87500E+00  0.00000E+00  0.00000E+00  0.00000E+00    0.28437E+02  0.16079E+02 -0.44517E+02 -0.25225E+01 -0.56360E+01 -0.61528E+01      982.00
  0.86438E+00  0.69371E+02    0.45000E+00  0.45000E+00 -0.90000E+00  0.00000E+00  0.00000E+00  0.00000E+00    0.28517E+02  0.16058E+02 -0.44575E+02 -0.25316E+01 -0.55930E+01 -0.61194E+01      982.00
  0.88848E+00  0.69388E+02    0.46250E+00  0.46250E+00 -0.92500E+00  0.00000E+00  0.00000E+00  0.00000E+00    0.28559E+02  0.16041E+02 -0.44600E+02 -0.25390E+01 -0.55247E+01 -0.60736E+01      982.00
  0.91258E+00  0.69396E+02    0.47500E+00  0.47500E+00 -0.95000E+00  0.00000E+00  0.00000E+00  0.00000E+00    0.28596E+02  0.16022E+02 -0.44618E+02 -0.25415E+01 -0.54625E+01 -0.60329E+01      982.00
  0.93669E+00  0.69403E+02    0.48750E+00  0.48750E+00 -0.97500E+00  0.00000E+00  0.00000E+00  0.00000E+00    0.28632E+02  0.16002E+02 -0.44634E+02 -0.25438E+01 -0.54026E+01 -0.59932E+01      982.00
  0.96081E+00  0.69410E+02    0.50000E+00  0.50000E+00 -0.10000E+01  0.00000E+00  0.00000E+00  0.00000E+00    0.28668E+02  0.15982E+02 -0.44649E+02 -0.25463E+01 -0.53449E+01 -0.59545E+01      982.00
