          Evm          Svm            E11          E22          E33          E23          E13          E12         SDEV11       SDEV22       SDEV33       SDEV23       SDEV13       SDEV12      TEMP
  0.00000E+00  0.60235E+02    0.00000E+00  0.00000E+00  0.00000E+00  0.00000E+00  0.00000E+00  0.00000E+00    0.14000E+02  0.22137E+02 -0.36137E+02 -0.12755E+01  0.34067E+01  0.14150E+02      982.00
  0.22498E-01  0.60319E+02    0.12500E-01  0.12500E-01 -0.25000E-01  0.00000E+00  0.00000E+00  0.00000E+00    0.14099E+02  0.22010E+02 -0.36109E+02 -0.12255E+01  0.34446E+01  0.14349E+02      982.00
  0.44946E-01  0.60450E+02    0.25000E-01  0.25000E-01 -0.50000E-01  0.00000E+00  0.00000E+00  0.00000E+00    0.14170E+02  0.21940E+02 -0.36110E+02 -0.12006E+01  0.34733E+01  0.14543E+02      982.00
  0.67347E-01  0.60614E+02    0.37500E-01  0.37500E-01 -0.75000E-01  0.00000E+00  0.00000E+00  0.00000E+00    0.14239E+02  0.21898E+02 -0.36137E+02 -0.12070E+01  0.35002E+01  0.14726E+02      982.00
  0.89704E-01  0.60784E+02    0.50000E-01  0.50000E-01 -0.10000E+00  0.00000E+00  0.00000E+00  0.00000E+00    0.14297E+02  0.21883E+02 -0.36180E+02 -0.12459E+01  0.35247E+01  0.14881E+02      982.00
  0.11203E+00  0.60951E+02    0.62500E-01  0.62500E-01 -0.12500E+00  0.00000E+00  0.00000E+00  0.00000E+00    0.14318E+02  0.21918E+02 -0.36236E+02 -0.13194E+01  0.35442E+01  0.14994E+02      982.00
  0.13432E+00  0.61101E+02    0.75000E-01  0.75000E-01 -0.15000E+00  0.00000E+00  0.00000E+00  0.00000E+00    0.14278E+02  0.22020E+02 -0.36298E+02 -0.14259E+01  0.35555E+01  0.15055E+02      982.00
  0.15660E+00  0.61274E+02    0.87500E-01  0.87500E-01 -0.17500E+00  0.00000E+00  0.00000E+00  0.00000E+00    0.14194E+02  0.22189E+02 -0.36383E+02 -0.15552E+01  0.35658E+01  0.15085E+02      982.00
  0.17886E+00  0.61409E+02    0.10000E+00  0.10000E+00 -0.20000E+00  0.00000E+00  0.00000E+00  0.00000E+00    0.14070E+02  0.22384E+02 -0.36454E+02 -0.16880E+01  0.35416E+01  0.15089E+02      982.00
  0.20112E+00  0.61536E+02    0.11250E+00  0.11250E+00 -0.22500E+00  0.00000E+00  0.00000E+00  0.00000E+00    0.13920E+02  0.22601E+02 -0.36522E+02 -0.18132E+01  0.34847E+01  0.15086E+02      982.00
  0.22338E+00  0.61681E+02    0.12500E+00  0.12500E+00 -0.25000E+00  0.00000E+00  0.00000E+00  0.00000E+00    0.13751E+02  0.22838E+02 -0.36590E+02 -0.19229E+01  0.34074E+01  0.15104E+02      982.00
  0.24563E+00  0.61844E+02    0.13750E+00  0.13750E+00 -0.27500E+00  0.00000E+00  0.00000E+00  0.00000E+00    0.13578E+02  0.23077E+02 -0.36656E+02 -0.20125E+01  0.33211E+01  0.15151E+02      982.00
  0.26785E+00  0.62023E+02    0.15000E+00  0.15000E+00 -0.30000E+00  0.00000E+00  0.00000E+00  0.00000E+00    0.13409E+02  0.23307E+02 -0.36716E+02 -0.20828E+01  0.32356E+01  0.15228E+02      982.00
  0.29005E+00  0.62212E+02    0.16250E+00  0.16250E+00 -0.32500E+00  0.00000E+00  0.00000E+00  0.00000E+00    0.13249E+02  0.23522E+02 -0.36771E+02 -0.21365E+01  0.31577E+01  0.15335E+02      982.00
  0.31222E+00  0.62408E+02    0.17500E+00  0.17500E+00 -0.35000E+00  0.00000E+00  0.00000E+00  0.00000E+00    0.13094E+02  0.23723E+02 -0.36817E+02 -0.21770E+01  0.30921E+01  0.15464E+02      982.00
  0.33434E+00  0.62601E+02    0.18750E+00  0.18750E+00 -0.37500E+00  0.00000E+00  0.00000E+00  0.00000E+00    0.12951E+02  0.23900E+02 -0.36851E+02 -0.22065E+01  0.30376E+01  0.15613E+02      982.00
  0.35641E+00  0.62781E+02    0.20000E+00  0.20000E+00 -0.40000E+00  0.00000E+00  0.00000E+00  0.00000E+00    0.12819E+02  0.24051E+02 -0.36869E+02 -0.22248E+01  0.29918E+01  0.15775E+02      982.00
  0.37844E+00  0.62958E+02    0.21250E+00  0.21250E+00 -0.42500E+00  0.00000E+00  0.00000E+00  0.00000E+00    0.12701E+02  0.24178E+02 -0.36879E+02 -0.22359E+01  0.29533E+01  0.15955E+02      982.00
  0.40040E+00  0.63132E+02    0.22500E+00  0.22500E+00 -0.45000E+00  0.00000E+00  0.00000E+00  0.00000E+00    0.12596E+02  0.24283E+02 -0.36879E+02 -0.22388E+01  0.29180E+01  0.16150E+02      982.00
  0.42231E+00  0.63308E+02    0.23750E+00  0.23750E+00 -0.47500E+00  0.00000E+00  0.00000E+00  0.00000E+00    0.12503E+02  0.24368E+02 -0.36871E+02 -0.22325E+01  0.28814E+01  0.16366E+02      982.00
  0.44415E+00  0.63457E+02    0.25000E+00  0.25000E+00 -0.50000E+00  0.00000E+00  0.00000E+00  0.00000E+00    0.12424E+02  0.24423E+02 -0.36847E+02 -0.22280E+01  0.28505E+01  0.16581E+02      982.00
  0.46592E+00  0.63581E+02    0.26250E+00  0.26250E+00 -0.52500E+00  0.00000E+00  0.00000E+00  0.00000E+00    0.12350E+02  0.24456E+02 -0.36806E+02 -0.22253E+01  0.28232E+01  0.16792E+02      982.00
  0.48763E+00  0.63705E+02    0.27500E+00  0.27500E+00 -0.55000E+00  0.00000E+00  0.00000E+00  0.00000E+00    0.12281E+02  0.24475E+02 -0.36757E+02 -0.22018E+01  0.27792E+01  0.17023E+02      982.00
  0.50927E+00  0.63818E+02    0.28750E+00  0.28750E+00 -0.57500E+00  0.00000E+00  0.00000E+00  0.00000E+00    0.12212E+02  0.24484E+02 -0.36696E+02 -0.21726E+01  0.27291E+01  0.17257E+02      982.00
  0.53083E+00  0.63918E+02    0.30000E+00  0.30000E+00 -0.60000E+00  0.00000E+00  0.00000E+00  0.00000E+00    0.12153E+02  0.24472E+02 -0.36625E+02 -0.21203E+01  0.26562E+01  0.17501E+02      982.00
  0.55232E+00  0.64012E+02    0.31250E+00  0.31250E+00 -0.62500E+00  0.00000E+00  0.00000E+00  0.00000E+00    0.12096E+02  0.24453E+02 -0.36548E+02 -0.20550E+01  0.25676E+01  0.17749E+02      982.00
  0.57373E+00  0.64094E+02    0.32500E+00  0.32500E+00 -0.65000E+00  0.00000E+00  0.00000E+00  0.00000E+00    0.12052E+02  0.24411E+02 -0.36463E+02 -0.19631E+01  0.24490E+01  0.18003E+02      982.00
  0.59506E+00  0.64170E+02    0.33750E+00  0.33750E+00 -0.67500E+00  0.00000E+00  0.00000E+00  0.00000E+00    0.12012E+02  0.24365E+02 -0.36377E+02 -0.18522E+01  0.23071E+01  0.18255E+02      982.00
  0.61632E+00  0.64238E+02    0.35000E+00  0.35000E+00 -0.70000E+00  0.00000E+00  0.00000E+00  0.00000E+00    0.11983E+02  0.24304E+02 -0.36288E+02 -0.17137E+01  0.21321E+01  0.18507E+02      982.00
  0.63750E+00  0.64307E+02    0.36250E+00  0.36250E+00 -0.72500E+00  0.00000E+00  0.00000E+00  0.00000E+00    0.11969E+02  0.24232E+02 -0.36201E+02 -0.15460E+01  0.19212E+01  0.18759E+02      982.00
  0.65861E+00  0.64373E+02    0.37500E+00  0.37500E+00 -0.75000E+00  0.00000E+00  0.00000E+00  0.00000E+00    0.11963E+02  0.24156E+02 -0.36120E+02 -0.13554E+01  0.16815E+01  0.19000E+02      982.00
  0.67966E+00  0.64442E+02    0.38750E+00  0.38750E+00 -0.77500E+00  0.00000E+00  0.00000E+00  0.00000E+00    0.11969E+02  0.24079E+02 -0.36048E+02 -0.11427E+01  0.14134E+01  0.19227E+02      982.00
  0.70063E+00  0.64515E+02    0.40000E+00  0.40000E+00 -0.80000E+00  0.00000E+00  0.00000E+00  0.00000E+00    0.11988E+02  0.24002E+02 -0.35990E+02 -0.90911E+00  0.11184E+01  0.19436E+02      982.00
  0.72155E+00  0.64596E+02    0.41250E+00  0.41250E+00 -0.82500E+00  0.00000E+00  0.00000E+00  0.00000E+00    0.12023E+02  0.23924E+02 -0.35948E+02 -0.65488E+00  0.79680E+00  0.19627E+02      982.00
  0.74242E+00  0.64679E+02    0.42500E+00  0.42500E+00 -0.85000E+00  0.00000E+00  0.00000E+00  0.00000E+00    0.12068E+02  0.23855E+02 -0.35923E+02 -0.39489E+00  0.46581E+00  0.19786E+02      982.00
  0.76325E+00  0.64769E+02    0.43750E+00  0.43750E+00 -0.87500E+00  0.00000E+00  0.00000E+00  0.00000E+00    0.12126E+02  0.23792E+02 -0.35918E+02 -0.12869E+00  0.12510E+00  0.19918E+02      982.00
  0.78404E+00  0.64866E+02    0.45000E+00  0.45000E+00 -0.90000E+00  0.00000E+00  0.00000E+00  0.00000E+00    0.12196E+02  0.23737E+02 -0.35932E+02  0.13916E+00 -0.21999E+00  0.20021E+02      982.00
  0.80482E+00  0.64969E+02    0.46250E+00  0.46250E+00 -0.92500E+00  0.00000E+00  0.00000E+00  0.00000E+00    0.12276E+02  0.23691E+02 -0.35967E+02  0.40314E+00 -0.56291E+00  0.20093E+02      982.00
  0.82558E+00  0.65076E+02    0.47500E+00  0.47500E+00 -0.95000E+00  0.00000E+00  0.00000E+00  0.00000E+00    0.12366E+02  0.23655E+02 -0.36021E+02  0.65862E+00 -0.89806E+00  0.20135E+02      982.00
  0.84633E+00  0.65187E+02    0.48750E+00  0.48750E+00 -0.97500E+00  0.00000E+00  0.00000E+00  0.00000E+00    0.12465E+02  0.23629E+02 -0.36093E+02  0.90279E+00 -0.12219E+01  0.20147E+02      982.00
  0.86710E+00  0.65296E+02    0.50000E+00  0.50000E+00 -0.10000E+01  0.00000E+00  0.00000E+00  0.00000E+00    0.12569E+02  0.23613E+02 -0.36182E+02  0.11299E+01 -0.15270E+01  0.20131E+02      982.00
