          Evm          Svm            E11          E22          E33          E23          E13          E12         SDEV11       SDEV22       SDEV33       SDEV23       SDEV13       SDEV12      TEMP
  0.00000E+00  0.57307E+02    0.00000E+00  0.00000E+00  0.00000E+00  0.00000E+00  0.00000E+00  0.00000E+00    0.15953E+02  0.17189E+02 -0.33142E+02 -0.39699E+01  0.78410E+00  0.15942E+02      982.00
  0.21687E-01  0.57176E+02    0.12500E-01  0.12500E-01 -0.25000E-01  0.00000E+00  0.00000E+00  0.00000E+00    0.15896E+02  0.17241E+02 -0.33137E+02 -0.38333E+01  0.10909E+01  0.15805E+02      982.00
  0.43421E-01  0.57202E+02    0.25000E-01  0.25000E-01 -0.50000E-01  0.00000E+00  0.00000E+00  0.00000E+00    0.15908E+02  0.17291E+02 -0.33199E+02 -0.37128E+01  0.12965E+01  0.15751E+02      982.00
  0.65185E-01  0.57366E+02    0.37500E-01  0.37500E-01 -0.75000E-01  0.00000E+00  0.00000E+00  0.00000E+00    0.15951E+02  0.17366E+02 -0.33317E+02 -0.35864E+01  0.14570E+01  0.15778E+02      982.00
  0.86964E-01  0.57616E+02    0.50000E-01  0.50000E-01 -0.10000E+00  0.00000E+00  0.00000E+00  0.00000E+00    0.16011E+02  0.17453E+02 -0.33464E+02 -0.34595E+01  0.15727E+01  0.15865E+02      982.00
  0.10874E+00  0.57946E+02    0.62500E-01  0.62500E-01 -0.12500E+00  0.00000E+00  0.00000E+00  0.00000E+00    0.16088E+02  0.17555E+02 -0.33643E+02 -0.33425E+01  0.16558E+01  0.15996E+02      982.00
  0.13052E+00  0.58330E+02    0.75000E-01  0.75000E-01 -0.15000E+00  0.00000E+00  0.00000E+00  0.00000E+00    0.16177E+02  0.17669E+02 -0.33846E+02 -0.32269E+01  0.17207E+01  0.16157E+02      982.00
  0.15228E+00  0.58749E+02    0.87500E-01  0.87500E-01 -0.17500E+00  0.00000E+00  0.00000E+00  0.00000E+00    0.16274E+02  0.17787E+02 -0.34061E+02 -0.31289E+01  0.17629E+01  0.16338E+02      982.00
  0.17402E+00  0.59191E+02    0.10000E+00  0.10000E+00 -0.20000E+00  0.00000E+00  0.00000E+00  0.00000E+00    0.16377E+02  0.17908E+02 -0.34285E+02 -0.30425E+01  0.17925E+01  0.16529E+02      982.00
  0.19574E+00  0.59628E+02    0.11250E+00  0.11250E+00 -0.22500E+00  0.00000E+00  0.00000E+00  0.00000E+00    0.16482E+02  0.18026E+02 -0.34509E+02 -0.29544E+01  0.18140E+01  0.16715E+02      982.00
  0.21744E+00  0.60074E+02    0.12500E+00  0.12500E+00 -0.25000E+00  0.00000E+00  0.00000E+00  0.00000E+00    0.16593E+02  0.18144E+02 -0.34737E+02 -0.28899E+01  0.18280E+01  0.16901E+02      982.00
  0.23913E+00  0.60507E+02    0.13750E+00  0.13750E+00 -0.27500E+00  0.00000E+00  0.00000E+00  0.00000E+00    0.16706E+02  0.18256E+02 -0.34962E+02 -0.28347E+01  0.18371E+01  0.17077E+02      982.00
  0.26079E+00  0.60923E+02    0.15000E+00  0.15000E+00 -0.30000E+00  0.00000E+00  0.00000E+00  0.00000E+00    0.16818E+02  0.18362E+02 -0.35180E+02 -0.27870E+01  0.18431E+01  0.17239E+02      982.00
  0.28245E+00  0.61309E+02    0.16250E+00  0.16250E+00 -0.32500E+00  0.00000E+00  0.00000E+00  0.00000E+00    0.16930E+02  0.18456E+02 -0.35386E+02 -0.27351E+01  0.18460E+01  0.17388E+02      982.00
  0.30409E+00  0.61677E+02    0.17500E+00  0.17500E+00 -0.35000E+00  0.00000E+00  0.00000E+00  0.00000E+00    0.17042E+02  0.18545E+02 -0.35587E+02 -0.27000E+01  0.18480E+01  0.17519E+02      982.00
  0.32573E+00  0.62025E+02    0.18750E+00  0.18750E+00 -0.37500E+00  0.00000E+00  0.00000E+00  0.00000E+00    0.17155E+02  0.18623E+02 -0.35778E+02 -0.26586E+01  0.18476E+01  0.17644E+02      982.00
  0.34736E+00  0.62339E+02    0.20000E+00  0.20000E+00 -0.40000E+00  0.00000E+00  0.00000E+00  0.00000E+00    0.17265E+02  0.18693E+02 -0.35957E+02 -0.26313E+01  0.18469E+01  0.17744E+02      982.00
  0.36899E+00  0.62628E+02    0.21250E+00  0.21250E+00 -0.42500E+00  0.00000E+00  0.00000E+00  0.00000E+00    0.17371E+02  0.18755E+02 -0.36126E+02 -0.26070E+01  0.18448E+01  0.17830E+02      982.00
  0.39062E+00  0.62893E+02    0.22500E+00  0.22500E+00 -0.45000E+00  0.00000E+00  0.00000E+00  0.00000E+00    0.17475E+02  0.18810E+02 -0.36285E+02 -0.25845E+01  0.18417E+01  0.17904E+02      982.00
  0.41226E+00  0.63134E+02    0.23750E+00  0.23750E+00 -0.47500E+00  0.00000E+00  0.00000E+00  0.00000E+00    0.17575E+02  0.18857E+02 -0.36432E+02 -0.25624E+01  0.18376E+01  0.17967E+02      982.00
  0.43390E+00  0.63356E+02    0.25000E+00  0.25000E+00 -0.50000E+00  0.00000E+00  0.00000E+00  0.00000E+00    0.17673E+02  0.18897E+02 -0.36570E+02 -0.25422E+01  0.18331E+01  0.18021E+02      982.00
  0.45554E+00  0.63560E+02    0.26250E+00  0.26250E+00 -0.52500E+00  0.00000E+00  0.00000E+00  0.00000E+00    0.17768E+02  0.18931E+02 -0.36700E+02 -0.25228E+01  0.18281E+01  0.18067E+02      982.00
  0.47719E+00  0.63746E+02    0.27500E+00  0.27500E+00 -0.55000E+00  0.00000E+00  0.00000E+00  0.00000E+00    0.17860E+02  0.18960E+02 -0.36820E+02 -0.25041E+01  0.18225E+01  0.18106E+02      982.00
  0.49886E+00  0.63916E+02    0.28750E+00  0.28750E+00 -0.57500E+00  0.00000E+00  0.00000E+00  0.00000E+00    0.17950E+02  0.18983E+02 -0.36933E+02 -0.24860E+01  0.18165E+01  0.18138E+02      982.00
  0.52052E+00  0.64072E+02    0.30000E+00  0.30000E+00 -0.60000E+00  0.00000E+00  0.00000E+00  0.00000E+00    0.18036E+02  0.19001E+02 -0.37037E+02 -0.24684E+01  0.18102E+01  0.18166E+02      982.00
  0.54220E+00  0.64203E+02    0.31250E+00  0.31250E+00 -0.62500E+00  0.00000E+00  0.00000E+00  0.00000E+00    0.18122E+02  0.19003E+02 -0.37125E+02 -0.24478E+01  0.18037E+01  0.18190E+02      982.00
  0.56389E+00  0.64336E+02    0.32500E+00  0.32500E+00 -0.65000E+00  0.00000E+00  0.00000E+00  0.00000E+00    0.18204E+02  0.19013E+02 -0.37217E+02 -0.24308E+01  0.17973E+01  0.18209E+02      982.00
  0.58558E+00  0.64457E+02    0.33750E+00  0.33750E+00 -0.67500E+00  0.00000E+00  0.00000E+00  0.00000E+00    0.18282E+02  0.19021E+02 -0.37302E+02 -0.24148E+01  0.17905E+01  0.18224E+02      982.00
  0.60728E+00  0.64568E+02    0.35000E+00  0.35000E+00 -0.70000E+00  0.00000E+00  0.00000E+00  0.00000E+00    0.18357E+02  0.19025E+02 -0.37382E+02 -0.23993E+01  0.17836E+01  0.18237E+02      982.00
  0.62899E+00  0.64671E+02    0.36250E+00  0.36250E+00 -0.72500E+00  0.00000E+00  0.00000E+00  0.00000E+00    0.18429E+02  0.19027E+02 -0.37456E+02 -0.23844E+01  0.17767E+01  0.18248E+02      982.00
  0.65071E+00  0.64766E+02    0.37500E+00  0.37500E+00 -0.75000E+00  0.00000E+00  0.00000E+00  0.00000E+00    0.18499E+02  0.19026E+02 -0.37525E+02 -0.23701E+01  0.17699E+01  0.18256E+02      982.00
  0.67244E+00  0.64854E+02    0.38750E+00  0.38750E+00 -0.77500E+00  0.00000E+00  0.00000E+00  0.00000E+00    0.18566E+02  0.19024E+02 -0.37590E+02 -0.23564E+01  0.17632E+01  0.18263E+02      982.00
  0.69417E+00  0.64935E+02    0.40000E+00  0.40000E+00 -0.80000E+00  0.00000E+00  0.00000E+00  0.00000E+00    0.18631E+02  0.19019E+02 -0.37650E+02 -0.23433E+01  0.17567E+01  0.18269E+02      982.00
  0.71592E+00  0.65010E+02    0.41250E+00  0.41250E+00 -0.82500E+00  0.00000E+00  0.00000E+00  0.00000E+00    0.18693E+02  0.19013E+02 -0.37706E+02 -0.23307E+01  0.17503E+01  0.18273E+02      982.00
  0.73767E+00  0.65079E+02    0.42500E+00  0.42500E+00 -0.85000E+00  0.00000E+00  0.00000E+00  0.00000E+00    0.18754E+02  0.19005E+02 -0.37759E+02 -0.23188E+01  0.17442E+01  0.18277E+02      982.00
  0.75942E+00  0.65144E+02    0.43750E+00  0.43750E+00 -0.87500E+00  0.00000E+00  0.00000E+00  0.00000E+00    0.18812E+02  0.18997E+02 -0.37808E+02 -0.23075E+01  0.17383E+01  0.18280E+02      982.00
  0.78119E+00  0.65205E+02    0.45000E+00  0.45000E+00 -0.90000E+00  0.00000E+00  0.00000E+00  0.00000E+00    0.18868E+02  0.18986E+02 -0.37854E+02 -0.22967E+01  0.17327E+01  0.18282E+02      982.00
  0.80296E+00  0.65261E+02    0.46250E+00  0.46250E+00 -0.92500E+00  0.00000E+00  0.00000E+00  0.00000E+00    0.18922E+02  0.18975E+02 -0.37897E+02 -0.22866E+01  0.17273E+01  0.18284E+02      982.00
  0.82473E+00  0.65301E+02    0.47500E+00  0.47500E+00 -0.95000E+00  0.00000E+00  0.00000E+00  0.00000E+00    0.18981E+02  0.18947E+02 -0.37928E+02 -0.22741E+01  0.17221E+01  0.18285E+02      982.00
  0.84652E+00  0.65353E+02    0.48750E+00  0.48750E+00 -0.97500E+00  0.00000E+00  0.00000E+00  0.00000E+00    0.19033E+02  0.18936E+02 -0.37969E+02 -0.22637E+01  0.17175E+01  0.18287E+02      982.00
  0.86830E+00  0.65371E+02    0.50000E+00  0.50000E+00 -0.10000E+01  0.00000E+00  0.00000E+00  0.00000E+00    0.19055E+02  0.18932E+02 -0.37987E+02 -0.22507E+01  0.17094E+01  0.18281E+02      982.00
