          Evm          Svm            E11          E22          E33          E23          E13          E12         SDEV11       SDEV22       SDEV33       SDEV23       SDEV13       SDEV12      TEMP
  0.00000E+00  0.57502E+02    0.00000E+00  0.00000E+00  0.00000E+00  0.00000E+00  0.00000E+00  0.00000E+00    0.16042E+02  0.16997E+02 -0.33038E+02 -0.34812E+01  0.62856E+00  0.16456E+02      982.00
  0.21546E-01  0.57367E+02    0.12500E-01  0.12500E-01 -0.25000E-01  0.00000E+00  0.00000E+00  0.00000E+00    0.15939E+02  0.17098E+02 -0.33037E+02 -0.34519E+01  0.98621E+00  0.16284E+02      982.00
  0.43142E-01  0.57396E+02    0.25000E-01  0.25000E-01 -0.50000E-01  0.00000E+00  0.00000E+00  0.00000E+00    0.15927E+02  0.17180E+02 -0.33107E+02 -0.34092E+01  0.12332E+01  0.16202E+02      982.00
  0.64772E-01  0.57529E+02    0.37500E-01  0.37500E-01 -0.75000E-01  0.00000E+00  0.00000E+00  0.00000E+00    0.15952E+02  0.17266E+02 -0.33217E+02 -0.33467E+01  0.14114E+01  0.16187E+02      982.00
  0.86425E-01  0.57757E+02    0.50000E-01  0.50000E-01 -0.10000E+00  0.00000E+00  0.00000E+00  0.00000E+00    0.15999E+02  0.17362E+02 -0.33362E+02 -0.32722E+01  0.15444E+01  0.16237E+02      982.00
  0.10809E+00  0.58060E+02    0.62500E-01  0.62500E-01 -0.12500E+00  0.00000E+00  0.00000E+00  0.00000E+00    0.16068E+02  0.17471E+02 -0.33539E+02 -0.31911E+01  0.16453E+01  0.16329E+02      982.00
  0.12975E+00  0.58430E+02    0.75000E-01  0.75000E-01 -0.15000E+00  0.00000E+00  0.00000E+00  0.00000E+00    0.16153E+02  0.17587E+02 -0.33740E+02 -0.31187E+01  0.17141E+01  0.16464E+02      982.00
  0.15140E+00  0.58830E+02    0.87500E-01  0.87500E-01 -0.17500E+00  0.00000E+00  0.00000E+00  0.00000E+00    0.16246E+02  0.17707E+02 -0.33953E+02 -0.30491E+01  0.17626E+01  0.16616E+02      982.00
  0.17304E+00  0.59241E+02    0.10000E+00  0.10000E+00 -0.20000E+00  0.00000E+00  0.00000E+00  0.00000E+00    0.16345E+02  0.17827E+02 -0.34173E+02 -0.29742E+01  0.17986E+01  0.16774E+02      982.00
  0.19468E+00  0.59676E+02    0.11250E+00  0.11250E+00 -0.22500E+00  0.00000E+00  0.00000E+00  0.00000E+00    0.16452E+02  0.17949E+02 -0.34401E+02 -0.29179E+01  0.18228E+01  0.16944E+02      982.00
  0.21629E+00  0.60110E+02    0.12500E+00  0.12500E+00 -0.25000E+00  0.00000E+00  0.00000E+00  0.00000E+00    0.16562E+02  0.18068E+02 -0.34630E+02 -0.28688E+01  0.18399E+01  0.17112E+02      982.00
  0.23790E+00  0.60535E+02    0.13750E+00  0.13750E+00 -0.27500E+00  0.00000E+00  0.00000E+00  0.00000E+00    0.16675E+02  0.18182E+02 -0.34856E+02 -0.28257E+01  0.18520E+01  0.17271E+02      982.00
  0.25949E+00  0.60935E+02    0.15000E+00  0.15000E+00 -0.30000E+00  0.00000E+00  0.00000E+00  0.00000E+00    0.16786E+02  0.18286E+02 -0.35072E+02 -0.27773E+01  0.18599E+01  0.17419E+02      982.00
  0.28107E+00  0.61322E+02    0.16250E+00  0.16250E+00 -0.32500E+00  0.00000E+00  0.00000E+00  0.00000E+00    0.16900E+02  0.18386E+02 -0.35285E+02 -0.27450E+01  0.18660E+01  0.17553E+02      982.00
  0.30265E+00  0.61692E+02    0.17500E+00  0.17500E+00 -0.35000E+00  0.00000E+00  0.00000E+00  0.00000E+00    0.17014E+02  0.18476E+02 -0.35490E+02 -0.27060E+01  0.18694E+01  0.17682E+02      982.00
  0.32422E+00  0.62029E+02    0.18750E+00  0.18750E+00 -0.37500E+00  0.00000E+00  0.00000E+00  0.00000E+00    0.17126E+02  0.18558E+02 -0.35684E+02 -0.26803E+01  0.18717E+01  0.17786E+02      982.00
  0.34580E+00  0.62340E+02    0.20000E+00  0.20000E+00 -0.40000E+00  0.00000E+00  0.00000E+00  0.00000E+00    0.17235E+02  0.18632E+02 -0.35867E+02 -0.26573E+01  0.18722E+01  0.17876E+02      982.00
  0.36737E+00  0.62628E+02    0.21250E+00  0.21250E+00 -0.42500E+00  0.00000E+00  0.00000E+00  0.00000E+00    0.17342E+02  0.18699E+02 -0.36040E+02 -0.26357E+01  0.18713E+01  0.17953E+02      982.00
  0.38895E+00  0.62891E+02    0.22500E+00  0.22500E+00 -0.45000E+00  0.00000E+00  0.00000E+00  0.00000E+00    0.17446E+02  0.18757E+02 -0.36203E+02 -0.26149E+01  0.18693E+01  0.18019E+02      982.00
  0.41054E+00  0.63131E+02    0.23750E+00  0.23750E+00 -0.47500E+00  0.00000E+00  0.00000E+00  0.00000E+00    0.17546E+02  0.18808E+02 -0.36354E+02 -0.25941E+01  0.18659E+01  0.18075E+02      982.00
  0.43213E+00  0.63353E+02    0.25000E+00  0.25000E+00 -0.50000E+00  0.00000E+00  0.00000E+00  0.00000E+00    0.17644E+02  0.18853E+02 -0.36497E+02 -0.25745E+01  0.18620E+01  0.18122E+02      982.00
  0.45374E+00  0.63556E+02    0.26250E+00  0.26250E+00 -0.52500E+00  0.00000E+00  0.00000E+00  0.00000E+00    0.17739E+02  0.18891E+02 -0.36630E+02 -0.25553E+01  0.18574E+01  0.18161E+02      982.00
  0.47535E+00  0.63742E+02    0.27500E+00  0.27500E+00 -0.55000E+00  0.00000E+00  0.00000E+00  0.00000E+00    0.17831E+02  0.18924E+02 -0.36755E+02 -0.25365E+01  0.18520E+01  0.18193E+02      982.00
  0.49697E+00  0.63912E+02    0.28750E+00  0.28750E+00 -0.57500E+00  0.00000E+00  0.00000E+00  0.00000E+00    0.17920E+02  0.18951E+02 -0.36871E+02 -0.25179E+01  0.18461E+01  0.18219E+02      982.00
  0.51861E+00  0.64067E+02    0.30000E+00  0.30000E+00 -0.60000E+00  0.00000E+00  0.00000E+00  0.00000E+00    0.18006E+02  0.18974E+02 -0.36979E+02 -0.24997E+01  0.18396E+01  0.18241E+02      982.00
  0.54025E+00  0.64198E+02    0.31250E+00  0.31250E+00 -0.62500E+00  0.00000E+00  0.00000E+00  0.00000E+00    0.18090E+02  0.18980E+02 -0.37070E+02 -0.24783E+01  0.18332E+01  0.18261E+02      982.00
  0.56191E+00  0.64331E+02    0.32500E+00  0.32500E+00 -0.65000E+00  0.00000E+00  0.00000E+00  0.00000E+00    0.18171E+02  0.18994E+02 -0.37165E+02 -0.24602E+01  0.18263E+01  0.18275E+02      982.00
  0.58357E+00  0.64452E+02    0.33750E+00  0.33750E+00 -0.67500E+00  0.00000E+00  0.00000E+00  0.00000E+00    0.18248E+02  0.19005E+02 -0.37254E+02 -0.24429E+01  0.18191E+01  0.18286E+02      982.00
  0.60525E+00  0.64563E+02    0.35000E+00  0.35000E+00 -0.70000E+00  0.00000E+00  0.00000E+00  0.00000E+00    0.18323E+02  0.19014E+02 -0.37336E+02 -0.24262E+01  0.18116E+01  0.18294E+02      982.00
  0.62693E+00  0.64666E+02    0.36250E+00  0.36250E+00 -0.72500E+00  0.00000E+00  0.00000E+00  0.00000E+00    0.18394E+02  0.19019E+02 -0.37413E+02 -0.24099E+01  0.18041E+01  0.18301E+02      982.00
  0.64863E+00  0.64761E+02    0.37500E+00  0.37500E+00 -0.75000E+00  0.00000E+00  0.00000E+00  0.00000E+00    0.18463E+02  0.19022E+02 -0.37485E+02 -0.23942E+01  0.17966E+01  0.18305E+02      982.00
  0.67033E+00  0.64848E+02    0.38750E+00  0.38750E+00 -0.77500E+00  0.00000E+00  0.00000E+00  0.00000E+00    0.18530E+02  0.19022E+02 -0.37552E+02 -0.23791E+01  0.17892E+01  0.18309E+02      982.00
  0.69205E+00  0.64929E+02    0.40000E+00  0.40000E+00 -0.80000E+00  0.00000E+00  0.00000E+00  0.00000E+00    0.18594E+02  0.19021E+02 -0.37615E+02 -0.23646E+01  0.17819E+01  0.18311E+02      982.00
  0.71377E+00  0.65005E+02    0.41250E+00  0.41250E+00 -0.82500E+00  0.00000E+00  0.00000E+00  0.00000E+00    0.18655E+02  0.19018E+02 -0.37673E+02 -0.23507E+01  0.17748E+01  0.18313E+02      982.00
  0.73551E+00  0.65074E+02    0.42500E+00  0.42500E+00 -0.85000E+00  0.00000E+00  0.00000E+00  0.00000E+00    0.18715E+02  0.19013E+02 -0.37728E+02 -0.23374E+01  0.17679E+01  0.18314E+02      982.00
  0.75725E+00  0.65139E+02    0.43750E+00  0.43750E+00 -0.87500E+00  0.00000E+00  0.00000E+00  0.00000E+00    0.18772E+02  0.19007E+02 -0.37779E+02 -0.23247E+01  0.17612E+01  0.18314E+02      982.00
  0.77900E+00  0.65200E+02    0.45000E+00  0.45000E+00 -0.90000E+00  0.00000E+00  0.00000E+00  0.00000E+00    0.18828E+02  0.18999E+02 -0.37827E+02 -0.23127E+01  0.17548E+01  0.18314E+02      982.00
  0.80075E+00  0.65256E+02    0.46250E+00  0.46250E+00 -0.92500E+00  0.00000E+00  0.00000E+00  0.00000E+00    0.18881E+02  0.18991E+02 -0.37872E+02 -0.23013E+01  0.17486E+01  0.18314E+02      982.00
  0.82252E+00  0.65309E+02    0.47500E+00  0.47500E+00 -0.95000E+00  0.00000E+00  0.00000E+00  0.00000E+00    0.18933E+02  0.18981E+02 -0.37914E+02 -0.22906E+01  0.17427E+01  0.18313E+02      982.00
  0.84429E+00  0.65346E+02    0.48750E+00  0.48750E+00 -0.97500E+00  0.00000E+00  0.00000E+00  0.00000E+00    0.18988E+02  0.18955E+02 -0.37944E+02 -0.22772E+01  0.17369E+01  0.18313E+02      982.00
  0.86606E+00  0.65368E+02    0.50000E+00  0.50000E+00 -0.10000E+01  0.00000E+00  0.00000E+00  0.00000E+00    0.19012E+02  0.18954E+02 -0.37966E+02 -0.22620E+01  0.17283E+01  0.18307E+02      982.00
