          Evm          Svm            E11          E22          E33          E23          E13          E12         SDEV11       SDEV22       SDEV33       SDEV23       SDEV13       SDEV12      TEMP
  0.00000E+00  0.61088E+02    0.00000E+00  0.00000E+00  0.00000E+00  0.00000E+00  0.00000E+00  0.00000E+00    0.19450E+02  0.16332E+02 -0.35782E+02  0.51936E+01 -0.47607E+01  0.15218E+02      982.00
  0.21965E-01  0.61168E+02    0.12500E-01  0.12500E-01 -0.25000E-01  0.00000E+00  0.00000E+00  0.00000E+00    0.19590E+02  0.16400E+02 -0.35989E+02  0.52704E+01 -0.49128E+01  0.14876E+02      982.00
  0.44029E-01  0.61257E+02    0.25000E-01  0.25000E-01 -0.50000E-01  0.00000E+00  0.00000E+00  0.00000E+00    0.19714E+02  0.16481E+02 -0.36195E+02  0.52840E+01 -0.49999E+01  0.14585E+02      982.00
  0.66187E-01  0.61379E+02    0.37500E-01  0.37500E-01 -0.75000E-01  0.00000E+00  0.00000E+00  0.00000E+00    0.19854E+02  0.16557E+02 -0.36411E+02  0.52691E+01 -0.50577E+01  0.14332E+02      982.00
  0.88433E-01  0.61520E+02    0.50000E-01  0.50000E-01 -0.10000E+00  0.00000E+00  0.00000E+00  0.00000E+00    0.20001E+02  0.16624E+02 -0.36625E+02  0.52295E+01 -0.50848E+01  0.14123E+02      982.00
  0.11076E+00  0.61699E+02    0.62500E-01  0.62500E-01 -0.12500E+00  0.00000E+00  0.00000E+00  0.00000E+00    0.20153E+02  0.16696E+02 -0.36849E+02  0.51721E+01 -0.50837E+01  0.13962E+02      982.00
  0.13315E+00  0.61891E+02    0.75000E-01  0.75000E-01 -0.15000E+00  0.00000E+00  0.00000E+00  0.00000E+00    0.20308E+02  0.16759E+02 -0.37067E+02  0.51081E+01 -0.50694E+01  0.13834E+02      982.00
  0.15561E+00  0.62123E+02    0.87500E-01  0.87500E-01 -0.17500E+00  0.00000E+00  0.00000E+00  0.00000E+00    0.20464E+02  0.16836E+02 -0.37300E+02  0.50416E+01 -0.50427E+01  0.13742E+02      982.00
  0.17813E+00  0.62377E+02    0.10000E+00  0.10000E+00 -0.20000E+00  0.00000E+00  0.00000E+00  0.00000E+00    0.20617E+02  0.16918E+02 -0.37535E+02  0.49773E+01 -0.50116E+01  0.13675E+02      982.00
  0.20069E+00  0.62647E+02    0.11250E+00  0.11250E+00 -0.22500E+00  0.00000E+00  0.00000E+00  0.00000E+00    0.20766E+02  0.17006E+02 -0.37771E+02  0.49174E+01 -0.49791E+01  0.13626E+02      982.00
  0.22330E+00  0.62928E+02    0.12500E+00  0.12500E+00 -0.25000E+00  0.00000E+00  0.00000E+00  0.00000E+00    0.20910E+02  0.17098E+02 -0.38008E+02  0.48630E+01 -0.49474E+01  0.13593E+02      982.00
  0.24595E+00  0.63211E+02    0.13750E+00  0.13750E+00 -0.27500E+00  0.00000E+00  0.00000E+00  0.00000E+00    0.21050E+02  0.17187E+02 -0.38237E+02  0.48123E+01 -0.49160E+01  0.13575E+02      982.00
  0.26864E+00  0.63505E+02    0.15000E+00  0.15000E+00 -0.30000E+00  0.00000E+00  0.00000E+00  0.00000E+00    0.21182E+02  0.17289E+02 -0.38470E+02  0.47703E+01 -0.48891E+01  0.13560E+02      982.00
  0.29136E+00  0.63809E+02    0.16250E+00  0.16250E+00 -0.32500E+00  0.00000E+00  0.00000E+00  0.00000E+00    0.21312E+02  0.17393E+02 -0.38705E+02  0.47318E+01 -0.48638E+01  0.13555E+02      982.00
  0.31410E+00  0.64130E+02    0.17500E+00  0.17500E+00 -0.35000E+00  0.00000E+00  0.00000E+00  0.00000E+00    0.21440E+02  0.17509E+02 -0.38950E+02  0.46973E+01 -0.48403E+01  0.13555E+02      982.00
  0.33688E+00  0.64410E+02    0.18750E+00  0.18750E+00 -0.37500E+00  0.00000E+00  0.00000E+00  0.00000E+00    0.21547E+02  0.17618E+02 -0.39165E+02  0.46709E+01 -0.48211E+01  0.13546E+02      982.00
  0.35968E+00  0.64680E+02    0.20000E+00  0.20000E+00 -0.40000E+00  0.00000E+00  0.00000E+00  0.00000E+00    0.21646E+02  0.17728E+02 -0.39374E+02  0.46492E+01 -0.48045E+01  0.13536E+02      982.00
  0.38251E+00  0.64973E+02    0.21250E+00  0.21250E+00 -0.42500E+00  0.00000E+00  0.00000E+00  0.00000E+00    0.21746E+02  0.17851E+02 -0.39597E+02  0.46306E+01 -0.47903E+01  0.13530E+02      982.00
  0.40536E+00  0.65217E+02    0.22500E+00  0.22500E+00 -0.45000E+00  0.00000E+00  0.00000E+00  0.00000E+00    0.21827E+02  0.17959E+02 -0.39787E+02  0.46125E+01 -0.47738E+01  0.13518E+02      982.00
  0.42824E+00  0.65449E+02    0.23750E+00  0.23750E+00 -0.47500E+00  0.00000E+00  0.00000E+00  0.00000E+00    0.21902E+02  0.18066E+02 -0.39968E+02  0.45967E+01 -0.47577E+01  0.13505E+02      982.00
  0.45114E+00  0.65644E+02    0.25000E+00  0.25000E+00 -0.50000E+00  0.00000E+00  0.00000E+00  0.00000E+00    0.21967E+02  0.18155E+02 -0.40122E+02  0.45812E+01 -0.47394E+01  0.13489E+02      982.00
  0.47406E+00  0.65853E+02    0.26250E+00  0.26250E+00 -0.52500E+00  0.00000E+00  0.00000E+00  0.00000E+00    0.22033E+02  0.18254E+02 -0.40287E+02  0.45672E+01 -0.47220E+01  0.13474E+02      982.00
  0.49700E+00  0.66049E+02    0.27500E+00  0.27500E+00 -0.55000E+00  0.00000E+00  0.00000E+00  0.00000E+00    0.22092E+02  0.18350E+02 -0.40442E+02  0.45528E+01 -0.47033E+01  0.13459E+02      982.00
  0.51996E+00  0.66232E+02    0.28750E+00  0.28750E+00 -0.57500E+00  0.00000E+00  0.00000E+00  0.00000E+00    0.22146E+02  0.18442E+02 -0.40588E+02  0.45383E+01 -0.46836E+01  0.13443E+02      982.00
  0.54294E+00  0.66403E+02    0.30000E+00  0.30000E+00 -0.60000E+00  0.00000E+00  0.00000E+00  0.00000E+00    0.22194E+02  0.18531E+02 -0.40726E+02  0.45238E+01 -0.46631E+01  0.13427E+02      982.00
  0.56594E+00  0.66562E+02    0.31250E+00  0.31250E+00 -0.62500E+00  0.00000E+00  0.00000E+00  0.00000E+00    0.22238E+02  0.18617E+02 -0.40855E+02  0.45091E+01 -0.46417E+01  0.13410E+02      982.00
  0.58896E+00  0.66710E+02    0.32500E+00  0.32500E+00 -0.65000E+00  0.00000E+00  0.00000E+00  0.00000E+00    0.22278E+02  0.18698E+02 -0.40976E+02  0.44944E+01 -0.46198E+01  0.13393E+02      982.00
  0.61199E+00  0.66848E+02    0.33750E+00  0.33750E+00 -0.67500E+00  0.00000E+00  0.00000E+00  0.00000E+00    0.22314E+02  0.18776E+02 -0.41090E+02  0.44795E+01 -0.45973E+01  0.13376E+02      982.00
  0.63504E+00  0.66975E+02    0.35000E+00  0.35000E+00 -0.70000E+00  0.00000E+00  0.00000E+00  0.00000E+00    0.22346E+02  0.18850E+02 -0.41196E+02  0.44647E+01 -0.45745E+01  0.13359E+02      982.00
  0.65811E+00  0.67094E+02    0.36250E+00  0.36250E+00 -0.72500E+00  0.00000E+00  0.00000E+00  0.00000E+00    0.22375E+02  0.18920E+02 -0.41296E+02  0.44498E+01 -0.45515E+01  0.13342E+02      982.00
  0.68119E+00  0.67203E+02    0.37500E+00  0.37500E+00 -0.75000E+00  0.00000E+00  0.00000E+00  0.00000E+00    0.22402E+02  0.18987E+02 -0.41389E+02  0.44350E+01 -0.45284E+01  0.13325E+02      982.00
  0.70429E+00  0.67305E+02    0.38750E+00  0.38750E+00 -0.77500E+00  0.00000E+00  0.00000E+00  0.00000E+00    0.22426E+02  0.19050E+02 -0.41476E+02  0.44203E+01 -0.45054E+01  0.13309E+02      982.00
  0.72740E+00  0.67400E+02    0.40000E+00  0.40000E+00 -0.80000E+00  0.00000E+00  0.00000E+00  0.00000E+00    0.22447E+02  0.19110E+02 -0.41557E+02  0.44058E+01 -0.44826E+01  0.13292E+02      982.00
  0.75052E+00  0.67487E+02    0.41250E+00  0.41250E+00 -0.82500E+00  0.00000E+00  0.00000E+00  0.00000E+00    0.22467E+02  0.19167E+02 -0.41633E+02  0.43915E+01 -0.44600E+01  0.13276E+02      982.00
  0.77365E+00  0.67563E+02    0.42500E+00  0.42500E+00 -0.85000E+00  0.00000E+00  0.00000E+00  0.00000E+00    0.22483E+02  0.19215E+02 -0.41697E+02  0.43827E+01 -0.44428E+01  0.13264E+02      982.00
  0.79679E+00  0.67639E+02    0.43750E+00  0.43750E+00 -0.87500E+00  0.00000E+00  0.00000E+00  0.00000E+00    0.22499E+02  0.19266E+02 -0.41765E+02  0.43689E+01 -0.44212E+01  0.13249E+02      982.00
  0.81995E+00  0.67710E+02    0.45000E+00  0.45000E+00 -0.90000E+00  0.00000E+00  0.00000E+00  0.00000E+00    0.22514E+02  0.19314E+02 -0.41828E+02  0.43553E+01 -0.43998E+01  0.13234E+02      982.00
  0.84312E+00  0.67775E+02    0.46250E+00  0.46250E+00 -0.92500E+00  0.00000E+00  0.00000E+00  0.00000E+00    0.22528E+02  0.19359E+02 -0.41887E+02  0.43421E+01 -0.43789E+01  0.13220E+02      982.00
  0.86629E+00  0.67837E+02    0.47500E+00  0.47500E+00 -0.95000E+00  0.00000E+00  0.00000E+00  0.00000E+00    0.22540E+02  0.19402E+02 -0.41942E+02  0.43294E+01 -0.43586E+01  0.13206E+02      982.00
  0.88948E+00  0.67893E+02    0.48750E+00  0.48750E+00 -0.97500E+00  0.00000E+00  0.00000E+00  0.00000E+00    0.22551E+02  0.19442E+02 -0.41993E+02  0.43171E+01 -0.43390E+01  0.13193E+02      982.00
  0.91267E+00  0.67946E+02    0.50000E+00  0.50000E+00 -0.10000E+01  0.00000E+00  0.00000E+00  0.00000E+00    0.22562E+02  0.19480E+02 -0.42041E+02  0.43053E+01 -0.43201E+01  0.13180E+02      982.00
