          Evm          Svm            E11          E22          E33          E23          E13          E12         SDEV11       SDEV22       SDEV33       SDEV23       SDEV13       SDEV12      TEMP
  0.00000E+00  0.57047E+02    0.00000E+00  0.00000E+00  0.00000E+00  0.00000E+00  0.00000E+00  0.00000E+00    0.18139E+02  0.16183E+02 -0.34322E+02 -0.23080E+01  0.38984E+01  0.13410E+02      982.00
  0.22561E-01  0.57080E+02    0.12500E-01  0.12500E-01 -0.25000E-01  0.00000E+00  0.00000E+00  0.00000E+00    0.17891E+02  0.16427E+02 -0.34318E+02 -0.24230E+01  0.36260E+01  0.13535E+02      982.00
  0.45107E-01  0.57213E+02    0.25000E-01  0.25000E-01 -0.50000E-01  0.00000E+00  0.00000E+00  0.00000E+00    0.17744E+02  0.16611E+02 -0.34355E+02 -0.24870E+01  0.34126E+01  0.13703E+02      982.00
  0.67625E-01  0.57431E+02    0.37500E-01  0.37500E-01 -0.75000E-01  0.00000E+00  0.00000E+00  0.00000E+00    0.17657E+02  0.16769E+02 -0.34426E+02 -0.25261E+01  0.32254E+01  0.13913E+02      982.00
  0.90104E-01  0.57719E+02    0.50000E-01  0.50000E-01 -0.10000E+00  0.00000E+00  0.00000E+00  0.00000E+00    0.17616E+02  0.16912E+02 -0.34528E+02 -0.25467E+01  0.30590E+01  0.14156E+02      982.00
  0.11254E+00  0.58064E+02    0.62500E-01  0.62500E-01 -0.12500E+00  0.00000E+00  0.00000E+00  0.00000E+00    0.17612E+02  0.17044E+02 -0.34656E+02 -0.25533E+01  0.29102E+01  0.14421E+02      982.00
  0.13492E+00  0.58449E+02    0.75000E-01  0.75000E-01 -0.15000E+00  0.00000E+00  0.00000E+00  0.00000E+00    0.17634E+02  0.17170E+02 -0.34804E+02 -0.25494E+01  0.27761E+01  0.14697E+02      982.00
  0.15725E+00  0.58868E+02    0.87500E-01  0.87500E-01 -0.17500E+00  0.00000E+00  0.00000E+00  0.00000E+00    0.17680E+02  0.17290E+02 -0.34970E+02 -0.25329E+01  0.26583E+01  0.14982E+02      982.00
  0.17953E+00  0.59294E+02    0.10000E+00  0.10000E+00 -0.20000E+00  0.00000E+00  0.00000E+00  0.00000E+00    0.17734E+02  0.17410E+02 -0.35144E+02 -0.25153E+01  0.25494E+01  0.15257E+02      982.00
  0.20175E+00  0.59733E+02    0.11250E+00  0.11250E+00 -0.22500E+00  0.00000E+00  0.00000E+00  0.00000E+00    0.17799E+02  0.17526E+02 -0.35326E+02 -0.24905E+01  0.24559E+01  0.15530E+02      982.00
  0.22393E+00  0.60155E+02    0.12500E+00  0.12500E+00 -0.25000E+00  0.00000E+00  0.00000E+00  0.00000E+00    0.17864E+02  0.17642E+02 -0.35505E+02 -0.24666E+01  0.23679E+01  0.15781E+02      982.00
  0.24606E+00  0.60576E+02    0.13750E+00  0.13750E+00 -0.27500E+00  0.00000E+00  0.00000E+00  0.00000E+00    0.17934E+02  0.17753E+02 -0.35687E+02 -0.24402E+01  0.22958E+01  0.16023E+02      982.00
  0.26815E+00  0.60968E+02    0.15000E+00  0.15000E+00 -0.30000E+00  0.00000E+00  0.00000E+00  0.00000E+00    0.17999E+02  0.17861E+02 -0.35860E+02 -0.24144E+01  0.22252E+01  0.16242E+02      982.00
  0.29021E+00  0.61349E+02    0.16250E+00  0.16250E+00 -0.32500E+00  0.00000E+00  0.00000E+00  0.00000E+00    0.18067E+02  0.17965E+02 -0.36031E+02 -0.23898E+01  0.21712E+01  0.16446E+02      982.00
  0.31224E+00  0.61704E+02    0.17500E+00  0.17500E+00 -0.35000E+00  0.00000E+00  0.00000E+00  0.00000E+00    0.18127E+02  0.18065E+02 -0.36192E+02 -0.23638E+01  0.21146E+01  0.16634E+02      982.00
  0.33423E+00  0.62036E+02    0.18750E+00  0.18750E+00 -0.37500E+00  0.00000E+00  0.00000E+00  0.00000E+00    0.18190E+02  0.18157E+02 -0.36347E+02 -0.23424E+01  0.20748E+01  0.16799E+02      982.00
  0.35620E+00  0.62342E+02    0.20000E+00  0.20000E+00 -0.40000E+00  0.00000E+00  0.00000E+00  0.00000E+00    0.18249E+02  0.18243E+02 -0.36493E+02 -0.23222E+01  0.20405E+01  0.16946E+02      982.00
  0.37815E+00  0.62633E+02    0.21250E+00  0.21250E+00 -0.42500E+00  0.00000E+00  0.00000E+00  0.00000E+00    0.18303E+02  0.18328E+02 -0.36630E+02 -0.22980E+01  0.20000E+01  0.17088E+02      982.00
  0.40008E+00  0.62854E+02    0.22500E+00  0.22500E+00 -0.45000E+00  0.00000E+00  0.00000E+00  0.00000E+00    0.18352E+02  0.18392E+02 -0.36743E+02 -0.22869E+01  0.19855E+01  0.17180E+02      982.00
  0.42201E+00  0.63091E+02    0.23750E+00  0.23750E+00 -0.47500E+00  0.00000E+00  0.00000E+00  0.00000E+00    0.18397E+02  0.18461E+02 -0.36858E+02 -0.22674E+01  0.19556E+01  0.17291E+02      982.00
  0.44391E+00  0.63308E+02    0.25000E+00  0.25000E+00 -0.50000E+00  0.00000E+00  0.00000E+00  0.00000E+00    0.18449E+02  0.18523E+02 -0.36972E+02 -0.22551E+01  0.19407E+01  0.17376E+02      982.00
  0.46581E+00  0.63532E+02    0.26250E+00  0.26250E+00 -0.52500E+00  0.00000E+00  0.00000E+00  0.00000E+00    0.18491E+02  0.18589E+02 -0.37080E+02 -0.22334E+01  0.19085E+01  0.17482E+02      982.00
  0.48770E+00  0.63716E+02    0.27500E+00  0.27500E+00 -0.55000E+00  0.00000E+00  0.00000E+00  0.00000E+00    0.18534E+02  0.18643E+02 -0.37177E+02 -0.22208E+01  0.18923E+01  0.17554E+02      982.00
  0.50958E+00  0.63883E+02    0.28750E+00  0.28750E+00 -0.57500E+00  0.00000E+00  0.00000E+00  0.00000E+00    0.18575E+02  0.18690E+02 -0.37266E+02 -0.22093E+01  0.18786E+01  0.17618E+02      982.00
  0.53146E+00  0.64036E+02    0.30000E+00  0.30000E+00 -0.60000E+00  0.00000E+00  0.00000E+00  0.00000E+00    0.18615E+02  0.18733E+02 -0.37348E+02 -0.21985E+01  0.18663E+01  0.17675E+02      982.00
  0.55333E+00  0.64177E+02    0.31250E+00  0.31250E+00 -0.62500E+00  0.00000E+00  0.00000E+00  0.00000E+00    0.18653E+02  0.18772E+02 -0.37425E+02 -0.21885E+01  0.18551E+01  0.17726E+02      982.00
  0.57520E+00  0.64340E+02    0.32500E+00  0.32500E+00 -0.65000E+00  0.00000E+00  0.00000E+00  0.00000E+00    0.18697E+02  0.18815E+02 -0.37512E+02 -0.21720E+01  0.18363E+01  0.17788E+02      982.00
  0.59706E+00  0.64456E+02    0.33750E+00  0.33750E+00 -0.67500E+00  0.00000E+00  0.00000E+00  0.00000E+00    0.18731E+02  0.18845E+02 -0.37576E+02 -0.21623E+01  0.18253E+01  0.17828E+02      982.00
  0.61892E+00  0.64563E+02    0.35000E+00  0.35000E+00 -0.70000E+00  0.00000E+00  0.00000E+00  0.00000E+00    0.18765E+02  0.18872E+02 -0.37637E+02 -0.21548E+01  0.18168E+01  0.17864E+02      982.00
  0.64078E+00  0.64662E+02    0.36250E+00  0.36250E+00 -0.72500E+00  0.00000E+00  0.00000E+00  0.00000E+00    0.18797E+02  0.18895E+02 -0.37693E+02 -0.21480E+01  0.18091E+01  0.17896E+02      982.00
  0.66264E+00  0.64753E+02    0.37500E+00  0.37500E+00 -0.75000E+00  0.00000E+00  0.00000E+00  0.00000E+00    0.18829E+02  0.18916E+02 -0.37745E+02 -0.21418E+01  0.18021E+01  0.17925E+02      982.00
  0.68450E+00  0.64812E+02    0.38750E+00  0.38750E+00 -0.77500E+00  0.00000E+00  0.00000E+00  0.00000E+00    0.18851E+02  0.18927E+02 -0.37778E+02 -0.21400E+01  0.17992E+01  0.17944E+02      982.00
  0.70636E+00  0.64897E+02    0.40000E+00  0.40000E+00 -0.80000E+00  0.00000E+00  0.00000E+00  0.00000E+00    0.18883E+02  0.18944E+02 -0.37827E+02 -0.21353E+01  0.17939E+01  0.17969E+02      982.00
  0.72822E+00  0.65014E+02    0.41250E+00  0.41250E+00 -0.82500E+00  0.00000E+00  0.00000E+00  0.00000E+00    0.18930E+02  0.18964E+02 -0.37894E+02 -0.21238E+01  0.17793E+01  0.18008E+02      982.00
  0.75007E+00  0.65040E+02    0.42500E+00  0.42500E+00 -0.85000E+00  0.00000E+00  0.00000E+00  0.00000E+00    0.18941E+02  0.18970E+02 -0.37911E+02 -0.21244E+01  0.17803E+01  0.18013E+02      982.00
  0.77193E+00  0.65141E+02    0.43750E+00  0.43750E+00 -0.87500E+00  0.00000E+00  0.00000E+00  0.00000E+00    0.18986E+02  0.18982E+02 -0.37969E+02 -0.21160E+01  0.17686E+01  0.18046E+02      982.00
  0.79379E+00  0.65166E+02    0.45000E+00  0.45000E+00 -0.90000E+00  0.00000E+00  0.00000E+00  0.00000E+00    0.18998E+02  0.18987E+02 -0.37985E+02 -0.21169E+01  0.17697E+01  0.18050E+02      982.00
  0.81565E+00  0.65253E+02    0.46250E+00  0.46250E+00 -0.92500E+00  0.00000E+00  0.00000E+00  0.00000E+00    0.19041E+02  0.18994E+02 -0.38035E+02 -0.21103E+01  0.17595E+01  0.18078E+02      982.00
  0.83751E+00  0.65304E+02    0.47500E+00  0.47500E+00 -0.95000E+00  0.00000E+00  0.00000E+00  0.00000E+00    0.19069E+02  0.18995E+02 -0.38064E+02 -0.21063E+01  0.17532E+01  0.18092E+02      982.00
  0.85936E+00  0.65351E+02    0.48750E+00  0.48750E+00 -0.97500E+00  0.00000E+00  0.00000E+00  0.00000E+00    0.19096E+02  0.18997E+02 -0.38093E+02 -0.21040E+01  0.17486E+01  0.18106E+02      982.00
  0.88122E+00  0.65341E+02    0.50000E+00  0.50000E+00 -0.10000E+01  0.00000E+00  0.00000E+00  0.00000E+00    0.19080E+02  0.19005E+02 -0.38086E+02 -0.21095E+01  0.17539E+01  0.18103E+02      982.00
