          Evm          Svm            E11          E22          E33          E23          E13          E12         SDEV11       SDEV22       SDEV33       SDEV23       SDEV13       SDEV12      TEMP
  0.00000E+00  0.61020E+02    0.00000E+00  0.00000E+00  0.00000E+00  0.00000E+00  0.00000E+00  0.00000E+00    0.22831E+02  0.16870E+02 -0.39702E+02 -0.28636E+01  0.36773E+01  0.53266E+01      982.00
  0.24399E-01  0.61241E+02    0.12500E-01  0.12500E-01 -0.25000E-01  0.00000E+00  0.00000E+00  0.00000E+00    0.22002E+02  0.17833E+02 -0.39835E+02 -0.31558E+01  0.36971E+01  0.56619E+01      982.00
  0.48791E-01  0.61484E+02    0.25000E-01  0.25000E-01 -0.50000E-01  0.00000E+00  0.00000E+00  0.00000E+00    0.21192E+02  0.18775E+02 -0.39968E+02 -0.33753E+01  0.36851E+01  0.59666E+01      982.00
  0.73168E-01  0.61706E+02    0.37500E-01  0.37500E-01 -0.75000E-01  0.00000E+00  0.00000E+00  0.00000E+00    0.20504E+02  0.19576E+02 -0.40080E+02 -0.34783E+01  0.36446E+01  0.62284E+01      982.00
  0.97526E-01  0.61902E+02    0.50000E-01  0.50000E-01 -0.10000E+00  0.00000E+00  0.00000E+00  0.00000E+00    0.19983E+02  0.20194E+02 -0.40176E+02 -0.34689E+01  0.35837E+01  0.64637E+01      982.00
  0.12186E+00  0.62086E+02    0.62500E-01  0.62500E-01 -0.12500E+00  0.00000E+00  0.00000E+00  0.00000E+00    0.19607E+02  0.20658E+02 -0.40265E+02 -0.33896E+01  0.35100E+01  0.66978E+01      982.00
  0.14618E+00  0.62274E+02    0.75000E-01  0.75000E-01 -0.15000E+00  0.00000E+00  0.00000E+00  0.00000E+00    0.19356E+02  0.20999E+02 -0.40355E+02 -0.32682E+01  0.34315E+01  0.69401E+01      982.00
  0.17049E+00  0.62476E+02    0.87500E-01  0.87500E-01 -0.17500E+00  0.00000E+00  0.00000E+00  0.00000E+00    0.19191E+02  0.21260E+02 -0.40451E+02 -0.31363E+01  0.33509E+01  0.71947E+01      982.00
  0.19476E+00  0.62695E+02    0.10000E+00  0.10000E+00 -0.20000E+00  0.00000E+00  0.00000E+00  0.00000E+00    0.19103E+02  0.21450E+02 -0.40553E+02 -0.29996E+01  0.32740E+01  0.74643E+01      982.00
  0.21902E+00  0.62938E+02    0.11250E+00  0.11250E+00 -0.22500E+00  0.00000E+00  0.00000E+00  0.00000E+00    0.19062E+02  0.21601E+02 -0.40662E+02 -0.28719E+01  0.31982E+01  0.77621E+01      982.00
  0.24325E+00  0.63197E+02    0.12500E+00  0.12500E+00 -0.25000E+00  0.00000E+00  0.00000E+00  0.00000E+00    0.19079E+02  0.21701E+02 -0.40780E+02 -0.27525E+01  0.31380E+01  0.80561E+01      982.00
  0.26745E+00  0.63471E+02    0.13750E+00  0.13750E+00 -0.27500E+00  0.00000E+00  0.00000E+00  0.00000E+00    0.19129E+02  0.21773E+02 -0.40902E+02 -0.26487E+01  0.30849E+01  0.83569E+01      982.00
  0.29161E+00  0.63755E+02    0.15000E+00  0.15000E+00 -0.30000E+00  0.00000E+00  0.00000E+00  0.00000E+00    0.19204E+02  0.21822E+02 -0.41026E+02 -0.25615E+01  0.30386E+01  0.86627E+01      982.00
  0.31574E+00  0.64039E+02    0.16250E+00  0.16250E+00 -0.32500E+00  0.00000E+00  0.00000E+00  0.00000E+00    0.19290E+02  0.21859E+02 -0.41149E+02 -0.24889E+01  0.30027E+01  0.89557E+01      982.00
  0.33984E+00  0.64336E+02    0.17500E+00  0.17500E+00 -0.35000E+00  0.00000E+00  0.00000E+00  0.00000E+00    0.19393E+02  0.21878E+02 -0.41270E+02 -0.24348E+01  0.29679E+01  0.92740E+01      982.00
  0.36390E+00  0.64620E+02    0.18750E+00  0.18750E+00 -0.37500E+00  0.00000E+00  0.00000E+00  0.00000E+00    0.19514E+02  0.21866E+02 -0.41380E+02 -0.23944E+01  0.29366E+01  0.95870E+01      982.00
  0.38791E+00  0.64895E+02    0.20000E+00  0.20000E+00 -0.40000E+00  0.00000E+00  0.00000E+00  0.00000E+00    0.19648E+02  0.21834E+02 -0.41481E+02 -0.23668E+01  0.29092E+01  0.98996E+01      982.00
  0.41188E+00  0.65162E+02    0.21250E+00  0.21250E+00 -0.42500E+00  0.00000E+00  0.00000E+00  0.00000E+00    0.19783E+02  0.21789E+02 -0.41572E+02 -0.23531E+01  0.28846E+01  0.10214E+02      982.00
  0.43580E+00  0.65413E+02    0.22500E+00  0.22500E+00 -0.45000E+00  0.00000E+00  0.00000E+00  0.00000E+00    0.19930E+02  0.21721E+02 -0.41650E+02 -0.23475E+01  0.28637E+01  0.10523E+02      982.00
  0.45968E+00  0.65650E+02    0.23750E+00  0.23750E+00 -0.47500E+00  0.00000E+00  0.00000E+00  0.00000E+00    0.20079E+02  0.21637E+02 -0.41716E+02 -0.23502E+01  0.28461E+01  0.10827E+02      982.00
  0.48351E+00  0.65871E+02    0.25000E+00  0.25000E+00 -0.50000E+00  0.00000E+00  0.00000E+00  0.00000E+00    0.20226E+02  0.21543E+02 -0.41769E+02 -0.23592E+01  0.28323E+01  0.11128E+02      982.00
  0.50729E+00  0.66076E+02    0.26250E+00  0.26250E+00 -0.52500E+00  0.00000E+00  0.00000E+00  0.00000E+00    0.20366E+02  0.21442E+02 -0.41808E+02 -0.23725E+01  0.28224E+01  0.11424E+02      982.00
  0.53102E+00  0.66264E+02    0.27500E+00  0.27500E+00 -0.55000E+00  0.00000E+00  0.00000E+00  0.00000E+00    0.20496E+02  0.21339E+02 -0.41835E+02 -0.23880E+01  0.28167E+01  0.11714E+02      982.00
  0.55469E+00  0.66433E+02    0.28750E+00  0.28750E+00 -0.57500E+00  0.00000E+00  0.00000E+00  0.00000E+00    0.20618E+02  0.21229E+02 -0.41847E+02 -0.24019E+01  0.28167E+01  0.11997E+02      982.00
  0.57831E+00  0.66586E+02    0.30000E+00  0.30000E+00 -0.60000E+00  0.00000E+00  0.00000E+00  0.00000E+00    0.20716E+02  0.21132E+02 -0.41847E+02 -0.24166E+01  0.28187E+01  0.12276E+02      982.00
  0.60188E+00  0.66717E+02    0.31250E+00  0.31250E+00 -0.62500E+00  0.00000E+00  0.00000E+00  0.00000E+00    0.20800E+02  0.21034E+02 -0.41833E+02 -0.24269E+01  0.28248E+01  0.12544E+02      982.00
  0.62539E+00  0.66835E+02    0.32500E+00  0.32500E+00 -0.65000E+00  0.00000E+00  0.00000E+00  0.00000E+00    0.20853E+02  0.20955E+02 -0.41808E+02 -0.24343E+01  0.28308E+01  0.12811E+02      982.00
  0.64885E+00  0.66930E+02    0.33750E+00  0.33750E+00 -0.67500E+00  0.00000E+00  0.00000E+00  0.00000E+00    0.20888E+02  0.20882E+02 -0.41770E+02 -0.24351E+01  0.28368E+01  0.13064E+02      982.00
  0.67225E+00  0.67008E+02    0.35000E+00  0.35000E+00 -0.70000E+00  0.00000E+00  0.00000E+00  0.00000E+00    0.20899E+02  0.20823E+02 -0.41722E+02 -0.24285E+01  0.28385E+01  0.13311E+02      982.00
  0.69560E+00  0.67074E+02    0.36250E+00  0.36250E+00 -0.72500E+00  0.00000E+00  0.00000E+00  0.00000E+00    0.20883E+02  0.20782E+02 -0.41664E+02 -0.24121E+01  0.28336E+01  0.13559E+02      982.00
  0.71890E+00  0.67130E+02    0.37500E+00  0.37500E+00 -0.75000E+00  0.00000E+00  0.00000E+00  0.00000E+00    0.20834E+02  0.20762E+02 -0.41596E+02 -0.23828E+01  0.28199E+01  0.13815E+02      982.00
  0.74213E+00  0.67174E+02    0.38750E+00  0.38750E+00 -0.77500E+00  0.00000E+00  0.00000E+00  0.00000E+00    0.20750E+02  0.20767E+02 -0.41517E+02 -0.23322E+01  0.27871E+01  0.14077E+02      982.00
  0.76531E+00  0.67166E+02    0.40000E+00  0.40000E+00 -0.80000E+00  0.00000E+00  0.00000E+00  0.00000E+00    0.20648E+02  0.20780E+02 -0.41428E+02 -0.22961E+01  0.27638E+01  0.14269E+02      982.00
  0.78844E+00  0.67169E+02    0.41250E+00  0.41250E+00 -0.82500E+00  0.00000E+00  0.00000E+00  0.00000E+00    0.20523E+02  0.20813E+02 -0.41336E+02 -0.22294E+01  0.27105E+01  0.14493E+02      982.00
  0.81152E+00  0.67170E+02    0.42500E+00  0.42500E+00 -0.85000E+00  0.00000E+00  0.00000E+00  0.00000E+00    0.20388E+02  0.20852E+02 -0.41240E+02 -0.21544E+01  0.26491E+01  0.14720E+02      982.00
  0.83454E+00  0.67154E+02    0.43750E+00  0.43750E+00 -0.87500E+00  0.00000E+00  0.00000E+00  0.00000E+00    0.20231E+02  0.20912E+02 -0.41143E+02 -0.20549E+01  0.25562E+01  0.14926E+02      982.00
  0.85752E+00  0.67144E+02    0.45000E+00  0.45000E+00 -0.90000E+00  0.00000E+00  0.00000E+00  0.00000E+00    0.20068E+02  0.20981E+02 -0.41049E+02 -0.19454E+01  0.24517E+01  0.15133E+02      982.00
  0.88044E+00  0.67115E+02    0.46250E+00  0.46250E+00 -0.92500E+00  0.00000E+00  0.00000E+00  0.00000E+00    0.19884E+02  0.21073E+02 -0.40957E+02 -0.18112E+01  0.23119E+01  0.15310E+02      982.00
  0.90333E+00  0.67097E+02    0.47500E+00  0.47500E+00 -0.95000E+00  0.00000E+00  0.00000E+00  0.00000E+00    0.19704E+02  0.21169E+02 -0.40873E+02 -0.16771E+01  0.21706E+01  0.15481E+02      982.00
  0.92617E+00  0.67074E+02    0.48750E+00  0.48750E+00 -0.97500E+00  0.00000E+00  0.00000E+00  0.00000E+00    0.19516E+02  0.21279E+02 -0.40795E+02 -0.15313E+01  0.20081E+01  0.15631E+02      982.00
  0.94898E+00  0.67026E+02    0.50000E+00  0.50000E+00 -0.10000E+01  0.00000E+00  0.00000E+00  0.00000E+00    0.19324E+02  0.21385E+02 -0.40709E+02 -0.13984E+01  0.18611E+01  0.15750E+02      982.00
