          Evm          Svm            E11          E22          E33          E23          E13          E12         SDEV11       SDEV22       SDEV33       SDEV23       SDEV13       SDEV12      TEMP
  0.00000E+00  0.61167E+02    0.00000E+00  0.00000E+00  0.00000E+00  0.00000E+00  0.00000E+00  0.00000E+00    0.21996E+02  0.14322E+02 -0.36318E+02  0.55768E+01 -0.47576E+01  0.13762E+02      982.00
  0.22266E-01  0.61244E+02    0.12500E-01  0.12500E-01 -0.25000E-01  0.00000E+00  0.00000E+00  0.00000E+00    0.22147E+02  0.14353E+02 -0.36500E+02  0.55896E+01 -0.49093E+01  0.13436E+02      982.00
  0.44615E-01  0.61337E+02    0.25000E-01  0.25000E-01 -0.50000E-01  0.00000E+00  0.00000E+00  0.00000E+00    0.22293E+02  0.14392E+02 -0.36685E+02  0.55296E+01 -0.50129E+01  0.13169E+02      982.00
  0.67044E-01  0.61464E+02    0.37500E-01  0.37500E-01 -0.75000E-01  0.00000E+00  0.00000E+00  0.00000E+00    0.22469E+02  0.14410E+02 -0.36879E+02  0.54377E+01 -0.50996E+01  0.12941E+02      982.00
  0.89544E-01  0.61625E+02    0.50000E-01  0.50000E-01 -0.10000E+00  0.00000E+00  0.00000E+00  0.00000E+00    0.22669E+02  0.14408E+02 -0.37078E+02  0.53236E+01 -0.51603E+01  0.12758E+02      982.00
  0.11211E+00  0.61809E+02    0.62500E-01  0.62500E-01 -0.12500E+00  0.00000E+00  0.00000E+00  0.00000E+00    0.22877E+02  0.14401E+02 -0.37278E+02  0.52041E+01 -0.51953E+01  0.12616E+02      982.00
  0.13472E+00  0.62028E+02    0.75000E-01  0.75000E-01 -0.15000E+00  0.00000E+00  0.00000E+00  0.00000E+00    0.23093E+02  0.14395E+02 -0.37487E+02  0.50873E+01 -0.52117E+01  0.12513E+02      982.00
  0.15739E+00  0.62264E+02    0.87500E-01  0.87500E-01 -0.17500E+00  0.00000E+00  0.00000E+00  0.00000E+00    0.23309E+02  0.14387E+02 -0.37695E+02  0.49753E+01 -0.52111E+01  0.12440E+02      982.00
  0.18009E+00  0.62513E+02    0.10000E+00  0.10000E+00 -0.20000E+00  0.00000E+00  0.00000E+00  0.00000E+00    0.23511E+02  0.14391E+02 -0.37902E+02  0.48767E+01 -0.52020E+01  0.12391E+02      982.00
  0.20283E+00  0.62784E+02    0.11250E+00  0.11250E+00 -0.22500E+00  0.00000E+00  0.00000E+00  0.00000E+00    0.23706E+02  0.14408E+02 -0.38114E+02  0.47884E+01 -0.51854E+01  0.12369E+02      982.00
  0.22559E+00  0.63060E+02    0.12500E+00  0.12500E+00 -0.25000E+00  0.00000E+00  0.00000E+00  0.00000E+00    0.23890E+02  0.14433E+02 -0.38323E+02  0.47091E+01 -0.51629E+01  0.12363E+02      982.00
  0.24838E+00  0.63338E+02    0.13750E+00  0.13750E+00 -0.27500E+00  0.00000E+00  0.00000E+00  0.00000E+00    0.24057E+02  0.14469E+02 -0.38526E+02  0.46418E+01 -0.51376E+01  0.12374E+02      982.00
  0.27119E+00  0.63626E+02    0.15000E+00  0.15000E+00 -0.30000E+00  0.00000E+00  0.00000E+00  0.00000E+00    0.24204E+02  0.14530E+02 -0.38734E+02  0.45889E+01 -0.51143E+01  0.12392E+02      982.00
  0.29402E+00  0.63913E+02    0.16250E+00  0.16250E+00 -0.32500E+00  0.00000E+00  0.00000E+00  0.00000E+00    0.24337E+02  0.14599E+02 -0.38936E+02  0.45421E+01 -0.50892E+01  0.12425E+02      982.00
  0.31686E+00  0.64200E+02    0.17500E+00  0.17500E+00 -0.35000E+00  0.00000E+00  0.00000E+00  0.00000E+00    0.24450E+02  0.14690E+02 -0.39140E+02  0.45090E+01 -0.50674E+01  0.12453E+02      982.00
  0.33973E+00  0.64493E+02    0.18750E+00  0.18750E+00 -0.37500E+00  0.00000E+00  0.00000E+00  0.00000E+00    0.24550E+02  0.14795E+02 -0.39345E+02  0.44780E+01 -0.50412E+01  0.12497E+02      982.00
  0.36260E+00  0.64749E+02    0.20000E+00  0.20000E+00 -0.40000E+00  0.00000E+00  0.00000E+00  0.00000E+00    0.24626E+02  0.14904E+02 -0.39530E+02  0.44610E+01 -0.50202E+01  0.12520E+02      982.00
  0.38550E+00  0.65007E+02    0.21250E+00  0.21250E+00 -0.42500E+00  0.00000E+00  0.00000E+00  0.00000E+00    0.24692E+02  0.15024E+02 -0.39716E+02  0.44452E+01 -0.49966E+01  0.12552E+02      982.00
  0.40841E+00  0.65255E+02    0.22500E+00  0.22500E+00 -0.45000E+00  0.00000E+00  0.00000E+00  0.00000E+00    0.24753E+02  0.15142E+02 -0.39895E+02  0.44343E+01 -0.49717E+01  0.12579E+02      982.00
  0.43134E+00  0.65487E+02    0.23750E+00  0.23750E+00 -0.47500E+00  0.00000E+00  0.00000E+00  0.00000E+00    0.24795E+02  0.15269E+02 -0.40063E+02  0.44257E+01 -0.49455E+01  0.12609E+02      982.00
  0.45428E+00  0.65704E+02    0.25000E+00  0.25000E+00 -0.50000E+00  0.00000E+00  0.00000E+00  0.00000E+00    0.24826E+02  0.15397E+02 -0.40223E+02  0.44189E+01 -0.49174E+01  0.12637E+02      982.00
  0.47723E+00  0.65917E+02    0.26250E+00  0.26250E+00 -0.52500E+00  0.00000E+00  0.00000E+00  0.00000E+00    0.24849E+02  0.15531E+02 -0.40380E+02  0.44132E+01 -0.48878E+01  0.12663E+02      982.00
  0.50021E+00  0.66109E+02    0.27500E+00  0.27500E+00 -0.55000E+00  0.00000E+00  0.00000E+00  0.00000E+00    0.24861E+02  0.15663E+02 -0.40524E+02  0.44103E+01 -0.48584E+01  0.12687E+02      982.00
  0.52319E+00  0.66291E+02    0.28750E+00  0.28750E+00 -0.57500E+00  0.00000E+00  0.00000E+00  0.00000E+00    0.24865E+02  0.15797E+02 -0.40662E+02  0.44063E+01 -0.48269E+01  0.12709E+02      982.00
  0.54620E+00  0.66453E+02    0.30000E+00  0.30000E+00 -0.60000E+00  0.00000E+00  0.00000E+00  0.00000E+00    0.24861E+02  0.15926E+02 -0.40787E+02  0.44040E+01 -0.47951E+01  0.12727E+02      982.00
  0.56921E+00  0.66608E+02    0.31250E+00  0.31250E+00 -0.62500E+00  0.00000E+00  0.00000E+00  0.00000E+00    0.24854E+02  0.16055E+02 -0.40909E+02  0.44012E+01 -0.47621E+01  0.12742E+02      982.00
  0.59224E+00  0.66747E+02    0.32500E+00  0.32500E+00 -0.65000E+00  0.00000E+00  0.00000E+00  0.00000E+00    0.24839E+02  0.16179E+02 -0.41018E+02  0.43986E+01 -0.47292E+01  0.12755E+02      982.00
  0.61529E+00  0.66891E+02    0.33750E+00  0.33750E+00 -0.67500E+00  0.00000E+00  0.00000E+00  0.00000E+00    0.24827E+02  0.16306E+02 -0.41132E+02  0.43961E+01 -0.46966E+01  0.12768E+02      982.00
  0.63835E+00  0.67012E+02    0.35000E+00  0.35000E+00 -0.70000E+00  0.00000E+00  0.00000E+00  0.00000E+00    0.24807E+02  0.16424E+02 -0.41231E+02  0.43931E+01 -0.46632E+01  0.12777E+02      982.00
  0.66142E+00  0.67119E+02    0.36250E+00  0.36250E+00 -0.72500E+00  0.00000E+00  0.00000E+00  0.00000E+00    0.24783E+02  0.16537E+02 -0.41320E+02  0.43896E+01 -0.46292E+01  0.12785E+02      982.00
  0.68451E+00  0.67231E+02    0.37500E+00  0.37500E+00 -0.75000E+00  0.00000E+00  0.00000E+00  0.00000E+00    0.24752E+02  0.16660E+02 -0.41412E+02  0.43859E+01 -0.45933E+01  0.12797E+02      982.00
  0.70761E+00  0.67322E+02    0.38750E+00  0.38750E+00 -0.77500E+00  0.00000E+00  0.00000E+00  0.00000E+00    0.24728E+02  0.16761E+02 -0.41489E+02  0.43817E+01 -0.45606E+01  0.12801E+02      982.00
  0.73072E+00  0.67417E+02    0.40000E+00  0.40000E+00 -0.80000E+00  0.00000E+00  0.00000E+00  0.00000E+00    0.24705E+02  0.16864E+02 -0.41569E+02  0.43783E+01 -0.45290E+01  0.12806E+02      982.00
  0.75384E+00  0.67504E+02    0.41250E+00  0.41250E+00 -0.82500E+00  0.00000E+00  0.00000E+00  0.00000E+00    0.24680E+02  0.16963E+02 -0.41643E+02  0.43739E+01 -0.44982E+01  0.12810E+02      982.00
  0.77697E+00  0.67582E+02    0.42500E+00  0.42500E+00 -0.85000E+00  0.00000E+00  0.00000E+00  0.00000E+00    0.24655E+02  0.17055E+02 -0.41710E+02  0.43704E+01 -0.44672E+01  0.12812E+02      982.00
  0.80012E+00  0.67652E+02    0.43750E+00  0.43750E+00 -0.87500E+00  0.00000E+00  0.00000E+00  0.00000E+00    0.24629E+02  0.17144E+02 -0.41773E+02  0.43660E+01 -0.44372E+01  0.12810E+02      982.00
  0.82327E+00  0.67719E+02    0.45000E+00  0.45000E+00 -0.90000E+00  0.00000E+00  0.00000E+00  0.00000E+00    0.24595E+02  0.17234E+02 -0.41830E+02  0.43635E+01 -0.44026E+01  0.12820E+02      982.00
  0.84643E+00  0.67785E+02    0.46250E+00  0.46250E+00 -0.92500E+00  0.00000E+00  0.00000E+00  0.00000E+00    0.24572E+02  0.17316E+02 -0.41888E+02  0.43584E+01 -0.43738E+01  0.12821E+02      982.00
  0.86961E+00  0.67848E+02    0.47500E+00  0.47500E+00 -0.95000E+00  0.00000E+00  0.00000E+00  0.00000E+00    0.24550E+02  0.17394E+02 -0.41943E+02  0.43534E+01 -0.43455E+01  0.12821E+02      982.00
  0.89279E+00  0.67900E+02    0.48750E+00  0.48750E+00 -0.97500E+00  0.00000E+00  0.00000E+00  0.00000E+00    0.24527E+02  0.17464E+02 -0.41992E+02  0.43495E+01 -0.43184E+01  0.12818E+02      982.00
  0.91598E+00  0.67957E+02    0.50000E+00  0.50000E+00 -0.10000E+01  0.00000E+00  0.00000E+00  0.00000E+00    0.24507E+02  0.17534E+02 -0.42041E+02  0.43448E+01 -0.42928E+01  0.12819E+02      982.00
