          Evm          Svm            E11          E22          E33          E23          E13          E12         SDEV11       SDEV22       SDEV33       SDEV23       SDEV13       SDEV12      TEMP
  0.00000E+00  0.57008E+02    0.00000E+00  0.00000E+00  0.00000E+00  0.00000E+00  0.00000E+00  0.00000E+00    0.15540E+02  0.19382E+02 -0.34922E+02 -0.43575E+01  0.79828E+00  0.12056E+02      982.00
  0.22972E-01  0.57062E+02    0.12500E-01  0.12500E-01 -0.25000E-01  0.00000E+00  0.00000E+00  0.00000E+00    0.16022E+02  0.18888E+02 -0.34909E+02 -0.39955E+01  0.10661E+01  0.12337E+02      982.00
  0.45913E-01  0.57190E+02    0.25000E-01  0.25000E-01 -0.50000E-01  0.00000E+00  0.00000E+00  0.00000E+00    0.16413E+02  0.18507E+02 -0.34920E+02 -0.37148E+01  0.12655E+01  0.12616E+02      982.00
  0.68811E-01  0.57406E+02    0.37500E-01  0.37500E-01 -0.75000E-01  0.00000E+00  0.00000E+00  0.00000E+00    0.16737E+02  0.18229E+02 -0.34966E+02 -0.34777E+01  0.14200E+01  0.12917E+02      982.00
  0.91652E-01  0.57701E+02    0.50000E-01  0.50000E-01 -0.10000E+00  0.00000E+00  0.00000E+00  0.00000E+00    0.17002E+02  0.18044E+02 -0.35045E+02 -0.32730E+01  0.15364E+01  0.13240E+02      982.00
  0.11443E+00  0.58055E+02    0.62500E-01  0.62500E-01 -0.12500E+00  0.00000E+00  0.00000E+00  0.00000E+00    0.17216E+02  0.17936E+02 -0.35152E+02 -0.30936E+01  0.16204E+01  0.13578E+02      982.00
  0.13713E+00  0.58451E+02    0.75000E-01  0.75000E-01 -0.15000E+00  0.00000E+00  0.00000E+00  0.00000E+00    0.17391E+02  0.17889E+02 -0.35280E+02 -0.29352E+01  0.16772E+01  0.13923E+02      982.00
  0.15977E+00  0.58874E+02    0.87500E-01  0.87500E-01 -0.17500E+00  0.00000E+00  0.00000E+00  0.00000E+00    0.17536E+02  0.17888E+02 -0.35424E+02 -0.27954E+01  0.17119E+01  0.14265E+02      982.00
  0.18233E+00  0.59311E+02    0.10000E+00  0.10000E+00 -0.20000E+00  0.00000E+00  0.00000E+00  0.00000E+00    0.17658E+02  0.17921E+02 -0.35579E+02 -0.26719E+01  0.17296E+01  0.14597E+02      982.00
  0.20483E+00  0.59750E+02    0.11250E+00  0.11250E+00 -0.22500E+00  0.00000E+00  0.00000E+00  0.00000E+00    0.17765E+02  0.17975E+02 -0.35740E+02 -0.25623E+01  0.17341E+01  0.14914E+02      982.00
  0.22726E+00  0.60166E+02    0.12500E+00  0.12500E+00 -0.25000E+00  0.00000E+00  0.00000E+00  0.00000E+00    0.17857E+02  0.18039E+02 -0.35897E+02 -0.24689E+01  0.17288E+01  0.15203E+02      982.00
  0.24963E+00  0.60589E+02    0.13750E+00  0.13750E+00 -0.27500E+00  0.00000E+00  0.00000E+00  0.00000E+00    0.17945E+02  0.18114E+02 -0.36059E+02 -0.23921E+01  0.17144E+01  0.15486E+02      982.00
  0.27195E+00  0.60985E+02    0.15000E+00  0.15000E+00 -0.30000E+00  0.00000E+00  0.00000E+00  0.00000E+00    0.18029E+02  0.18186E+02 -0.36214E+02 -0.23176E+01  0.16989E+01  0.15743E+02      982.00
  0.29422E+00  0.61371E+02    0.16250E+00  0.16250E+00 -0.32500E+00  0.00000E+00  0.00000E+00  0.00000E+00    0.18111E+02  0.18256E+02 -0.36367E+02 -0.22504E+01  0.16796E+01  0.15989E+02      982.00
  0.31644E+00  0.61729E+02    0.17500E+00  0.17500E+00 -0.35000E+00  0.00000E+00  0.00000E+00  0.00000E+00    0.18193E+02  0.18321E+02 -0.36513E+02 -0.22074E+01  0.16624E+01  0.16205E+02      982.00
  0.33862E+00  0.62063E+02    0.18750E+00  0.18750E+00 -0.37500E+00  0.00000E+00  0.00000E+00  0.00000E+00    0.18273E+02  0.18379E+02 -0.36652E+02 -0.21723E+01  0.16460E+01  0.16400E+02      982.00
  0.36077E+00  0.62356E+02    0.20000E+00  0.20000E+00 -0.40000E+00  0.00000E+00  0.00000E+00  0.00000E+00    0.18348E+02  0.18430E+02 -0.36779E+02 -0.21550E+01  0.16341E+01  0.16561E+02      982.00
  0.38289E+00  0.62643E+02    0.21250E+00  0.21250E+00 -0.42500E+00  0.00000E+00  0.00000E+00  0.00000E+00    0.18426E+02  0.18475E+02 -0.36902E+02 -0.21305E+01  0.16209E+01  0.16721E+02      982.00
  0.40498E+00  0.62886E+02    0.22500E+00  0.22500E+00 -0.45000E+00  0.00000E+00  0.00000E+00  0.00000E+00    0.18499E+02  0.18507E+02 -0.37005E+02 -0.21047E+01  0.16078E+01  0.16857E+02      982.00
  0.42704E+00  0.63162E+02    0.23750E+00  0.23750E+00 -0.47500E+00  0.00000E+00  0.00000E+00  0.00000E+00    0.18588E+02  0.18532E+02 -0.37120E+02 -0.20721E+01  0.15887E+01  0.17016E+02      982.00
  0.44908E+00  0.63379E+02    0.25000E+00  0.25000E+00 -0.50000E+00  0.00000E+00  0.00000E+00  0.00000E+00    0.18663E+02  0.18554E+02 -0.37217E+02 -0.20613E+01  0.15813E+01  0.17128E+02      982.00
  0.47110E+00  0.63578E+02    0.26250E+00  0.26250E+00 -0.52500E+00  0.00000E+00  0.00000E+00  0.00000E+00    0.18736E+02  0.18572E+02 -0.37308E+02 -0.20553E+01  0.15751E+01  0.17227E+02      982.00
  0.49311E+00  0.63760E+02    0.27500E+00  0.27500E+00 -0.55000E+00  0.00000E+00  0.00000E+00  0.00000E+00    0.18808E+02  0.18584E+02 -0.37392E+02 -0.20514E+01  0.15699E+01  0.17315E+02      982.00
  0.51510E+00  0.63927E+02    0.28750E+00  0.28750E+00 -0.57500E+00  0.00000E+00  0.00000E+00  0.00000E+00    0.18877E+02  0.18593E+02 -0.37470E+02 -0.20491E+01  0.15657E+01  0.17395E+02      982.00
  0.53708E+00  0.64081E+02    0.30000E+00  0.30000E+00 -0.60000E+00  0.00000E+00  0.00000E+00  0.00000E+00    0.18945E+02  0.18597E+02 -0.37542E+02 -0.20480E+01  0.15624E+01  0.17466E+02      982.00
  0.55905E+00  0.64210E+02    0.31250E+00  0.31250E+00 -0.62500E+00  0.00000E+00  0.00000E+00  0.00000E+00    0.18993E+02  0.18616E+02 -0.37608E+02 -0.20561E+01  0.15650E+01  0.17515E+02      982.00
  0.58101E+00  0.64341E+02    0.32500E+00  0.32500E+00 -0.65000E+00  0.00000E+00  0.00000E+00  0.00000E+00    0.19056E+02  0.18615E+02 -0.37671E+02 -0.20556E+01  0.15619E+01  0.17575E+02      982.00
  0.60297E+00  0.64429E+02    0.33750E+00  0.33750E+00 -0.67500E+00  0.00000E+00  0.00000E+00  0.00000E+00    0.19111E+02  0.18600E+02 -0.37711E+02 -0.20533E+01  0.15581E+01  0.17618E+02      982.00
  0.62492E+00  0.64546E+02    0.35000E+00  0.35000E+00 -0.70000E+00  0.00000E+00  0.00000E+00  0.00000E+00    0.19172E+02  0.18595E+02 -0.37767E+02 -0.20550E+01  0.15571E+01  0.17670E+02      982.00
  0.64686E+00  0.64674E+02    0.36250E+00  0.36250E+00 -0.72500E+00  0.00000E+00  0.00000E+00  0.00000E+00    0.19258E+02  0.18566E+02 -0.37824E+02 -0.20541E+01  0.15532E+01  0.17733E+02      982.00
  0.66879E+00  0.64771E+02    0.37500E+00  0.37500E+00 -0.75000E+00  0.00000E+00  0.00000E+00  0.00000E+00    0.19318E+02  0.18555E+02 -0.37873E+02 -0.20567E+01  0.15533E+01  0.17772E+02      982.00
  0.69072E+00  0.64856E+02    0.38750E+00  0.38750E+00 -0.77500E+00  0.00000E+00  0.00000E+00  0.00000E+00    0.19371E+02  0.18544E+02 -0.37915E+02 -0.20600E+01  0.15538E+01  0.17807E+02      982.00
  0.71264E+00  0.64935E+02    0.40000E+00  0.40000E+00 -0.80000E+00  0.00000E+00  0.00000E+00  0.00000E+00    0.19423E+02  0.18532E+02 -0.37955E+02 -0.20636E+01  0.15544E+01  0.17839E+02      982.00
  0.73456E+00  0.65009E+02    0.41250E+00  0.41250E+00 -0.82500E+00  0.00000E+00  0.00000E+00  0.00000E+00    0.19473E+02  0.18519E+02 -0.37992E+02 -0.20673E+01  0.15553E+01  0.17868E+02      982.00
  0.75648E+00  0.65077E+02    0.42500E+00  0.42500E+00 -0.85000E+00  0.00000E+00  0.00000E+00  0.00000E+00    0.19521E+02  0.18505E+02 -0.38026E+02 -0.20711E+01  0.15564E+01  0.17895E+02      982.00
  0.77839E+00  0.65141E+02    0.43750E+00  0.43750E+00 -0.87500E+00  0.00000E+00  0.00000E+00  0.00000E+00    0.19568E+02  0.18490E+02 -0.38058E+02 -0.20750E+01  0.15576E+01  0.17920E+02      982.00
  0.80030E+00  0.65200E+02    0.45000E+00  0.45000E+00 -0.90000E+00  0.00000E+00  0.00000E+00  0.00000E+00    0.19614E+02  0.18474E+02 -0.38088E+02 -0.20789E+01  0.15590E+01  0.17942E+02      982.00
  0.82220E+00  0.65256E+02    0.46250E+00  0.46250E+00 -0.92500E+00  0.00000E+00  0.00000E+00  0.00000E+00    0.19658E+02  0.18458E+02 -0.38116E+02 -0.20828E+01  0.15605E+01  0.17963E+02      982.00
  0.84411E+00  0.65308E+02    0.47500E+00  0.47500E+00 -0.95000E+00  0.00000E+00  0.00000E+00  0.00000E+00    0.19701E+02  0.18442E+02 -0.38143E+02 -0.20868E+01  0.15620E+01  0.17982E+02      982.00
  0.86601E+00  0.65356E+02    0.48750E+00  0.48750E+00 -0.97500E+00  0.00000E+00  0.00000E+00  0.00000E+00    0.19742E+02  0.18425E+02 -0.38167E+02 -0.20907E+01  0.15637E+01  0.18000E+02      982.00
  0.88791E+00  0.65364E+02    0.50000E+00  0.50000E+00 -0.10000E+01  0.00000E+00  0.00000E+00  0.00000E+00    0.19729E+02  0.18442E+02 -0.38171E+02 -0.20878E+01  0.15671E+01  0.18003E+02      982.00
