          Evm          Svm            E11          E22          E33          E23          E13          E12         SDEV11       SDEV22       SDEV33       SDEV23       SDEV13       SDEV12      TEMP
  0.00000E+00  0.63115E+02    0.00000E+00  0.00000E+00  0.00000E+00  0.00000E+00  0.00000E+00  0.00000E+00    0.19490E+02  0.21188E+02 -0.40678E+02 -0.37373E+01  0.32994E+01  0.78238E+01      982.00
  0.24169E-01  0.63221E+02    0.12500E-01  0.12500E-01 -0.25000E-01  0.00000E+00  0.00000E+00  0.00000E+00    0.20205E+02  0.20518E+02 -0.40723E+02 -0.35760E+01  0.34415E+01  0.79905E+01      982.00
  0.48325E-01  0.63314E+02    0.25000E-01  0.25000E-01 -0.50000E-01  0.00000E+00  0.00000E+00  0.00000E+00    0.20709E+02  0.20055E+02 -0.40764E+02 -0.34383E+01  0.34466E+01  0.81318E+01      982.00
  0.72469E-01  0.63413E+02    0.37500E-01  0.37500E-01 -0.75000E-01  0.00000E+00  0.00000E+00  0.00000E+00    0.21094E+02  0.19714E+02 -0.40809E+02 -0.33027E+01  0.33899E+01  0.82789E+01      982.00
  0.96601E-01  0.63529E+02    0.50000E-01  0.50000E-01 -0.10000E+00  0.00000E+00  0.00000E+00  0.00000E+00    0.21382E+02  0.19478E+02 -0.40861E+02 -0.31732E+01  0.32945E+01  0.84426E+01      982.00
  0.12072E+00  0.63666E+02    0.62500E-01  0.62500E-01 -0.12500E+00  0.00000E+00  0.00000E+00  0.00000E+00    0.21609E+02  0.19314E+02 -0.40923E+02 -0.30479E+01  0.31838E+01  0.86243E+01      982.00
  0.14482E+00  0.63829E+02    0.75000E-01  0.75000E-01 -0.15000E+00  0.00000E+00  0.00000E+00  0.00000E+00    0.21799E+02  0.19198E+02 -0.40997E+02 -0.29268E+01  0.30711E+01  0.88204E+01      982.00
  0.16891E+00  0.64017E+02    0.87500E-01  0.87500E-01 -0.17500E+00  0.00000E+00  0.00000E+00  0.00000E+00    0.21958E+02  0.19126E+02 -0.41084E+02 -0.28139E+01  0.29596E+01  0.90257E+01      982.00
  0.19298E+00  0.64226E+02    0.10000E+00  0.10000E+00 -0.20000E+00  0.00000E+00  0.00000E+00  0.00000E+00    0.22098E+02  0.19083E+02 -0.41181E+02 -0.27092E+01  0.28546E+01  0.92367E+01      982.00
  0.21702E+00  0.64450E+02    0.11250E+00  0.11250E+00 -0.22500E+00  0.00000E+00  0.00000E+00  0.00000E+00    0.22226E+02  0.19060E+02 -0.41285E+02 -0.26129E+01  0.27583E+01  0.94499E+01      982.00
  0.24104E+00  0.64687E+02    0.12500E+00  0.12500E+00 -0.25000E+00  0.00000E+00  0.00000E+00  0.00000E+00    0.22339E+02  0.19058E+02 -0.41396E+02 -0.25275E+01  0.26678E+01  0.96628E+01      982.00
  0.26504E+00  0.64932E+02    0.13750E+00  0.13750E+00 -0.27500E+00  0.00000E+00  0.00000E+00  0.00000E+00    0.22450E+02  0.19060E+02 -0.41510E+02 -0.24503E+01  0.25898E+01  0.98749E+01      982.00
  0.28901E+00  0.65190E+02    0.15000E+00  0.15000E+00 -0.30000E+00  0.00000E+00  0.00000E+00  0.00000E+00    0.22557E+02  0.19072E+02 -0.41629E+02 -0.23820E+01  0.25195E+01  0.10089E+02      982.00
  0.31296E+00  0.65442E+02    0.16250E+00  0.16250E+00 -0.32500E+00  0.00000E+00  0.00000E+00  0.00000E+00    0.22652E+02  0.19096E+02 -0.41749E+02 -0.23268E+01  0.24583E+01  0.10282E+02      982.00
  0.33688E+00  0.65708E+02    0.17500E+00  0.17500E+00 -0.35000E+00  0.00000E+00  0.00000E+00  0.00000E+00    0.22750E+02  0.19122E+02 -0.41872E+02 -0.22772E+01  0.24039E+01  0.10488E+02      982.00
  0.36078E+00  0.65949E+02    0.18750E+00  0.18750E+00 -0.37500E+00  0.00000E+00  0.00000E+00  0.00000E+00    0.22833E+02  0.19153E+02 -0.41986E+02 -0.22410E+01  0.23608E+01  0.10661E+02      982.00
  0.38465E+00  0.66148E+02    0.20000E+00  0.20000E+00 -0.40000E+00  0.00000E+00  0.00000E+00  0.00000E+00    0.22901E+02  0.19177E+02 -0.42078E+02 -0.22155E+01  0.23293E+01  0.10806E+02      982.00
  0.40851E+00  0.66407E+02    0.21250E+00  0.21250E+00 -0.42500E+00  0.00000E+00  0.00000E+00  0.00000E+00    0.22985E+02  0.19212E+02 -0.42197E+02 -0.21919E+01  0.22979E+01  0.10994E+02      982.00
  0.43234E+00  0.66612E+02    0.22500E+00  0.22500E+00 -0.45000E+00  0.00000E+00  0.00000E+00  0.00000E+00    0.23051E+02  0.19241E+02 -0.42292E+02 -0.21790E+01  0.22768E+01  0.11138E+02      982.00
  0.45615E+00  0.66798E+02    0.23750E+00  0.23750E+00 -0.47500E+00  0.00000E+00  0.00000E+00  0.00000E+00    0.23107E+02  0.19269E+02 -0.42376E+02 -0.21743E+01  0.22613E+01  0.11271E+02      982.00
  0.47994E+00  0.66941E+02    0.25000E+00  0.25000E+00 -0.50000E+00  0.00000E+00  0.00000E+00  0.00000E+00    0.23153E+02  0.19285E+02 -0.42438E+02 -0.21713E+01  0.22540E+01  0.11376E+02      982.00
  0.50371E+00  0.67165E+02    0.26250E+00  0.26250E+00 -0.52500E+00  0.00000E+00  0.00000E+00  0.00000E+00    0.23219E+02  0.19313E+02 -0.42532E+02 -0.21749E+01  0.22471E+01  0.11550E+02      982.00
  0.52746E+00  0.67312E+02    0.27500E+00  0.27500E+00 -0.55000E+00  0.00000E+00  0.00000E+00  0.00000E+00    0.23263E+02  0.19328E+02 -0.42591E+02 -0.21840E+01  0.22481E+01  0.11668E+02      982.00
  0.55118E+00  0.67446E+02    0.28750E+00  0.28750E+00 -0.57500E+00  0.00000E+00  0.00000E+00  0.00000E+00    0.23301E+02  0.19339E+02 -0.42640E+02 -0.21976E+01  0.22535E+01  0.11782E+02      982.00
  0.57489E+00  0.67566E+02    0.30000E+00  0.30000E+00 -0.60000E+00  0.00000E+00  0.00000E+00  0.00000E+00    0.23336E+02  0.19345E+02 -0.42681E+02 -0.22150E+01  0.22629E+01  0.11894E+02      982.00
  0.59858E+00  0.67658E+02    0.31250E+00  0.31250E+00 -0.62500E+00  0.00000E+00  0.00000E+00  0.00000E+00    0.23360E+02  0.19347E+02 -0.42707E+02 -0.22394E+01  0.22789E+01  0.11989E+02      982.00
  0.62225E+00  0.67756E+02    0.32500E+00  0.32500E+00 -0.65000E+00  0.00000E+00  0.00000E+00  0.00000E+00    0.23386E+02  0.19343E+02 -0.42729E+02 -0.22636E+01  0.22960E+01  0.12101E+02      982.00
  0.64590E+00  0.67841E+02    0.33750E+00  0.33750E+00 -0.67500E+00  0.00000E+00  0.00000E+00  0.00000E+00    0.23409E+02  0.19334E+02 -0.42743E+02 -0.22901E+01  0.23160E+01  0.12213E+02      982.00
  0.66953E+00  0.67914E+02    0.35000E+00  0.35000E+00 -0.70000E+00  0.00000E+00  0.00000E+00  0.00000E+00    0.23428E+02  0.19319E+02 -0.42747E+02 -0.23186E+01  0.23386E+01  0.12326E+02      982.00
  0.69313E+00  0.67977E+02    0.36250E+00  0.36250E+00 -0.72500E+00  0.00000E+00  0.00000E+00  0.00000E+00    0.23443E+02  0.19298E+02 -0.42742E+02 -0.23487E+01  0.23633E+01  0.12440E+02      982.00
  0.71671E+00  0.68029E+02    0.37500E+00  0.37500E+00 -0.75000E+00  0.00000E+00  0.00000E+00  0.00000E+00    0.23455E+02  0.19272E+02 -0.42727E+02 -0.23797E+01  0.23898E+01  0.12558E+02      982.00
  0.74026E+00  0.68069E+02    0.38750E+00  0.38750E+00 -0.77500E+00  0.00000E+00  0.00000E+00  0.00000E+00    0.23462E+02  0.19240E+02 -0.42702E+02 -0.24113E+01  0.24178E+01  0.12679E+02      982.00
  0.76379E+00  0.68104E+02    0.40000E+00  0.40000E+00 -0.80000E+00  0.00000E+00  0.00000E+00  0.00000E+00    0.23464E+02  0.19197E+02 -0.42660E+02 -0.24513E+01  0.24536E+01  0.12829E+02      982.00
  0.78728E+00  0.68111E+02    0.41250E+00  0.41250E+00 -0.82500E+00  0.00000E+00  0.00000E+00  0.00000E+00    0.23457E+02  0.19159E+02 -0.42616E+02 -0.24730E+01  0.24727E+01  0.12939E+02      982.00
  0.81074E+00  0.68135E+02    0.42500E+00  0.42500E+00 -0.85000E+00  0.00000E+00  0.00000E+00  0.00000E+00    0.23456E+02  0.19106E+02 -0.42562E+02 -0.25084E+01  0.25076E+01  0.13097E+02      982.00
  0.83416E+00  0.68137E+02    0.43750E+00  0.43750E+00 -0.87500E+00  0.00000E+00  0.00000E+00  0.00000E+00    0.23446E+02  0.19052E+02 -0.42499E+02 -0.25332E+01  0.25326E+01  0.13240E+02      982.00
  0.85755E+00  0.68129E+02    0.45000E+00  0.45000E+00 -0.90000E+00  0.00000E+00  0.00000E+00  0.00000E+00    0.23431E+02  0.18995E+02 -0.42426E+02 -0.25522E+01  0.25528E+01  0.13389E+02      982.00
  0.88091E+00  0.68111E+02    0.46250E+00  0.46250E+00 -0.92500E+00  0.00000E+00  0.00000E+00  0.00000E+00    0.23410E+02  0.18934E+02 -0.42344E+02 -0.25647E+01  0.25674E+01  0.13544E+02      982.00
  0.90422E+00  0.68084E+02    0.47500E+00  0.47500E+00 -0.95000E+00  0.00000E+00  0.00000E+00  0.00000E+00    0.23383E+02  0.18870E+02 -0.42253E+02 -0.25688E+01  0.25746E+01  0.13705E+02      982.00
  0.92749E+00  0.68057E+02    0.48750E+00  0.48750E+00 -0.97500E+00  0.00000E+00  0.00000E+00  0.00000E+00    0.23353E+02  0.18799E+02 -0.42152E+02 -0.25616E+01  0.25745E+01  0.13890E+02      982.00
  0.95072E+00  0.68009E+02    0.50000E+00  0.50000E+00 -0.10000E+01  0.00000E+00  0.00000E+00  0.00000E+00    0.23314E+02  0.18732E+02 -0.42045E+02 -0.25383E+01  0.25577E+01  0.14060E+02      982.00
