          Evm          Svm            E11          E22          E33          E23          E13          E12         SDEV11       SDEV22       SDEV33       SDEV23       SDEV13       SDEV12      TEMP
  0.00000E+00  0.55002E+02    0.00000E+00  0.00000E+00  0.00000E+00  0.00000E+00  0.00000E+00  0.00000E+00    0.23395E+02  0.12040E+02 -0.35435E+02 -0.43071E+01  0.37403E+01 -0.13889E+01      982.00
  0.24159E-01  0.54866E+02    0.12500E-01  0.12500E-01 -0.25000E-01  0.00000E+00  0.00000E+00  0.00000E+00    0.23371E+02  0.12015E+02 -0.35386E+02 -0.42868E+01  0.34265E+01 -0.13936E+01      982.00
  0.48345E-01  0.54825E+02    0.25000E-01  0.25000E-01 -0.50000E-01  0.00000E+00  0.00000E+00  0.00000E+00    0.23397E+02  0.11991E+02 -0.35387E+02 -0.42734E+01  0.31574E+01 -0.14116E+01      982.00
  0.72549E-01  0.54907E+02    0.37500E-01  0.37500E-01 -0.75000E-01  0.00000E+00  0.00000E+00  0.00000E+00    0.23491E+02  0.11959E+02 -0.35450E+02 -0.42876E+01  0.29426E+01 -0.14466E+01      982.00
  0.96761E-01  0.55115E+02    0.50000E-01  0.50000E-01 -0.10000E+00  0.00000E+00  0.00000E+00  0.00000E+00    0.23655E+02  0.11926E+02 -0.35581E+02 -0.43313E+01  0.27714E+01 -0.14971E+01      982.00
  0.12097E+00  0.55441E+02    0.62500E-01  0.62500E-01 -0.12500E+00  0.00000E+00  0.00000E+00  0.00000E+00    0.23878E+02  0.11897E+02 -0.35775E+02 -0.44025E+01  0.26396E+01 -0.15626E+01      982.00
  0.14517E+00  0.55868E+02    0.75000E-01  0.75000E-01 -0.15000E+00  0.00000E+00  0.00000E+00  0.00000E+00    0.24148E+02  0.11878E+02 -0.36026E+02 -0.45005E+01  0.25334E+01 -0.16406E+01      982.00
  0.16935E+00  0.56384E+02    0.87500E-01  0.87500E-01 -0.17500E+00  0.00000E+00  0.00000E+00  0.00000E+00    0.24458E+02  0.11868E+02 -0.36327E+02 -0.46149E+01  0.24642E+01 -0.17303E+01      982.00
  0.19351E+00  0.56969E+02    0.10000E+00  0.10000E+00 -0.20000E+00  0.00000E+00  0.00000E+00  0.00000E+00    0.24793E+02  0.11877E+02 -0.36670E+02 -0.47353E+01  0.24144E+01 -0.18254E+01      982.00
  0.21765E+00  0.57596E+02    0.11250E+00  0.11250E+00 -0.22500E+00  0.00000E+00  0.00000E+00  0.00000E+00    0.25138E+02  0.11903E+02 -0.37040E+02 -0.48601E+01  0.23796E+01 -0.19231E+01      982.00
  0.24176E+00  0.58245E+02    0.12500E+00  0.12500E+00 -0.25000E+00  0.00000E+00  0.00000E+00  0.00000E+00    0.25482E+02  0.11943E+02 -0.37426E+02 -0.49846E+01  0.23552E+01 -0.20204E+01      982.00
  0.26586E+00  0.58899E+02    0.13750E+00  0.13750E+00 -0.27500E+00  0.00000E+00  0.00000E+00  0.00000E+00    0.25820E+02  0.11993E+02 -0.37814E+02 -0.51201E+01  0.23361E+01 -0.21201E+01      982.00
  0.28994E+00  0.59545E+02    0.15000E+00  0.15000E+00 -0.30000E+00  0.00000E+00  0.00000E+00  0.00000E+00    0.26142E+02  0.12063E+02 -0.38205E+02 -0.52263E+01  0.23206E+01 -0.22084E+01      982.00
  0.31400E+00  0.60170E+02    0.16250E+00  0.16250E+00 -0.32500E+00  0.00000E+00  0.00000E+00  0.00000E+00    0.26446E+02  0.12140E+02 -0.38586E+02 -0.53285E+01  0.23090E+01 -0.22927E+01      982.00
  0.33804E+00  0.60769E+02    0.17500E+00  0.17500E+00 -0.35000E+00  0.00000E+00  0.00000E+00  0.00000E+00    0.26730E+02  0.12225E+02 -0.38954E+02 -0.54197E+01  0.22979E+01 -0.23708E+01      982.00
  0.36208E+00  0.61343E+02    0.18750E+00  0.18750E+00 -0.37500E+00  0.00000E+00  0.00000E+00  0.00000E+00    0.26996E+02  0.12311E+02 -0.39307E+02 -0.55146E+01  0.22844E+01 -0.24498E+01      982.00
  0.38611E+00  0.61878E+02    0.20000E+00  0.20000E+00 -0.40000E+00  0.00000E+00  0.00000E+00  0.00000E+00    0.27236E+02  0.12407E+02 -0.39643E+02 -0.55808E+01  0.22713E+01 -0.25147E+01      982.00
  0.41014E+00  0.62379E+02    0.21250E+00  0.21250E+00 -0.42500E+00  0.00000E+00  0.00000E+00  0.00000E+00    0.27455E+02  0.12507E+02 -0.39962E+02 -0.56343E+01  0.22571E+01 -0.25735E+01      982.00
  0.43416E+00  0.62816E+02    0.22500E+00  0.22500E+00 -0.45000E+00  0.00000E+00  0.00000E+00  0.00000E+00    0.27640E+02  0.12606E+02 -0.40245E+02 -0.56677E+01  0.22421E+01 -0.26207E+01      982.00
  0.45819E+00  0.63268E+02    0.23750E+00  0.23750E+00 -0.47500E+00  0.00000E+00  0.00000E+00  0.00000E+00    0.27829E+02  0.12706E+02 -0.40535E+02 -0.57149E+01  0.22227E+01 -0.26777E+01      982.00
  0.48221E+00  0.63672E+02    0.25000E+00  0.25000E+00 -0.50000E+00  0.00000E+00  0.00000E+00  0.00000E+00    0.27993E+02  0.12808E+02 -0.40801E+02 -0.57367E+01  0.22041E+01 -0.27203E+01      982.00
  0.50624E+00  0.64079E+02    0.26250E+00  0.26250E+00 -0.52500E+00  0.00000E+00  0.00000E+00  0.00000E+00    0.28156E+02  0.12913E+02 -0.41070E+02 -0.57590E+01  0.21767E+01 -0.27695E+01      982.00
  0.53028E+00  0.64423E+02    0.27500E+00  0.27500E+00 -0.55000E+00  0.00000E+00  0.00000E+00  0.00000E+00    0.28287E+02  0.13014E+02 -0.41302E+02 -0.57652E+01  0.21561E+01 -0.28039E+01      982.00
  0.55432E+00  0.64739E+02    0.28750E+00  0.28750E+00 -0.57500E+00  0.00000E+00  0.00000E+00  0.00000E+00    0.28405E+02  0.13113E+02 -0.41518E+02 -0.57611E+01  0.21348E+01 -0.28336E+01      982.00
  0.57837E+00  0.65032E+02    0.30000E+00  0.30000E+00 -0.60000E+00  0.00000E+00  0.00000E+00  0.00000E+00    0.28510E+02  0.13210E+02 -0.41721E+02 -0.57512E+01  0.21132E+01 -0.28603E+01      982.00
  0.60243E+00  0.65303E+02    0.31250E+00  0.31250E+00 -0.62500E+00  0.00000E+00  0.00000E+00  0.00000E+00    0.28605E+02  0.13305E+02 -0.41910E+02 -0.57371E+01  0.20914E+01 -0.28844E+01      982.00
  0.62649E+00  0.65553E+02    0.32500E+00  0.32500E+00 -0.65000E+00  0.00000E+00  0.00000E+00  0.00000E+00    0.28691E+02  0.13396E+02 -0.42087E+02 -0.57193E+01  0.20695E+01 -0.29061E+01      982.00
  0.65057E+00  0.65793E+02    0.33750E+00  0.33750E+00 -0.67500E+00  0.00000E+00  0.00000E+00  0.00000E+00    0.28770E+02  0.13487E+02 -0.42256E+02 -0.57047E+01  0.20495E+01 -0.29268E+01      982.00
  0.67465E+00  0.66008E+02    0.35000E+00  0.35000E+00 -0.70000E+00  0.00000E+00  0.00000E+00  0.00000E+00    0.28838E+02  0.13573E+02 -0.42411E+02 -0.56823E+01  0.20278E+01 -0.29445E+01      982.00
  0.69875E+00  0.66207E+02    0.36250E+00  0.36250E+00 -0.72500E+00  0.00000E+00  0.00000E+00  0.00000E+00    0.28900E+02  0.13656E+02 -0.42556E+02 -0.56575E+01  0.20061E+01 -0.29604E+01      982.00
  0.72285E+00  0.66377E+02    0.37500E+00  0.37500E+00 -0.75000E+00  0.00000E+00  0.00000E+00  0.00000E+00    0.28947E+02  0.13733E+02 -0.42680E+02 -0.56380E+01  0.19940E+01 -0.29712E+01      982.00
  0.74696E+00  0.66551E+02    0.38750E+00  0.38750E+00 -0.77500E+00  0.00000E+00  0.00000E+00  0.00000E+00    0.28997E+02  0.13811E+02 -0.42808E+02 -0.56132E+01  0.19741E+01 -0.29854E+01      982.00
  0.77109E+00  0.66713E+02    0.40000E+00  0.40000E+00 -0.80000E+00  0.00000E+00  0.00000E+00  0.00000E+00    0.29042E+02  0.13886E+02 -0.42928E+02 -0.55868E+01  0.19536E+01 -0.29980E+01      982.00
  0.79522E+00  0.66863E+02    0.41250E+00  0.41250E+00 -0.82500E+00  0.00000E+00  0.00000E+00  0.00000E+00    0.29082E+02  0.13957E+02 -0.43040E+02 -0.55599E+01  0.19333E+01 -0.30095E+01      982.00
  0.81935E+00  0.67002E+02    0.42500E+00  0.42500E+00 -0.85000E+00  0.00000E+00  0.00000E+00  0.00000E+00    0.29119E+02  0.14026E+02 -0.43145E+02 -0.55329E+01  0.19134E+01 -0.30201E+01      982.00
  0.84350E+00  0.67063E+02    0.43750E+00  0.43750E+00 -0.87500E+00  0.00000E+00  0.00000E+00  0.00000E+00    0.29124E+02  0.14080E+02 -0.43204E+02 -0.54722E+01  0.18901E+01 -0.30209E+01      982.00
  0.86766E+00  0.67120E+02    0.45000E+00  0.45000E+00 -0.90000E+00  0.00000E+00  0.00000E+00  0.00000E+00    0.29129E+02  0.14130E+02 -0.43259E+02 -0.54186E+01  0.18630E+01 -0.30220E+01      982.00
  0.89183E+00  0.67175E+02    0.46250E+00  0.46250E+00 -0.92500E+00  0.00000E+00  0.00000E+00  0.00000E+00    0.29131E+02  0.14182E+02 -0.43313E+02 -0.53675E+01  0.18366E+01 -0.30222E+01      982.00
  0.91601E+00  0.67226E+02    0.47500E+00  0.47500E+00 -0.95000E+00  0.00000E+00  0.00000E+00  0.00000E+00    0.29135E+02  0.14227E+02 -0.43362E+02 -0.53195E+01  0.18114E+01 -0.30229E+01      982.00
  0.94020E+00  0.67274E+02    0.48750E+00  0.48750E+00 -0.97500E+00  0.00000E+00  0.00000E+00  0.00000E+00    0.29137E+02  0.14271E+02 -0.43408E+02 -0.52741E+01  0.17872E+01 -0.30235E+01      982.00
  0.96439E+00  0.67318E+02    0.50000E+00  0.50000E+00 -0.10000E+01  0.00000E+00  0.00000E+00  0.00000E+00    0.29139E+02  0.14312E+02 -0.43451E+02 -0.52310E+01  0.17642E+01 -0.30241E+01      982.00
