          Evm          Svm            E11          E22          E33          E23          E13          E12         SDEV11       SDEV22       SDEV33       SDEV23       SDEV13       SDEV12      TEMP
  0.00000E+00  0.67778E+02    0.00000E+00  0.00000E+00  0.00000E+00  0.00000E+00  0.00000E+00  0.00000E+00    0.22185E+02  0.22427E+02 -0.44611E+02 -0.19200E+01 -0.57249E+00 -0.58830E+01      982.00
  0.24683E-01  0.67543E+02    0.12500E-01  0.12500E-01 -0.25000E-01  0.00000E+00  0.00000E+00  0.00000E+00    0.22263E+02  0.22230E+02 -0.44493E+02 -0.18758E+01 -0.62524E+00 -0.56633E+01      982.00
  0.49385E-01  0.67341E+02    0.25000E-01  0.25000E-01 -0.50000E-01  0.00000E+00  0.00000E+00  0.00000E+00    0.22333E+02  0.22079E+02 -0.44412E+02 -0.18047E+01 -0.64871E+00 -0.53451E+01      982.00
  0.74117E-01  0.67189E+02    0.37500E-01  0.37500E-01 -0.75000E-01  0.00000E+00  0.00000E+00  0.00000E+00    0.22416E+02  0.21961E+02 -0.44377E+02 -0.17188E+01 -0.68601E+00 -0.49367E+01      982.00
  0.98884E-01  0.67082E+02    0.50000E-01  0.50000E-01 -0.10000E+00  0.00000E+00  0.00000E+00  0.00000E+00    0.22506E+02  0.21862E+02 -0.44368E+02 -0.16432E+01 -0.76929E+00 -0.44949E+01      982.00
  0.12369E+00  0.67036E+02    0.62500E-01  0.62500E-01 -0.12500E+00  0.00000E+00  0.00000E+00  0.00000E+00    0.22597E+02  0.21789E+02 -0.44386E+02 -0.16138E+01 -0.91301E+00 -0.40977E+01      982.00
  0.14852E+00  0.67053E+02    0.75000E-01  0.75000E-01 -0.15000E+00  0.00000E+00  0.00000E+00  0.00000E+00    0.22686E+02  0.21740E+02 -0.44425E+02 -0.16359E+01 -0.11024E+01 -0.37931E+01      982.00
  0.17336E+00  0.67122E+02    0.87500E-01  0.87500E-01 -0.17500E+00  0.00000E+00  0.00000E+00  0.00000E+00    0.22777E+02  0.21707E+02 -0.44484E+02 -0.16908E+01 -0.13098E+01 -0.35851E+01      982.00
  0.19821E+00  0.67234E+02    0.10000E+00  0.10000E+00 -0.20000E+00  0.00000E+00  0.00000E+00  0.00000E+00    0.22879E+02  0.21679E+02 -0.44558E+02 -0.17621E+01 -0.15164E+01 -0.34619E+01      982.00
  0.22307E+00  0.67374E+02    0.11250E+00  0.11250E+00 -0.22500E+00  0.00000E+00  0.00000E+00  0.00000E+00    0.22981E+02  0.21660E+02 -0.44641E+02 -0.18434E+01 -0.17087E+01 -0.34230E+01      982.00
  0.24791E+00  0.67538E+02    0.12500E+00  0.12500E+00 -0.25000E+00  0.00000E+00  0.00000E+00  0.00000E+00    0.23097E+02  0.21637E+02 -0.44734E+02 -0.19237E+01 -0.18849E+01 -0.34420E+01      982.00
  0.27275E+00  0.67718E+02    0.13750E+00  0.13750E+00 -0.27500E+00  0.00000E+00  0.00000E+00  0.00000E+00    0.23215E+02  0.21618E+02 -0.44832E+02 -0.20020E+01 -0.20393E+01 -0.35069E+01      982.00
  0.29758E+00  0.67899E+02    0.15000E+00  0.15000E+00 -0.30000E+00  0.00000E+00  0.00000E+00  0.00000E+00    0.23336E+02  0.21595E+02 -0.44930E+02 -0.20738E+01 -0.21738E+01 -0.35942E+01      982.00
  0.32239E+00  0.68086E+02    0.16250E+00  0.16250E+00 -0.32500E+00  0.00000E+00  0.00000E+00  0.00000E+00    0.23474E+02  0.21554E+02 -0.45028E+02 -0.21389E+01 -0.22975E+01 -0.37114E+01      982.00
  0.34719E+00  0.68270E+02    0.17500E+00  0.17500E+00 -0.35000E+00  0.00000E+00  0.00000E+00  0.00000E+00    0.23611E+02  0.21513E+02 -0.45124E+02 -0.22001E+01 -0.24066E+01 -0.38365E+01      982.00
  0.37198E+00  0.68447E+02    0.18750E+00  0.18750E+00 -0.37500E+00  0.00000E+00  0.00000E+00  0.00000E+00    0.23751E+02  0.21463E+02 -0.45214E+02 -0.22566E+01 -0.25054E+01 -0.39666E+01      982.00
  0.39675E+00  0.68614E+02    0.20000E+00  0.20000E+00 -0.40000E+00  0.00000E+00  0.00000E+00  0.00000E+00    0.23895E+02  0.21402E+02 -0.45297E+02 -0.23087E+01 -0.25961E+01 -0.40968E+01      982.00
  0.42151E+00  0.68770E+02    0.21250E+00  0.21250E+00 -0.42500E+00  0.00000E+00  0.00000E+00  0.00000E+00    0.24042E+02  0.21330E+02 -0.45373E+02 -0.23570E+01 -0.26804E+01 -0.42237E+01      982.00
  0.44625E+00  0.68912E+02    0.22500E+00  0.22500E+00 -0.45000E+00  0.00000E+00  0.00000E+00  0.00000E+00    0.24182E+02  0.21257E+02 -0.45439E+02 -0.24069E+01 -0.27584E+01 -0.43464E+01      982.00
  0.47098E+00  0.69042E+02    0.23750E+00  0.23750E+00 -0.47500E+00  0.00000E+00  0.00000E+00  0.00000E+00    0.24334E+02  0.21164E+02 -0.45497E+02 -0.24496E+01 -0.28331E+01 -0.44613E+01      982.00
  0.49569E+00  0.69159E+02    0.25000E+00  0.25000E+00 -0.50000E+00  0.00000E+00  0.00000E+00  0.00000E+00    0.24488E+02  0.21059E+02 -0.45547E+02 -0.24895E+01 -0.29044E+01 -0.45675E+01      982.00
  0.52038E+00  0.69265E+02    0.26250E+00  0.26250E+00 -0.52500E+00  0.00000E+00  0.00000E+00  0.00000E+00    0.24645E+02  0.20944E+02 -0.45590E+02 -0.25271E+01 -0.29730E+01 -0.46644E+01      982.00
  0.54507E+00  0.69360E+02    0.27500E+00  0.27500E+00 -0.55000E+00  0.00000E+00  0.00000E+00  0.00000E+00    0.24805E+02  0.20820E+02 -0.45625E+02 -0.25625E+01 -0.30391E+01 -0.47519E+01      982.00
  0.56973E+00  0.69444E+02    0.28750E+00  0.28750E+00 -0.57500E+00  0.00000E+00  0.00000E+00  0.00000E+00    0.24968E+02  0.20686E+02 -0.45654E+02 -0.25958E+01 -0.31029E+01 -0.48298E+01      982.00
  0.59439E+00  0.69519E+02    0.30000E+00  0.30000E+00 -0.60000E+00  0.00000E+00  0.00000E+00  0.00000E+00    0.25133E+02  0.20544E+02 -0.45677E+02 -0.26271E+01 -0.31647E+01 -0.48983E+01      982.00
  0.61903E+00  0.69587E+02    0.31250E+00  0.31250E+00 -0.62500E+00  0.00000E+00  0.00000E+00  0.00000E+00    0.25301E+02  0.20395E+02 -0.45695E+02 -0.26564E+01 -0.32244E+01 -0.49578E+01      982.00
  0.64365E+00  0.69647E+02    0.32500E+00  0.32500E+00 -0.65000E+00  0.00000E+00  0.00000E+00  0.00000E+00    0.25471E+02  0.20239E+02 -0.45709E+02 -0.26838E+01 -0.32821E+01 -0.50086E+01      982.00
  0.66826E+00  0.69701E+02    0.33750E+00  0.33750E+00 -0.67500E+00  0.00000E+00  0.00000E+00  0.00000E+00    0.25642E+02  0.20077E+02 -0.45719E+02 -0.27091E+01 -0.33379E+01 -0.50512E+01      982.00
  0.69286E+00  0.69749E+02    0.35000E+00  0.35000E+00 -0.70000E+00  0.00000E+00  0.00000E+00  0.00000E+00    0.25815E+02  0.19910E+02 -0.45725E+02 -0.27323E+01 -0.33916E+01 -0.50859E+01      982.00
  0.71744E+00  0.69793E+02    0.36250E+00  0.36250E+00 -0.72500E+00  0.00000E+00  0.00000E+00  0.00000E+00    0.25989E+02  0.19740E+02 -0.45729E+02 -0.27538E+01 -0.34433E+01 -0.51135E+01      982.00
  0.74201E+00  0.69830E+02    0.37500E+00  0.37500E+00 -0.75000E+00  0.00000E+00  0.00000E+00  0.00000E+00    0.26160E+02  0.19567E+02 -0.45727E+02 -0.27762E+01 -0.34920E+01 -0.51387E+01      982.00
  0.76657E+00  0.69866E+02    0.38750E+00  0.38750E+00 -0.77500E+00  0.00000E+00  0.00000E+00  0.00000E+00    0.26335E+02  0.19391E+02 -0.45726E+02 -0.27941E+01 -0.35393E+01 -0.51533E+01      982.00
  0.79111E+00  0.69900E+02    0.40000E+00  0.40000E+00 -0.80000E+00  0.00000E+00  0.00000E+00  0.00000E+00    0.26509E+02  0.19214E+02 -0.45723E+02 -0.28102E+01 -0.35845E+01 -0.51620E+01      982.00
  0.81564E+00  0.69931E+02    0.41250E+00  0.41250E+00 -0.82500E+00  0.00000E+00  0.00000E+00  0.00000E+00    0.26683E+02  0.19037E+02 -0.45719E+02 -0.28246E+01 -0.36276E+01 -0.51652E+01      982.00
  0.84016E+00  0.69961E+02    0.42500E+00  0.42500E+00 -0.85000E+00  0.00000E+00  0.00000E+00  0.00000E+00    0.26855E+02  0.18860E+02 -0.45714E+02 -0.28374E+01 -0.36686E+01 -0.51635E+01      982.00
  0.86466E+00  0.69989E+02    0.43750E+00  0.43750E+00 -0.87500E+00  0.00000E+00  0.00000E+00  0.00000E+00    0.27025E+02  0.18684E+02 -0.45709E+02 -0.28487E+01 -0.37075E+01 -0.51572E+01      982.00
  0.88915E+00  0.70015E+02    0.45000E+00  0.45000E+00 -0.90000E+00  0.00000E+00  0.00000E+00  0.00000E+00    0.27192E+02  0.18510E+02 -0.45702E+02 -0.28587E+01 -0.37443E+01 -0.51466E+01      982.00
  0.91363E+00  0.70038E+02    0.46250E+00  0.46250E+00 -0.92500E+00  0.00000E+00  0.00000E+00  0.00000E+00    0.27356E+02  0.18337E+02 -0.45694E+02 -0.28671E+01 -0.37798E+01 -0.51330E+01      982.00
  0.93810E+00  0.70008E+02    0.47500E+00  0.47500E+00 -0.95000E+00  0.00000E+00  0.00000E+00  0.00000E+00    0.27481E+02  0.18174E+02 -0.45655E+02 -0.28689E+01 -0.37960E+01 -0.51100E+01      982.00
  0.96255E+00  0.69980E+02    0.48750E+00  0.48750E+00 -0.97500E+00  0.00000E+00  0.00000E+00  0.00000E+00    0.27605E+02  0.18013E+02 -0.45619E+02 -0.28680E+01 -0.38124E+01 -0.50841E+01      982.00
  0.98700E+00  0.69955E+02    0.50000E+00  0.50000E+00 -0.10000E+01  0.00000E+00  0.00000E+00  0.00000E+00    0.27727E+02  0.17857E+02 -0.45584E+02 -0.28663E+01 -0.38272E+01 -0.50562E+01      982.00
