          Evm          Svm            E11          E22          E33          E23          E13          E12         SDEV11       SDEV22       SDEV33       SDEV23       SDEV13       SDEV12      TEMP
  0.00000E+00  0.59876E+02    0.00000E+00  0.00000E+00  0.00000E+00  0.00000E+00  0.00000E+00  0.00000E+00    0.22808E+02  0.16371E+02 -0.39180E+02 -0.34995E+01  0.26927E+01  0.37314E+01      982.00
  0.24538E-01  0.59999E+02    0.12500E-01  0.12500E-01 -0.25000E-01  0.00000E+00  0.00000E+00  0.00000E+00    0.22150E+02  0.17116E+02 -0.39265E+02 -0.37832E+01  0.26976E+01  0.39609E+01      982.00
  0.49079E-01  0.60200E+02    0.25000E-01  0.25000E-01 -0.50000E-01  0.00000E+00  0.00000E+00  0.00000E+00    0.21393E+02  0.17995E+02 -0.39388E+02 -0.40799E+01  0.26770E+01  0.42161E+01      982.00
  0.73615E-01  0.60415E+02    0.37500E-01  0.37500E-01 -0.75000E-01  0.00000E+00  0.00000E+00  0.00000E+00    0.20650E+02  0.18857E+02 -0.39507E+02 -0.43018E+01  0.26326E+01  0.44506E+01      982.00
  0.98137E-01  0.60591E+02    0.50000E-01  0.50000E-01 -0.10000E+00  0.00000E+00  0.00000E+00  0.00000E+00    0.20022E+02  0.19580E+02 -0.39602E+02 -0.43962E+01  0.25695E+01  0.46407E+01      982.00
  0.12265E+00  0.60734E+02    0.62500E-01  0.62500E-01 -0.12500E+00  0.00000E+00  0.00000E+00  0.00000E+00    0.19552E+02  0.20132E+02 -0.39683E+02 -0.43744E+01  0.24946E+01  0.47982E+01      982.00
  0.14715E+00  0.60869E+02    0.75000E-01  0.75000E-01 -0.15000E+00  0.00000E+00  0.00000E+00  0.00000E+00    0.19208E+02  0.20554E+02 -0.39762E+02 -0.42922E+01  0.24129E+01  0.49516E+01      982.00
  0.17165E+00  0.61005E+02    0.87500E-01  0.87500E-01 -0.17500E+00  0.00000E+00  0.00000E+00  0.00000E+00    0.18974E+02  0.20872E+02 -0.39845E+02 -0.41759E+01  0.23294E+01  0.51043E+01      982.00
  0.19614E+00  0.61162E+02    0.10000E+00  0.10000E+00 -0.20000E+00  0.00000E+00  0.00000E+00  0.00000E+00    0.18818E+02  0.21122E+02 -0.39940E+02 -0.40532E+01  0.22482E+01  0.52638E+01      982.00
  0.22063E+00  0.61317E+02    0.11250E+00  0.11250E+00 -0.22500E+00  0.00000E+00  0.00000E+00  0.00000E+00    0.18717E+02  0.21315E+02 -0.40032E+02 -0.39352E+01  0.21738E+01  0.54288E+01      982.00
  0.24511E+00  0.61501E+02    0.12500E+00  0.12500E+00 -0.25000E+00  0.00000E+00  0.00000E+00  0.00000E+00    0.18654E+02  0.21482E+02 -0.40136E+02 -0.38334E+01  0.21051E+01  0.56090E+01      982.00
  0.26958E+00  0.61715E+02    0.13750E+00  0.13750E+00 -0.27500E+00  0.00000E+00  0.00000E+00  0.00000E+00    0.18635E+02  0.21623E+02 -0.40258E+02 -0.37439E+01  0.20527E+01  0.57944E+01      982.00
  0.29404E+00  0.61935E+02    0.15000E+00  0.15000E+00 -0.30000E+00  0.00000E+00  0.00000E+00  0.00000E+00    0.18628E+02  0.21750E+02 -0.40378E+02 -0.36723E+01  0.20044E+01  0.59962E+01      982.00
  0.31849E+00  0.62175E+02    0.16250E+00  0.16250E+00 -0.32500E+00  0.00000E+00  0.00000E+00  0.00000E+00    0.18648E+02  0.21861E+02 -0.40509E+02 -0.36126E+01  0.19731E+01  0.61904E+01      982.00
  0.34292E+00  0.62410E+02    0.17500E+00  0.17500E+00 -0.35000E+00  0.00000E+00  0.00000E+00  0.00000E+00    0.18676E+02  0.21958E+02 -0.40634E+02 -0.35645E+01  0.19512E+01  0.63872E+01      982.00
  0.36734E+00  0.62647E+02    0.18750E+00  0.18750E+00 -0.37500E+00  0.00000E+00  0.00000E+00  0.00000E+00    0.18713E+02  0.22045E+02 -0.40757E+02 -0.35255E+01  0.19381E+01  0.65862E+01      982.00
  0.39174E+00  0.62883E+02    0.20000E+00  0.20000E+00 -0.40000E+00  0.00000E+00  0.00000E+00  0.00000E+00    0.18754E+02  0.22124E+02 -0.40878E+02 -0.34923E+01  0.19339E+01  0.67872E+01      982.00
  0.41611E+00  0.63108E+02    0.21250E+00  0.21250E+00 -0.42500E+00  0.00000E+00  0.00000E+00  0.00000E+00    0.18796E+02  0.22191E+02 -0.40987E+02 -0.34658E+01  0.19366E+01  0.69947E+01      982.00
  0.44047E+00  0.63320E+02    0.22500E+00  0.22500E+00 -0.45000E+00  0.00000E+00  0.00000E+00  0.00000E+00    0.18837E+02  0.22248E+02 -0.41085E+02 -0.34426E+01  0.19459E+01  0.72082E+01      982.00
  0.46480E+00  0.63535E+02    0.23750E+00  0.23750E+00 -0.47500E+00  0.00000E+00  0.00000E+00  0.00000E+00    0.18882E+02  0.22300E+02 -0.41182E+02 -0.34201E+01  0.19610E+01  0.74261E+01      982.00
  0.48911E+00  0.63745E+02    0.25000E+00  0.25000E+00 -0.50000E+00  0.00000E+00  0.00000E+00  0.00000E+00    0.18923E+02  0.22341E+02 -0.41264E+02 -0.34038E+01  0.19813E+01  0.76831E+01      982.00
  0.51338E+00  0.63931E+02    0.26250E+00  0.26250E+00 -0.52500E+00  0.00000E+00  0.00000E+00  0.00000E+00    0.18962E+02  0.22371E+02 -0.41333E+02 -0.33828E+01  0.20059E+01  0.79188E+01      982.00
  0.53763E+00  0.64103E+02    0.27500E+00  0.27500E+00 -0.55000E+00  0.00000E+00  0.00000E+00  0.00000E+00    0.19001E+02  0.22389E+02 -0.41390E+02 -0.33575E+01  0.20337E+01  0.81610E+01      982.00
  0.56184E+00  0.64269E+02    0.28750E+00  0.28750E+00 -0.57500E+00  0.00000E+00  0.00000E+00  0.00000E+00    0.19041E+02  0.22398E+02 -0.41439E+02 -0.33293E+01  0.20641E+01  0.84146E+01      982.00
  0.58602E+00  0.64421E+02    0.30000E+00  0.30000E+00 -0.60000E+00  0.00000E+00  0.00000E+00  0.00000E+00    0.19080E+02  0.22393E+02 -0.41473E+02 -0.32976E+01  0.20960E+01  0.86797E+01      982.00
  0.61016E+00  0.64564E+02    0.31250E+00  0.31250E+00 -0.62500E+00  0.00000E+00  0.00000E+00  0.00000E+00    0.19120E+02  0.22376E+02 -0.41497E+02 -0.32605E+01  0.21283E+01  0.89553E+01      982.00
  0.63426E+00  0.64696E+02    0.32500E+00  0.32500E+00 -0.65000E+00  0.00000E+00  0.00000E+00  0.00000E+00    0.19162E+02  0.22346E+02 -0.41508E+02 -0.32190E+01  0.21590E+01  0.92445E+01      982.00
  0.65832E+00  0.64827E+02    0.33750E+00  0.33750E+00 -0.67500E+00  0.00000E+00  0.00000E+00  0.00000E+00    0.19211E+02  0.22301E+02 -0.41513E+02 -0.31713E+01  0.21874E+01  0.95469E+01      982.00
  0.68234E+00  0.64941E+02    0.35000E+00  0.35000E+00 -0.70000E+00  0.00000E+00  0.00000E+00  0.00000E+00    0.19250E+02  0.22258E+02 -0.41507E+02 -0.31174E+01  0.22144E+01  0.98366E+01      982.00
  0.70630E+00  0.65048E+02    0.36250E+00  0.36250E+00 -0.72500E+00  0.00000E+00  0.00000E+00  0.00000E+00    0.19289E+02  0.22192E+02 -0.41482E+02 -0.30573E+01  0.22425E+01  0.10168E+02      982.00
  0.73022E+00  0.65170E+02    0.37500E+00  0.37500E+00 -0.75000E+00  0.00000E+00  0.00000E+00  0.00000E+00    0.19354E+02  0.22106E+02 -0.41460E+02 -0.29933E+01  0.22567E+01  0.10515E+02      982.00
  0.75408E+00  0.65282E+02    0.38750E+00  0.38750E+00 -0.77500E+00  0.00000E+00  0.00000E+00  0.00000E+00    0.19425E+02  0.22000E+02 -0.41425E+02 -0.29219E+01  0.22622E+01  0.10874E+02      982.00
  0.77787E+00  0.65395E+02    0.40000E+00  0.40000E+00 -0.80000E+00  0.00000E+00  0.00000E+00  0.00000E+00    0.19507E+02  0.21877E+02 -0.41384E+02 -0.28426E+01  0.22585E+01  0.11244E+02      982.00
  0.80160E+00  0.65506E+02    0.41250E+00  0.41250E+00 -0.82500E+00  0.00000E+00  0.00000E+00  0.00000E+00    0.19596E+02  0.21740E+02 -0.41335E+02 -0.27549E+01  0.22446E+01  0.11624E+02      982.00
  0.82527E+00  0.65614E+02    0.42500E+00  0.42500E+00 -0.85000E+00  0.00000E+00  0.00000E+00  0.00000E+00    0.19688E+02  0.21592E+02 -0.41279E+02 -0.26575E+01  0.22201E+01  0.12007E+02      982.00
  0.84886E+00  0.65737E+02    0.43750E+00  0.43750E+00 -0.87500E+00  0.00000E+00  0.00000E+00  0.00000E+00    0.19763E+02  0.21458E+02 -0.41221E+02 -0.25538E+01  0.21924E+01  0.12410E+02      982.00
  0.87237E+00  0.65850E+02    0.45000E+00  0.45000E+00 -0.90000E+00  0.00000E+00  0.00000E+00  0.00000E+00    0.19846E+02  0.21315E+02 -0.41161E+02 -0.24337E+01  0.21465E+01  0.12792E+02      982.00
  0.89581E+00  0.65950E+02    0.46250E+00  0.46250E+00 -0.92500E+00  0.00000E+00  0.00000E+00  0.00000E+00    0.19907E+02  0.21185E+02 -0.41092E+02 -0.23007E+01  0.20896E+01  0.13164E+02      982.00
  0.91918E+00  0.66011E+02    0.47500E+00  0.47500E+00 -0.95000E+00  0.00000E+00  0.00000E+00  0.00000E+00    0.19922E+02  0.21083E+02 -0.41005E+02 -0.21518E+01  0.20297E+01  0.13502E+02      982.00
  0.94247E+00  0.66075E+02    0.48750E+00  0.48750E+00 -0.97500E+00  0.00000E+00  0.00000E+00  0.00000E+00    0.19904E+02  0.21022E+02 -0.40926E+02 -0.19904E+01  0.19576E+01  0.13819E+02      982.00
  0.96570E+00  0.66134E+02    0.50000E+00  0.50000E+00 -0.10000E+01  0.00000E+00  0.00000E+00  0.00000E+00    0.19837E+02  0.21008E+02 -0.40845E+02 -0.18321E+01  0.18801E+01  0.14121E+02      982.00
