          Evm          Svm            E11          E22          E33          E23          E13          E12         SDEV11       SDEV22       SDEV33       SDEV23       SDEV13       SDEV12      TEMP
  0.00000E+00  0.63342E+02    0.00000E+00  0.00000E+00  0.00000E+00  0.00000E+00  0.00000E+00  0.00000E+00    0.21422E+02  0.19812E+02 -0.41235E+02 -0.67143E+01  0.38289E+01  0.13460E+01      982.00
  0.24412E-01  0.63107E+02    0.12500E-01  0.12500E-01 -0.25000E-01  0.00000E+00  0.00000E+00  0.00000E+00    0.21690E+02  0.19408E+02 -0.41099E+02 -0.65426E+01  0.37642E+01  0.15456E+01      982.00
  0.48834E-01  0.62963E+02    0.25000E-01  0.25000E-01 -0.50000E-01  0.00000E+00  0.00000E+00  0.00000E+00    0.22008E+02  0.19011E+02 -0.41019E+02 -0.63667E+01  0.36876E+01  0.17723E+01      982.00
  0.73264E-01  0.62861E+02    0.37500E-01  0.37500E-01 -0.75000E-01  0.00000E+00  0.00000E+00  0.00000E+00    0.22394E+02  0.18578E+02 -0.40971E+02 -0.61213E+01  0.35970E+01  0.20333E+01      982.00
  0.97706E-01  0.62784E+02    0.50000E-01  0.50000E-01 -0.10000E+00  0.00000E+00  0.00000E+00  0.00000E+00    0.22816E+02  0.18125E+02 -0.40941E+02 -0.58171E+01  0.34931E+01  0.23058E+01      982.00
  0.12216E+00  0.62715E+02    0.62500E-01  0.62500E-01 -0.12500E+00  0.00000E+00  0.00000E+00  0.00000E+00    0.23235E+02  0.17677E+02 -0.40911E+02 -0.54827E+01  0.33777E+01  0.25637E+01      982.00
  0.14662E+00  0.62661E+02    0.75000E-01  0.75000E-01 -0.15000E+00  0.00000E+00  0.00000E+00  0.00000E+00    0.23625E+02  0.17261E+02 -0.40886E+02 -0.51522E+01  0.32587E+01  0.27868E+01      982.00
  0.17109E+00  0.62650E+02    0.87500E-01  0.87500E-01 -0.17500E+00  0.00000E+00  0.00000E+00  0.00000E+00    0.23977E+02  0.16905E+02 -0.40882E+02 -0.48613E+01  0.31503E+01  0.29638E+01      982.00
  0.19556E+00  0.62718E+02    0.10000E+00  0.10000E+00 -0.20000E+00  0.00000E+00  0.00000E+00  0.00000E+00    0.24306E+02  0.16619E+02 -0.40925E+02 -0.46183E+01  0.30637E+01  0.30944E+01      982.00
  0.22003E+00  0.62864E+02    0.11250E+00  0.11250E+00 -0.22500E+00  0.00000E+00  0.00000E+00  0.00000E+00    0.24607E+02  0.16408E+02 -0.41015E+02 -0.44356E+01  0.30019E+01  0.31802E+01      982.00
  0.24450E+00  0.63084E+02    0.12500E+00  0.12500E+00 -0.25000E+00  0.00000E+00  0.00000E+00  0.00000E+00    0.24894E+02  0.16258E+02 -0.41151E+02 -0.43109E+01  0.29612E+01  0.32319E+01      982.00
  0.26896E+00  0.63355E+02    0.13750E+00  0.13750E+00 -0.27500E+00  0.00000E+00  0.00000E+00  0.00000E+00    0.25168E+02  0.16152E+02 -0.41321E+02 -0.42256E+01  0.29387E+01  0.32566E+01      982.00
  0.29342E+00  0.63645E+02    0.15000E+00  0.15000E+00 -0.30000E+00  0.00000E+00  0.00000E+00  0.00000E+00    0.25425E+02  0.16077E+02 -0.41503E+02 -0.41609E+01  0.29298E+01  0.32584E+01      982.00
  0.31787E+00  0.63964E+02    0.16250E+00  0.16250E+00 -0.32500E+00  0.00000E+00  0.00000E+00  0.00000E+00    0.25677E+02  0.16026E+02 -0.41703E+02 -0.41296E+01  0.29320E+01  0.32468E+01      982.00
  0.34232E+00  0.64281E+02    0.17500E+00  0.17500E+00 -0.35000E+00  0.00000E+00  0.00000E+00  0.00000E+00    0.25912E+02  0.15989E+02 -0.41901E+02 -0.41144E+01  0.29398E+01  0.32233E+01      982.00
  0.36676E+00  0.64589E+02    0.18750E+00  0.18750E+00 -0.37500E+00  0.00000E+00  0.00000E+00  0.00000E+00    0.26137E+02  0.15957E+02 -0.42094E+02 -0.41051E+01  0.29553E+01  0.31874E+01      982.00
  0.39120E+00  0.64882E+02    0.20000E+00  0.20000E+00 -0.40000E+00  0.00000E+00  0.00000E+00  0.00000E+00    0.26343E+02  0.15934E+02 -0.42277E+02 -0.41110E+01  0.29702E+01  0.31483E+01      982.00
  0.41564E+00  0.65158E+02    0.21250E+00  0.21250E+00 -0.42500E+00  0.00000E+00  0.00000E+00  0.00000E+00    0.26534E+02  0.15915E+02 -0.42449E+02 -0.41230E+01  0.29855E+01  0.31046E+01      982.00
  0.44007E+00  0.65411E+02    0.22500E+00  0.22500E+00 -0.45000E+00  0.00000E+00  0.00000E+00  0.00000E+00    0.26718E+02  0.15888E+02 -0.42606E+02 -0.41349E+01  0.30059E+01  0.30505E+01      982.00
  0.46449E+00  0.65649E+02    0.23750E+00  0.23750E+00 -0.47500E+00  0.00000E+00  0.00000E+00  0.00000E+00    0.26882E+02  0.15871E+02 -0.42753E+02 -0.41538E+01  0.30216E+01  0.30007E+01      982.00
  0.48892E+00  0.65847E+02    0.25000E+00  0.25000E+00 -0.50000E+00  0.00000E+00  0.00000E+00  0.00000E+00    0.27020E+02  0.15857E+02 -0.42877E+02 -0.41704E+01  0.30336E+01  0.29549E+01      982.00
  0.51333E+00  0.66051E+02    0.26250E+00  0.26250E+00 -0.52500E+00  0.00000E+00  0.00000E+00  0.00000E+00    0.27162E+02  0.15840E+02 -0.43002E+02 -0.41935E+01  0.30466E+01  0.29031E+01      982.00
  0.53775E+00  0.66232E+02    0.27500E+00  0.27500E+00 -0.55000E+00  0.00000E+00  0.00000E+00  0.00000E+00    0.27302E+02  0.15810E+02 -0.43112E+02 -0.42170E+01  0.30670E+01  0.28409E+01      982.00
  0.56216E+00  0.66404E+02    0.28750E+00  0.28750E+00 -0.57500E+00  0.00000E+00  0.00000E+00  0.00000E+00    0.27425E+02  0.15792E+02 -0.43217E+02 -0.42404E+01  0.30786E+01  0.27879E+01      982.00
  0.58656E+00  0.66560E+02    0.30000E+00  0.30000E+00 -0.60000E+00  0.00000E+00  0.00000E+00  0.00000E+00    0.27538E+02  0.15774E+02 -0.43312E+02 -0.42647E+01  0.30882E+01  0.27351E+01      982.00
  0.61097E+00  0.66696E+02    0.31250E+00  0.31250E+00 -0.62500E+00  0.00000E+00  0.00000E+00  0.00000E+00    0.27640E+02  0.15754E+02 -0.43394E+02 -0.42898E+01  0.30973E+01  0.26813E+01      982.00
  0.63536E+00  0.66827E+02    0.32500E+00  0.32500E+00 -0.65000E+00  0.00000E+00  0.00000E+00  0.00000E+00    0.27739E+02  0.15734E+02 -0.43473E+02 -0.43143E+01  0.31045E+01  0.26289E+01      982.00
  0.65976E+00  0.66956E+02    0.33750E+00  0.33750E+00 -0.67500E+00  0.00000E+00  0.00000E+00  0.00000E+00    0.27848E+02  0.15700E+02 -0.43548E+02 -0.43440E+01  0.31160E+01  0.25594E+01      982.00
  0.68415E+00  0.67065E+02    0.35000E+00  0.35000E+00 -0.70000E+00  0.00000E+00  0.00000E+00  0.00000E+00    0.27933E+02  0.15680E+02 -0.43613E+02 -0.43681E+01  0.31222E+01  0.25076E+01      982.00
  0.70854E+00  0.67164E+02    0.36250E+00  0.36250E+00 -0.72500E+00  0.00000E+00  0.00000E+00  0.00000E+00    0.28012E+02  0.15660E+02 -0.43672E+02 -0.43924E+01  0.31262E+01  0.24568E+01      982.00
  0.73292E+00  0.67226E+02    0.37500E+00  0.37500E+00 -0.75000E+00  0.00000E+00  0.00000E+00  0.00000E+00    0.28066E+02  0.15641E+02 -0.43707E+02 -0.44118E+01  0.31354E+01  0.24190E+01      982.00
  0.75730E+00  0.67314E+02    0.38750E+00  0.38750E+00 -0.77500E+00  0.00000E+00  0.00000E+00  0.00000E+00    0.28137E+02  0.15621E+02 -0.43758E+02 -0.44357E+01  0.31369E+01  0.23694E+01      982.00
  0.78168E+00  0.67393E+02    0.40000E+00  0.40000E+00 -0.80000E+00  0.00000E+00  0.00000E+00  0.00000E+00    0.28204E+02  0.15601E+02 -0.43804E+02 -0.44595E+01  0.31382E+01  0.23207E+01      982.00
  0.80605E+00  0.67466E+02    0.41250E+00  0.41250E+00 -0.82500E+00  0.00000E+00  0.00000E+00  0.00000E+00    0.28266E+02  0.15581E+02 -0.43847E+02 -0.44833E+01  0.31389E+01  0.22726E+01      982.00
  0.83042E+00  0.67534E+02    0.42500E+00  0.42500E+00 -0.85000E+00  0.00000E+00  0.00000E+00  0.00000E+00    0.28324E+02  0.15561E+02 -0.43885E+02 -0.45069E+01  0.31389E+01  0.22252E+01      982.00
  0.85479E+00  0.67605E+02    0.43750E+00  0.43750E+00 -0.87500E+00  0.00000E+00  0.00000E+00  0.00000E+00    0.28400E+02  0.15523E+02 -0.43923E+02 -0.45406E+01  0.31415E+01  0.21511E+01      982.00
  0.87915E+00  0.67603E+02    0.45000E+00  0.45000E+00 -0.90000E+00  0.00000E+00  0.00000E+00  0.00000E+00    0.28430E+02  0.15496E+02 -0.43926E+02 -0.45087E+01  0.30947E+01  0.21245E+01      982.00
  0.90352E+00  0.67589E+02    0.46250E+00  0.46250E+00 -0.92500E+00  0.00000E+00  0.00000E+00  0.00000E+00    0.28452E+02  0.15465E+02 -0.43917E+02 -0.45038E+01  0.30729E+01  0.20858E+01      982.00
  0.92789E+00  0.67582E+02    0.47500E+00  0.47500E+00 -0.95000E+00  0.00000E+00  0.00000E+00  0.00000E+00    0.28474E+02  0.15437E+02 -0.43911E+02 -0.45037E+01  0.30543E+01  0.20480E+01      982.00
  0.95225E+00  0.67573E+02    0.48750E+00  0.48750E+00 -0.97500E+00  0.00000E+00  0.00000E+00  0.00000E+00    0.28495E+02  0.15409E+02 -0.43904E+02 -0.45060E+01  0.30373E+01  0.20100E+01      982.00
  0.97662E+00  0.67566E+02    0.50000E+00  0.50000E+00 -0.10000E+01  0.00000E+00  0.00000E+00  0.00000E+00    0.28515E+02  0.15383E+02 -0.43898E+02 -0.45092E+01  0.30209E+01  0.19726E+01      982.00
