          Evm          Svm            E11          E22          E33          E23          E13          E12         SDEV11       SDEV22       SDEV33       SDEV23       SDEV13       SDEV12      TEMP
  0.00000E+00  0.50591E+02    0.00000E+00  0.00000E+00  0.00000E+00  0.00000E+00  0.00000E+00  0.00000E+00    0.12231E+02  0.19524E+02 -0.31755E+02 -0.15455E+01  0.35506E+01  0.82818E+01      982.00
  0.23538E-01  0.50249E+02    0.12500E-01  0.12500E-01 -0.25000E-01  0.00000E+00  0.00000E+00  0.00000E+00    0.12082E+02  0.19535E+02 -0.31617E+02 -0.14012E+01  0.36437E+01  0.79240E+01      982.00
  0.47133E-01  0.49957E+02    0.25000E-01  0.25000E-01 -0.50000E-01  0.00000E+00  0.00000E+00  0.00000E+00    0.11951E+02  0.19543E+02 -0.31494E+02 -0.11927E+01  0.37578E+01  0.76170E+01      982.00
  0.70774E-01  0.49714E+02    0.37500E-01  0.37500E-01 -0.75000E-01  0.00000E+00  0.00000E+00  0.00000E+00    0.11843E+02  0.19544E+02 -0.31387E+02 -0.91934E+00  0.38998E+01  0.73540E+01      982.00
  0.94450E-01  0.49535E+02    0.50000E-01  0.50000E-01 -0.10000E+00  0.00000E+00  0.00000E+00  0.00000E+00    0.11754E+02  0.19547E+02 -0.31301E+02 -0.58907E+00  0.40772E+01  0.71387E+01      982.00
  0.11815E+00  0.49419E+02    0.62500E-01  0.62500E-01 -0.12500E+00  0.00000E+00  0.00000E+00  0.00000E+00    0.11682E+02  0.19550E+02 -0.31232E+02 -0.20948E+00  0.42855E+01  0.69718E+01      982.00
  0.14185E+00  0.49348E+02    0.75000E-01  0.75000E-01 -0.15000E+00  0.00000E+00  0.00000E+00  0.00000E+00    0.11625E+02  0.19552E+02 -0.31177E+02  0.19702E+00  0.45107E+01  0.68312E+01      982.00
  0.16554E+00  0.49302E+02    0.87500E-01  0.87500E-01 -0.17500E+00  0.00000E+00  0.00000E+00  0.00000E+00    0.11570E+02  0.19560E+02 -0.31130E+02  0.59200E+00  0.47303E+01  0.66868E+01      982.00
  0.18922E+00  0.49267E+02    0.10000E+00  0.10000E+00 -0.20000E+00  0.00000E+00  0.00000E+00  0.00000E+00    0.11505E+02  0.19586E+02 -0.31091E+02  0.95567E+00  0.49314E+01  0.65204E+01      982.00
  0.21288E+00  0.49236E+02    0.11250E+00  0.11250E+00 -0.22500E+00  0.00000E+00  0.00000E+00  0.00000E+00    0.11420E+02  0.19639E+02 -0.31060E+02  0.12756E+01  0.51071E+01  0.63192E+01      982.00
  0.23654E+00  0.49198E+02    0.12500E+00  0.12500E+00 -0.25000E+00  0.00000E+00  0.00000E+00  0.00000E+00    0.11315E+02  0.19718E+02 -0.31033E+02  0.15467E+01  0.52527E+01  0.60733E+01      982.00
  0.26019E+00  0.49132E+02    0.13750E+00  0.13750E+00 -0.27500E+00  0.00000E+00  0.00000E+00  0.00000E+00    0.11194E+02  0.19809E+02 -0.31004E+02  0.17643E+01  0.53664E+01  0.57686E+01      982.00
  0.28385E+00  0.49030E+02    0.15000E+00  0.15000E+00 -0.30000E+00  0.00000E+00  0.00000E+00  0.00000E+00    0.11064E+02  0.19903E+02 -0.30966E+02  0.19314E+01  0.54481E+01  0.54024E+01      982.00
  0.30754E+00  0.48885E+02    0.16250E+00  0.16250E+00 -0.32500E+00  0.00000E+00  0.00000E+00  0.00000E+00    0.10922E+02  0.19995E+02 -0.30918E+02  0.20497E+01  0.54911E+01  0.49726E+01      982.00
  0.33126E+00  0.48691E+02    0.17500E+00  0.17500E+00 -0.35000E+00  0.00000E+00  0.00000E+00  0.00000E+00    0.10773E+02  0.20081E+02 -0.30854E+02  0.21172E+01  0.54908E+01  0.44733E+01      982.00
  0.35502E+00  0.48441E+02    0.18750E+00  0.18750E+00 -0.37500E+00  0.00000E+00  0.00000E+00  0.00000E+00    0.10612E+02  0.20161E+02 -0.30773E+02  0.21245E+01  0.54304E+01  0.38915E+01      982.00
  0.37884E+00  0.48144E+02    0.20000E+00  0.20000E+00 -0.40000E+00  0.00000E+00  0.00000E+00  0.00000E+00    0.10445E+02  0.20234E+02 -0.30679E+02  0.20624E+01  0.53002E+01  0.32253E+01      982.00
  0.40274E+00  0.47813E+02    0.21250E+00  0.21250E+00 -0.42500E+00  0.00000E+00  0.00000E+00  0.00000E+00    0.10275E+02  0.20301E+02 -0.30576E+02  0.19230E+01  0.50910E+01  0.24745E+01      982.00
  0.42672E+00  0.47468E+02    0.22500E+00  0.22500E+00 -0.45000E+00  0.00000E+00  0.00000E+00  0.00000E+00    0.10106E+02  0.20364E+02 -0.30470E+02  0.16943E+01  0.47869E+01  0.16346E+01      982.00
  0.45079E+00  0.47140E+02    0.23750E+00  0.23750E+00 -0.47500E+00  0.00000E+00  0.00000E+00  0.00000E+00    0.99442E+01  0.20426E+02 -0.30370E+02  0.13647E+01  0.43755E+01  0.70521E+00      982.00
  0.47495E+00  0.46875E+02    0.25000E+00  0.25000E+00 -0.50000E+00  0.00000E+00  0.00000E+00  0.00000E+00    0.98011E+01  0.20488E+02 -0.30290E+02  0.92626E+00  0.38497E+01 -0.30702E+00      982.00
  0.49918E+00  0.46724E+02    0.26250E+00  0.26250E+00 -0.52500E+00  0.00000E+00  0.00000E+00  0.00000E+00    0.96892E+01  0.20551E+02 -0.30240E+02  0.37609E+00  0.32093E+01 -0.13894E+01      982.00
  0.52345E+00  0.46743E+02    0.27500E+00  0.27500E+00 -0.55000E+00  0.00000E+00  0.00000E+00  0.00000E+00    0.96232E+01  0.20612E+02 -0.30235E+02 -0.27867E+00  0.24663E+01 -0.25188E+01      982.00
  0.54771E+00  0.46974E+02    0.28750E+00  0.28750E+00 -0.57500E+00  0.00000E+00  0.00000E+00  0.00000E+00    0.96166E+01  0.20667E+02 -0.30284E+02 -0.10190E+01  0.16461E+01 -0.36633E+01      982.00
  0.57188E+00  0.47433E+02    0.30000E+00  0.30000E+00 -0.60000E+00  0.00000E+00  0.00000E+00  0.00000E+00    0.96793E+01  0.20712E+02 -0.30392E+02 -0.18134E+01  0.78651E+00 -0.47826E+01      982.00
  0.59591E+00  0.48095E+02    0.31250E+00  0.31250E+00 -0.62500E+00  0.00000E+00  0.00000E+00  0.00000E+00    0.98134E+01  0.20743E+02 -0.30557E+02 -0.26190E+01 -0.64767E-01 -0.58340E+01      982.00
  0.61974E+00  0.48912E+02    0.32500E+00  0.32500E+00 -0.65000E+00  0.00000E+00  0.00000E+00  0.00000E+00    0.10013E+02  0.20759E+02 -0.30772E+02 -0.34003E+01 -0.87039E+00 -0.67872E+01      982.00
  0.64333E+00  0.49820E+02    0.33750E+00  0.33750E+00 -0.67500E+00  0.00000E+00  0.00000E+00  0.00000E+00    0.10266E+02  0.20762E+02 -0.31028E+02 -0.41280E+01 -0.16022E+01 -0.76242E+01      982.00
  0.66668E+00  0.50765E+02    0.35000E+00  0.35000E+00 -0.70000E+00  0.00000E+00  0.00000E+00  0.00000E+00    0.10558E+02  0.20757E+02 -0.31315E+02 -0.47859E+01 -0.22471E+01 -0.83422E+01      982.00
  0.68982E+00  0.51711E+02    0.36250E+00  0.36250E+00 -0.72500E+00  0.00000E+00  0.00000E+00  0.00000E+00    0.10879E+02  0.20748E+02 -0.31626E+02 -0.53705E+01 -0.28062E+01 -0.89495E+01      982.00
  0.71275E+00  0.52639E+02    0.37500E+00  0.37500E+00 -0.75000E+00  0.00000E+00  0.00000E+00  0.00000E+00    0.11218E+02  0.20738E+02 -0.31956E+02 -0.58917E+01 -0.32924E+01 -0.94616E+01      982.00
  0.73552E+00  0.53541E+02    0.38750E+00  0.38750E+00 -0.77500E+00  0.00000E+00  0.00000E+00  0.00000E+00    0.11571E+02  0.20731E+02 -0.32301E+02 -0.63549E+01 -0.37147E+01 -0.98916E+01      982.00
  0.75814E+00  0.54407E+02    0.40000E+00  0.40000E+00 -0.80000E+00  0.00000E+00  0.00000E+00  0.00000E+00    0.11930E+02  0.20728E+02 -0.32658E+02 -0.67635E+01 -0.40808E+01 -0.10249E+02      982.00
  0.78065E+00  0.55241E+02    0.41250E+00  0.41250E+00 -0.82500E+00  0.00000E+00  0.00000E+00  0.00000E+00    0.12295E+02  0.20731E+02 -0.33026E+02 -0.71262E+01 -0.44010E+01 -0.10545E+02      982.00
  0.80307E+00  0.56040E+02    0.42500E+00  0.42500E+00 -0.85000E+00  0.00000E+00  0.00000E+00  0.00000E+00    0.12662E+02  0.20739E+02 -0.33402E+02 -0.74470E+01 -0.46820E+01 -0.10787E+02      982.00
  0.82542E+00  0.56804E+02    0.43750E+00  0.43750E+00 -0.87500E+00  0.00000E+00  0.00000E+00  0.00000E+00    0.13030E+02  0.20755E+02 -0.33785E+02 -0.77261E+01 -0.49272E+01 -0.10983E+02      982.00
  0.84773E+00  0.57534E+02    0.45000E+00  0.45000E+00 -0.90000E+00  0.00000E+00  0.00000E+00  0.00000E+00    0.13397E+02  0.20774E+02 -0.34171E+02 -0.79736E+01 -0.51440E+01 -0.11136E+02      982.00
  0.87000E+00  0.58236E+02    0.46250E+00  0.46250E+00 -0.92500E+00  0.00000E+00  0.00000E+00  0.00000E+00    0.13763E+02  0.20799E+02 -0.34562E+02 -0.81891E+01 -0.53351E+01 -0.11254E+02      982.00
  0.89225E+00  0.58901E+02    0.47500E+00  0.47500E+00 -0.95000E+00  0.00000E+00  0.00000E+00  0.00000E+00    0.14124E+02  0.20830E+02 -0.34954E+02 -0.83720E+01 -0.55007E+01 -0.11338E+02      982.00
  0.91451E+00  0.59537E+02    0.48750E+00  0.48750E+00 -0.97500E+00  0.00000E+00  0.00000E+00  0.00000E+00    0.14482E+02  0.20865E+02 -0.35347E+02 -0.85242E+01 -0.56437E+01 -0.11393E+02      982.00
  0.93677E+00  0.60140E+02    0.50000E+00  0.50000E+00 -0.10000E+01  0.00000E+00  0.00000E+00  0.00000E+00    0.14834E+02  0.20905E+02 -0.35739E+02 -0.86460E+01 -0.57642E+01 -0.11422E+02      982.00
