          Evm          Svm            E11          E22          E33          E23          E13          E12         SDEV11       SDEV22       SDEV33       SDEV23       SDEV13       SDEV12      TEMP
  0.00000E+00  0.53468E+02    0.00000E+00  0.00000E+00  0.00000E+00  0.00000E+00  0.00000E+00  0.00000E+00    0.14818E+02  0.18521E+02 -0.33339E+02  0.88057E+01  0.17780E+01 -0.59338E+01      982.00
  0.23382E-01  0.53761E+02    0.12500E-01  0.12500E-01 -0.25000E-01  0.00000E+00  0.00000E+00  0.00000E+00    0.15705E+02  0.17807E+02 -0.33512E+02  0.85192E+01  0.27453E+01 -0.63177E+01      982.00
  0.46758E-01  0.54084E+02    0.25000E-01  0.25000E-01 -0.50000E-01  0.00000E+00  0.00000E+00  0.00000E+00    0.16399E+02  0.17286E+02 -0.33684E+02  0.83178E+01  0.33617E+01 -0.65840E+01      982.00
  0.70114E-01  0.54415E+02    0.37500E-01  0.37500E-01 -0.75000E-01  0.00000E+00  0.00000E+00  0.00000E+00    0.16933E+02  0.16935E+02 -0.33868E+02  0.81849E+01  0.37279E+01 -0.67709E+01      982.00
  0.93454E-01  0.54745E+02    0.50000E-01  0.50000E-01 -0.10000E+00  0.00000E+00  0.00000E+00  0.00000E+00    0.17355E+02  0.16708E+02 -0.34062E+02  0.80868E+01  0.39473E+01 -0.69105E+01      982.00
  0.11679E+00  0.55075E+02    0.62500E-01  0.62500E-01 -0.12500E+00  0.00000E+00  0.00000E+00  0.00000E+00    0.17700E+02  0.16567E+02 -0.34267E+02  0.80016E+01  0.40880E+01 -0.70251E+01      982.00
  0.14012E+00  0.55410E+02    0.75000E-01  0.75000E-01 -0.15000E+00  0.00000E+00  0.00000E+00  0.00000E+00    0.17991E+02  0.16492E+02 -0.34483E+02  0.79207E+01  0.41845E+01 -0.71267E+01      982.00
  0.16346E+00  0.55754E+02    0.87500E-01  0.87500E-01 -0.17500E+00  0.00000E+00  0.00000E+00  0.00000E+00    0.18241E+02  0.16469E+02 -0.34711E+02  0.78413E+01  0.42558E+01 -0.72226E+01      982.00
  0.18680E+00  0.56112E+02    0.10000E+00  0.10000E+00 -0.20000E+00  0.00000E+00  0.00000E+00  0.00000E+00    0.18465E+02  0.16486E+02 -0.34951E+02  0.77607E+01  0.43152E+01 -0.73175E+01      982.00
  0.21016E+00  0.56486E+02    0.11250E+00  0.11250E+00 -0.22500E+00  0.00000E+00  0.00000E+00  0.00000E+00    0.18669E+02  0.16533E+02 -0.35203E+02  0.76790E+01  0.43689E+01 -0.74134E+01      982.00
  0.23353E+00  0.56877E+02    0.12500E+00  0.12500E+00 -0.25000E+00  0.00000E+00  0.00000E+00  0.00000E+00    0.18859E+02  0.16608E+02 -0.35466E+02  0.75962E+01  0.44203E+01 -0.75110E+01      982.00
  0.25691E+00  0.57282E+02    0.13750E+00  0.13750E+00 -0.27500E+00  0.00000E+00  0.00000E+00  0.00000E+00    0.19037E+02  0.16704E+02 -0.35741E+02  0.75124E+01  0.44714E+01 -0.76099E+01      982.00
  0.28031E+00  0.57700E+02    0.15000E+00  0.15000E+00 -0.30000E+00  0.00000E+00  0.00000E+00  0.00000E+00    0.19200E+02  0.16824E+02 -0.36024E+02  0.74298E+01  0.45213E+01 -0.77088E+01      982.00
  0.30372E+00  0.58128E+02    0.16250E+00  0.16250E+00 -0.32500E+00  0.00000E+00  0.00000E+00  0.00000E+00    0.19356E+02  0.16958E+02 -0.36314E+02  0.73450E+01  0.45739E+01 -0.78078E+01      982.00
  0.32715E+00  0.58563E+02    0.17500E+00  0.17500E+00 -0.35000E+00  0.00000E+00  0.00000E+00  0.00000E+00    0.19503E+02  0.17106E+02 -0.36609E+02  0.72594E+01  0.46277E+01 -0.79050E+01      982.00
  0.35059E+00  0.59001E+02    0.18750E+00  0.18750E+00 -0.37500E+00  0.00000E+00  0.00000E+00  0.00000E+00    0.19634E+02  0.17273E+02 -0.36906E+02  0.71765E+01  0.46814E+01 -0.79995E+01      982.00
  0.37405E+00  0.59437E+02    0.20000E+00  0.20000E+00 -0.40000E+00  0.00000E+00  0.00000E+00  0.00000E+00    0.19755E+02  0.17448E+02 -0.37204E+02  0.70909E+01  0.47367E+01 -0.80897E+01      982.00
  0.39752E+00  0.59872E+02    0.21250E+00  0.21250E+00 -0.42500E+00  0.00000E+00  0.00000E+00  0.00000E+00    0.19861E+02  0.17639E+02 -0.37501E+02  0.70079E+01  0.47917E+01 -0.81755E+01      982.00
  0.42101E+00  0.60296E+02    0.22500E+00  0.22500E+00 -0.45000E+00  0.00000E+00  0.00000E+00  0.00000E+00    0.19956E+02  0.17837E+02 -0.37792E+02  0.69224E+01  0.48479E+01 -0.82548E+01      982.00
  0.44451E+00  0.60711E+02    0.23750E+00  0.23750E+00 -0.47500E+00  0.00000E+00  0.00000E+00  0.00000E+00    0.20035E+02  0.18043E+02 -0.38078E+02  0.68367E+01  0.49055E+01 -0.83274E+01      982.00
  0.46803E+00  0.61121E+02    0.25000E+00  0.25000E+00 -0.50000E+00  0.00000E+00  0.00000E+00  0.00000E+00    0.20099E+02  0.18264E+02 -0.38363E+02  0.67531E+01  0.49591E+01 -0.83933E+01      982.00
  0.49157E+00  0.61515E+02    0.26250E+00  0.26250E+00 -0.52500E+00  0.00000E+00  0.00000E+00  0.00000E+00    0.20148E+02  0.18490E+02 -0.38638E+02  0.66657E+01  0.50163E+01 -0.84498E+01      982.00
  0.51513E+00  0.61898E+02    0.27500E+00  0.27500E+00 -0.55000E+00  0.00000E+00  0.00000E+00  0.00000E+00    0.20180E+02  0.18729E+02 -0.38909E+02  0.65738E+01  0.50754E+01 -0.84969E+01      982.00
  0.53870E+00  0.62266E+02    0.28750E+00  0.28750E+00 -0.57500E+00  0.00000E+00  0.00000E+00  0.00000E+00    0.20202E+02  0.18968E+02 -0.39170E+02  0.64872E+01  0.51250E+01 -0.85368E+01      982.00
  0.56229E+00  0.62617E+02    0.30000E+00  0.30000E+00 -0.60000E+00  0.00000E+00  0.00000E+00  0.00000E+00    0.20211E+02  0.19211E+02 -0.39422E+02  0.64001E+01  0.51725E+01 -0.85682E+01      982.00
  0.58590E+00  0.62952E+02    0.31250E+00  0.31250E+00 -0.62500E+00  0.00000E+00  0.00000E+00  0.00000E+00    0.20209E+02  0.19455E+02 -0.39664E+02  0.63121E+01  0.52184E+01 -0.85912E+01      982.00
  0.60953E+00  0.63270E+02    0.32500E+00  0.32500E+00 -0.65000E+00  0.00000E+00  0.00000E+00  0.00000E+00    0.20196E+02  0.19700E+02 -0.39897E+02  0.62233E+01  0.52626E+01 -0.86060E+01      982.00
  0.63317E+00  0.63559E+02    0.33750E+00  0.33750E+00 -0.67500E+00  0.00000E+00  0.00000E+00  0.00000E+00    0.20177E+02  0.19931E+02 -0.40108E+02  0.61409E+01  0.53015E+01 -0.86174E+01      982.00
  0.65684E+00  0.63846E+02    0.35000E+00  0.35000E+00 -0.70000E+00  0.00000E+00  0.00000E+00  0.00000E+00    0.20147E+02  0.20174E+02 -0.40321E+02  0.60506E+01  0.53424E+01 -0.86176E+01      982.00
  0.68052E+00  0.64117E+02    0.36250E+00  0.36250E+00 -0.72500E+00  0.00000E+00  0.00000E+00  0.00000E+00    0.20109E+02  0.20416E+02 -0.40525E+02  0.59598E+01  0.53819E+01 -0.86107E+01      982.00
  0.70422E+00  0.64391E+02    0.37500E+00  0.37500E+00 -0.75000E+00  0.00000E+00  0.00000E+00  0.00000E+00    0.20071E+02  0.20659E+02 -0.40730E+02  0.58731E+01  0.54095E+01 -0.86024E+01      982.00
  0.72794E+00  0.64631E+02    0.38750E+00  0.38750E+00 -0.77500E+00  0.00000E+00  0.00000E+00  0.00000E+00    0.20016E+02  0.20897E+02 -0.40914E+02  0.57833E+01  0.54451E+01 -0.85815E+01      982.00
  0.75168E+00  0.64856E+02    0.40000E+00  0.40000E+00 -0.80000E+00  0.00000E+00  0.00000E+00  0.00000E+00    0.19956E+02  0.21131E+02 -0.41088E+02  0.56929E+01  0.54797E+01 -0.85546E+01      982.00
  0.77544E+00  0.65071E+02    0.41250E+00  0.41250E+00 -0.82500E+00  0.00000E+00  0.00000E+00  0.00000E+00    0.19885E+02  0.21370E+02 -0.41255E+02  0.56038E+01  0.55118E+01 -0.85178E+01      982.00
  0.79921E+00  0.65268E+02    0.42500E+00  0.42500E+00 -0.85000E+00  0.00000E+00  0.00000E+00  0.00000E+00    0.19813E+02  0.21598E+02 -0.41411E+02  0.55145E+01  0.55429E+01 -0.84790E+01      982.00
  0.82301E+00  0.65453E+02    0.43750E+00  0.43750E+00 -0.87500E+00  0.00000E+00  0.00000E+00  0.00000E+00    0.19737E+02  0.21821E+02 -0.41558E+02  0.54256E+01  0.55728E+01 -0.84353E+01      982.00
  0.84681E+00  0.65627E+02    0.45000E+00  0.45000E+00 -0.90000E+00  0.00000E+00  0.00000E+00  0.00000E+00    0.19657E+02  0.22040E+02 -0.41697E+02  0.53372E+01  0.56015E+01 -0.83869E+01      982.00
  0.87064E+00  0.65789E+02    0.46250E+00  0.46250E+00 -0.92500E+00  0.00000E+00  0.00000E+00  0.00000E+00    0.19573E+02  0.22255E+02 -0.41828E+02  0.52496E+01  0.56290E+01 -0.83342E+01      982.00
  0.89448E+00  0.65939E+02    0.47500E+00  0.47500E+00 -0.95000E+00  0.00000E+00  0.00000E+00  0.00000E+00    0.19479E+02  0.22473E+02 -0.41952E+02  0.51662E+01  0.56539E+01 -0.82725E+01      982.00
  0.91834E+00  0.66081E+02    0.48750E+00  0.48750E+00 -0.97500E+00  0.00000E+00  0.00000E+00  0.00000E+00    0.19390E+02  0.22679E+02 -0.42069E+02  0.50809E+01  0.56789E+01 -0.82118E+01      982.00
  0.94222E+00  0.66153E+02    0.50000E+00  0.50000E+00 -0.10000E+01  0.00000E+00  0.00000E+00  0.00000E+00    0.19306E+02  0.22843E+02 -0.42149E+02  0.49726E+01  0.56810E+01 -0.81395E+01      982.00
