          Evm          Svm            E11          E22          E33          E23          E13          E12         SDEV11       SDEV22       SDEV33       SDEV23       SDEV13       SDEV12      TEMP
  0.00000E+00  0.65854E+02    0.00000E+00  0.00000E+00  0.00000E+00  0.00000E+00  0.00000E+00  0.00000E+00    0.24111E+02  0.18914E+02 -0.43026E+02 -0.37817E+01 -0.75257E+00 -0.59644E+01      982.00
  0.24500E-01  0.65932E+02    0.12500E-01  0.12500E-01 -0.25000E-01  0.00000E+00  0.00000E+00  0.00000E+00    0.24644E+02  0.18444E+02 -0.43088E+02 -0.34929E+01 -0.83144E+00 -0.58355E+01      982.00
  0.49008E-01  0.66022E+02    0.25000E-01  0.25000E-01 -0.50000E-01  0.00000E+00  0.00000E+00  0.00000E+00    0.25087E+02  0.18082E+02 -0.43169E+02 -0.32489E+01 -0.88477E+00 -0.56295E+01      982.00
  0.73527E-01  0.65998E+02    0.37500E-01  0.37500E-01 -0.75000E-01  0.00000E+00  0.00000E+00  0.00000E+00    0.25377E+02  0.17813E+02 -0.43191E+02 -0.30131E+01 -0.92630E+00 -0.53458E+01      982.00
  0.98068E-01  0.65952E+02    0.50000E-01  0.50000E-01 -0.10000E+00  0.00000E+00  0.00000E+00  0.00000E+00    0.25613E+02  0.17588E+02 -0.43201E+02 -0.27620E+01 -0.10689E+01 -0.50291E+01      982.00
  0.12263E+00  0.65991E+02    0.62500E-01  0.62500E-01 -0.12500E+00  0.00000E+00  0.00000E+00  0.00000E+00    0.25875E+02  0.17378E+02 -0.43252E+02 -0.25202E+01 -0.13266E+01 -0.47287E+01      982.00
  0.14721E+00  0.66113E+02    0.75000E-01  0.75000E-01 -0.15000E+00  0.00000E+00  0.00000E+00  0.00000E+00    0.26155E+02  0.17187E+02 -0.43341E+02 -0.23138E+01 -0.16334E+01 -0.44709E+01      982.00
  0.17179E+00  0.66296E+02    0.87500E-01  0.87500E-01 -0.17500E+00  0.00000E+00  0.00000E+00  0.00000E+00    0.26442E+02  0.17014E+02 -0.43456E+02 -0.21479E+01 -0.19342E+01 -0.42655E+01      982.00
  0.19637E+00  0.66528E+02    0.10000E+00  0.10000E+00 -0.20000E+00  0.00000E+00  0.00000E+00  0.00000E+00    0.26744E+02  0.16845E+02 -0.43589E+02 -0.20121E+01 -0.22032E+01 -0.41126E+01      982.00
  0.22094E+00  0.66795E+02    0.11250E+00  0.11250E+00 -0.22500E+00  0.00000E+00  0.00000E+00  0.00000E+00    0.27051E+02  0.16686E+02 -0.43737E+02 -0.19050E+01 -0.24285E+01 -0.40089E+01      982.00
  0.24550E+00  0.67087E+02    0.12500E+00  0.12500E+00 -0.25000E+00  0.00000E+00  0.00000E+00  0.00000E+00    0.27357E+02  0.16540E+02 -0.43898E+02 -0.18229E+01 -0.26087E+01 -0.39472E+01      982.00
  0.27004E+00  0.67399E+02    0.13750E+00  0.13750E+00 -0.27500E+00  0.00000E+00  0.00000E+00  0.00000E+00    0.27672E+02  0.16395E+02 -0.44067E+02 -0.17533E+01 -0.27506E+01 -0.39164E+01      982.00
  0.29456E+00  0.67719E+02    0.15000E+00  0.15000E+00 -0.30000E+00  0.00000E+00  0.00000E+00  0.00000E+00    0.27984E+02  0.16256E+02 -0.44240E+02 -0.16960E+01 -0.28586E+01 -0.39096E+01      982.00
  0.31905E+00  0.68037E+02    0.16250E+00  0.16250E+00 -0.32500E+00  0.00000E+00  0.00000E+00  0.00000E+00    0.28279E+02  0.16133E+02 -0.44413E+02 -0.16550E+01 -0.29378E+01 -0.39238E+01      982.00
  0.34353E+00  0.68351E+02    0.17500E+00  0.17500E+00 -0.35000E+00  0.00000E+00  0.00000E+00  0.00000E+00    0.28572E+02  0.16010E+02 -0.44582E+02 -0.16160E+01 -0.29958E+01 -0.39468E+01      982.00
  0.36799E+00  0.68655E+02    0.18750E+00  0.18750E+00 -0.37500E+00  0.00000E+00  0.00000E+00  0.00000E+00    0.28843E+02  0.15904E+02 -0.44747E+02 -0.15906E+01 -0.30352E+01 -0.39811E+01      982.00
  0.39243E+00  0.68945E+02    0.20000E+00  0.20000E+00 -0.40000E+00  0.00000E+00  0.00000E+00  0.00000E+00    0.29106E+02  0.15797E+02 -0.44903E+02 -0.15631E+01 -0.30625E+01 -0.40166E+01      982.00
  0.41686E+00  0.69222E+02    0.21250E+00  0.21250E+00 -0.42500E+00  0.00000E+00  0.00000E+00  0.00000E+00    0.29346E+02  0.15708E+02 -0.45054E+02 -0.15481E+01 -0.30777E+01 -0.40577E+01      982.00
  0.44127E+00  0.69483E+02    0.22500E+00  0.22500E+00 -0.45000E+00  0.00000E+00  0.00000E+00  0.00000E+00    0.29570E+02  0.15625E+02 -0.45196E+02 -0.15366E+01 -0.30848E+01 -0.40989E+01      982.00
  0.46566E+00  0.69725E+02    0.23750E+00  0.23750E+00 -0.47500E+00  0.00000E+00  0.00000E+00  0.00000E+00    0.29781E+02  0.15547E+02 -0.45327E+02 -0.15219E+01 -0.30859E+01 -0.41367E+01      982.00
  0.49004E+00  0.69941E+02    0.25000E+00  0.25000E+00 -0.50000E+00  0.00000E+00  0.00000E+00  0.00000E+00    0.29976E+02  0.15466E+02 -0.45442E+02 -0.15054E+01 -0.30852E+01 -0.41734E+01      982.00
  0.51440E+00  0.70154E+02    0.26250E+00  0.26250E+00 -0.52500E+00  0.00000E+00  0.00000E+00  0.00000E+00    0.30155E+02  0.15403E+02 -0.45558E+02 -0.15020E+01 -0.30779E+01 -0.42112E+01      982.00
  0.53875E+00  0.70351E+02    0.27500E+00  0.27500E+00 -0.55000E+00  0.00000E+00  0.00000E+00  0.00000E+00    0.30320E+02  0.15345E+02 -0.45665E+02 -0.15000E+01 -0.30679E+01 -0.42468E+01      982.00
  0.56309E+00  0.70525E+02    0.28750E+00  0.28750E+00 -0.57500E+00  0.00000E+00  0.00000E+00  0.00000E+00    0.30477E+02  0.15280E+02 -0.45757E+02 -0.14892E+01 -0.30592E+01 -0.42786E+01      982.00
  0.58742E+00  0.70714E+02    0.30000E+00  0.30000E+00 -0.60000E+00  0.00000E+00  0.00000E+00  0.00000E+00    0.30632E+02  0.15230E+02 -0.45862E+02 -0.14931E+01 -0.30431E+01 -0.43116E+01      982.00
  0.61175E+00  0.70868E+02    0.31250E+00  0.31250E+00 -0.62500E+00  0.00000E+00  0.00000E+00  0.00000E+00    0.30761E+02  0.15184E+02 -0.45945E+02 -0.14938E+01 -0.30285E+01 -0.43407E+01      982.00
  0.63606E+00  0.70990E+02    0.32500E+00  0.32500E+00 -0.65000E+00  0.00000E+00  0.00000E+00  0.00000E+00    0.30863E+02  0.15147E+02 -0.46010E+02 -0.14919E+01 -0.30157E+01 -0.43653E+01      982.00
  0.66036E+00  0.71102E+02    0.33750E+00  0.33750E+00 -0.67500E+00  0.00000E+00  0.00000E+00  0.00000E+00    0.30970E+02  0.15099E+02 -0.46068E+02 -0.14832E+01 -0.30036E+01 -0.43873E+01      982.00
  0.68466E+00  0.71229E+02    0.35000E+00  0.35000E+00 -0.70000E+00  0.00000E+00  0.00000E+00  0.00000E+00    0.31076E+02  0.15061E+02 -0.46137E+02 -0.14862E+01 -0.29875E+01 -0.44112E+01      982.00
  0.70895E+00  0.71343E+02    0.36250E+00  0.36250E+00 -0.72500E+00  0.00000E+00  0.00000E+00  0.00000E+00    0.31172E+02  0.15027E+02 -0.46199E+02 -0.14889E+01 -0.29714E+01 -0.44333E+01      982.00
  0.73323E+00  0.71449E+02    0.37500E+00  0.37500E+00 -0.75000E+00  0.00000E+00  0.00000E+00  0.00000E+00    0.31271E+02  0.14984E+02 -0.46254E+02 -0.14865E+01 -0.29536E+01 -0.44528E+01      982.00
  0.75751E+00  0.71550E+02    0.38750E+00  0.38750E+00 -0.77500E+00  0.00000E+00  0.00000E+00  0.00000E+00    0.31355E+02  0.14953E+02 -0.46308E+02 -0.14895E+01 -0.29372E+01 -0.44721E+01      982.00
  0.78178E+00  0.71659E+02    0.40000E+00  0.40000E+00 -0.80000E+00  0.00000E+00  0.00000E+00  0.00000E+00    0.31460E+02  0.14905E+02 -0.46365E+02 -0.14917E+01 -0.29127E+01 -0.44937E+01      982.00
  0.80604E+00  0.71741E+02    0.41250E+00  0.41250E+00 -0.82500E+00  0.00000E+00  0.00000E+00  0.00000E+00    0.31531E+02  0.14878E+02 -0.46408E+02 -0.14930E+01 -0.28964E+01 -0.45099E+01      982.00
  0.83030E+00  0.71816E+02    0.42500E+00  0.42500E+00 -0.85000E+00  0.00000E+00  0.00000E+00  0.00000E+00    0.31596E+02  0.14853E+02 -0.46448E+02 -0.14960E+01 -0.28811E+01 -0.45254E+01      982.00
  0.85455E+00  0.71887E+02    0.43750E+00  0.43750E+00 -0.87500E+00  0.00000E+00  0.00000E+00  0.00000E+00    0.31656E+02  0.14829E+02 -0.46486E+02 -0.14993E+01 -0.28663E+01 -0.45400E+01      982.00
  0.87880E+00  0.71952E+02    0.45000E+00  0.45000E+00 -0.90000E+00  0.00000E+00  0.00000E+00  0.00000E+00    0.31713E+02  0.14807E+02 -0.46520E+02 -0.15024E+01 -0.28520E+01 -0.45538E+01      982.00
  0.90305E+00  0.71958E+02    0.46250E+00  0.46250E+00 -0.92500E+00  0.00000E+00  0.00000E+00  0.00000E+00    0.31728E+02  0.14795E+02 -0.46523E+02 -0.15077E+01 -0.28212E+01 -0.45616E+01      982.00
  0.92729E+00  0.71959E+02    0.47500E+00  0.47500E+00 -0.95000E+00  0.00000E+00  0.00000E+00  0.00000E+00    0.31745E+02  0.14774E+02 -0.46519E+02 -0.15085E+01 -0.28005E+01 -0.45674E+01      982.00
  0.95154E+00  0.71961E+02    0.48750E+00  0.48750E+00 -0.97500E+00  0.00000E+00  0.00000E+00  0.00000E+00    0.31763E+02  0.14754E+02 -0.46517E+02 -0.15079E+01 -0.27815E+01 -0.45732E+01      982.00
  0.97578E+00  0.71964E+02    0.50000E+00  0.50000E+00 -0.10000E+01  0.00000E+00  0.00000E+00  0.00000E+00    0.31781E+02  0.14733E+02 -0.46515E+02 -0.15068E+01 -0.27635E+01 -0.45788E+01      982.00
