          Evm          Svm            E11          E22          E33          E23          E13          E12         SDEV11       SDEV22       SDEV33       SDEV23       SDEV13       SDEV12      TEMP
  0.00000E+00  0.62590E+02    0.00000E+00  0.00000E+00  0.00000E+00  0.00000E+00  0.00000E+00  0.00000E+00    0.19492E+02  0.21601E+02 -0.41093E+02 -0.13873E+01  0.12793E+01  0.58912E+01      982.00
  0.24620E-01  0.62824E+02    0.12500E-01  0.12500E-01 -0.25000E-01  0.00000E+00  0.00000E+00  0.00000E+00    0.20580E+02  0.20626E+02 -0.41205E+02 -0.13691E+01  0.14551E+01  0.61822E+01      982.00
  0.49216E-01  0.63026E+02    0.25000E-01  0.25000E-01 -0.50000E-01  0.00000E+00  0.00000E+00  0.00000E+00    0.21430E+02  0.19859E+02 -0.41289E+02 -0.13553E+01  0.14728E+01  0.63932E+01      982.00
  0.73783E-01  0.63199E+02    0.37500E-01  0.37500E-01 -0.75000E-01  0.00000E+00  0.00000E+00  0.00000E+00    0.22089E+02  0.19262E+02 -0.41351E+02 -0.13317E+01  0.14037E+01  0.65728E+01      982.00
  0.98319E-01  0.63359E+02    0.50000E-01  0.50000E-01 -0.10000E+00  0.00000E+00  0.00000E+00  0.00000E+00    0.22596E+02  0.18809E+02 -0.41405E+02 -0.12968E+01  0.12851E+01  0.67414E+01      982.00
  0.12282E+00  0.63535E+02    0.62500E-01  0.62500E-01 -0.12500E+00  0.00000E+00  0.00000E+00  0.00000E+00    0.23005E+02  0.18463E+02 -0.41468E+02 -0.12505E+01  0.11478E+01  0.69152E+01      982.00
  0.14730E+00  0.63730E+02    0.75000E-01  0.75000E-01 -0.15000E+00  0.00000E+00  0.00000E+00  0.00000E+00    0.23349E+02  0.18194E+02 -0.41542E+02 -0.11948E+01  0.10075E+01  0.71005E+01      982.00
  0.17174E+00  0.63959E+02    0.87500E-01  0.87500E-01 -0.17500E+00  0.00000E+00  0.00000E+00  0.00000E+00    0.23653E+02  0.17986E+02 -0.41638E+02 -0.11312E+01  0.87116E+00  0.72934E+01      982.00
  0.19616E+00  0.64207E+02    0.10000E+00  0.10000E+00 -0.20000E+00  0.00000E+00  0.00000E+00  0.00000E+00    0.23926E+02  0.17820E+02 -0.41746E+02 -0.10618E+01  0.74237E+00  0.74918E+01      982.00
  0.22054E+00  0.64464E+02    0.11250E+00  0.11250E+00 -0.22500E+00  0.00000E+00  0.00000E+00  0.00000E+00    0.24169E+02  0.17690E+02 -0.41860E+02 -0.98928E+00  0.62006E+00  0.76932E+01      982.00
  0.24489E+00  0.64749E+02    0.12500E+00  0.12500E+00 -0.25000E+00  0.00000E+00  0.00000E+00  0.00000E+00    0.24406E+02  0.17586E+02 -0.41991E+02 -0.91272E+00  0.50819E+00  0.78941E+01      982.00
  0.26921E+00  0.65041E+02    0.13750E+00  0.13750E+00 -0.27500E+00  0.00000E+00  0.00000E+00  0.00000E+00    0.24626E+02  0.17502E+02 -0.42128E+02 -0.83453E+00  0.40462E+00  0.80936E+01      982.00
  0.29350E+00  0.65338E+02    0.15000E+00  0.15000E+00 -0.30000E+00  0.00000E+00  0.00000E+00  0.00000E+00    0.24824E+02  0.17445E+02 -0.42270E+02 -0.75530E+00  0.30423E+00  0.82892E+01      982.00
  0.31776E+00  0.65639E+02    0.16250E+00  0.16250E+00 -0.32500E+00  0.00000E+00  0.00000E+00  0.00000E+00    0.25016E+02  0.17400E+02 -0.42416E+02 -0.67430E+00  0.21323E+00  0.84763E+01      982.00
  0.34199E+00  0.65925E+02    0.17500E+00  0.17500E+00 -0.35000E+00  0.00000E+00  0.00000E+00  0.00000E+00    0.25179E+02  0.17375E+02 -0.42554E+02 -0.59281E+00  0.12309E+00  0.86581E+01      982.00
  0.36620E+00  0.66194E+02    0.18750E+00  0.18750E+00 -0.37500E+00  0.00000E+00  0.00000E+00  0.00000E+00    0.25324E+02  0.17361E+02 -0.42685E+02 -0.51124E+00  0.40223E-01  0.88260E+01      982.00
  0.39038E+00  0.66459E+02    0.20000E+00  0.20000E+00 -0.40000E+00  0.00000E+00  0.00000E+00  0.00000E+00    0.25455E+02  0.17361E+02 -0.42815E+02 -0.42992E+00 -0.37335E-01  0.89913E+01      982.00
  0.41454E+00  0.66727E+02    0.21250E+00  0.21250E+00 -0.42500E+00  0.00000E+00  0.00000E+00  0.00000E+00    0.25575E+02  0.17370E+02 -0.42945E+02 -0.33775E+00 -0.11883E+00  0.91657E+01      982.00
  0.43867E+00  0.66962E+02    0.22500E+00  0.22500E+00 -0.45000E+00  0.00000E+00  0.00000E+00  0.00000E+00    0.25654E+02  0.17409E+02 -0.43064E+02 -0.25385E+00 -0.19983E+00  0.93094E+01      982.00
  0.46279E+00  0.67200E+02    0.23750E+00  0.23750E+00 -0.47500E+00  0.00000E+00  0.00000E+00  0.00000E+00    0.25720E+02  0.17462E+02 -0.43182E+02 -0.15488E+00 -0.29286E+00  0.94636E+01      982.00
  0.48689E+00  0.67374E+02    0.25000E+00  0.25000E+00 -0.50000E+00  0.00000E+00  0.00000E+00  0.00000E+00    0.25752E+02  0.17521E+02 -0.43273E+02 -0.85522E-01 -0.35887E+00  0.95724E+01      982.00
  0.51097E+00  0.67554E+02    0.26250E+00  0.26250E+00 -0.52500E+00  0.00000E+00  0.00000E+00  0.00000E+00    0.25788E+02  0.17576E+02 -0.43364E+02 -0.87427E-02 -0.43070E+00  0.96863E+01      982.00
  0.53504E+00  0.67720E+02    0.27500E+00  0.27500E+00 -0.55000E+00  0.00000E+00  0.00000E+00  0.00000E+00    0.25806E+02  0.17641E+02 -0.43446E+02  0.76767E-01 -0.50551E+00  0.98000E+01      982.00
  0.55910E+00  0.67884E+02    0.28750E+00  0.28750E+00 -0.57500E+00  0.00000E+00  0.00000E+00  0.00000E+00    0.25821E+02  0.17707E+02 -0.43528E+02  0.16524E+00 -0.58237E+00  0.99112E+01      982.00
  0.58315E+00  0.68027E+02    0.30000E+00  0.30000E+00 -0.60000E+00  0.00000E+00  0.00000E+00  0.00000E+00    0.25817E+02  0.17782E+02 -0.43599E+02  0.25100E+00 -0.65636E+00  0.10012E+02      982.00
  0.60718E+00  0.68155E+02    0.31250E+00  0.31250E+00 -0.62500E+00  0.00000E+00  0.00000E+00  0.00000E+00    0.25802E+02  0.17860E+02 -0.43663E+02  0.33697E+00 -0.72998E+00  0.10106E+02      982.00
  0.63121E+00  0.68275E+02    0.32500E+00  0.32500E+00 -0.65000E+00  0.00000E+00  0.00000E+00  0.00000E+00    0.25780E+02  0.17942E+02 -0.43722E+02  0.42290E+00 -0.80417E+00  0.10194E+02      982.00
  0.65522E+00  0.68373E+02    0.33750E+00  0.33750E+00 -0.67500E+00  0.00000E+00  0.00000E+00  0.00000E+00    0.25747E+02  0.18021E+02 -0.43768E+02  0.50888E+00 -0.87786E+00  0.10277E+02      982.00
  0.67923E+00  0.68473E+02    0.35000E+00  0.35000E+00 -0.70000E+00  0.00000E+00  0.00000E+00  0.00000E+00    0.25712E+02  0.18104E+02 -0.43816E+02  0.59520E+00 -0.95204E+00  0.10355E+02      982.00
  0.70322E+00  0.68545E+02    0.36250E+00  0.36250E+00 -0.72500E+00  0.00000E+00  0.00000E+00  0.00000E+00    0.25657E+02  0.18192E+02 -0.43849E+02  0.67952E+00 -0.10248E+01  0.10425E+02      982.00
  0.72721E+00  0.68620E+02    0.37500E+00  0.37500E+00 -0.75000E+00  0.00000E+00  0.00000E+00  0.00000E+00    0.25610E+02  0.18272E+02 -0.43881E+02  0.76607E+00 -0.10988E+01  0.10495E+02      982.00
  0.75119E+00  0.68690E+02    0.38750E+00  0.38750E+00 -0.77500E+00  0.00000E+00  0.00000E+00  0.00000E+00    0.25560E+02  0.18351E+02 -0.43911E+02  0.85280E+00 -0.11727E+01  0.10560E+02      982.00
  0.77516E+00  0.68746E+02    0.40000E+00  0.40000E+00 -0.80000E+00  0.00000E+00  0.00000E+00  0.00000E+00    0.25503E+02  0.18429E+02 -0.43933E+02  0.94461E+00 -0.12503E+01  0.10621E+02      982.00
  0.79913E+00  0.68799E+02    0.41250E+00  0.41250E+00 -0.82500E+00  0.00000E+00  0.00000E+00  0.00000E+00    0.25449E+02  0.18503E+02 -0.43952E+02  0.10317E+01 -0.13240E+01  0.10681E+02      982.00
  0.82309E+00  0.68849E+02    0.42500E+00  0.42500E+00 -0.85000E+00  0.00000E+00  0.00000E+00  0.00000E+00    0.25394E+02  0.18575E+02 -0.43969E+02  0.11187E+01 -0.13971E+01  0.10736E+02      982.00
  0.84703E+00  0.68881E+02    0.43750E+00  0.43750E+00 -0.87500E+00  0.00000E+00  0.00000E+00  0.00000E+00    0.25334E+02  0.18639E+02 -0.43973E+02  0.12059E+01 -0.14698E+01  0.10792E+02      982.00
  0.87097E+00  0.68920E+02    0.45000E+00  0.45000E+00 -0.90000E+00  0.00000E+00  0.00000E+00  0.00000E+00    0.25278E+02  0.18704E+02 -0.43982E+02  0.12930E+01 -0.15415E+01  0.10845E+02      982.00
  0.89491E+00  0.68947E+02    0.46250E+00  0.46250E+00 -0.92500E+00  0.00000E+00  0.00000E+00  0.00000E+00    0.25219E+02  0.18764E+02 -0.43984E+02  0.13802E+01 -0.16134E+01  0.10897E+02      982.00
  0.91883E+00  0.68970E+02    0.47500E+00  0.47500E+00 -0.95000E+00  0.00000E+00  0.00000E+00  0.00000E+00    0.25161E+02  0.18820E+02 -0.43981E+02  0.14666E+01 -0.16841E+01  0.10946E+02      982.00
  0.94274E+00  0.68998E+02    0.48750E+00  0.48750E+00 -0.97500E+00  0.00000E+00  0.00000E+00  0.00000E+00    0.25105E+02  0.18877E+02 -0.43983E+02  0.15526E+01 -0.17544E+01  0.10995E+02      982.00
  0.96665E+00  0.68971E+02    0.50000E+00  0.50000E+00 -0.10000E+01  0.00000E+00  0.00000E+00  0.00000E+00    0.25021E+02  0.18930E+02 -0.43952E+02  0.16440E+01 -0.18256E+01  0.11024E+02      982.00
