          Evm          Svm            E11          E22          E33          E23          E13          E12         SDEV11       SDEV22       SDEV33       SDEV23       SDEV13       SDEV12      TEMP
  0.00000E+00  0.66339E+02    0.00000E+00  0.00000E+00  0.00000E+00  0.00000E+00  0.00000E+00  0.00000E+00    0.20935E+02  0.22218E+02 -0.43153E+02 -0.20197E+01 -0.32483E+01 -0.74339E+01      982.00
  0.24394E-01  0.66059E+02    0.12500E-01  0.12500E-01 -0.25000E-01  0.00000E+00  0.00000E+00  0.00000E+00    0.20767E+02  0.22269E+02 -0.43036E+02 -0.20419E+01 -0.31679E+01 -0.71250E+01      982.00
  0.48824E-01  0.65843E+02    0.25000E-01  0.25000E-01 -0.50000E-01  0.00000E+00  0.00000E+00  0.00000E+00    0.20662E+02  0.22308E+02 -0.42969E+02 -0.20828E+01 -0.31018E+01 -0.67612E+01      982.00
  0.73296E-01  0.65721E+02    0.37500E-01  0.37500E-01 -0.75000E-01  0.00000E+00  0.00000E+00  0.00000E+00    0.20604E+02  0.22347E+02 -0.42951E+02 -0.21820E+01 -0.30788E+01 -0.64131E+01      982.00
  0.97804E-01  0.65691E+02    0.50000E-01  0.50000E-01 -0.10000E+00  0.00000E+00  0.00000E+00  0.00000E+00    0.20571E+02  0.22405E+02 -0.42977E+02 -0.23325E+01 -0.30934E+01 -0.61111E+01      982.00
  0.12234E+00  0.65733E+02    0.62500E-01  0.62500E-01 -0.12500E+00  0.00000E+00  0.00000E+00  0.00000E+00    0.20561E+02  0.22465E+02 -0.43026E+02 -0.24942E+01 -0.31371E+01 -0.59052E+01      982.00
  0.14688E+00  0.65817E+02    0.75000E-01  0.75000E-01 -0.15000E+00  0.00000E+00  0.00000E+00  0.00000E+00    0.20555E+02  0.22533E+02 -0.43088E+02 -0.26523E+01 -0.31897E+01 -0.57751E+01      982.00
  0.17143E+00  0.65947E+02    0.87500E-01  0.87500E-01 -0.17500E+00  0.00000E+00  0.00000E+00  0.00000E+00    0.20553E+02  0.22611E+02 -0.43164E+02 -0.27949E+01 -0.32483E+01 -0.57360E+01      982.00
  0.19598E+00  0.66117E+02    0.10000E+00  0.10000E+00 -0.20000E+00  0.00000E+00  0.00000E+00  0.00000E+00    0.20559E+02  0.22699E+02 -0.43258E+02 -0.29153E+01 -0.33057E+01 -0.57597E+01      982.00
  0.22051E+00  0.66318E+02    0.11250E+00  0.11250E+00 -0.22500E+00  0.00000E+00  0.00000E+00  0.00000E+00    0.20567E+02  0.22798E+02 -0.43365E+02 -0.30159E+01 -0.33588E+01 -0.58307E+01      982.00
  0.24503E+00  0.66540E+02    0.12500E+00  0.12500E+00 -0.25000E+00  0.00000E+00  0.00000E+00  0.00000E+00    0.20576E+02  0.22907E+02 -0.43483E+02 -0.30986E+01 -0.34067E+01 -0.59357E+01      982.00
  0.26954E+00  0.66778E+02    0.13750E+00  0.13750E+00 -0.27500E+00  0.00000E+00  0.00000E+00  0.00000E+00    0.20585E+02  0.23023E+02 -0.43608E+02 -0.31659E+01 -0.34495E+01 -0.60636E+01      982.00
  0.29403E+00  0.67025E+02    0.15000E+00  0.15000E+00 -0.30000E+00  0.00000E+00  0.00000E+00  0.00000E+00    0.20594E+02  0.23145E+02 -0.43738E+02 -0.32205E+01 -0.34879E+01 -0.62063E+01      982.00
  0.31850E+00  0.67272E+02    0.16250E+00  0.16250E+00 -0.32500E+00  0.00000E+00  0.00000E+00  0.00000E+00    0.20599E+02  0.23268E+02 -0.43867E+02 -0.32645E+01 -0.35221E+01 -0.63561E+01      982.00
  0.34295E+00  0.67514E+02    0.17500E+00  0.17500E+00 -0.35000E+00  0.00000E+00  0.00000E+00  0.00000E+00    0.20602E+02  0.23391E+02 -0.43993E+02 -0.33003E+01 -0.35530E+01 -0.65085E+01      982.00
  0.36739E+00  0.67748E+02    0.18750E+00  0.18750E+00 -0.37500E+00  0.00000E+00  0.00000E+00  0.00000E+00    0.20603E+02  0.23512E+02 -0.44114E+02 -0.33295E+01 -0.35815E+01 -0.66600E+01      982.00
  0.39181E+00  0.67972E+02    0.20000E+00  0.20000E+00 -0.40000E+00  0.00000E+00  0.00000E+00  0.00000E+00    0.20599E+02  0.23629E+02 -0.44229E+02 -0.33537E+01 -0.36079E+01 -0.68082E+01      982.00
  0.41621E+00  0.68185E+02    0.21250E+00  0.21250E+00 -0.42500E+00  0.00000E+00  0.00000E+00  0.00000E+00    0.20584E+02  0.23751E+02 -0.44335E+02 -0.33752E+01 -0.36292E+01 -0.69624E+01      982.00
  0.44059E+00  0.68381E+02    0.22500E+00  0.22500E+00 -0.45000E+00  0.00000E+00  0.00000E+00  0.00000E+00    0.20573E+02  0.23860E+02 -0.44433E+02 -0.33923E+01 -0.36525E+01 -0.70984E+01      982.00
  0.46496E+00  0.68542E+02    0.23750E+00  0.23750E+00 -0.47500E+00  0.00000E+00  0.00000E+00  0.00000E+00    0.20559E+02  0.23953E+02 -0.44512E+02 -0.34057E+01 -0.36727E+01 -0.72131E+01      982.00
  0.48931E+00  0.68712E+02    0.25000E+00  0.25000E+00 -0.50000E+00  0.00000E+00  0.00000E+00  0.00000E+00    0.20544E+02  0.24051E+02 -0.44595E+02 -0.34191E+01 -0.36957E+01 -0.73371E+01      982.00
  0.51365E+00  0.68868E+02    0.26250E+00  0.26250E+00 -0.52500E+00  0.00000E+00  0.00000E+00  0.00000E+00    0.20526E+02  0.24143E+02 -0.44669E+02 -0.34310E+01 -0.37179E+01 -0.74545E+01      982.00
  0.53797E+00  0.69014E+02    0.27500E+00  0.27500E+00 -0.55000E+00  0.00000E+00  0.00000E+00  0.00000E+00    0.20495E+02  0.24241E+02 -0.44736E+02 -0.34409E+01 -0.37351E+01 -0.75748E+01      982.00
  0.56228E+00  0.69144E+02    0.28750E+00  0.28750E+00 -0.57500E+00  0.00000E+00  0.00000E+00  0.00000E+00    0.20471E+02  0.24323E+02 -0.44795E+02 -0.34505E+01 -0.37560E+01 -0.76787E+01      982.00
  0.58657E+00  0.69261E+02    0.30000E+00  0.30000E+00 -0.60000E+00  0.00000E+00  0.00000E+00  0.00000E+00    0.20446E+02  0.24400E+02 -0.44846E+02 -0.34590E+01 -0.37771E+01 -0.77768E+01      982.00
  0.61086E+00  0.69367E+02    0.31250E+00  0.31250E+00 -0.62500E+00  0.00000E+00  0.00000E+00  0.00000E+00    0.20418E+02  0.24473E+02 -0.44892E+02 -0.34666E+01 -0.37980E+01 -0.78697E+01      982.00
  0.63512E+00  0.69472E+02    0.32500E+00  0.32500E+00 -0.65000E+00  0.00000E+00  0.00000E+00  0.00000E+00    0.20374E+02  0.24558E+02 -0.44931E+02 -0.34713E+01 -0.38167E+01 -0.79788E+01      982.00
  0.65938E+00  0.69556E+02    0.33750E+00  0.33750E+00 -0.67500E+00  0.00000E+00  0.00000E+00  0.00000E+00    0.20340E+02  0.24624E+02 -0.44964E+02 -0.34776E+01 -0.38368E+01 -0.80609E+01      982.00
  0.68362E+00  0.69633E+02    0.35000E+00  0.35000E+00 -0.70000E+00  0.00000E+00  0.00000E+00  0.00000E+00    0.20306E+02  0.24686E+02 -0.44992E+02 -0.34824E+01 -0.38569E+01 -0.81383E+01      982.00
  0.70785E+00  0.69702E+02    0.36250E+00  0.36250E+00 -0.72500E+00  0.00000E+00  0.00000E+00  0.00000E+00    0.20271E+02  0.24745E+02 -0.45016E+02 -0.34864E+01 -0.38770E+01 -0.82117E+01      982.00
  0.73207E+00  0.69765E+02    0.37500E+00  0.37500E+00 -0.75000E+00  0.00000E+00  0.00000E+00  0.00000E+00    0.20235E+02  0.24802E+02 -0.45037E+02 -0.34896E+01 -0.38968E+01 -0.82814E+01      982.00
  0.75628E+00  0.69822E+02    0.38750E+00  0.38750E+00 -0.77500E+00  0.00000E+00  0.00000E+00  0.00000E+00    0.20197E+02  0.24857E+02 -0.45054E+02 -0.34918E+01 -0.39164E+01 -0.83476E+01      982.00
  0.78047E+00  0.69873E+02    0.40000E+00  0.40000E+00 -0.80000E+00  0.00000E+00  0.00000E+00  0.00000E+00    0.20158E+02  0.24910E+02 -0.45068E+02 -0.34932E+01 -0.39359E+01 -0.84102E+01      982.00
  0.80466E+00  0.69918E+02    0.41250E+00  0.41250E+00 -0.82500E+00  0.00000E+00  0.00000E+00  0.00000E+00    0.20117E+02  0.24962E+02 -0.45079E+02 -0.34935E+01 -0.39551E+01 -0.84696E+01      982.00
  0.82884E+00  0.69961E+02    0.42500E+00  0.42500E+00 -0.85000E+00  0.00000E+00  0.00000E+00  0.00000E+00    0.20051E+02  0.25029E+02 -0.45080E+02 -0.34891E+01 -0.39787E+01 -0.85505E+01      982.00
  0.85300E+00  0.69996E+02    0.43750E+00  0.43750E+00 -0.87500E+00  0.00000E+00  0.00000E+00  0.00000E+00    0.20007E+02  0.25079E+02 -0.45086E+02 -0.34861E+01 -0.39971E+01 -0.86021E+01      982.00
  0.87716E+00  0.70028E+02    0.45000E+00  0.45000E+00 -0.90000E+00  0.00000E+00  0.00000E+00  0.00000E+00    0.19963E+02  0.25127E+02 -0.45091E+02 -0.34826E+01 -0.40160E+01 -0.86504E+01      982.00
  0.90130E+00  0.70000E+02    0.46250E+00  0.46250E+00 -0.92500E+00  0.00000E+00  0.00000E+00  0.00000E+00    0.19928E+02  0.25141E+02 -0.45069E+02 -0.34693E+01 -0.40088E+01 -0.86620E+01      982.00
  0.92545E+00  0.69971E+02    0.47500E+00  0.47500E+00 -0.95000E+00  0.00000E+00  0.00000E+00  0.00000E+00    0.19869E+02  0.25170E+02 -0.45039E+02 -0.34536E+01 -0.40109E+01 -0.86925E+01      982.00
  0.94959E+00  0.69950E+02    0.48750E+00  0.48750E+00 -0.97500E+00  0.00000E+00  0.00000E+00  0.00000E+00    0.19831E+02  0.25186E+02 -0.45017E+02 -0.34500E+01 -0.40180E+01 -0.87118E+01      982.00
  0.97372E+00  0.69920E+02    0.50000E+00  0.50000E+00 -0.10000E+01  0.00000E+00  0.00000E+00  0.00000E+00    0.19755E+02  0.25229E+02 -0.44984E+02 -0.34223E+01 -0.40197E+01 -0.87493E+01      982.00
