          Evm          Svm            E11          E22          E33          E23          E13          E12         SDEV11       SDEV22       SDEV33       SDEV23       SDEV13       SDEV12      TEMP
  0.00000E+00  0.59618E+02    0.00000E+00  0.00000E+00  0.00000E+00  0.00000E+00  0.00000E+00  0.00000E+00    0.25038E+02  0.11447E+02 -0.36485E+02  0.74901E+01 -0.16260E+01  0.90268E+01      982.00
  0.22949E-01  0.59916E+02    0.12500E-01  0.12500E-01 -0.25000E-01  0.00000E+00  0.00000E+00  0.00000E+00    0.25385E+02  0.11343E+02 -0.36728E+02  0.75618E+01 -0.16280E+01  0.87062E+01      982.00
  0.45936E-01  0.60082E+02    0.25000E-01  0.25000E-01 -0.50000E-01  0.00000E+00  0.00000E+00  0.00000E+00    0.25610E+02  0.11310E+02 -0.36920E+02  0.75465E+01 -0.16819E+01  0.83704E+01      982.00
  0.68980E-01  0.60209E+02    0.37500E-01  0.37500E-01 -0.75000E-01  0.00000E+00  0.00000E+00  0.00000E+00    0.25825E+02  0.11275E+02 -0.37099E+02  0.74299E+01 -0.17597E+01  0.80568E+01      982.00
  0.92086E-01  0.60355E+02    0.50000E-01  0.50000E-01 -0.10000E+00  0.00000E+00  0.00000E+00  0.00000E+00    0.26066E+02  0.11221E+02 -0.37287E+02  0.72518E+01 -0.18455E+01  0.77713E+01      982.00
  0.11525E+00  0.60513E+02    0.62500E-01  0.62500E-01 -0.12500E+00  0.00000E+00  0.00000E+00  0.00000E+00    0.26323E+02  0.11152E+02 -0.37475E+02  0.70420E+01 -0.19229E+01  0.75150E+01      982.00
  0.13848E+00  0.60693E+02    0.75000E-01  0.75000E-01 -0.15000E+00  0.00000E+00  0.00000E+00  0.00000E+00    0.26605E+02  0.11059E+02 -0.37663E+02  0.68306E+01 -0.19856E+01  0.72765E+01      982.00
  0.16175E+00  0.60888E+02    0.87500E-01  0.87500E-01 -0.17500E+00  0.00000E+00  0.00000E+00  0.00000E+00    0.26894E+02  0.10954E+02 -0.37848E+02  0.66287E+01 -0.20300E+01  0.70592E+01      982.00
  0.18506E+00  0.61115E+02    0.10000E+00  0.10000E+00 -0.20000E+00  0.00000E+00  0.00000E+00  0.00000E+00    0.27188E+02  0.10853E+02 -0.38041E+02  0.64463E+01 -0.20597E+01  0.68673E+01      982.00
  0.20840E+00  0.61350E+02    0.11250E+00  0.11250E+00 -0.22500E+00  0.00000E+00  0.00000E+00  0.00000E+00    0.27476E+02  0.10753E+02 -0.38229E+02  0.62860E+01 -0.20748E+01  0.66930E+01      982.00
  0.23177E+00  0.61604E+02    0.12500E+00  0.12500E+00 -0.25000E+00  0.00000E+00  0.00000E+00  0.00000E+00    0.27750E+02  0.10672E+02 -0.38422E+02  0.61480E+01 -0.20802E+01  0.65431E+01      982.00
  0.25516E+00  0.61873E+02    0.13750E+00  0.13750E+00 -0.27500E+00  0.00000E+00  0.00000E+00  0.00000E+00    0.28016E+02  0.10601E+02 -0.38617E+02  0.60320E+01 -0.20758E+01  0.64098E+01      982.00
  0.27856E+00  0.62139E+02    0.15000E+00  0.15000E+00 -0.30000E+00  0.00000E+00  0.00000E+00  0.00000E+00    0.28257E+02  0.10550E+02 -0.38808E+02  0.59370E+01 -0.20672E+01  0.62982E+01      982.00
  0.30198E+00  0.62409E+02    0.16250E+00  0.16250E+00 -0.32500E+00  0.00000E+00  0.00000E+00  0.00000E+00    0.28487E+02  0.10511E+02 -0.38998E+02  0.58579E+01 -0.20506E+01  0.61943E+01      982.00
  0.32541E+00  0.62678E+02    0.17500E+00  0.17500E+00 -0.35000E+00  0.00000E+00  0.00000E+00  0.00000E+00    0.28694E+02  0.10492E+02 -0.39187E+02  0.57947E+01 -0.20307E+01  0.61074E+01      982.00
  0.34886E+00  0.62932E+02    0.18750E+00  0.18750E+00 -0.37500E+00  0.00000E+00  0.00000E+00  0.00000E+00    0.28884E+02  0.10480E+02 -0.39365E+02  0.57443E+01 -0.20053E+01  0.60245E+01      982.00
  0.37232E+00  0.63175E+02    0.20000E+00  0.20000E+00 -0.40000E+00  0.00000E+00  0.00000E+00  0.00000E+00    0.29057E+02  0.10477E+02 -0.39534E+02  0.57052E+01 -0.19766E+01  0.59507E+01      982.00
  0.39578E+00  0.63410E+02    0.21250E+00  0.21250E+00 -0.42500E+00  0.00000E+00  0.00000E+00  0.00000E+00    0.29206E+02  0.10495E+02 -0.39700E+02  0.56753E+01 -0.19473E+01  0.58874E+01      982.00
  0.41926E+00  0.63638E+02    0.22500E+00  0.22500E+00 -0.45000E+00  0.00000E+00  0.00000E+00  0.00000E+00    0.29348E+02  0.10513E+02 -0.39861E+02  0.56534E+01 -0.19137E+01  0.58264E+01      982.00
  0.44275E+00  0.63845E+02    0.23750E+00  0.23750E+00 -0.47500E+00  0.00000E+00  0.00000E+00  0.00000E+00    0.29463E+02  0.10549E+02 -0.40011E+02  0.56365E+01 -0.18786E+01  0.57727E+01      982.00
  0.46625E+00  0.64045E+02    0.25000E+00  0.25000E+00 -0.50000E+00  0.00000E+00  0.00000E+00  0.00000E+00    0.29572E+02  0.10584E+02 -0.40156E+02  0.56247E+01 -0.18399E+01  0.57213E+01      982.00
  0.48976E+00  0.64226E+02    0.26250E+00  0.26250E+00 -0.52500E+00  0.00000E+00  0.00000E+00  0.00000E+00    0.29659E+02  0.10632E+02 -0.40291E+02  0.56162E+01 -0.17984E+01  0.56725E+01      982.00
  0.51329E+00  0.64399E+02    0.27500E+00  0.27500E+00 -0.55000E+00  0.00000E+00  0.00000E+00  0.00000E+00    0.29743E+02  0.10677E+02 -0.40421E+02  0.56123E+01 -0.17512E+01  0.56222E+01      982.00
  0.53682E+00  0.64553E+02    0.28750E+00  0.28750E+00 -0.57500E+00  0.00000E+00  0.00000E+00  0.00000E+00    0.29807E+02  0.10733E+02 -0.40540E+02  0.56086E+01 -0.17027E+01  0.55764E+01      982.00
  0.56038E+00  0.64685E+02    0.30000E+00  0.30000E+00 -0.60000E+00  0.00000E+00  0.00000E+00  0.00000E+00    0.29855E+02  0.10792E+02 -0.40647E+02  0.56081E+01 -0.16527E+01  0.55299E+01      982.00
  0.58394E+00  0.64806E+02    0.31250E+00  0.31250E+00 -0.62500E+00  0.00000E+00  0.00000E+00  0.00000E+00    0.29894E+02  0.10853E+02 -0.40747E+02  0.56103E+01 -0.15998E+01  0.54824E+01      982.00
  0.60752E+00  0.64914E+02    0.32500E+00  0.32500E+00 -0.65000E+00  0.00000E+00  0.00000E+00  0.00000E+00    0.29930E+02  0.10908E+02 -0.40838E+02  0.56138E+01 -0.15315E+01  0.54296E+01      982.00
  0.63111E+00  0.65002E+02    0.33750E+00  0.33750E+00 -0.67500E+00  0.00000E+00  0.00000E+00  0.00000E+00    0.29945E+02  0.10972E+02 -0.40917E+02  0.56193E+01 -0.14830E+01  0.53816E+01      982.00
  0.65471E+00  0.65082E+02    0.35000E+00  0.35000E+00 -0.70000E+00  0.00000E+00  0.00000E+00  0.00000E+00    0.29957E+02  0.11036E+02 -0.40993E+02  0.56276E+01 -0.14215E+01  0.53282E+01      982.00
  0.67833E+00  0.65145E+02    0.36250E+00  0.36250E+00 -0.72500E+00  0.00000E+00  0.00000E+00  0.00000E+00    0.29960E+02  0.11098E+02 -0.41058E+02  0.56372E+01 -0.13560E+01  0.52706E+01      982.00
  0.70197E+00  0.65196E+02    0.37500E+00  0.37500E+00 -0.75000E+00  0.00000E+00  0.00000E+00  0.00000E+00    0.29955E+02  0.11160E+02 -0.41115E+02  0.56493E+01 -0.12862E+01  0.52081E+01      982.00
  0.72562E+00  0.65234E+02    0.38750E+00  0.38750E+00 -0.77500E+00  0.00000E+00  0.00000E+00  0.00000E+00    0.29941E+02  0.11223E+02 -0.41165E+02  0.56652E+01 -0.12134E+01  0.51406E+01      982.00
  0.74928E+00  0.65258E+02    0.40000E+00  0.40000E+00 -0.80000E+00  0.00000E+00  0.00000E+00  0.00000E+00    0.29917E+02  0.11291E+02 -0.41208E+02  0.56815E+01 -0.11446E+01  0.50656E+01      982.00
  0.77296E+00  0.65266E+02    0.41250E+00  0.41250E+00 -0.82500E+00  0.00000E+00  0.00000E+00  0.00000E+00    0.29884E+02  0.11357E+02 -0.41240E+02  0.57016E+01 -0.10645E+01  0.49849E+01      982.00
  0.79666E+00  0.65256E+02    0.42500E+00  0.42500E+00 -0.85000E+00  0.00000E+00  0.00000E+00  0.00000E+00    0.29842E+02  0.11420E+02 -0.41262E+02  0.57256E+01 -0.97983E+00  0.48951E+01      982.00
  0.82037E+00  0.65232E+02    0.43750E+00  0.43750E+00 -0.87500E+00  0.00000E+00  0.00000E+00  0.00000E+00    0.29790E+02  0.11485E+02 -0.41275E+02  0.57515E+01 -0.88993E+00  0.47964E+01      982.00
  0.84410E+00  0.65193E+02    0.45000E+00  0.45000E+00 -0.90000E+00  0.00000E+00  0.00000E+00  0.00000E+00    0.29722E+02  0.11562E+02 -0.41284E+02  0.57808E+01 -0.80010E+00  0.46797E+01      982.00
  0.86784E+00  0.65132E+02    0.46250E+00  0.46250E+00 -0.92500E+00  0.00000E+00  0.00000E+00  0.00000E+00    0.29648E+02  0.11629E+02 -0.41277E+02  0.58146E+01 -0.70130E+00  0.45565E+01      982.00
  0.89161E+00  0.65063E+02    0.47500E+00  0.47500E+00 -0.95000E+00  0.00000E+00  0.00000E+00  0.00000E+00    0.29564E+02  0.11702E+02 -0.41266E+02  0.58519E+01 -0.59712E+00  0.44181E+01      982.00
  0.91539E+00  0.64904E+02    0.48750E+00  0.48750E+00 -0.97500E+00  0.00000E+00  0.00000E+00  0.00000E+00    0.29434E+02  0.11771E+02 -0.41205E+02  0.58703E+01 -0.48552E+00  0.42535E+01      982.00
  0.93920E+00  0.64748E+02    0.50000E+00  0.50000E+00 -0.10000E+01  0.00000E+00  0.00000E+00  0.00000E+00    0.29305E+02  0.11839E+02 -0.41144E+02  0.58976E+01 -0.36890E+00  0.40763E+01      982.00
