          Evm          Svm            E11          E22          E33          E23          E13          E12         SDEV11       SDEV22       SDEV33       SDEV23       SDEV13       SDEV12      TEMP
  0.00000E+00  0.62354E+02    0.00000E+00  0.00000E+00  0.00000E+00  0.00000E+00  0.00000E+00  0.00000E+00    0.22248E+02  0.18017E+02 -0.40265E+02  0.47037E+01 -0.20970E+01  0.70022E+01      982.00
  0.24216E-01  0.62450E+02    0.12500E-01  0.12500E-01 -0.25000E-01  0.00000E+00  0.00000E+00  0.00000E+00    0.22988E+02  0.17315E+02 -0.40302E+02  0.44225E+01 -0.20002E+01  0.70846E+01      982.00
  0.48417E-01  0.62527E+02    0.25000E-01  0.25000E-01 -0.50000E-01  0.00000E+00  0.00000E+00  0.00000E+00    0.23542E+02  0.16787E+02 -0.40328E+02  0.41286E+01 -0.20457E+01  0.71269E+01      982.00
  0.72603E-01  0.62615E+02    0.37500E-01  0.37500E-01 -0.75000E-01  0.00000E+00  0.00000E+00  0.00000E+00    0.24004E+02  0.16353E+02 -0.40357E+02  0.38573E+01 -0.21421E+01  0.71609E+01      982.00
  0.96773E-01  0.62728E+02    0.50000E-01  0.50000E-01 -0.10000E+00  0.00000E+00  0.00000E+00  0.00000E+00    0.24407E+02  0.15989E+02 -0.40395E+02  0.36211E+01 -0.22541E+01  0.72020E+01      982.00
  0.12092E+00  0.62874E+02    0.62500E-01  0.62500E-01 -0.12500E+00  0.00000E+00  0.00000E+00  0.00000E+00    0.24772E+02  0.15676E+02 -0.40448E+02  0.34219E+01 -0.23660E+01  0.72574E+01      982.00
  0.14505E+00  0.63057E+02    0.75000E-01  0.75000E-01 -0.15000E+00  0.00000E+00  0.00000E+00  0.00000E+00    0.25111E+02  0.15409E+02 -0.40520E+02  0.32570E+01 -0.24735E+01  0.73309E+01      982.00
  0.16914E+00  0.63271E+02    0.87500E-01  0.87500E-01 -0.17500E+00  0.00000E+00  0.00000E+00  0.00000E+00    0.25426E+02  0.15181E+02 -0.40608E+02  0.31212E+01 -0.25756E+01  0.74219E+01      982.00
  0.19321E+00  0.63519E+02    0.10000E+00  0.10000E+00 -0.20000E+00  0.00000E+00  0.00000E+00  0.00000E+00    0.25733E+02  0.14979E+02 -0.40712E+02  0.30125E+01 -0.26714E+01  0.75264E+01      982.00
  0.21725E+00  0.63790E+02    0.11250E+00  0.11250E+00 -0.22500E+00  0.00000E+00  0.00000E+00  0.00000E+00    0.26021E+02  0.14809E+02 -0.40829E+02  0.29241E+01 -0.27647E+01  0.76461E+01      982.00
  0.24125E+00  0.64079E+02    0.12500E+00  0.12500E+00 -0.25000E+00  0.00000E+00  0.00000E+00  0.00000E+00    0.26301E+02  0.14656E+02 -0.40957E+02  0.28552E+01 -0.28538E+01  0.77733E+01      982.00
  0.26522E+00  0.64381E+02    0.13750E+00  0.13750E+00 -0.27500E+00  0.00000E+00  0.00000E+00  0.00000E+00    0.26560E+02  0.14531E+02 -0.41091E+02  0.28007E+01 -0.29432E+01  0.79118E+01      982.00
  0.28915E+00  0.64686E+02    0.15000E+00  0.15000E+00 -0.30000E+00  0.00000E+00  0.00000E+00  0.00000E+00    0.26809E+02  0.14418E+02 -0.41227E+02  0.27600E+01 -0.30288E+01  0.80522E+01      982.00
  0.31305E+00  0.64993E+02    0.16250E+00  0.16250E+00 -0.32500E+00  0.00000E+00  0.00000E+00  0.00000E+00    0.27034E+02  0.14331E+02 -0.41364E+02  0.27298E+01 -0.31161E+01  0.82014E+01      982.00
  0.33692E+00  0.65287E+02    0.17500E+00  0.17500E+00 -0.35000E+00  0.00000E+00  0.00000E+00  0.00000E+00    0.27242E+02  0.14252E+02 -0.41494E+02  0.27091E+01 -0.31981E+01  0.83488E+01      982.00
  0.36075E+00  0.65569E+02    0.18750E+00  0.18750E+00 -0.37500E+00  0.00000E+00  0.00000E+00  0.00000E+00    0.27429E+02  0.14189E+02 -0.41618E+02  0.26959E+01 -0.32768E+01  0.84985E+01      982.00
  0.38455E+00  0.65847E+02    0.20000E+00  0.20000E+00 -0.40000E+00  0.00000E+00  0.00000E+00  0.00000E+00    0.27588E+02  0.14153E+02 -0.41741E+02  0.26921E+01 -0.33587E+01  0.86545E+01      982.00
  0.40833E+00  0.66104E+02    0.21250E+00  0.21250E+00 -0.42500E+00  0.00000E+00  0.00000E+00  0.00000E+00    0.27730E+02  0.14121E+02 -0.41851E+02  0.26896E+01 -0.34284E+01  0.88150E+01      982.00
  0.43207E+00  0.66365E+02    0.22500E+00  0.22500E+00 -0.45000E+00  0.00000E+00  0.00000E+00  0.00000E+00    0.27843E+02  0.14119E+02 -0.41962E+02  0.26972E+01 -0.35042E+01  0.89895E+01      982.00
  0.45578E+00  0.66583E+02    0.23750E+00  0.23750E+00 -0.47500E+00  0.00000E+00  0.00000E+00  0.00000E+00    0.27913E+02  0.14143E+02 -0.42056E+02  0.27159E+01 -0.35730E+01  0.91486E+01      982.00
  0.47946E+00  0.66764E+02    0.25000E+00  0.25000E+00 -0.50000E+00  0.00000E+00  0.00000E+00  0.00000E+00    0.27954E+02  0.14178E+02 -0.42132E+02  0.27426E+01 -0.36353E+01  0.92895E+01      982.00
  0.50313E+00  0.66947E+02    0.26250E+00  0.26250E+00 -0.52500E+00  0.00000E+00  0.00000E+00  0.00000E+00    0.27986E+02  0.14221E+02 -0.42207E+02  0.27762E+01 -0.36932E+01  0.94433E+01      982.00
  0.52677E+00  0.67119E+02    0.27500E+00  0.27500E+00 -0.55000E+00  0.00000E+00  0.00000E+00  0.00000E+00    0.28001E+02  0.14275E+02 -0.42276E+02  0.28161E+01 -0.37430E+01  0.96020E+01      982.00
  0.55039E+00  0.67266E+02    0.28750E+00  0.28750E+00 -0.57500E+00  0.00000E+00  0.00000E+00  0.00000E+00    0.27983E+02  0.14350E+02 -0.42333E+02  0.28584E+01 -0.37817E+01  0.97581E+01      982.00
  0.57399E+00  0.67402E+02    0.30000E+00  0.30000E+00 -0.60000E+00  0.00000E+00  0.00000E+00  0.00000E+00    0.27954E+02  0.14431E+02 -0.42385E+02  0.29072E+01 -0.38137E+01  0.99130E+01      982.00
  0.59757E+00  0.67517E+02    0.31250E+00  0.31250E+00 -0.62500E+00  0.00000E+00  0.00000E+00  0.00000E+00    0.27895E+02  0.14533E+02 -0.42429E+02  0.29578E+01 -0.38369E+01  0.10064E+02      982.00
  0.62114E+00  0.67619E+02    0.32500E+00  0.32500E+00 -0.65000E+00  0.00000E+00  0.00000E+00  0.00000E+00    0.27819E+02  0.14647E+02 -0.42466E+02  0.30112E+01 -0.38532E+01  0.10212E+02      982.00
  0.64469E+00  0.67709E+02    0.33750E+00  0.33750E+00 -0.67500E+00  0.00000E+00  0.00000E+00  0.00000E+00    0.27728E+02  0.14772E+02 -0.42499E+02  0.30664E+01 -0.38635E+01  0.10356E+02      982.00
  0.66823E+00  0.67789E+02    0.35000E+00  0.35000E+00 -0.70000E+00  0.00000E+00  0.00000E+00  0.00000E+00    0.27624E+02  0.14904E+02 -0.42528E+02  0.31224E+01 -0.38685E+01  0.10495E+02      982.00
  0.69175E+00  0.67860E+02    0.36250E+00  0.36250E+00 -0.72500E+00  0.00000E+00  0.00000E+00  0.00000E+00    0.27512E+02  0.15042E+02 -0.42554E+02  0.31784E+01 -0.38692E+01  0.10628E+02      982.00
  0.71527E+00  0.67923E+02    0.37500E+00  0.37500E+00 -0.75000E+00  0.00000E+00  0.00000E+00  0.00000E+00    0.27386E+02  0.15189E+02 -0.42575E+02  0.32342E+01 -0.38674E+01  0.10759E+02      982.00
  0.73877E+00  0.67981E+02    0.38750E+00  0.38750E+00 -0.77500E+00  0.00000E+00  0.00000E+00  0.00000E+00    0.27264E+02  0.15332E+02 -0.42596E+02  0.32880E+01 -0.38619E+01  0.10880E+02      982.00
  0.76227E+00  0.68029E+02    0.40000E+00  0.40000E+00 -0.80000E+00  0.00000E+00  0.00000E+00  0.00000E+00    0.27126E+02  0.15488E+02 -0.42614E+02  0.33400E+01 -0.38513E+01  0.10993E+02      982.00
  0.78576E+00  0.68078E+02    0.41250E+00  0.41250E+00 -0.82500E+00  0.00000E+00  0.00000E+00  0.00000E+00    0.27002E+02  0.15629E+02 -0.42631E+02  0.33902E+01 -0.38427E+01  0.11100E+02      982.00
  0.80924E+00  0.68122E+02    0.42500E+00  0.42500E+00 -0.85000E+00  0.00000E+00  0.00000E+00  0.00000E+00    0.26880E+02  0.15766E+02 -0.42647E+02  0.34379E+01 -0.38336E+01  0.11200E+02      982.00
  0.83272E+00  0.68163E+02    0.43750E+00  0.43750E+00 -0.87500E+00  0.00000E+00  0.00000E+00  0.00000E+00    0.26760E+02  0.15901E+02 -0.42661E+02  0.34831E+01 -0.38241E+01  0.11293E+02      982.00
  0.85619E+00  0.68198E+02    0.45000E+00  0.45000E+00 -0.90000E+00  0.00000E+00  0.00000E+00  0.00000E+00    0.26628E+02  0.16047E+02 -0.42676E+02  0.35287E+01 -0.38090E+01  0.11378E+02      982.00
  0.87966E+00  0.68234E+02    0.46250E+00  0.46250E+00 -0.92500E+00  0.00000E+00  0.00000E+00  0.00000E+00    0.26517E+02  0.16171E+02 -0.42688E+02  0.35697E+01 -0.37993E+01  0.11459E+02      982.00
  0.90312E+00  0.68267E+02    0.47500E+00  0.47500E+00 -0.95000E+00  0.00000E+00  0.00000E+00  0.00000E+00    0.26409E+02  0.16290E+02 -0.42699E+02  0.36082E+01 -0.37902E+01  0.11534E+02      982.00
  0.92657E+00  0.68256E+02    0.48750E+00  0.48750E+00 -0.97500E+00  0.00000E+00  0.00000E+00  0.00000E+00    0.26291E+02  0.16394E+02 -0.42686E+02  0.36341E+01 -0.37707E+01  0.11597E+02      982.00
  0.95002E+00  0.68246E+02    0.50000E+00  0.50000E+00 -0.10000E+01  0.00000E+00  0.00000E+00  0.00000E+00    0.26173E+02  0.16504E+02 -0.42676E+02  0.36606E+01 -0.37465E+01  0.11651E+02      982.00
