          Evm          Svm            E11          E22          E33          E23          E13          E12         SDEV11       SDEV22       SDEV33       SDEV23       SDEV13       SDEV12      TEMP
  0.00000E+00  0.61949E+02    0.00000E+00  0.00000E+00  0.00000E+00  0.00000E+00  0.00000E+00  0.00000E+00    0.17651E+02  0.20548E+02 -0.38199E+02 -0.89619E+00  0.15293E+01  0.13401E+02      982.00
  0.23124E-01  0.62030E+02    0.12500E-01  0.12500E-01 -0.25000E-01  0.00000E+00  0.00000E+00  0.00000E+00    0.17761E+02  0.20519E+02 -0.38280E+02 -0.10933E+01  0.15098E+01  0.13350E+02      982.00
  0.46265E-01  0.62084E+02    0.25000E-01  0.25000E-01 -0.50000E-01  0.00000E+00  0.00000E+00  0.00000E+00    0.17762E+02  0.20594E+02 -0.38356E+02 -0.12944E+01  0.15051E+01  0.13247E+02      982.00
  0.69433E-01  0.62135E+02    0.37500E-01  0.37500E-01 -0.75000E-01  0.00000E+00  0.00000E+00  0.00000E+00    0.17715E+02  0.20720E+02 -0.38435E+02 -0.15039E+01  0.14928E+01  0.13123E+02      982.00
  0.92630E-01  0.62213E+02    0.50000E-01  0.50000E-01 -0.10000E+00  0.00000E+00  0.00000E+00  0.00000E+00    0.17641E+02  0.20889E+02 -0.38530E+02 -0.17170E+01  0.14751E+01  0.12999E+02      982.00
  0.11585E+00  0.62326E+02    0.62500E-01  0.62500E-01 -0.12500E+00  0.00000E+00  0.00000E+00  0.00000E+00    0.17551E+02  0.21086E+02 -0.38637E+02 -0.19124E+01  0.14600E+01  0.12896E+02      982.00
  0.13910E+00  0.62480E+02    0.75000E-01  0.75000E-01 -0.15000E+00  0.00000E+00  0.00000E+00  0.00000E+00    0.17453E+02  0.21308E+02 -0.38761E+02 -0.20907E+01  0.14587E+01  0.12815E+02      982.00
  0.16237E+00  0.62670E+02    0.87500E-01  0.87500E-01 -0.17500E+00  0.00000E+00  0.00000E+00  0.00000E+00    0.17358E+02  0.21541E+02 -0.38899E+02 -0.22474E+01  0.14748E+01  0.12757E+02      982.00
  0.18564E+00  0.62892E+02    0.10000E+00  0.10000E+00 -0.20000E+00  0.00000E+00  0.00000E+00  0.00000E+00    0.17271E+02  0.21779E+02 -0.39050E+02 -0.23834E+01  0.15082E+01  0.12719E+02      982.00
  0.20892E+00  0.63140E+02    0.11250E+00  0.11250E+00 -0.22500E+00  0.00000E+00  0.00000E+00  0.00000E+00    0.17197E+02  0.22014E+02 -0.39212E+02 -0.25007E+01  0.15561E+01  0.12698E+02      982.00
  0.23221E+00  0.63406E+02    0.12500E+00  0.12500E+00 -0.25000E+00  0.00000E+00  0.00000E+00  0.00000E+00    0.17134E+02  0.22250E+02 -0.39384E+02 -0.26018E+01  0.16171E+01  0.12682E+02      982.00
  0.25551E+00  0.63689E+02    0.13750E+00  0.13750E+00 -0.27500E+00  0.00000E+00  0.00000E+00  0.00000E+00    0.17094E+02  0.22470E+02 -0.39564E+02 -0.26879E+01  0.16827E+01  0.12682E+02      982.00
  0.27880E+00  0.63982E+02    0.15000E+00  0.15000E+00 -0.30000E+00  0.00000E+00  0.00000E+00  0.00000E+00    0.17071E+02  0.22678E+02 -0.39750E+02 -0.27620E+01  0.17522E+01  0.12688E+02      982.00
  0.30210E+00  0.64275E+02    0.16250E+00  0.16250E+00 -0.32500E+00  0.00000E+00  0.00000E+00  0.00000E+00    0.17058E+02  0.22880E+02 -0.39937E+02 -0.28251E+01  0.18248E+01  0.12690E+02      982.00
  0.32540E+00  0.64575E+02    0.17500E+00  0.17500E+00 -0.35000E+00  0.00000E+00  0.00000E+00  0.00000E+00    0.17065E+02  0.23064E+02 -0.40129E+02 -0.28802E+01  0.18946E+01  0.12701E+02      982.00
  0.34870E+00  0.64862E+02    0.18750E+00  0.18750E+00 -0.37500E+00  0.00000E+00  0.00000E+00  0.00000E+00    0.17078E+02  0.23239E+02 -0.40316E+02 -0.29270E+01  0.19642E+01  0.12705E+02      982.00
  0.37201E+00  0.65155E+02    0.20000E+00  0.20000E+00 -0.40000E+00  0.00000E+00  0.00000E+00  0.00000E+00    0.17110E+02  0.23397E+02 -0.40507E+02 -0.29679E+01  0.20281E+01  0.12714E+02      982.00
  0.39533E+00  0.65428E+02    0.21250E+00  0.21250E+00 -0.42500E+00  0.00000E+00  0.00000E+00  0.00000E+00    0.17143E+02  0.23545E+02 -0.40689E+02 -0.30033E+01  0.20912E+01  0.12714E+02      982.00
  0.41865E+00  0.65704E+02    0.22500E+00  0.22500E+00 -0.45000E+00  0.00000E+00  0.00000E+00  0.00000E+00    0.17194E+02  0.23679E+02 -0.40873E+02 -0.30328E+01  0.21460E+01  0.12718E+02      982.00
  0.44197E+00  0.65961E+02    0.23750E+00  0.23750E+00 -0.47500E+00  0.00000E+00  0.00000E+00  0.00000E+00    0.17243E+02  0.23805E+02 -0.41048E+02 -0.30595E+01  0.22017E+01  0.12713E+02      982.00
  0.46531E+00  0.66214E+02    0.25000E+00  0.25000E+00 -0.50000E+00  0.00000E+00  0.00000E+00  0.00000E+00    0.17307E+02  0.23915E+02 -0.41222E+02 -0.30788E+01  0.22462E+01  0.12711E+02      982.00
  0.48866E+00  0.66455E+02    0.26250E+00  0.26250E+00 -0.52500E+00  0.00000E+00  0.00000E+00  0.00000E+00    0.17376E+02  0.24014E+02 -0.41389E+02 -0.30934E+01  0.22853E+01  0.12707E+02      982.00
  0.51201E+00  0.66683E+02    0.27500E+00  0.27500E+00 -0.55000E+00  0.00000E+00  0.00000E+00  0.00000E+00    0.17443E+02  0.24109E+02 -0.41552E+02 -0.31071E+01  0.23278E+01  0.12693E+02      982.00
  0.53538E+00  0.66897E+02    0.28750E+00  0.28750E+00 -0.57500E+00  0.00000E+00  0.00000E+00  0.00000E+00    0.17516E+02  0.24190E+02 -0.41705E+02 -0.31128E+01  0.23571E+01  0.12683E+02      982.00
  0.55876E+00  0.67099E+02    0.30000E+00  0.30000E+00 -0.60000E+00  0.00000E+00  0.00000E+00  0.00000E+00    0.17591E+02  0.24261E+02 -0.41852E+02 -0.31145E+01  0.23815E+01  0.12672E+02      982.00
  0.58215E+00  0.67295E+02    0.31250E+00  0.31250E+00 -0.62500E+00  0.00000E+00  0.00000E+00  0.00000E+00    0.17666E+02  0.24332E+02 -0.41998E+02 -0.31146E+01  0.24107E+01  0.12651E+02      982.00
  0.60555E+00  0.67471E+02    0.32500E+00  0.32500E+00 -0.65000E+00  0.00000E+00  0.00000E+00  0.00000E+00    0.17740E+02  0.24389E+02 -0.42129E+02 -0.31087E+01  0.24273E+01  0.12637E+02      982.00
  0.62897E+00  0.67650E+02    0.33750E+00  0.33750E+00 -0.67500E+00  0.00000E+00  0.00000E+00  0.00000E+00    0.17818E+02  0.24446E+02 -0.42265E+02 -0.31023E+01  0.24495E+01  0.12616E+02      982.00
  0.65240E+00  0.67801E+02    0.35000E+00  0.35000E+00 -0.70000E+00  0.00000E+00  0.00000E+00  0.00000E+00    0.17890E+02  0.24490E+02 -0.42380E+02 -0.30890E+01  0.24579E+01  0.12601E+02      982.00
  0.67584E+00  0.67944E+02    0.36250E+00  0.36250E+00 -0.72500E+00  0.00000E+00  0.00000E+00  0.00000E+00    0.17961E+02  0.24529E+02 -0.42490E+02 -0.30737E+01  0.24630E+01  0.12586E+02      982.00
  0.69929E+00  0.68077E+02    0.37500E+00  0.37500E+00 -0.75000E+00  0.00000E+00  0.00000E+00  0.00000E+00    0.18029E+02  0.24565E+02 -0.42594E+02 -0.30566E+01  0.24656E+01  0.12572E+02      982.00
  0.72275E+00  0.68201E+02    0.38750E+00  0.38750E+00 -0.77500E+00  0.00000E+00  0.00000E+00  0.00000E+00    0.18095E+02  0.24597E+02 -0.42692E+02 -0.30380E+01  0.24664E+01  0.12557E+02      982.00
  0.74622E+00  0.68318E+02    0.40000E+00  0.40000E+00 -0.80000E+00  0.00000E+00  0.00000E+00  0.00000E+00    0.18157E+02  0.24626E+02 -0.42783E+02 -0.30183E+01  0.24655E+01  0.12542E+02      982.00
  0.76971E+00  0.68426E+02    0.41250E+00  0.41250E+00 -0.82500E+00  0.00000E+00  0.00000E+00  0.00000E+00    0.18217E+02  0.24653E+02 -0.42870E+02 -0.29976E+01  0.24633E+01  0.12527E+02      982.00
  0.79320E+00  0.68527E+02    0.42500E+00  0.42500E+00 -0.85000E+00  0.00000E+00  0.00000E+00  0.00000E+00    0.18274E+02  0.24677E+02 -0.42951E+02 -0.29761E+01  0.24599E+01  0.12512E+02      982.00
  0.81671E+00  0.68621E+02    0.43750E+00  0.43750E+00 -0.87500E+00  0.00000E+00  0.00000E+00  0.00000E+00    0.18329E+02  0.24699E+02 -0.43028E+02 -0.29542E+01  0.24556E+01  0.12497E+02      982.00
  0.84022E+00  0.68710E+02    0.45000E+00  0.45000E+00 -0.90000E+00  0.00000E+00  0.00000E+00  0.00000E+00    0.18380E+02  0.24720E+02 -0.43100E+02 -0.29320E+01  0.24505E+01  0.12483E+02      982.00
  0.86374E+00  0.68784E+02    0.46250E+00  0.46250E+00 -0.92500E+00  0.00000E+00  0.00000E+00  0.00000E+00    0.18421E+02  0.24738E+02 -0.43159E+02 -0.29218E+01  0.24468E+01  0.12474E+02      982.00
  0.88727E+00  0.68862E+02    0.47500E+00  0.47500E+00 -0.95000E+00  0.00000E+00  0.00000E+00  0.00000E+00    0.18468E+02  0.24755E+02 -0.43223E+02 -0.29020E+01  0.24412E+01  0.12458E+02      982.00
  0.91081E+00  0.68935E+02    0.48750E+00  0.48750E+00 -0.97500E+00  0.00000E+00  0.00000E+00  0.00000E+00    0.18513E+02  0.24771E+02 -0.43284E+02 -0.28806E+01  0.24352E+01  0.12444E+02      982.00
  0.93436E+00  0.69003E+02    0.50000E+00  0.50000E+00 -0.10000E+01  0.00000E+00  0.00000E+00  0.00000E+00    0.18554E+02  0.24787E+02 -0.43341E+02 -0.28591E+01  0.24290E+01  0.12430E+02      982.00
