          Evm          Svm            E11          E22          E33          E23          E13          E12         SDEV11       SDEV22       SDEV33       SDEV23       SDEV13       SDEV12      TEMP
  0.00000E+00  0.50088E+02    0.00000E+00  0.00000E+00  0.00000E+00  0.00000E+00  0.00000E+00  0.00000E+00    0.16150E+02  0.15675E+02 -0.31825E+02  0.38050E+01 -0.40176E+01 -0.67812E+01      982.00
  0.23827E-01  0.50422E+02    0.12500E-01  0.12500E-01 -0.25000E-01  0.00000E+00  0.00000E+00  0.00000E+00    0.16639E+02  0.15296E+02 -0.31935E+02  0.41520E+01 -0.37205E+01 -0.71465E+01      982.00
  0.47577E-01  0.50760E+02    0.25000E-01  0.25000E-01 -0.50000E-01  0.00000E+00  0.00000E+00  0.00000E+00    0.17070E+02  0.14990E+02 -0.32060E+02  0.44238E+01 -0.34039E+01 -0.74656E+01      982.00
  0.71262E-01  0.51110E+02    0.37500E-01  0.37500E-01 -0.75000E-01  0.00000E+00  0.00000E+00  0.00000E+00    0.17470E+02  0.14731E+02 -0.32201E+02  0.46532E+01 -0.30826E+01 -0.77472E+01      982.00
  0.94888E-01  0.51477E+02    0.50000E-01  0.50000E-01 -0.10000E+00  0.00000E+00  0.00000E+00  0.00000E+00    0.17846E+02  0.14513E+02 -0.32358E+02  0.48488E+01 -0.27686E+01 -0.80022E+01      982.00
  0.11846E+00  0.51871E+02    0.62500E-01  0.62500E-01 -0.12500E+00  0.00000E+00  0.00000E+00  0.00000E+00    0.18206E+02  0.14329E+02 -0.32534E+02  0.50197E+01 -0.24714E+01 -0.82428E+01      982.00
  0.14198E+00  0.52307E+02    0.75000E-01  0.75000E-01 -0.15000E+00  0.00000E+00  0.00000E+00  0.00000E+00    0.18559E+02  0.14175E+02 -0.32734E+02  0.51738E+01 -0.22034E+01 -0.84819E+01      982.00
  0.16545E+00  0.52788E+02    0.87500E-01  0.87500E-01 -0.17500E+00  0.00000E+00  0.00000E+00  0.00000E+00    0.18913E+02  0.14046E+02 -0.32959E+02  0.53210E+01 -0.19585E+01 -0.87215E+01      982.00
  0.18886E+00  0.53328E+02    0.10000E+00  0.10000E+00 -0.20000E+00  0.00000E+00  0.00000E+00  0.00000E+00    0.19276E+02  0.13940E+02 -0.33216E+02  0.54652E+01 -0.17474E+01 -0.89680E+01      982.00
  0.21222E+00  0.53918E+02    0.11250E+00  0.11250E+00 -0.22500E+00  0.00000E+00  0.00000E+00  0.00000E+00    0.19652E+02  0.13851E+02 -0.33503E+02  0.56109E+01 -0.15587E+01 -0.92145E+01      982.00
  0.23552E+00  0.54556E+02    0.12500E+00  0.12500E+00 -0.25000E+00  0.00000E+00  0.00000E+00  0.00000E+00    0.20043E+02  0.13777E+02 -0.33820E+02  0.57577E+01 -0.13936E+01 -0.94550E+01      982.00
  0.25877E+00  0.55231E+02    0.13750E+00  0.13750E+00 -0.27500E+00  0.00000E+00  0.00000E+00  0.00000E+00    0.20445E+02  0.13716E+02 -0.34162E+02  0.59055E+01 -0.12541E+01 -0.96838E+01      982.00
  0.28196E+00  0.55924E+02    0.15000E+00  0.15000E+00 -0.30000E+00  0.00000E+00  0.00000E+00  0.00000E+00    0.20861E+02  0.13662E+02 -0.34523E+02  0.60530E+01 -0.11259E+01 -0.98871E+01      982.00
  0.30511E+00  0.56624E+02    0.16250E+00  0.16250E+00 -0.32500E+00  0.00000E+00  0.00000E+00  0.00000E+00    0.21284E+02  0.13613E+02 -0.34896E+02  0.61989E+01 -0.10162E+01 -0.10064E+02      982.00
  0.32822E+00  0.57319E+02    0.17500E+00  0.17500E+00 -0.35000E+00  0.00000E+00  0.00000E+00  0.00000E+00    0.21711E+02  0.13566E+02 -0.35277E+02  0.63409E+01 -0.91768E+00 -0.10206E+02      982.00
  0.35130E+00  0.57998E+02    0.18750E+00  0.18750E+00 -0.37500E+00  0.00000E+00  0.00000E+00  0.00000E+00    0.22139E+02  0.13521E+02 -0.35660E+02  0.64775E+01 -0.82831E+00 -0.10311E+02      982.00
  0.37436E+00  0.58651E+02    0.20000E+00  0.20000E+00 -0.40000E+00  0.00000E+00  0.00000E+00  0.00000E+00    0.22565E+02  0.13476E+02 -0.36041E+02  0.66089E+01 -0.74179E+00 -0.10371E+02      982.00
  0.39740E+00  0.59279E+02    0.21250E+00  0.21250E+00 -0.42500E+00  0.00000E+00  0.00000E+00  0.00000E+00    0.22985E+02  0.13432E+02 -0.36417E+02  0.67317E+01 -0.66713E+00 -0.10399E+02      982.00
  0.42044E+00  0.59876E+02    0.22500E+00  0.22500E+00 -0.45000E+00  0.00000E+00  0.00000E+00  0.00000E+00    0.23397E+02  0.13388E+02 -0.36784E+02  0.68459E+01 -0.59906E+00 -0.10390E+02      982.00
  0.44348E+00  0.60441E+02    0.23750E+00  0.23750E+00 -0.47500E+00  0.00000E+00  0.00000E+00  0.00000E+00    0.23797E+02  0.13345E+02 -0.37142E+02  0.69476E+01 -0.54187E+00 -0.10352E+02      982.00
  0.46652E+00  0.60971E+02    0.25000E+00  0.25000E+00 -0.50000E+00  0.00000E+00  0.00000E+00  0.00000E+00    0.24185E+02  0.13304E+02 -0.37489E+02  0.70429E+01 -0.48524E+00 -0.10278E+02      982.00
  0.48958E+00  0.61467E+02    0.26250E+00  0.26250E+00 -0.52500E+00  0.00000E+00  0.00000E+00  0.00000E+00    0.24559E+02  0.13264E+02 -0.37823E+02  0.71291E+01 -0.43344E+00 -0.10176E+02      982.00
  0.51266E+00  0.61939E+02    0.27500E+00  0.27500E+00 -0.55000E+00  0.00000E+00  0.00000E+00  0.00000E+00    0.24922E+02  0.13227E+02 -0.38149E+02  0.72053E+01 -0.38252E+00 -0.10050E+02      982.00
  0.53575E+00  0.62372E+02    0.28750E+00  0.28750E+00 -0.57500E+00  0.00000E+00  0.00000E+00  0.00000E+00    0.25265E+02  0.13193E+02 -0.38457E+02  0.72744E+01 -0.33994E+00 -0.99032E+01      982.00
  0.55887E+00  0.62777E+02    0.30000E+00  0.30000E+00 -0.60000E+00  0.00000E+00  0.00000E+00  0.00000E+00    0.25591E+02  0.13161E+02 -0.38752E+02  0.73345E+01 -0.30186E+00 -0.97374E+01      982.00
  0.58202E+00  0.63153E+02    0.31250E+00  0.31250E+00 -0.62500E+00  0.00000E+00  0.00000E+00  0.00000E+00    0.25900E+02  0.13133E+02 -0.39033E+02  0.73866E+01 -0.26780E+00 -0.95567E+01      982.00
  0.60520E+00  0.63503E+02    0.32500E+00  0.32500E+00 -0.65000E+00  0.00000E+00  0.00000E+00  0.00000E+00    0.26192E+02  0.13109E+02 -0.39301E+02  0.74309E+01 -0.23765E+00 -0.93634E+01      982.00
  0.62841E+00  0.63828E+02    0.33750E+00  0.33750E+00 -0.67500E+00  0.00000E+00  0.00000E+00  0.00000E+00    0.26468E+02  0.13088E+02 -0.39556E+02  0.74680E+01 -0.21122E+00 -0.91598E+01      982.00
  0.65165E+00  0.64130E+02    0.35000E+00  0.35000E+00 -0.70000E+00  0.00000E+00  0.00000E+00  0.00000E+00    0.26727E+02  0.13071E+02 -0.39798E+02  0.74984E+01 -0.18833E+00 -0.89483E+01      982.00
  0.67492E+00  0.64411E+02    0.36250E+00  0.36250E+00 -0.72500E+00  0.00000E+00  0.00000E+00  0.00000E+00    0.26971E+02  0.13058E+02 -0.40028E+02  0.75229E+01 -0.16881E+00 -0.87308E+01      982.00
  0.69823E+00  0.64673E+02    0.37500E+00  0.37500E+00 -0.75000E+00  0.00000E+00  0.00000E+00  0.00000E+00    0.27196E+02  0.13049E+02 -0.40245E+02  0.75471E+01 -0.14599E+00 -0.85110E+01      982.00
  0.72156E+00  0.64917E+02    0.38750E+00  0.38750E+00 -0.77500E+00  0.00000E+00  0.00000E+00  0.00000E+00    0.27409E+02  0.13043E+02 -0.40452E+02  0.75615E+01 -0.13233E+00 -0.82867E+01      982.00
  0.74493E+00  0.65143E+02    0.40000E+00  0.40000E+00 -0.80000E+00  0.00000E+00  0.00000E+00  0.00000E+00    0.27608E+02  0.13039E+02 -0.40647E+02  0.75712E+01 -0.12204E+00 -0.80612E+01      982.00
  0.76833E+00  0.65353E+02    0.41250E+00  0.41250E+00 -0.82500E+00  0.00000E+00  0.00000E+00  0.00000E+00    0.27794E+02  0.13038E+02 -0.40832E+02  0.75772E+01 -0.11449E+00 -0.78350E+01      982.00
  0.79176E+00  0.65548E+02    0.42500E+00  0.42500E+00 -0.85000E+00  0.00000E+00  0.00000E+00  0.00000E+00    0.27966E+02  0.13040E+02 -0.41006E+02  0.75799E+01 -0.10947E+00 -0.76092E+01      982.00
  0.81522E+00  0.65730E+02    0.43750E+00  0.43750E+00 -0.87500E+00  0.00000E+00  0.00000E+00  0.00000E+00    0.28126E+02  0.13044E+02 -0.41171E+02  0.75800E+01 -0.10679E+00 -0.73843E+01      982.00
  0.83871E+00  0.65898E+02    0.45000E+00  0.45000E+00 -0.90000E+00  0.00000E+00  0.00000E+00  0.00000E+00    0.28272E+02  0.13053E+02 -0.41324E+02  0.75831E+01 -0.99702E-01 -0.71646E+01      982.00
  0.86222E+00  0.66056E+02    0.46250E+00  0.46250E+00 -0.92500E+00  0.00000E+00  0.00000E+00  0.00000E+00    0.28413E+02  0.13060E+02 -0.41472E+02  0.75759E+01 -0.10560E+00 -0.69403E+01      982.00
  0.88577E+00  0.66200E+02    0.47500E+00  0.47500E+00 -0.95000E+00  0.00000E+00  0.00000E+00  0.00000E+00    0.28535E+02  0.13072E+02 -0.41607E+02  0.75756E+01 -0.10290E+00 -0.67277E+01      982.00
  0.90933E+00  0.66263E+02    0.48750E+00  0.48750E+00 -0.97500E+00  0.00000E+00  0.00000E+00  0.00000E+00    0.28629E+02  0.13074E+02 -0.41703E+02  0.74925E+01 -0.12215E+00 -0.65304E+01      982.00
  0.93294E+00  0.66329E+02    0.50000E+00  0.50000E+00 -0.10000E+01  0.00000E+00  0.00000E+00  0.00000E+00    0.28712E+02  0.13080E+02 -0.41792E+02  0.74404E+01 -0.13082E+00 -0.63340E+01      982.00
