          Evm          Svm            E11          E22          E33          E23          E13          E12         SDEV11       SDEV22       SDEV33       SDEV23       SDEV13       SDEV12      TEMP
  0.00000E+00  0.59757E+02    0.00000E+00  0.00000E+00  0.00000E+00  0.00000E+00  0.00000E+00  0.00000E+00    0.22819E+02  0.16153E+02 -0.38972E+02 -0.35962E+01  0.32176E+01  0.40982E+01      982.00
  0.24457E-01  0.59872E+02    0.12500E-01  0.12500E-01 -0.25000E-01  0.00000E+00  0.00000E+00  0.00000E+00    0.22172E+02  0.16879E+02 -0.39051E+02 -0.38656E+01  0.32403E+01  0.43254E+01      982.00
  0.48916E-01  0.60071E+02    0.25000E-01  0.25000E-01 -0.50000E-01  0.00000E+00  0.00000E+00  0.00000E+00    0.21427E+02  0.17741E+02 -0.39168E+02 -0.41613E+01  0.32299E+01  0.45953E+01      982.00
  0.73366E-01  0.60284E+02    0.37500E-01  0.37500E-01 -0.75000E-01  0.00000E+00  0.00000E+00  0.00000E+00    0.20683E+02  0.18598E+02 -0.39281E+02 -0.43953E+01  0.31852E+01  0.48559E+01      982.00
  0.97801E-01  0.60467E+02    0.50000E-01  0.50000E-01 -0.10000E+00  0.00000E+00  0.00000E+00  0.00000E+00    0.20054E+02  0.19323E+02 -0.39376E+02 -0.45007E+01  0.31143E+01  0.50770E+01      982.00
  0.12222E+00  0.60619E+02    0.62500E-01  0.62500E-01 -0.12500E+00  0.00000E+00  0.00000E+00  0.00000E+00    0.19568E+02  0.19890E+02 -0.39458E+02 -0.44943E+01  0.30254E+01  0.52756E+01      982.00
  0.14663E+00  0.60753E+02    0.75000E-01  0.75000E-01 -0.15000E+00  0.00000E+00  0.00000E+00  0.00000E+00    0.19221E+02  0.20311E+02 -0.39532E+02 -0.44097E+01  0.29283E+01  0.54665E+01      982.00
  0.17103E+00  0.60895E+02    0.87500E-01  0.87500E-01 -0.17500E+00  0.00000E+00  0.00000E+00  0.00000E+00    0.18971E+02  0.20641E+02 -0.39612E+02 -0.42956E+01  0.28280E+01  0.56656E+01      982.00
  0.19543E+00  0.61045E+02    0.10000E+00  0.10000E+00 -0.20000E+00  0.00000E+00  0.00000E+00  0.00000E+00    0.18804E+02  0.20891E+02 -0.39695E+02 -0.41651E+01  0.27307E+01  0.58722E+01      982.00
  0.21981E+00  0.61211E+02    0.11250E+00  0.11250E+00 -0.22500E+00  0.00000E+00  0.00000E+00  0.00000E+00    0.18694E+02  0.21091E+02 -0.39784E+02 -0.40375E+01  0.26396E+01  0.60927E+01      982.00
  0.24418E+00  0.61395E+02    0.12500E+00  0.12500E+00 -0.25000E+00  0.00000E+00  0.00000E+00  0.00000E+00    0.18634E+02  0.21247E+02 -0.39881E+02 -0.39186E+01  0.25640E+01  0.63218E+01      982.00
  0.26854E+00  0.61599E+02    0.13750E+00  0.13750E+00 -0.27500E+00  0.00000E+00  0.00000E+00  0.00000E+00    0.18597E+02  0.21385E+02 -0.39982E+02 -0.38158E+01  0.24938E+01  0.65690E+01      982.00
  0.29288E+00  0.61817E+02    0.15000E+00  0.15000E+00 -0.30000E+00  0.00000E+00  0.00000E+00  0.00000E+00    0.18591E+02  0.21498E+02 -0.40089E+02 -0.37265E+01  0.24417E+01  0.68152E+01      982.00
  0.31720E+00  0.62044E+02    0.16250E+00  0.16250E+00 -0.32500E+00  0.00000E+00  0.00000E+00  0.00000E+00    0.18602E+02  0.21595E+02 -0.40197E+02 -0.36494E+01  0.24009E+01  0.70671E+01      982.00
  0.34150E+00  0.62265E+02    0.17500E+00  0.17500E+00 -0.35000E+00  0.00000E+00  0.00000E+00  0.00000E+00    0.18616E+02  0.21680E+02 -0.40296E+02 -0.35878E+01  0.23639E+01  0.73272E+01      982.00
  0.36577E+00  0.62496E+02    0.18750E+00  0.18750E+00 -0.37500E+00  0.00000E+00  0.00000E+00  0.00000E+00    0.18646E+02  0.21751E+02 -0.40397E+02 -0.35301E+01  0.23418E+01  0.75907E+01      982.00
  0.39001E+00  0.62722E+02    0.20000E+00  0.20000E+00 -0.40000E+00  0.00000E+00  0.00000E+00  0.00000E+00    0.18680E+02  0.21810E+02 -0.40490E+02 -0.34782E+01  0.23270E+01  0.78603E+01      982.00
  0.41422E+00  0.62941E+02    0.21250E+00  0.21250E+00 -0.42500E+00  0.00000E+00  0.00000E+00  0.00000E+00    0.18718E+02  0.21856E+02 -0.40575E+02 -0.34297E+01  0.23180E+01  0.81368E+01      982.00
  0.43839E+00  0.63152E+02    0.22500E+00  0.22500E+00 -0.45000E+00  0.00000E+00  0.00000E+00  0.00000E+00    0.18758E+02  0.21891E+02 -0.40648E+02 -0.33826E+01  0.23135E+01  0.84210E+01      982.00
  0.46253E+00  0.63353E+02    0.23750E+00  0.23750E+00 -0.47500E+00  0.00000E+00  0.00000E+00  0.00000E+00    0.18799E+02  0.21912E+02 -0.40711E+02 -0.33349E+01  0.23119E+01  0.87135E+01      982.00
  0.48662E+00  0.63544E+02    0.25000E+00  0.25000E+00 -0.50000E+00  0.00000E+00  0.00000E+00  0.00000E+00    0.18842E+02  0.21920E+02 -0.40762E+02 -0.32850E+01  0.23115E+01  0.90151E+01      982.00
  0.51068E+00  0.63725E+02    0.26250E+00  0.26250E+00 -0.52500E+00  0.00000E+00  0.00000E+00  0.00000E+00    0.18887E+02  0.21915E+02 -0.40802E+02 -0.32313E+01  0.23108E+01  0.93265E+01      982.00
  0.53469E+00  0.63897E+02    0.27500E+00  0.27500E+00 -0.55000E+00  0.00000E+00  0.00000E+00  0.00000E+00    0.18934E+02  0.21895E+02 -0.40830E+02 -0.31722E+01  0.23081E+01  0.96480E+01      982.00
  0.55865E+00  0.64078E+02    0.28750E+00  0.28750E+00 -0.57500E+00  0.00000E+00  0.00000E+00  0.00000E+00    0.18990E+02  0.21860E+02 -0.40850E+02 -0.31026E+01  0.23057E+01  0.10005E+02      982.00
  0.58256E+00  0.64226E+02    0.30000E+00  0.30000E+00 -0.60000E+00  0.00000E+00  0.00000E+00  0.00000E+00    0.19034E+02  0.21821E+02 -0.40855E+02 -0.30297E+01  0.22976E+01  0.10333E+02      982.00
  0.60641E+00  0.64377E+02    0.31250E+00  0.31250E+00 -0.62500E+00  0.00000E+00  0.00000E+00  0.00000E+00    0.19091E+02  0.21760E+02 -0.40851E+02 -0.29482E+01  0.22789E+01  0.10686E+02      982.00
  0.63021E+00  0.64524E+02    0.32500E+00  0.32500E+00 -0.65000E+00  0.00000E+00  0.00000E+00  0.00000E+00    0.19154E+02  0.21686E+02 -0.40840E+02 -0.28567E+01  0.22514E+01  0.11047E+02      982.00
  0.65394E+00  0.64669E+02    0.33750E+00  0.33750E+00 -0.67500E+00  0.00000E+00  0.00000E+00  0.00000E+00    0.19208E+02  0.21612E+02 -0.40820E+02 -0.27565E+01  0.22208E+01  0.11416E+02      982.00
  0.67762E+00  0.64810E+02    0.35000E+00  0.35000E+00 -0.70000E+00  0.00000E+00  0.00000E+00  0.00000E+00    0.19276E+02  0.21519E+02 -0.40795E+02 -0.26432E+01  0.21730E+01  0.11788E+02      982.00
  0.70122E+00  0.64949E+02    0.36250E+00  0.36250E+00 -0.72500E+00  0.00000E+00  0.00000E+00  0.00000E+00    0.19343E+02  0.21423E+02 -0.40766E+02 -0.25167E+01  0.21140E+01  0.12161E+02      982.00
  0.72476E+00  0.65086E+02    0.37500E+00  0.37500E+00 -0.75000E+00  0.00000E+00  0.00000E+00  0.00000E+00    0.19404E+02  0.21328E+02 -0.40732E+02 -0.23764E+01  0.20438E+01  0.12530E+02      982.00
  0.74823E+00  0.65221E+02    0.38750E+00  0.38750E+00 -0.77500E+00  0.00000E+00  0.00000E+00  0.00000E+00    0.19454E+02  0.21243E+02 -0.40697E+02 -0.22222E+01  0.19629E+01  0.12891E+02      982.00
  0.77162E+00  0.65353E+02    0.40000E+00  0.40000E+00 -0.80000E+00  0.00000E+00  0.00000E+00  0.00000E+00    0.19485E+02  0.21175E+02 -0.40660E+02 -0.20551E+01  0.18726E+01  0.13239E+02      982.00
  0.79496E+00  0.65481E+02    0.41250E+00  0.41250E+00 -0.82500E+00  0.00000E+00  0.00000E+00  0.00000E+00    0.19493E+02  0.21131E+02 -0.40625E+02 -0.18779E+01  0.17750E+01  0.13570E+02      982.00
  0.81822E+00  0.65606E+02    0.42500E+00  0.42500E+00 -0.85000E+00  0.00000E+00  0.00000E+00  0.00000E+00    0.19473E+02  0.21117E+02 -0.40590E+02 -0.16951E+01  0.16731E+01  0.13881E+02      982.00
  0.84142E+00  0.65727E+02    0.43750E+00  0.43750E+00 -0.87500E+00  0.00000E+00  0.00000E+00  0.00000E+00    0.19424E+02  0.21134E+02 -0.40558E+02 -0.15138E+01  0.15713E+01  0.14170E+02      982.00
  0.86456E+00  0.65845E+02    0.45000E+00  0.45000E+00 -0.90000E+00  0.00000E+00  0.00000E+00  0.00000E+00    0.19346E+02  0.21184E+02 -0.40529E+02 -0.13420E+01  0.14745E+01  0.14436E+02      982.00
  0.88764E+00  0.65960E+02    0.46250E+00  0.46250E+00 -0.92500E+00  0.00000E+00  0.00000E+00  0.00000E+00    0.19240E+02  0.21263E+02 -0.40503E+02 -0.11879E+01  0.13876E+01  0.14681E+02      982.00
  0.91067E+00  0.66063E+02    0.47500E+00  0.47500E+00 -0.95000E+00  0.00000E+00  0.00000E+00  0.00000E+00    0.19110E+02  0.21366E+02 -0.40476E+02 -0.10524E+01  0.13104E+01  0.14898E+02      982.00
  0.93365E+00  0.66139E+02    0.48750E+00  0.48750E+00 -0.97500E+00  0.00000E+00  0.00000E+00  0.00000E+00    0.18944E+02  0.21492E+02 -0.40436E+02 -0.95635E+00  0.12626E+01  0.15089E+02      982.00
  0.95657E+00  0.66213E+02    0.50000E+00  0.50000E+00 -0.10000E+01  0.00000E+00  0.00000E+00  0.00000E+00    0.18763E+02  0.21635E+02 -0.40398E+02 -0.88949E+00  0.12281E+01  0.15266E+02      982.00
