          Evm          Svm            E11          E22          E33          E23          E13          E12         SDEV11       SDEV22       SDEV33       SDEV23       SDEV13       SDEV12      TEMP
  0.00000E+00  0.59136E+02    0.00000E+00  0.00000E+00  0.00000E+00  0.00000E+00  0.00000E+00  0.00000E+00    0.17441E+02  0.19161E+02 -0.36602E+02 -0.27862E+01  0.15687E+01  0.12245E+02      982.00
  0.23210E-01  0.59105E+02    0.12500E-01  0.12500E-01 -0.25000E-01  0.00000E+00  0.00000E+00  0.00000E+00    0.17729E+02  0.18816E+02 -0.36544E+02 -0.26447E+01  0.17058E+01  0.12355E+02      982.00
  0.46397E-01  0.59156E+02    0.25000E-01  0.25000E-01 -0.50000E-01  0.00000E+00  0.00000E+00  0.00000E+00    0.17951E+02  0.18572E+02 -0.36523E+02 -0.25719E+01  0.18223E+01  0.12490E+02      982.00
  0.69549E-01  0.59287E+02    0.37500E-01  0.37500E-01 -0.75000E-01  0.00000E+00  0.00000E+00  0.00000E+00    0.18155E+02  0.18385E+02 -0.36539E+02 -0.25277E+01  0.19402E+01  0.12655E+02      982.00
  0.92661E-01  0.59488E+02    0.50000E-01  0.50000E-01 -0.10000E+00  0.00000E+00  0.00000E+00  0.00000E+00    0.18335E+02  0.18253E+02 -0.36589E+02 -0.25080E+01  0.20492E+01  0.12849E+02      982.00
  0.11573E+00  0.59749E+02    0.62500E-01  0.62500E-01 -0.12500E+00  0.00000E+00  0.00000E+00  0.00000E+00    0.18503E+02  0.18164E+02 -0.36668E+02 -0.25022E+01  0.21515E+01  0.13064E+02      982.00
  0.13874E+00  0.60055E+02    0.75000E-01  0.75000E-01 -0.15000E+00  0.00000E+00  0.00000E+00  0.00000E+00    0.18657E+02  0.18114E+02 -0.36771E+02 -0.25072E+01  0.22426E+01  0.13294E+02      982.00
  0.16170E+00  0.60394E+02    0.87500E-01  0.87500E-01 -0.17500E+00  0.00000E+00  0.00000E+00  0.00000E+00    0.18792E+02  0.18101E+02 -0.36894E+02 -0.25238E+01  0.23189E+01  0.13532E+02      982.00
  0.18461E+00  0.60755E+02    0.10000E+00  0.10000E+00 -0.20000E+00  0.00000E+00  0.00000E+00  0.00000E+00    0.18921E+02  0.18109E+02 -0.37030E+02 -0.25412E+01  0.23857E+01  0.13772E+02      982.00
  0.20746E+00  0.61127E+02    0.11250E+00  0.11250E+00 -0.22500E+00  0.00000E+00  0.00000E+00  0.00000E+00    0.19040E+02  0.18137E+02 -0.37176E+02 -0.25615E+01  0.24410E+01  0.14008E+02      982.00
  0.23027E+00  0.61501E+02    0.12500E+00  0.12500E+00 -0.25000E+00  0.00000E+00  0.00000E+00  0.00000E+00    0.19149E+02  0.18179E+02 -0.37328E+02 -0.25836E+01  0.24861E+01  0.14235E+02      982.00
  0.25303E+00  0.61856E+02    0.13750E+00  0.13750E+00 -0.27500E+00  0.00000E+00  0.00000E+00  0.00000E+00    0.19245E+02  0.18231E+02 -0.37476E+02 -0.26059E+01  0.25195E+01  0.14445E+02      982.00
  0.27575E+00  0.62234E+02    0.15000E+00  0.15000E+00 -0.30000E+00  0.00000E+00  0.00000E+00  0.00000E+00    0.19340E+02  0.18287E+02 -0.37628E+02 -0.26302E+01  0.25529E+01  0.14677E+02      982.00
  0.29842E+00  0.62588E+02    0.16250E+00  0.16250E+00 -0.32500E+00  0.00000E+00  0.00000E+00  0.00000E+00    0.19422E+02  0.18357E+02 -0.37779E+02 -0.26534E+01  0.25670E+01  0.14879E+02      982.00
  0.32106E+00  0.62931E+02    0.17500E+00  0.17500E+00 -0.35000E+00  0.00000E+00  0.00000E+00  0.00000E+00    0.19495E+02  0.18425E+02 -0.37920E+02 -0.26756E+01  0.25760E+01  0.15086E+02      982.00
  0.34366E+00  0.63271E+02    0.18750E+00  0.18750E+00 -0.37500E+00  0.00000E+00  0.00000E+00  0.00000E+00    0.19570E+02  0.18497E+02 -0.38068E+02 -0.27033E+01  0.25865E+01  0.15272E+02      982.00
  0.36622E+00  0.63601E+02    0.20000E+00  0.20000E+00 -0.40000E+00  0.00000E+00  0.00000E+00  0.00000E+00    0.19644E+02  0.18565E+02 -0.38209E+02 -0.27402E+01  0.26084E+01  0.15454E+02      982.00
  0.38875E+00  0.63918E+02    0.21250E+00  0.21250E+00 -0.42500E+00  0.00000E+00  0.00000E+00  0.00000E+00    0.19716E+02  0.18624E+02 -0.38340E+02 -0.27907E+01  0.26489E+01  0.15628E+02      982.00
  0.41124E+00  0.64217E+02    0.22500E+00  0.22500E+00 -0.45000E+00  0.00000E+00  0.00000E+00  0.00000E+00    0.19782E+02  0.18679E+02 -0.38461E+02 -0.28344E+01  0.26862E+01  0.15800E+02      982.00
  0.43370E+00  0.64469E+02    0.23750E+00  0.23750E+00 -0.47500E+00  0.00000E+00  0.00000E+00  0.00000E+00    0.19824E+02  0.18732E+02 -0.38556E+02 -0.28750E+01  0.27110E+01  0.15956E+02      982.00
  0.45613E+00  0.64705E+02    0.25000E+00  0.25000E+00 -0.50000E+00  0.00000E+00  0.00000E+00  0.00000E+00    0.19847E+02  0.18792E+02 -0.38639E+02 -0.28840E+01  0.26896E+01  0.16125E+02      982.00
  0.47852E+00  0.64899E+02    0.26250E+00  0.26250E+00 -0.52500E+00  0.00000E+00  0.00000E+00  0.00000E+00    0.19880E+02  0.18847E+02 -0.38726E+02 -0.28576E+01  0.26450E+01  0.16240E+02      982.00
  0.50090E+00  0.65095E+02    0.27500E+00  0.27500E+00 -0.55000E+00  0.00000E+00  0.00000E+00  0.00000E+00    0.19905E+02  0.18894E+02 -0.38798E+02 -0.28152E+01  0.25827E+01  0.16389E+02      982.00
  0.52325E+00  0.65266E+02    0.28750E+00  0.28750E+00 -0.57500E+00  0.00000E+00  0.00000E+00  0.00000E+00    0.19920E+02  0.18940E+02 -0.38861E+02 -0.27504E+01  0.24937E+01  0.16530E+02      982.00
  0.54558E+00  0.65438E+02    0.30000E+00  0.30000E+00 -0.60000E+00  0.00000E+00  0.00000E+00  0.00000E+00    0.19944E+02  0.18979E+02 -0.38923E+02 -0.26895E+01  0.24164E+01  0.16668E+02      982.00
  0.56788E+00  0.65591E+02    0.31250E+00  0.31250E+00 -0.62500E+00  0.00000E+00  0.00000E+00  0.00000E+00    0.19957E+02  0.19020E+02 -0.38977E+02 -0.26077E+01  0.23104E+01  0.16803E+02      982.00
  0.59017E+00  0.65742E+02    0.32500E+00  0.32500E+00 -0.65000E+00  0.00000E+00  0.00000E+00  0.00000E+00    0.19978E+02  0.19049E+02 -0.39027E+02 -0.25368E+01  0.22257E+01  0.16934E+02      982.00
  0.61243E+00  0.65884E+02    0.33750E+00  0.33750E+00 -0.67500E+00  0.00000E+00  0.00000E+00  0.00000E+00    0.19997E+02  0.19076E+02 -0.39073E+02 -0.24652E+01  0.21388E+01  0.17058E+02      982.00
  0.63467E+00  0.66014E+02    0.35000E+00  0.35000E+00 -0.70000E+00  0.00000E+00  0.00000E+00  0.00000E+00    0.20013E+02  0.19102E+02 -0.39115E+02 -0.23951E+01  0.20514E+01  0.17175E+02      982.00
  0.65689E+00  0.66139E+02    0.36250E+00  0.36250E+00 -0.72500E+00  0.00000E+00  0.00000E+00  0.00000E+00    0.20034E+02  0.19120E+02 -0.39154E+02 -0.23341E+01  0.19779E+01  0.17286E+02      982.00
  0.67909E+00  0.66257E+02    0.37500E+00  0.37500E+00 -0.75000E+00  0.00000E+00  0.00000E+00  0.00000E+00    0.20057E+02  0.19134E+02 -0.39190E+02 -0.22792E+01  0.19127E+01  0.17389E+02      982.00
  0.70127E+00  0.66367E+02    0.38750E+00  0.38750E+00 -0.77500E+00  0.00000E+00  0.00000E+00  0.00000E+00    0.20080E+02  0.19144E+02 -0.39224E+02 -0.22304E+01  0.18546E+01  0.17484E+02      982.00
  0.72343E+00  0.66470E+02    0.40000E+00  0.40000E+00 -0.80000E+00  0.00000E+00  0.00000E+00  0.00000E+00    0.20104E+02  0.19152E+02 -0.39256E+02 -0.21876E+01  0.18035E+01  0.17571E+02      982.00
  0.74558E+00  0.66561E+02    0.41250E+00  0.41250E+00 -0.82500E+00  0.00000E+00  0.00000E+00  0.00000E+00    0.20127E+02  0.19158E+02 -0.39285E+02 -0.21455E+01  0.17520E+01  0.17647E+02      982.00
  0.76771E+00  0.66651E+02    0.42500E+00  0.42500E+00 -0.85000E+00  0.00000E+00  0.00000E+00  0.00000E+00    0.20153E+02  0.19160E+02 -0.39313E+02 -0.21139E+01  0.17137E+01  0.17720E+02      982.00
  0.78983E+00  0.66732E+02    0.43750E+00  0.43750E+00 -0.87500E+00  0.00000E+00  0.00000E+00  0.00000E+00    0.20177E+02  0.19163E+02 -0.39339E+02 -0.20925E+01  0.16865E+01  0.17783E+02      982.00
  0.81193E+00  0.66805E+02    0.45000E+00  0.45000E+00 -0.90000E+00  0.00000E+00  0.00000E+00  0.00000E+00    0.20205E+02  0.19158E+02 -0.39363E+02 -0.20577E+01  0.16449E+01  0.17842E+02      982.00
  0.83403E+00  0.66861E+02    0.46250E+00  0.46250E+00 -0.92500E+00  0.00000E+00  0.00000E+00  0.00000E+00    0.20227E+02  0.19156E+02 -0.39383E+02 -0.20433E+01  0.16252E+01  0.17882E+02      982.00
  0.85612E+00  0.66931E+02    0.47500E+00  0.47500E+00 -0.95000E+00  0.00000E+00  0.00000E+00  0.00000E+00    0.20254E+02  0.19152E+02 -0.39406E+02 -0.20270E+01  0.16047E+01  0.17934E+02      982.00
  0.87820E+00  0.66996E+02    0.48750E+00  0.48750E+00 -0.97500E+00  0.00000E+00  0.00000E+00  0.00000E+00    0.20282E+02  0.19146E+02 -0.39428E+02 -0.20131E+01  0.15869E+01  0.17981E+02      982.00
  0.90027E+00  0.67056E+02    0.50000E+00  0.50000E+00 -0.10000E+01  0.00000E+00  0.00000E+00  0.00000E+00    0.20309E+02  0.19139E+02 -0.39449E+02 -0.20014E+01  0.15717E+01  0.18023E+02      982.00
