          Evm          Svm            E11          E22          E33          E23          E13          E12         SDEV11       SDEV22       SDEV33       SDEV23       SDEV13       SDEV12      TEMP
  0.00000E+00  0.63319E+02    0.00000E+00  0.00000E+00  0.00000E+00  0.00000E+00  0.00000E+00  0.00000E+00    0.20129E+02  0.21094E+02 -0.41223E+02  0.80576E+00 -0.17037E+01  0.76263E+01      982.00
  0.24414E-01  0.63329E+02    0.12500E-01  0.12500E-01 -0.25000E-01  0.00000E+00  0.00000E+00  0.00000E+00    0.19538E+02  0.21653E+02 -0.41191E+02  0.89418E+00 -0.15964E+01  0.77377E+01      982.00
  0.48805E-01  0.63355E+02    0.25000E-01  0.25000E-01 -0.50000E-01  0.00000E+00  0.00000E+00  0.00000E+00    0.19117E+02  0.22047E+02 -0.41164E+02  0.10266E+01 -0.15062E+01  0.78478E+01      982.00
  0.73170E-01  0.63406E+02    0.37500E-01  0.37500E-01 -0.75000E-01  0.00000E+00  0.00000E+00  0.00000E+00    0.18792E+02  0.22358E+02 -0.41150E+02  0.11586E+01 -0.14437E+01  0.79695E+01      982.00
  0.97507E-01  0.63489E+02    0.50000E-01  0.50000E-01 -0.10000E+00  0.00000E+00  0.00000E+00  0.00000E+00    0.18542E+02  0.22610E+02 -0.41152E+02  0.12818E+01 -0.14067E+01  0.81069E+01      982.00
  0.12181E+00  0.63605E+02    0.62500E-01  0.62500E-01 -0.12500E+00  0.00000E+00  0.00000E+00  0.00000E+00    0.18353E+02  0.22820E+02 -0.41173E+02  0.13943E+01 -0.13914E+01  0.82594E+01      982.00
  0.14609E+00  0.63754E+02    0.75000E-01  0.75000E-01 -0.15000E+00  0.00000E+00  0.00000E+00  0.00000E+00    0.18212E+02  0.23002E+02 -0.41214E+02  0.14967E+01 -0.13939E+01  0.84244E+01      982.00
  0.17033E+00  0.63934E+02    0.87500E-01  0.87500E-01 -0.17500E+00  0.00000E+00  0.00000E+00  0.00000E+00    0.18113E+02  0.23162E+02 -0.41275E+02  0.15898E+01 -0.14102E+01  0.85985E+01      982.00
  0.19454E+00  0.64139E+02    0.10000E+00  0.10000E+00 -0.20000E+00  0.00000E+00  0.00000E+00  0.00000E+00    0.18047E+02  0.23304E+02 -0.41351E+02  0.16743E+01 -0.14365E+01  0.87791E+01      982.00
  0.21872E+00  0.64364E+02    0.11250E+00  0.11250E+00 -0.22500E+00  0.00000E+00  0.00000E+00  0.00000E+00    0.18010E+02  0.23429E+02 -0.41440E+02  0.17513E+01 -0.14697E+01  0.89651E+01      982.00
  0.24286E+00  0.64607E+02    0.12500E+00  0.12500E+00 -0.25000E+00  0.00000E+00  0.00000E+00  0.00000E+00    0.18000E+02  0.23541E+02 -0.41541E+02  0.18226E+01 -0.15087E+01  0.91565E+01      982.00
  0.26697E+00  0.64869E+02    0.13750E+00  0.13750E+00 -0.27500E+00  0.00000E+00  0.00000E+00  0.00000E+00    0.18015E+02  0.23639E+02 -0.41654E+02  0.18921E+01 -0.15541E+01  0.93538E+01      982.00
  0.29105E+00  0.65154E+02    0.15000E+00  0.15000E+00 -0.30000E+00  0.00000E+00  0.00000E+00  0.00000E+00    0.18055E+02  0.23726E+02 -0.41781E+02  0.19637E+01 -0.16075E+01  0.95570E+01      982.00
  0.31510E+00  0.65410E+02    0.16250E+00  0.16250E+00 -0.32500E+00  0.00000E+00  0.00000E+00  0.00000E+00    0.18113E+02  0.23785E+02 -0.41899E+02  0.20322E+01 -0.16650E+01  0.97259E+01      982.00
  0.33912E+00  0.65640E+02    0.17500E+00  0.17500E+00 -0.35000E+00  0.00000E+00  0.00000E+00  0.00000E+00    0.18177E+02  0.23831E+02 -0.42008E+02  0.20957E+01 -0.17248E+01  0.98678E+01      982.00
  0.36312E+00  0.65883E+02    0.18750E+00  0.18750E+00 -0.37500E+00  0.00000E+00  0.00000E+00  0.00000E+00    0.18247E+02  0.23876E+02 -0.42123E+02  0.21586E+01 -0.17890E+01  0.10017E+02      982.00
  0.38709E+00  0.66125E+02    0.20000E+00  0.20000E+00 -0.40000E+00  0.00000E+00  0.00000E+00  0.00000E+00    0.18323E+02  0.23914E+02 -0.42237E+02  0.22184E+01 -0.18553E+01  0.10165E+02      982.00
  0.41105E+00  0.66347E+02    0.21250E+00  0.21250E+00 -0.42500E+00  0.00000E+00  0.00000E+00  0.00000E+00    0.18408E+02  0.23934E+02 -0.42342E+02  0.22718E+01 -0.19188E+01  0.10306E+02      982.00
  0.43498E+00  0.66556E+02    0.22500E+00  0.22500E+00 -0.45000E+00  0.00000E+00  0.00000E+00  0.00000E+00    0.18498E+02  0.23943E+02 -0.42440E+02  0.23226E+01 -0.19824E+01  0.10439E+02      982.00
  0.45889E+00  0.66751E+02    0.23750E+00  0.23750E+00 -0.47500E+00  0.00000E+00  0.00000E+00  0.00000E+00    0.18590E+02  0.23941E+02 -0.42531E+02  0.23709E+01 -0.20459E+01  0.10563E+02      982.00
  0.48279E+00  0.66931E+02    0.25000E+00  0.25000E+00 -0.50000E+00  0.00000E+00  0.00000E+00  0.00000E+00    0.18684E+02  0.23931E+02 -0.42615E+02  0.24168E+01 -0.21090E+01  0.10679E+02      982.00
  0.50666E+00  0.67097E+02    0.26250E+00  0.26250E+00 -0.52500E+00  0.00000E+00  0.00000E+00  0.00000E+00    0.18778E+02  0.23914E+02 -0.42692E+02  0.24605E+01 -0.21714E+01  0.10788E+02      982.00
  0.53052E+00  0.67250E+02    0.27500E+00  0.27500E+00 -0.55000E+00  0.00000E+00  0.00000E+00  0.00000E+00    0.18871E+02  0.23890E+02 -0.42761E+02  0.25022E+01 -0.22330E+01  0.10890E+02      982.00
  0.55437E+00  0.67389E+02    0.28750E+00  0.28750E+00 -0.57500E+00  0.00000E+00  0.00000E+00  0.00000E+00    0.18962E+02  0.23861E+02 -0.42823E+02  0.25422E+01 -0.22936E+01  0.10985E+02      982.00
  0.57820E+00  0.67517E+02    0.30000E+00  0.30000E+00 -0.60000E+00  0.00000E+00  0.00000E+00  0.00000E+00    0.19052E+02  0.23827E+02 -0.42879E+02  0.25806E+01 -0.23532E+01  0.11075E+02      982.00
  0.60201E+00  0.67631E+02    0.31250E+00  0.31250E+00 -0.62500E+00  0.00000E+00  0.00000E+00  0.00000E+00    0.19148E+02  0.23781E+02 -0.42929E+02  0.26166E+01 -0.24103E+01  0.11156E+02      982.00
  0.62582E+00  0.67737E+02    0.32500E+00  0.32500E+00 -0.65000E+00  0.00000E+00  0.00000E+00  0.00000E+00    0.19232E+02  0.23741E+02 -0.42973E+02  0.26525E+01 -0.24679E+01  0.11235E+02      982.00
  0.64961E+00  0.67833E+02    0.33750E+00  0.33750E+00 -0.67500E+00  0.00000E+00  0.00000E+00  0.00000E+00    0.19312E+02  0.23699E+02 -0.43011E+02  0.26868E+01 -0.25241E+01  0.11308E+02      982.00
  0.67338E+00  0.67921E+02    0.35000E+00  0.35000E+00 -0.70000E+00  0.00000E+00  0.00000E+00  0.00000E+00    0.19389E+02  0.23657E+02 -0.43046E+02  0.27204E+01 -0.25794E+01  0.11377E+02      982.00
  0.69715E+00  0.68001E+02    0.36250E+00  0.36250E+00 -0.72500E+00  0.00000E+00  0.00000E+00  0.00000E+00    0.19461E+02  0.23614E+02 -0.43075E+02  0.27530E+01 -0.26335E+01  0.11443E+02      982.00
  0.72090E+00  0.68071E+02    0.37500E+00  0.37500E+00 -0.75000E+00  0.00000E+00  0.00000E+00  0.00000E+00    0.19542E+02  0.23559E+02 -0.43101E+02  0.27854E+01 -0.26886E+01  0.11501E+02      982.00
  0.74465E+00  0.68137E+02    0.38750E+00  0.38750E+00 -0.77500E+00  0.00000E+00  0.00000E+00  0.00000E+00    0.19607E+02  0.23515E+02 -0.43123E+02  0.28165E+01 -0.27408E+01  0.11559E+02      982.00
  0.76838E+00  0.68197E+02    0.40000E+00  0.40000E+00 -0.80000E+00  0.00000E+00  0.00000E+00  0.00000E+00    0.19668E+02  0.23473E+02 -0.43141E+02  0.28467E+01 -0.27918E+01  0.11614E+02      982.00
  0.79210E+00  0.68251E+02    0.41250E+00  0.41250E+00 -0.82500E+00  0.00000E+00  0.00000E+00  0.00000E+00    0.19726E+02  0.23431E+02 -0.43156E+02  0.28763E+01 -0.28417E+01  0.11666E+02      982.00
  0.81582E+00  0.68300E+02    0.42500E+00  0.42500E+00 -0.85000E+00  0.00000E+00  0.00000E+00  0.00000E+00    0.19780E+02  0.23389E+02 -0.43169E+02  0.29052E+01 -0.28905E+01  0.11716E+02      982.00
  0.83952E+00  0.68345E+02    0.43750E+00  0.43750E+00 -0.87500E+00  0.00000E+00  0.00000E+00  0.00000E+00    0.19830E+02  0.23348E+02 -0.43179E+02  0.29334E+01 -0.29381E+01  0.11763E+02      982.00
  0.86321E+00  0.68383E+02    0.45000E+00  0.45000E+00 -0.90000E+00  0.00000E+00  0.00000E+00  0.00000E+00    0.19888E+02  0.23297E+02 -0.43186E+02  0.29651E+01 -0.29924E+01  0.11804E+02      982.00
  0.88689E+00  0.68419E+02    0.46250E+00  0.46250E+00 -0.92500E+00  0.00000E+00  0.00000E+00  0.00000E+00    0.19933E+02  0.23259E+02 -0.43191E+02  0.29922E+01 -0.30386E+01  0.11846E+02      982.00
  0.91056E+00  0.68452E+02    0.47500E+00  0.47500E+00 -0.95000E+00  0.00000E+00  0.00000E+00  0.00000E+00    0.19973E+02  0.23222E+02 -0.43195E+02  0.30186E+01 -0.30833E+01  0.11887E+02      982.00
  0.93423E+00  0.68445E+02    0.48750E+00  0.48750E+00 -0.97500E+00  0.00000E+00  0.00000E+00  0.00000E+00    0.19991E+02  0.23185E+02 -0.43176E+02  0.30312E+01 -0.31094E+01  0.11917E+02      982.00
  0.95788E+00  0.68432E+02    0.50000E+00  0.50000E+00 -0.10000E+01  0.00000E+00  0.00000E+00  0.00000E+00    0.20011E+02  0.23142E+02 -0.43153E+02  0.30496E+01 -0.31421E+01  0.11945E+02      982.00
