          Evm          Svm            E11          E22          E33          E23          E13          E12         SDEV11       SDEV22       SDEV33       SDEV23       SDEV13       SDEV12      TEMP
  0.00000E+00  0.57894E+02    0.00000E+00  0.00000E+00  0.00000E+00  0.00000E+00  0.00000E+00  0.00000E+00    0.15079E+02  0.21550E+02 -0.36629E+02 -0.50790E+01  0.22400E+01  0.83491E+01      982.00
  0.23726E-01  0.57917E+02    0.12500E-01  0.12500E-01 -0.25000E-01  0.00000E+00  0.00000E+00  0.00000E+00    0.15634E+02  0.21019E+02 -0.36654E+02 -0.47676E+01  0.21646E+01  0.87087E+01      982.00
  0.47458E-01  0.58071E+02    0.25000E-01  0.25000E-01 -0.50000E-01  0.00000E+00  0.00000E+00  0.00000E+00    0.16267E+02  0.20479E+02 -0.36745E+02 -0.44174E+01  0.21008E+01  0.91128E+01      982.00
  0.71187E-01  0.58320E+02    0.37500E-01  0.37500E-01 -0.75000E-01  0.00000E+00  0.00000E+00  0.00000E+00    0.16931E+02  0.19946E+02 -0.36877E+02 -0.40468E+01  0.20465E+01  0.95381E+01      982.00
  0.94899E-01  0.58637E+02    0.50000E-01  0.50000E-01 -0.10000E+00  0.00000E+00  0.00000E+00  0.00000E+00    0.17578E+02  0.19450E+02 -0.37028E+02 -0.36975E+01  0.20082E+01  0.99607E+01      982.00
  0.11858E+00  0.59012E+02    0.62500E-01  0.62500E-01 -0.12500E+00  0.00000E+00  0.00000E+00  0.00000E+00    0.18180E+02  0.19011E+02 -0.37192E+02 -0.34024E+01  0.19933E+01  0.10376E+02      982.00
  0.14221E+00  0.59440E+02    0.75000E-01  0.75000E-01 -0.15000E+00  0.00000E+00  0.00000E+00  0.00000E+00    0.18729E+02  0.18637E+02 -0.37366E+02 -0.31745E+01  0.20090E+01  0.10789E+02      982.00
  0.16579E+00  0.59899E+02    0.87500E-01  0.87500E-01 -0.17500E+00  0.00000E+00  0.00000E+00  0.00000E+00    0.19215E+02  0.18326E+02 -0.37541E+02 -0.30194E+01  0.20608E+01  0.11199E+02      982.00
  0.18929E+00  0.60340E+02    0.10000E+00  0.10000E+00 -0.20000E+00  0.00000E+00  0.00000E+00  0.00000E+00    0.19616E+02  0.18080E+02 -0.37696E+02 -0.29265E+01  0.21383E+01  0.11583E+02      982.00
  0.21272E+00  0.60737E+02    0.11250E+00  0.11250E+00 -0.22500E+00  0.00000E+00  0.00000E+00  0.00000E+00    0.19937E+02  0.17890E+02 -0.37827E+02 -0.28538E+01  0.22122E+01  0.11933E+02      982.00
  0.23607E+00  0.61103E+02    0.12500E+00  0.12500E+00 -0.25000E+00  0.00000E+00  0.00000E+00  0.00000E+00    0.20181E+02  0.17769E+02 -0.37949E+02 -0.27756E+01  0.22434E+01  0.12256E+02      982.00
  0.25936E+00  0.61453E+02    0.13750E+00  0.13750E+00 -0.27500E+00  0.00000E+00  0.00000E+00  0.00000E+00    0.20369E+02  0.17700E+02 -0.38070E+02 -0.26811E+01  0.22299E+01  0.12566E+02      982.00
  0.28259E+00  0.61799E+02    0.15000E+00  0.15000E+00 -0.30000E+00  0.00000E+00  0.00000E+00  0.00000E+00    0.20513E+02  0.17679E+02 -0.38192E+02 -0.25770E+01  0.21781E+01  0.12872E+02      982.00
  0.30577E+00  0.62148E+02    0.16250E+00  0.16250E+00 -0.32500E+00  0.00000E+00  0.00000E+00  0.00000E+00    0.20622E+02  0.17693E+02 -0.38316E+02 -0.24692E+01  0.20990E+01  0.13182E+02      982.00
  0.32889E+00  0.62503E+02    0.17500E+00  0.17500E+00 -0.35000E+00  0.00000E+00  0.00000E+00  0.00000E+00    0.20702E+02  0.17730E+02 -0.38432E+02 -0.23553E+01  0.19968E+01  0.13516E+02      982.00
  0.35195E+00  0.62836E+02    0.18750E+00  0.18750E+00 -0.37500E+00  0.00000E+00  0.00000E+00  0.00000E+00    0.20755E+02  0.17787E+02 -0.38541E+02 -0.22626E+01  0.18928E+01  0.13826E+02      982.00
  0.37495E+00  0.63161E+02    0.20000E+00  0.20000E+00 -0.40000E+00  0.00000E+00  0.00000E+00  0.00000E+00    0.20797E+02  0.17846E+02 -0.38643E+02 -0.21772E+01  0.17920E+01  0.14131E+02      982.00
  0.39789E+00  0.63475E+02    0.21250E+00  0.21250E+00 -0.42500E+00  0.00000E+00  0.00000E+00  0.00000E+00    0.20835E+02  0.17902E+02 -0.38737E+02 -0.20992E+01  0.16989E+01  0.14429E+02      982.00
  0.42078E+00  0.63777E+02    0.22500E+00  0.22500E+00 -0.45000E+00  0.00000E+00  0.00000E+00  0.00000E+00    0.20871E+02  0.17952E+02 -0.38822E+02 -0.20292E+01  0.16155E+01  0.14718E+02      982.00
  0.44360E+00  0.64065E+02    0.23750E+00  0.23750E+00 -0.47500E+00  0.00000E+00  0.00000E+00  0.00000E+00    0.20907E+02  0.17994E+02 -0.38900E+02 -0.19676E+01  0.15426E+01  0.14994E+02      982.00
  0.46637E+00  0.64338E+02    0.25000E+00  0.25000E+00 -0.50000E+00  0.00000E+00  0.00000E+00  0.00000E+00    0.20944E+02  0.18027E+02 -0.38971E+02 -0.19143E+01  0.14802E+01  0.15256E+02      982.00
  0.48909E+00  0.64599E+02    0.26250E+00  0.26250E+00 -0.52500E+00  0.00000E+00  0.00000E+00  0.00000E+00    0.20981E+02  0.18057E+02 -0.39037E+02 -0.18634E+01  0.14245E+01  0.15506E+02      982.00
  0.51175E+00  0.64840E+02    0.27500E+00  0.27500E+00 -0.55000E+00  0.00000E+00  0.00000E+00  0.00000E+00    0.21023E+02  0.18073E+02 -0.39096E+02 -0.18262E+01  0.13814E+01  0.15737E+02      982.00
  0.53436E+00  0.65066E+02    0.28750E+00  0.28750E+00 -0.57500E+00  0.00000E+00  0.00000E+00  0.00000E+00    0.21068E+02  0.18081E+02 -0.39149E+02 -0.17959E+01  0.13466E+01  0.15951E+02      982.00
  0.55692E+00  0.65277E+02    0.30000E+00  0.30000E+00 -0.60000E+00  0.00000E+00  0.00000E+00  0.00000E+00    0.21115E+02  0.18083E+02 -0.39198E+02 -0.17719E+01  0.13188E+01  0.16150E+02      982.00
  0.57944E+00  0.65496E+02    0.31250E+00  0.31250E+00 -0.62500E+00  0.00000E+00  0.00000E+00  0.00000E+00    0.21170E+02  0.18076E+02 -0.39246E+02 -0.17440E+01  0.12902E+01  0.16359E+02      982.00
  0.60191E+00  0.65675E+02    0.32500E+00  0.32500E+00 -0.65000E+00  0.00000E+00  0.00000E+00  0.00000E+00    0.21221E+02  0.18065E+02 -0.39286E+02 -0.17314E+01  0.12751E+01  0.16525E+02      982.00
  0.62434E+00  0.65822E+02    0.33750E+00  0.33750E+00 -0.67500E+00  0.00000E+00  0.00000E+00  0.00000E+00    0.21267E+02  0.18054E+02 -0.39321E+02 -0.17245E+01  0.12654E+01  0.16656E+02      982.00
  0.64674E+00  0.65977E+02    0.35000E+00  0.35000E+00 -0.70000E+00  0.00000E+00  0.00000E+00  0.00000E+00    0.21318E+02  0.18037E+02 -0.39355E+02 -0.17209E+01  0.12569E+01  0.16796E+02      982.00
  0.66911E+00  0.66119E+02    0.36250E+00  0.36250E+00 -0.72500E+00  0.00000E+00  0.00000E+00  0.00000E+00    0.21370E+02  0.18017E+02 -0.39386E+02 -0.17198E+01  0.12510E+01  0.16925E+02      982.00
  0.69145E+00  0.66251E+02    0.37500E+00  0.37500E+00 -0.75000E+00  0.00000E+00  0.00000E+00  0.00000E+00    0.21421E+02  0.17994E+02 -0.39415E+02 -0.17215E+01  0.12474E+01  0.17042E+02      982.00
  0.71376E+00  0.66373E+02    0.38750E+00  0.38750E+00 -0.77500E+00  0.00000E+00  0.00000E+00  0.00000E+00    0.21472E+02  0.17970E+02 -0.39442E+02 -0.17255E+01  0.12456E+01  0.17149E+02      982.00
  0.73605E+00  0.66484E+02    0.40000E+00  0.40000E+00 -0.80000E+00  0.00000E+00  0.00000E+00  0.00000E+00    0.21522E+02  0.17944E+02 -0.39466E+02 -0.17313E+01  0.12453E+01  0.17247E+02      982.00
  0.75831E+00  0.66588E+02    0.41250E+00  0.41250E+00 -0.82500E+00  0.00000E+00  0.00000E+00  0.00000E+00    0.21571E+02  0.17918E+02 -0.39489E+02 -0.17387E+01  0.12462E+01  0.17336E+02      982.00
  0.78055E+00  0.66657E+02    0.42500E+00  0.42500E+00 -0.85000E+00  0.00000E+00  0.00000E+00  0.00000E+00    0.21600E+02  0.17904E+02 -0.39504E+02 -0.17493E+01  0.12486E+01  0.17396E+02      982.00
  0.80277E+00  0.66747E+02    0.43750E+00  0.43750E+00 -0.87500E+00  0.00000E+00  0.00000E+00  0.00000E+00    0.21647E+02  0.17876E+02 -0.39524E+02 -0.17582E+01  0.12505E+01  0.17471E+02      982.00
  0.82497E+00  0.66851E+02    0.45000E+00  0.45000E+00 -0.90000E+00  0.00000E+00  0.00000E+00  0.00000E+00    0.21724E+02  0.17826E+02 -0.39550E+02 -0.17634E+01  0.12497E+01  0.17553E+02      982.00
  0.84716E+00  0.66926E+02    0.46250E+00  0.46250E+00 -0.92500E+00  0.00000E+00  0.00000E+00  0.00000E+00    0.21772E+02  0.17794E+02 -0.39565E+02 -0.17749E+01  0.12549E+01  0.17615E+02      982.00
  0.86933E+00  0.66994E+02    0.47500E+00  0.47500E+00 -0.95000E+00  0.00000E+00  0.00000E+00  0.00000E+00    0.21816E+02  0.17764E+02 -0.39580E+02 -0.17865E+01  0.12595E+01  0.17670E+02      982.00
  0.89148E+00  0.67057E+02    0.48750E+00  0.48750E+00 -0.97500E+00  0.00000E+00  0.00000E+00  0.00000E+00    0.21859E+02  0.17735E+02 -0.39594E+02 -0.17986E+01  0.12644E+01  0.17721E+02      982.00
  0.91363E+00  0.67116E+02    0.50000E+00  0.50000E+00 -0.10000E+01  0.00000E+00  0.00000E+00  0.00000E+00    0.21901E+02  0.17706E+02 -0.39607E+02 -0.18106E+01  0.12693E+01  0.17767E+02      982.00
