          Evm          Svm            E11          E22          E33          E23          E13          E12         SDEV11       SDEV22       SDEV33       SDEV23       SDEV13       SDEV12      TEMP
  0.00000E+00  0.54651E+02    0.00000E+00  0.00000E+00  0.00000E+00  0.00000E+00  0.00000E+00  0.00000E+00    0.18879E+02  0.13912E+02 -0.32791E+02 -0.15767E+01  0.46756E+01  0.12594E+02      982.00
  0.22500E-01  0.54553E+02    0.12500E-01  0.12500E-01 -0.25000E-01  0.00000E+00  0.00000E+00  0.00000E+00    0.18813E+02  0.13979E+02 -0.32791E+02 -0.17916E+01  0.43557E+01  0.12552E+02      982.00
  0.45041E-01  0.54515E+02    0.25000E-01  0.25000E-01 -0.50000E-01  0.00000E+00  0.00000E+00  0.00000E+00    0.18737E+02  0.14072E+02 -0.32808E+02 -0.19625E+01  0.40583E+01  0.12552E+02      982.00
  0.67610E-01  0.54584E+02    0.37500E-01  0.37500E-01 -0.75000E-01  0.00000E+00  0.00000E+00  0.00000E+00    0.18695E+02  0.14170E+02 -0.32865E+02 -0.20970E+01  0.37956E+01  0.12615E+02      982.00
  0.90189E-01  0.54785E+02    0.50000E-01  0.50000E-01 -0.10000E+00  0.00000E+00  0.00000E+00  0.00000E+00    0.18710E+02  0.14264E+02 -0.32974E+02 -0.22082E+01  0.35670E+01  0.12747E+02      982.00
  0.11276E+00  0.55116E+02    0.62500E-01  0.62500E-01 -0.12500E+00  0.00000E+00  0.00000E+00  0.00000E+00    0.18785E+02  0.14353E+02 -0.33138E+02 -0.23003E+01  0.33741E+01  0.12939E+02      982.00
  0.13531E+00  0.55535E+02    0.75000E-01  0.75000E-01 -0.15000E+00  0.00000E+00  0.00000E+00  0.00000E+00    0.18903E+02  0.14439E+02 -0.33341E+02 -0.23781E+01  0.32082E+01  0.13167E+02      982.00
  0.15782E+00  0.56000E+02    0.87500E-01  0.87500E-01 -0.17500E+00  0.00000E+00  0.00000E+00  0.00000E+00    0.19045E+02  0.14520E+02 -0.33565E+02 -0.24432E+01  0.30617E+01  0.13413E+02      982.00
  0.18030E+00  0.56504E+02    0.10000E+00  0.10000E+00 -0.20000E+00  0.00000E+00  0.00000E+00  0.00000E+00    0.19204E+02  0.14602E+02 -0.33806E+02 -0.24956E+01  0.29509E+01  0.13670E+02      982.00
  0.20273E+00  0.57029E+02    0.11250E+00  0.11250E+00 -0.22500E+00  0.00000E+00  0.00000E+00  0.00000E+00    0.19369E+02  0.14688E+02 -0.34057E+02 -0.25363E+01  0.28646E+01  0.13931E+02      982.00
  0.22513E+00  0.57557E+02    0.12500E+00  0.12500E+00 -0.25000E+00  0.00000E+00  0.00000E+00  0.00000E+00    0.19531E+02  0.14780E+02 -0.34311E+02 -0.25655E+01  0.28001E+01  0.14188E+02      982.00
  0.24748E+00  0.58078E+02    0.13750E+00  0.13750E+00 -0.27500E+00  0.00000E+00  0.00000E+00  0.00000E+00    0.19685E+02  0.14876E+02 -0.34561E+02 -0.25835E+01  0.27548E+01  0.14438E+02      982.00
  0.26980E+00  0.58582E+02    0.15000E+00  0.15000E+00 -0.30000E+00  0.00000E+00  0.00000E+00  0.00000E+00    0.19827E+02  0.14978E+02 -0.34805E+02 -0.25911E+01  0.27258E+01  0.14677E+02      982.00
  0.29208E+00  0.59066E+02    0.16250E+00  0.16250E+00 -0.32500E+00  0.00000E+00  0.00000E+00  0.00000E+00    0.19955E+02  0.15084E+02 -0.35039E+02 -0.25891E+01  0.27106E+01  0.14905E+02      982.00
  0.31432E+00  0.59527E+02    0.17500E+00  0.17500E+00 -0.35000E+00  0.00000E+00  0.00000E+00  0.00000E+00    0.20068E+02  0.15194E+02 -0.35262E+02 -0.25786E+01  0.27064E+01  0.15121E+02      982.00
  0.33654E+00  0.59962E+02    0.18750E+00  0.18750E+00 -0.37500E+00  0.00000E+00  0.00000E+00  0.00000E+00    0.20165E+02  0.15308E+02 -0.35473E+02 -0.25609E+01  0.27108E+01  0.15327E+02      982.00
  0.35872E+00  0.60373E+02    0.20000E+00  0.20000E+00 -0.40000E+00  0.00000E+00  0.00000E+00  0.00000E+00    0.20246E+02  0.15425E+02 -0.35671E+02 -0.25377E+01  0.27211E+01  0.15524E+02      982.00
  0.38088E+00  0.60760E+02    0.21250E+00  0.21250E+00 -0.42500E+00  0.00000E+00  0.00000E+00  0.00000E+00    0.20311E+02  0.15545E+02 -0.35856E+02 -0.25107E+01  0.27350E+01  0.15712E+02      982.00
  0.40301E+00  0.61124E+02    0.22500E+00  0.22500E+00 -0.45000E+00  0.00000E+00  0.00000E+00  0.00000E+00    0.20360E+02  0.15669E+02 -0.36029E+02 -0.24816E+01  0.27498E+01  0.15893E+02      982.00
  0.42511E+00  0.61465E+02    0.23750E+00  0.23750E+00 -0.47500E+00  0.00000E+00  0.00000E+00  0.00000E+00    0.20393E+02  0.15795E+02 -0.36189E+02 -0.24527E+01  0.27629E+01  0.16068E+02      982.00
  0.44719E+00  0.61785E+02    0.25000E+00  0.25000E+00 -0.50000E+00  0.00000E+00  0.00000E+00  0.00000E+00    0.20411E+02  0.15925E+02 -0.36336E+02 -0.24257E+01  0.27721E+01  0.16237E+02      982.00
  0.46924E+00  0.62085E+02    0.26250E+00  0.26250E+00 -0.52500E+00  0.00000E+00  0.00000E+00  0.00000E+00    0.20415E+02  0.16057E+02 -0.36472E+02 -0.24026E+01  0.27747E+01  0.16400E+02      982.00
  0.49127E+00  0.62366E+02    0.27500E+00  0.27500E+00 -0.55000E+00  0.00000E+00  0.00000E+00  0.00000E+00    0.20404E+02  0.16193E+02 -0.36597E+02 -0.23854E+01  0.27691E+01  0.16559E+02      982.00
  0.51328E+00  0.62630E+02    0.28750E+00  0.28750E+00 -0.57500E+00  0.00000E+00  0.00000E+00  0.00000E+00    0.20381E+02  0.16332E+02 -0.36712E+02 -0.23750E+01  0.27538E+01  0.16713E+02      982.00
  0.53526E+00  0.62858E+02    0.30000E+00  0.30000E+00 -0.60000E+00  0.00000E+00  0.00000E+00  0.00000E+00    0.20336E+02  0.16475E+02 -0.36812E+02 -0.23726E+01  0.27235E+01  0.16850E+02      982.00
  0.55722E+00  0.63123E+02    0.31250E+00  0.31250E+00 -0.62500E+00  0.00000E+00  0.00000E+00  0.00000E+00    0.20309E+02  0.16615E+02 -0.36924E+02 -0.23751E+01  0.26956E+01  0.17009E+02      982.00
  0.57916E+00  0.63337E+02    0.32500E+00  0.32500E+00 -0.65000E+00  0.00000E+00  0.00000E+00  0.00000E+00    0.20257E+02  0.16757E+02 -0.37013E+02 -0.23853E+01  0.26507E+01  0.17144E+02      982.00
  0.60107E+00  0.63536E+02    0.33750E+00  0.33750E+00 -0.67500E+00  0.00000E+00  0.00000E+00  0.00000E+00    0.20199E+02  0.16898E+02 -0.37096E+02 -0.24001E+01  0.25984E+01  0.17270E+02      982.00
  0.62297E+00  0.63721E+02    0.35000E+00  0.35000E+00 -0.70000E+00  0.00000E+00  0.00000E+00  0.00000E+00    0.20138E+02  0.17036E+02 -0.37174E+02 -0.24174E+01  0.25414E+01  0.17387E+02      982.00
  0.64484E+00  0.63893E+02    0.36250E+00  0.36250E+00 -0.72500E+00  0.00000E+00  0.00000E+00  0.00000E+00    0.20076E+02  0.17171E+02 -0.37247E+02 -0.24350E+01  0.24822E+01  0.17496E+02      982.00
  0.66671E+00  0.64053E+02    0.37500E+00  0.37500E+00 -0.75000E+00  0.00000E+00  0.00000E+00  0.00000E+00    0.20015E+02  0.17301E+02 -0.37315E+02 -0.24512E+01  0.24232E+01  0.17594E+02      982.00
  0.68855E+00  0.64202E+02    0.38750E+00  0.38750E+00 -0.77500E+00  0.00000E+00  0.00000E+00  0.00000E+00    0.19956E+02  0.17424E+02 -0.37380E+02 -0.24646E+01  0.23662E+01  0.17684E+02      982.00
  0.71039E+00  0.64339E+02    0.40000E+00  0.40000E+00 -0.80000E+00  0.00000E+00  0.00000E+00  0.00000E+00    0.19901E+02  0.17541E+02 -0.37442E+02 -0.24746E+01  0.23122E+01  0.17764E+02      982.00
  0.73221E+00  0.64467E+02    0.41250E+00  0.41250E+00 -0.82500E+00  0.00000E+00  0.00000E+00  0.00000E+00    0.19850E+02  0.17652E+02 -0.37501E+02 -0.24808E+01  0.22622E+01  0.17835E+02      982.00
  0.75402E+00  0.64586E+02    0.42500E+00  0.42500E+00 -0.85000E+00  0.00000E+00  0.00000E+00  0.00000E+00    0.19803E+02  0.17755E+02 -0.37558E+02 -0.24831E+01  0.22165E+01  0.17899E+02      982.00
  0.77583E+00  0.64689E+02    0.43750E+00  0.43750E+00 -0.87500E+00  0.00000E+00  0.00000E+00  0.00000E+00    0.19758E+02  0.17850E+02 -0.37609E+02 -0.24845E+01  0.21674E+01  0.17952E+02      982.00
  0.79763E+00  0.64792E+02    0.45000E+00  0.45000E+00 -0.90000E+00  0.00000E+00  0.00000E+00  0.00000E+00    0.19722E+02  0.17939E+02 -0.37661E+02 -0.24800E+01  0.21298E+01  0.18003E+02      982.00
  0.81943E+00  0.64883E+02    0.46250E+00  0.46250E+00 -0.92500E+00  0.00000E+00  0.00000E+00  0.00000E+00    0.19690E+02  0.18020E+02 -0.37710E+02 -0.24726E+01  0.20906E+01  0.18043E+02      982.00
  0.84122E+00  0.64966E+02    0.47500E+00  0.47500E+00 -0.95000E+00  0.00000E+00  0.00000E+00  0.00000E+00    0.19657E+02  0.18096E+02 -0.37753E+02 -0.24631E+01  0.20578E+01  0.18083E+02      982.00
  0.86302E+00  0.65054E+02    0.48750E+00  0.48750E+00 -0.97500E+00  0.00000E+00  0.00000E+00  0.00000E+00    0.19640E+02  0.18163E+02 -0.37802E+02 -0.24509E+01  0.20340E+01  0.18117E+02      982.00
  0.88481E+00  0.65088E+02    0.50000E+00  0.50000E+00 -0.10000E+01  0.00000E+00  0.00000E+00  0.00000E+00    0.19612E+02  0.18211E+02 -0.37823E+02 -0.24283E+01  0.20065E+01  0.18132E+02      982.00
