          Evm          Svm            E11          E22          E33          E23          E13          E12         SDEV11       SDEV22       SDEV33       SDEV23       SDEV13       SDEV12      TEMP
  0.00000E+00  0.54844E+02    0.00000E+00  0.00000E+00  0.00000E+00  0.00000E+00  0.00000E+00  0.00000E+00    0.18363E+02  0.14364E+02 -0.32727E+02 -0.12218E+01  0.43888E+01  0.13213E+02      982.00
  0.22377E-01  0.54758E+02    0.12500E-01  0.12500E-01 -0.25000E-01  0.00000E+00  0.00000E+00  0.00000E+00    0.18398E+02  0.14322E+02 -0.32720E+02 -0.15027E+01  0.41845E+01  0.13137E+02      982.00
  0.44785E-01  0.54693E+02    0.25000E-01  0.25000E-01 -0.50000E-01  0.00000E+00  0.00000E+00  0.00000E+00    0.18395E+02  0.14327E+02 -0.32722E+02 -0.17054E+01  0.39711E+01  0.13086E+02      982.00
  0.67221E-01  0.54757E+02    0.37500E-01  0.37500E-01 -0.75000E-01  0.00000E+00  0.00000E+00  0.00000E+00    0.18422E+02  0.14352E+02 -0.32774E+02 -0.18650E+01  0.37766E+01  0.13114E+02      982.00
  0.89666E-01  0.54950E+02    0.50000E-01  0.50000E-01 -0.10000E+00  0.00000E+00  0.00000E+00  0.00000E+00    0.18490E+02  0.14388E+02 -0.32878E+02 -0.19946E+01  0.36025E+01  0.13214E+02      982.00
  0.11210E+00  0.55277E+02    0.62500E-01  0.62500E-01 -0.12500E+00  0.00000E+00  0.00000E+00  0.00000E+00    0.18600E+02  0.14442E+02 -0.33042E+02 -0.21013E+01  0.34480E+01  0.13381E+02      982.00
  0.13452E+00  0.55687E+02    0.75000E-01  0.75000E-01 -0.15000E+00  0.00000E+00  0.00000E+00  0.00000E+00    0.18737E+02  0.14506E+02 -0.33243E+02 -0.21928E+01  0.33076E+01  0.13589E+02      982.00
  0.15690E+00  0.56148E+02    0.87500E-01  0.87500E-01 -0.17500E+00  0.00000E+00  0.00000E+00  0.00000E+00    0.18890E+02  0.14575E+02 -0.33465E+02 -0.22688E+01  0.31932E+01  0.13819E+02      982.00
  0.17925E+00  0.56652E+02    0.10000E+00  0.10000E+00 -0.20000E+00  0.00000E+00  0.00000E+00  0.00000E+00    0.19052E+02  0.14654E+02 -0.33706E+02 -0.23313E+01  0.31007E+01  0.14067E+02      982.00
  0.20157E+00  0.57177E+02    0.11250E+00  0.11250E+00 -0.22500E+00  0.00000E+00  0.00000E+00  0.00000E+00    0.19214E+02  0.14743E+02 -0.33957E+02 -0.23810E+01  0.30285E+01  0.14321E+02      982.00
  0.22384E+00  0.57707E+02    0.12500E+00  0.12500E+00 -0.25000E+00  0.00000E+00  0.00000E+00  0.00000E+00    0.19372E+02  0.14839E+02 -0.34211E+02 -0.24185E+01  0.29745E+01  0.14574E+02      982.00
  0.24607E+00  0.58230E+02    0.13750E+00  0.13750E+00 -0.27500E+00  0.00000E+00  0.00000E+00  0.00000E+00    0.19519E+02  0.14943E+02 -0.34463E+02 -0.24446E+01  0.29361E+01  0.14821E+02      982.00
  0.26826E+00  0.58739E+02    0.15000E+00  0.15000E+00 -0.30000E+00  0.00000E+00  0.00000E+00  0.00000E+00    0.19654E+02  0.15054E+02 -0.34708E+02 -0.24604E+01  0.29108E+01  0.15059E+02      982.00
  0.29042E+00  0.59227E+02    0.16250E+00  0.16250E+00 -0.32500E+00  0.00000E+00  0.00000E+00  0.00000E+00    0.19775E+02  0.15169E+02 -0.34944E+02 -0.24672E+01  0.28958E+01  0.15287E+02      982.00
  0.31255E+00  0.59692E+02    0.17500E+00  0.17500E+00 -0.35000E+00  0.00000E+00  0.00000E+00  0.00000E+00    0.19880E+02  0.15289E+02 -0.35169E+02 -0.24665E+01  0.28884E+01  0.15504E+02      982.00
  0.33464E+00  0.60132E+02    0.18750E+00  0.18750E+00 -0.37500E+00  0.00000E+00  0.00000E+00  0.00000E+00    0.19968E+02  0.15414E+02 -0.35382E+02 -0.24600E+01  0.28858E+01  0.15710E+02      982.00
  0.35670E+00  0.60547E+02    0.20000E+00  0.20000E+00 -0.40000E+00  0.00000E+00  0.00000E+00  0.00000E+00    0.20041E+02  0.15541E+02 -0.35582E+02 -0.24498E+01  0.28853E+01  0.15907E+02      982.00
  0.37874E+00  0.60937E+02    0.21250E+00  0.21250E+00 -0.42500E+00  0.00000E+00  0.00000E+00  0.00000E+00    0.20097E+02  0.15672E+02 -0.35769E+02 -0.24377E+01  0.28841E+01  0.16095E+02      982.00
  0.40075E+00  0.61302E+02    0.22500E+00  0.22500E+00 -0.45000E+00  0.00000E+00  0.00000E+00  0.00000E+00    0.20137E+02  0.15806E+02 -0.35943E+02 -0.24257E+01  0.28799E+01  0.16275E+02      982.00
  0.42274E+00  0.61644E+02    0.23750E+00  0.23750E+00 -0.47500E+00  0.00000E+00  0.00000E+00  0.00000E+00    0.20162E+02  0.15942E+02 -0.36104E+02 -0.24158E+01  0.28703E+01  0.16447E+02      982.00
  0.44470E+00  0.61962E+02    0.25000E+00  0.25000E+00 -0.50000E+00  0.00000E+00  0.00000E+00  0.00000E+00    0.20172E+02  0.16081E+02 -0.36253E+02 -0.24094E+01  0.28532E+01  0.16611E+02      982.00
  0.46664E+00  0.62260E+02    0.26250E+00  0.26250E+00 -0.52500E+00  0.00000E+00  0.00000E+00  0.00000E+00    0.20169E+02  0.16222E+02 -0.36391E+02 -0.24080E+01  0.28280E+01  0.16769E+02      982.00
  0.48856E+00  0.62537E+02    0.27500E+00  0.27500E+00 -0.55000E+00  0.00000E+00  0.00000E+00  0.00000E+00    0.20154E+02  0.16364E+02 -0.36518E+02 -0.24118E+01  0.27937E+01  0.16919E+02      982.00
  0.51046E+00  0.62811E+02    0.28750E+00  0.28750E+00 -0.57500E+00  0.00000E+00  0.00000E+00  0.00000E+00    0.20137E+02  0.16507E+02 -0.36644E+02 -0.24190E+01  0.27543E+01  0.17065E+02      982.00
  0.53234E+00  0.63050E+02    0.30000E+00  0.30000E+00 -0.60000E+00  0.00000E+00  0.00000E+00  0.00000E+00    0.20104E+02  0.16649E+02 -0.36753E+02 -0.24320E+01  0.27041E+01  0.17199E+02      982.00
  0.55420E+00  0.63272E+02    0.31250E+00  0.31250E+00 -0.62500E+00  0.00000E+00  0.00000E+00  0.00000E+00    0.20065E+02  0.16788E+02 -0.36853E+02 -0.24479E+01  0.26479E+01  0.17324E+02      982.00
  0.57604E+00  0.63477E+02    0.32500E+00  0.32500E+00 -0.65000E+00  0.00000E+00  0.00000E+00  0.00000E+00    0.20022E+02  0.16925E+02 -0.36947E+02 -0.24649E+01  0.25883E+01  0.17439E+02      982.00
  0.59787E+00  0.63667E+02    0.33750E+00  0.33750E+00 -0.67500E+00  0.00000E+00  0.00000E+00  0.00000E+00    0.19977E+02  0.17058E+02 -0.37035E+02 -0.24812E+01  0.25273E+01  0.17544E+02      982.00
  0.61968E+00  0.63844E+02    0.35000E+00  0.35000E+00 -0.70000E+00  0.00000E+00  0.00000E+00  0.00000E+00    0.19932E+02  0.17186E+02 -0.37118E+02 -0.24956E+01  0.24671E+01  0.17640E+02      982.00
  0.64148E+00  0.64007E+02    0.36250E+00  0.36250E+00 -0.72500E+00  0.00000E+00  0.00000E+00  0.00000E+00    0.19888E+02  0.17308E+02 -0.37196E+02 -0.25069E+01  0.24090E+01  0.17726E+02      982.00
  0.66328E+00  0.64158E+02    0.37500E+00  0.37500E+00 -0.75000E+00  0.00000E+00  0.00000E+00  0.00000E+00    0.19847E+02  0.17424E+02 -0.37270E+02 -0.25146E+01  0.23543E+01  0.17803E+02      982.00
  0.68506E+00  0.64298E+02    0.38750E+00  0.38750E+00 -0.77500E+00  0.00000E+00  0.00000E+00  0.00000E+00    0.19808E+02  0.17533E+02 -0.37341E+02 -0.25186E+01  0.23033E+01  0.17872E+02      982.00
  0.70684E+00  0.64419E+02    0.40000E+00  0.40000E+00 -0.80000E+00  0.00000E+00  0.00000E+00  0.00000E+00    0.19767E+02  0.17636E+02 -0.37404E+02 -0.25215E+01  0.22489E+01  0.17929E+02      982.00
  0.72861E+00  0.64541E+02    0.41250E+00  0.41250E+00 -0.82500E+00  0.00000E+00  0.00000E+00  0.00000E+00    0.19736E+02  0.17732E+02 -0.37468E+02 -0.25183E+01  0.22062E+01  0.17984E+02      982.00
  0.75038E+00  0.64653E+02    0.42500E+00  0.42500E+00 -0.85000E+00  0.00000E+00  0.00000E+00  0.00000E+00    0.19709E+02  0.17820E+02 -0.37529E+02 -0.25115E+01  0.21680E+01  0.18032E+02      982.00
  0.77215E+00  0.64747E+02    0.43750E+00  0.43750E+00 -0.87500E+00  0.00000E+00  0.00000E+00  0.00000E+00    0.19678E+02  0.17903E+02 -0.37581E+02 -0.25029E+01  0.21248E+01  0.18071E+02      982.00
  0.79391E+00  0.64844E+02    0.45000E+00  0.45000E+00 -0.90000E+00  0.00000E+00  0.00000E+00  0.00000E+00    0.19659E+02  0.17977E+02 -0.37636E+02 -0.24914E+01  0.20934E+01  0.18108E+02      982.00
  0.81568E+00  0.64933E+02    0.46250E+00  0.46250E+00 -0.92500E+00  0.00000E+00  0.00000E+00  0.00000E+00    0.19642E+02  0.18046E+02 -0.37688E+02 -0.24778E+01  0.20658E+01  0.18141E+02      982.00
  0.83745E+00  0.65016E+02    0.47500E+00  0.47500E+00 -0.95000E+00  0.00000E+00  0.00000E+00  0.00000E+00    0.19629E+02  0.18109E+02 -0.37738E+02 -0.24630E+01  0.20409E+01  0.18169E+02      982.00
  0.85921E+00  0.65088E+02    0.48750E+00  0.48750E+00 -0.97500E+00  0.00000E+00  0.00000E+00  0.00000E+00    0.19612E+02  0.18170E+02 -0.37782E+02 -0.24445E+01  0.20098E+01  0.18194E+02      982.00
  0.88098E+00  0.65113E+02    0.50000E+00  0.50000E+00 -0.10000E+01  0.00000E+00  0.00000E+00  0.00000E+00    0.19599E+02  0.18202E+02 -0.37801E+02 -0.24187E+01  0.19866E+01  0.18200E+02      982.00
