          Evm          Svm            E11          E22          E33          E23          E13          E12         SDEV11       SDEV22       SDEV33       SDEV23       SDEV13       SDEV12      TEMP
  0.00000E+00  0.54035E+02    0.00000E+00  0.00000E+00  0.00000E+00  0.00000E+00  0.00000E+00  0.00000E+00    0.13140E+02  0.19829E+02 -0.32969E+02 -0.66884E+01 -0.60852E+01 -0.80681E+01      982.00
  0.22880E-01  0.54473E+02    0.12500E-01  0.12500E-01 -0.25000E-01  0.00000E+00  0.00000E+00  0.00000E+00    0.13346E+02  0.19890E+02 -0.33236E+02 -0.66858E+01 -0.61635E+01 -0.82007E+01      982.00
  0.45760E-01  0.54884E+02    0.25000E-01  0.25000E-01 -0.50000E-01  0.00000E+00  0.00000E+00  0.00000E+00    0.13510E+02  0.19992E+02 -0.33502E+02 -0.66626E+01 -0.61992E+01 -0.83047E+01      982.00
  0.68651E-01  0.55276E+02    0.37500E-01  0.37500E-01 -0.75000E-01  0.00000E+00  0.00000E+00  0.00000E+00    0.13668E+02  0.20100E+02 -0.33768E+02 -0.66262E+01 -0.62099E+01 -0.83927E+01      982.00
  0.91560E-01  0.55658E+02    0.50000E-01  0.50000E-01 -0.10000E+00  0.00000E+00  0.00000E+00  0.00000E+00    0.13815E+02  0.20220E+02 -0.34035E+02 -0.65824E+01 -0.61996E+01 -0.84740E+01      982.00
  0.11449E+00  0.56090E+02    0.62500E-01  0.62500E-01 -0.12500E+00  0.00000E+00  0.00000E+00  0.00000E+00    0.13964E+02  0.20362E+02 -0.34326E+02 -0.65402E+01 -0.61857E+01 -0.85876E+01      982.00
  0.13744E+00  0.56485E+02    0.75000E-01  0.75000E-01 -0.15000E+00  0.00000E+00  0.00000E+00  0.00000E+00    0.14100E+02  0.20509E+02 -0.34609E+02 -0.64847E+01 -0.61431E+01 -0.86683E+01      982.00
  0.16042E+00  0.56896E+02    0.87500E-01  0.87500E-01 -0.17500E+00  0.00000E+00  0.00000E+00  0.00000E+00    0.14234E+02  0.20667E+02 -0.34901E+02 -0.64309E+01 -0.60941E+01 -0.87554E+01      982.00
  0.18342E+00  0.57274E+02    0.10000E+00  0.10000E+00 -0.20000E+00  0.00000E+00  0.00000E+00  0.00000E+00    0.14371E+02  0.20807E+02 -0.35179E+02 -0.63725E+01 -0.60427E+01 -0.88197E+01      982.00
  0.20645E+00  0.57753E+02    0.11250E+00  0.11250E+00 -0.22500E+00  0.00000E+00  0.00000E+00  0.00000E+00    0.14522E+02  0.20985E+02 -0.35507E+02 -0.63206E+01 -0.59930E+01 -0.89410E+01      982.00
  0.22951E+00  0.58147E+02    0.12500E+00  0.12500E+00 -0.25000E+00  0.00000E+00  0.00000E+00  0.00000E+00    0.14675E+02  0.21120E+02 -0.35796E+02 -0.62602E+01 -0.59405E+01 -0.90099E+01      982.00
  0.25259E+00  0.58655E+02    0.13750E+00  0.13750E+00 -0.27500E+00  0.00000E+00  0.00000E+00  0.00000E+00    0.14857E+02  0.21287E+02 -0.36144E+02 -0.62087E+01 -0.58934E+01 -0.91333E+01      982.00
  0.27570E+00  0.59110E+02    0.15000E+00  0.15000E+00 -0.30000E+00  0.00000E+00  0.00000E+00  0.00000E+00    0.15043E+02  0.21424E+02 -0.36467E+02 -0.61521E+01 -0.58429E+01 -0.92253E+01      982.00
  0.29884E+00  0.59574E+02    0.16250E+00  0.16250E+00 -0.32500E+00  0.00000E+00  0.00000E+00  0.00000E+00    0.15248E+02  0.21548E+02 -0.36795E+02 -0.61013E+01 -0.57987E+01 -0.93174E+01      982.00
  0.32200E+00  0.60005E+02    0.17500E+00  0.17500E+00 -0.35000E+00  0.00000E+00  0.00000E+00  0.00000E+00    0.15449E+02  0.21655E+02 -0.37104E+02 -0.60545E+01 -0.57533E+01 -0.93973E+01      982.00
  0.34519E+00  0.60448E+02    0.18750E+00  0.18750E+00 -0.37500E+00  0.00000E+00  0.00000E+00  0.00000E+00    0.15663E+02  0.21755E+02 -0.37417E+02 -0.60165E+01 -0.57122E+01 -0.94780E+01      982.00
  0.36840E+00  0.60898E+02    0.20000E+00  0.20000E+00 -0.40000E+00  0.00000E+00  0.00000E+00  0.00000E+00    0.15891E+02  0.21846E+02 -0.37737E+02 -0.59804E+01 -0.56700E+01 -0.95568E+01      982.00
  0.39164E+00  0.61343E+02    0.21250E+00  0.21250E+00 -0.42500E+00  0.00000E+00  0.00000E+00  0.00000E+00    0.16141E+02  0.21915E+02 -0.38056E+02 -0.59469E+01 -0.56299E+01 -0.96294E+01      982.00
  0.41490E+00  0.61776E+02    0.22500E+00  0.22500E+00 -0.45000E+00  0.00000E+00  0.00000E+00  0.00000E+00    0.16402E+02  0.21967E+02 -0.38369E+02 -0.59168E+01 -0.55907E+01 -0.96934E+01      982.00
  0.43819E+00  0.62201E+02    0.23750E+00  0.23750E+00 -0.47500E+00  0.00000E+00  0.00000E+00  0.00000E+00    0.16663E+02  0.22014E+02 -0.38677E+02 -0.58918E+01 -0.55479E+01 -0.97517E+01      982.00
  0.46151E+00  0.62605E+02    0.25000E+00  0.25000E+00 -0.50000E+00  0.00000E+00  0.00000E+00  0.00000E+00    0.16937E+02  0.22036E+02 -0.38974E+02 -0.58688E+01 -0.55069E+01 -0.97980E+01      982.00
  0.48485E+00  0.62991E+02    0.26250E+00  0.26250E+00 -0.52500E+00  0.00000E+00  0.00000E+00  0.00000E+00    0.17218E+02  0.22041E+02 -0.39259E+02 -0.58489E+01 -0.54656E+01 -0.98349E+01      982.00
  0.50823E+00  0.63357E+02    0.27500E+00  0.27500E+00 -0.55000E+00  0.00000E+00  0.00000E+00  0.00000E+00    0.17503E+02  0.22032E+02 -0.39535E+02 -0.58316E+01 -0.54233E+01 -0.98623E+01      982.00
  0.53163E+00  0.63698E+02    0.28750E+00  0.28750E+00 -0.57500E+00  0.00000E+00  0.00000E+00  0.00000E+00    0.17800E+02  0.21996E+02 -0.39796E+02 -0.58143E+01 -0.53826E+01 -0.98754E+01      982.00
  0.55505E+00  0.64027E+02    0.30000E+00  0.30000E+00 -0.60000E+00  0.00000E+00  0.00000E+00  0.00000E+00    0.18089E+02  0.21960E+02 -0.40049E+02 -0.58011E+01 -0.53379E+01 -0.98841E+01      982.00
  0.57851E+00  0.64338E+02    0.31250E+00  0.31250E+00 -0.62500E+00  0.00000E+00  0.00000E+00  0.00000E+00    0.18376E+02  0.21913E+02 -0.40290E+02 -0.57896E+01 -0.52918E+01 -0.98841E+01      982.00
  0.60199E+00  0.64630E+02    0.32500E+00  0.32500E+00 -0.65000E+00  0.00000E+00  0.00000E+00  0.00000E+00    0.18663E+02  0.21857E+02 -0.40520E+02 -0.57795E+01 -0.52443E+01 -0.98759E+01      982.00
  0.62550E+00  0.64898E+02    0.33750E+00  0.33750E+00 -0.67500E+00  0.00000E+00  0.00000E+00  0.00000E+00    0.18935E+02  0.21797E+02 -0.40732E+02 -0.57689E+01 -0.51957E+01 -0.98633E+01      982.00
  0.64904E+00  0.65145E+02    0.35000E+00  0.35000E+00 -0.70000E+00  0.00000E+00  0.00000E+00  0.00000E+00    0.19228E+02  0.21706E+02 -0.40934E+02 -0.57617E+01 -0.51497E+01 -0.98327E+01      982.00
  0.67260E+00  0.65387E+02    0.36250E+00  0.36250E+00 -0.72500E+00  0.00000E+00  0.00000E+00  0.00000E+00    0.19505E+02  0.21626E+02 -0.41131E+02 -0.57544E+01 -0.50992E+01 -0.98028E+01      982.00
  0.69619E+00  0.65613E+02    0.37500E+00  0.37500E+00 -0.75000E+00  0.00000E+00  0.00000E+00  0.00000E+00    0.19777E+02  0.21540E+02 -0.41317E+02 -0.57483E+01 -0.50473E+01 -0.97667E+01      982.00
  0.71981E+00  0.65824E+02    0.38750E+00  0.38750E+00 -0.77500E+00  0.00000E+00  0.00000E+00  0.00000E+00    0.20044E+02  0.21449E+02 -0.41493E+02 -0.57429E+01 -0.49948E+01 -0.97247E+01      982.00
  0.74344E+00  0.66020E+02    0.40000E+00  0.40000E+00 -0.80000E+00  0.00000E+00  0.00000E+00  0.00000E+00    0.20306E+02  0.21353E+02 -0.41659E+02 -0.57381E+01 -0.49417E+01 -0.96772E+01      982.00
  0.76711E+00  0.66202E+02    0.41250E+00  0.41250E+00 -0.82500E+00  0.00000E+00  0.00000E+00  0.00000E+00    0.20563E+02  0.21252E+02 -0.41815E+02 -0.57338E+01 -0.48883E+01 -0.96248E+01      982.00
  0.79079E+00  0.66365E+02    0.42500E+00  0.42500E+00 -0.85000E+00  0.00000E+00  0.00000E+00  0.00000E+00    0.20840E+02  0.21123E+02 -0.41964E+02 -0.57291E+01 -0.48304E+01 -0.95503E+01      982.00
  0.81451E+00  0.66522E+02    0.43750E+00  0.43750E+00 -0.87500E+00  0.00000E+00  0.00000E+00  0.00000E+00    0.21085E+02  0.21017E+02 -0.42102E+02 -0.57257E+01 -0.47764E+01 -0.94885E+01      982.00
  0.83824E+00  0.66668E+02    0.45000E+00  0.45000E+00 -0.90000E+00  0.00000E+00  0.00000E+00  0.00000E+00    0.21324E+02  0.20908E+02 -0.42232E+02 -0.57232E+01 -0.47222E+01 -0.94232E+01      982.00
  0.86199E+00  0.66803E+02    0.46250E+00  0.46250E+00 -0.92500E+00  0.00000E+00  0.00000E+00  0.00000E+00    0.21557E+02  0.20797E+02 -0.42354E+02 -0.57212E+01 -0.46681E+01 -0.93542E+01      982.00
  0.88577E+00  0.66929E+02    0.47500E+00  0.47500E+00 -0.95000E+00  0.00000E+00  0.00000E+00  0.00000E+00    0.21785E+02  0.20683E+02 -0.42469E+02 -0.57198E+01 -0.46143E+01 -0.92819E+01      982.00
  0.90956E+00  0.66971E+02    0.48750E+00  0.48750E+00 -0.97500E+00  0.00000E+00  0.00000E+00  0.00000E+00    0.21964E+02  0.20576E+02 -0.42540E+02 -0.56818E+01 -0.45272E+01 -0.91938E+01      982.00
  0.93338E+00  0.67040E+02    0.50000E+00  0.50000E+00 -0.10000E+01  0.00000E+00  0.00000E+00  0.00000E+00    0.22127E+02  0.20487E+02 -0.42614E+02 -0.56658E+01 -0.44691E+01 -0.91340E+01      982.00
