          Evm          Svm            E11          E22          E33          E23          E13          E12         SDEV11       SDEV22       SDEV33       SDEV23       SDEV13       SDEV12      TEMP
  0.00000E+00  0.61544E+02    0.00000E+00  0.00000E+00  0.00000E+00  0.00000E+00  0.00000E+00  0.00000E+00    0.13386E+02  0.25515E+02 -0.38900E+02  0.85910E+00 -0.89009E+01 -0.33020E+01      982.00
  0.23703E-01  0.61258E+02    0.12500E-01  0.12500E-01 -0.25000E-01  0.00000E+00  0.00000E+00  0.00000E+00    0.13227E+02  0.25570E+02 -0.38797E+02  0.78028E+00 -0.85869E+01 -0.30870E+01      982.00
  0.47453E-01  0.60979E+02    0.25000E-01  0.25000E-01 -0.50000E-01  0.00000E+00  0.00000E+00  0.00000E+00    0.13049E+02  0.25650E+02 -0.38699E+02  0.67202E+00 -0.82294E+01 -0.28979E+01      982.00
  0.71251E-01  0.60737E+02    0.37500E-01  0.37500E-01 -0.75000E-01  0.00000E+00  0.00000E+00  0.00000E+00    0.12875E+02  0.25744E+02 -0.38619E+02  0.54314E+00 -0.78653E+01 -0.27424E+01      982.00
  0.95095E-01  0.60568E+02    0.50000E-01  0.50000E-01 -0.10000E+00  0.00000E+00  0.00000E+00  0.00000E+00    0.12721E+02  0.25852E+02 -0.38573E+02  0.41495E+00 -0.75319E+01 -0.26315E+01      982.00
  0.11898E+00  0.60522E+02    0.62500E-01  0.62500E-01 -0.12500E+00  0.00000E+00  0.00000E+00  0.00000E+00    0.12596E+02  0.25991E+02 -0.38587E+02  0.30317E+00 -0.72579E+01 -0.25685E+01      982.00
  0.14289E+00  0.60614E+02    0.75000E-01  0.75000E-01 -0.15000E+00  0.00000E+00  0.00000E+00  0.00000E+00    0.12513E+02  0.26166E+02 -0.38678E+02  0.20716E+00 -0.70394E+01 -0.25483E+01      982.00
  0.16682E+00  0.60837E+02    0.87500E-01  0.87500E-01 -0.17500E+00  0.00000E+00  0.00000E+00  0.00000E+00    0.12463E+02  0.26376E+02 -0.38839E+02  0.13871E+00 -0.68813E+01 -0.25663E+01      982.00
  0.19076E+00  0.61184E+02    0.10000E+00  0.10000E+00 -0.20000E+00  0.00000E+00  0.00000E+00  0.00000E+00    0.12440E+02  0.26625E+02 -0.39065E+02  0.99565E-01 -0.67944E+01 -0.26109E+01      982.00
  0.21470E+00  0.61616E+02    0.11250E+00  0.11250E+00 -0.22500E+00  0.00000E+00  0.00000E+00  0.00000E+00    0.12441E+02  0.26896E+02 -0.39337E+02  0.76155E-01 -0.67528E+01 -0.26658E+01      982.00
  0.23864E+00  0.62082E+02    0.12500E+00  0.12500E+00 -0.25000E+00  0.00000E+00  0.00000E+00  0.00000E+00    0.12458E+02  0.27170E+02 -0.39629E+02  0.64993E-01 -0.67350E+01 -0.27252E+01      982.00
  0.26258E+00  0.62578E+02    0.13750E+00  0.13750E+00 -0.27500E+00  0.00000E+00  0.00000E+00  0.00000E+00    0.12484E+02  0.27451E+02 -0.39935E+02  0.63985E-01 -0.67470E+01 -0.27788E+01      982.00
  0.28651E+00  0.63093E+02    0.15000E+00  0.15000E+00 -0.30000E+00  0.00000E+00  0.00000E+00  0.00000E+00    0.12518E+02  0.27733E+02 -0.40251E+02  0.70579E-01 -0.67812E+01 -0.28198E+01      982.00
  0.31043E+00  0.63608E+02    0.16250E+00  0.16250E+00 -0.32500E+00  0.00000E+00  0.00000E+00  0.00000E+00    0.12561E+02  0.28007E+02 -0.40567E+02  0.84824E-01 -0.68304E+01 -0.28423E+01      982.00
  0.33435E+00  0.64077E+02    0.17500E+00  0.17500E+00 -0.35000E+00  0.00000E+00  0.00000E+00  0.00000E+00    0.12612E+02  0.28248E+02 -0.40860E+02  0.10224E+00 -0.68732E+01 -0.28440E+01      982.00
  0.35826E+00  0.64513E+02    0.18750E+00  0.18750E+00 -0.37500E+00  0.00000E+00  0.00000E+00  0.00000E+00    0.12663E+02  0.28471E+02 -0.41134E+02  0.12128E+00 -0.69149E+01 -0.28309E+01      982.00
  0.38217E+00  0.64916E+02    0.20000E+00  0.20000E+00 -0.40000E+00  0.00000E+00  0.00000E+00  0.00000E+00    0.12714E+02  0.28675E+02 -0.41389E+02  0.14051E+00 -0.69535E+01 -0.28054E+01      982.00
  0.40608E+00  0.65287E+02    0.21250E+00  0.21250E+00 -0.42500E+00  0.00000E+00  0.00000E+00  0.00000E+00    0.12762E+02  0.28863E+02 -0.41624E+02  0.16192E+00 -0.69912E+01 -0.27710E+01      982.00
  0.42999E+00  0.65600E+02    0.22500E+00  0.22500E+00 -0.45000E+00  0.00000E+00  0.00000E+00  0.00000E+00    0.12807E+02  0.29018E+02 -0.41825E+02  0.17600E+00 -0.70152E+01 -0.27396E+01      982.00
  0.45390E+00  0.65915E+02    0.23750E+00  0.23750E+00 -0.47500E+00  0.00000E+00  0.00000E+00  0.00000E+00    0.12848E+02  0.29178E+02 -0.42025E+02  0.19973E+00 -0.70483E+01 -0.26949E+01      982.00
  0.47781E+00  0.66202E+02    0.25000E+00  0.25000E+00 -0.50000E+00  0.00000E+00  0.00000E+00  0.00000E+00    0.12885E+02  0.29323E+02 -0.42208E+02  0.22557E+00 -0.70795E+01 -0.26442E+01      982.00
  0.50171E+00  0.66463E+02    0.26250E+00  0.26250E+00 -0.52500E+00  0.00000E+00  0.00000E+00  0.00000E+00    0.12919E+02  0.29456E+02 -0.42376E+02  0.25291E+00 -0.71086E+01 -0.25889E+01      982.00
  0.52562E+00  0.66701E+02    0.27500E+00  0.27500E+00 -0.55000E+00  0.00000E+00  0.00000E+00  0.00000E+00    0.12950E+02  0.29578E+02 -0.42528E+02  0.28159E+00 -0.71358E+01 -0.25299E+01      982.00
  0.54953E+00  0.66917E+02    0.28750E+00  0.28750E+00 -0.57500E+00  0.00000E+00  0.00000E+00  0.00000E+00    0.12978E+02  0.29689E+02 -0.42667E+02  0.31151E+00 -0.71613E+01 -0.24678E+01      982.00
  0.57344E+00  0.67114E+02    0.30000E+00  0.30000E+00 -0.60000E+00  0.00000E+00  0.00000E+00  0.00000E+00    0.13002E+02  0.29790E+02 -0.42792E+02  0.34332E+00 -0.71875E+01 -0.24035E+01      982.00
  0.59735E+00  0.67293E+02    0.31250E+00  0.31250E+00 -0.62500E+00  0.00000E+00  0.00000E+00  0.00000E+00    0.13024E+02  0.29884E+02 -0.42908E+02  0.37536E+00 -0.72104E+01 -0.23367E+01      982.00
  0.62127E+00  0.67457E+02    0.32500E+00  0.32500E+00 -0.65000E+00  0.00000E+00  0.00000E+00  0.00000E+00    0.13043E+02  0.29970E+02 -0.43013E+02  0.40826E+00 -0.72323E+01 -0.22681E+01      982.00
  0.64518E+00  0.67581E+02    0.33750E+00  0.33750E+00 -0.67500E+00  0.00000E+00  0.00000E+00  0.00000E+00    0.13059E+02  0.30033E+02 -0.43092E+02  0.43631E+00 -0.72522E+01 -0.22101E+01      982.00
  0.66909E+00  0.67721E+02    0.35000E+00  0.35000E+00 -0.70000E+00  0.00000E+00  0.00000E+00  0.00000E+00    0.13073E+02  0.30108E+02 -0.43181E+02  0.47065E+00 -0.72724E+01 -0.21396E+01      982.00
  0.69300E+00  0.67848E+02    0.36250E+00  0.36250E+00 -0.72500E+00  0.00000E+00  0.00000E+00  0.00000E+00    0.13086E+02  0.30176E+02 -0.43262E+02  0.50576E+00 -0.72925E+01 -0.20678E+01      982.00
  0.71691E+00  0.67964E+02    0.37500E+00  0.37500E+00 -0.75000E+00  0.00000E+00  0.00000E+00  0.00000E+00    0.13096E+02  0.30239E+02 -0.43336E+02  0.54155E+00 -0.73123E+01 -0.19951E+01      982.00
  0.74082E+00  0.68071E+02    0.38750E+00  0.38750E+00 -0.77500E+00  0.00000E+00  0.00000E+00  0.00000E+00    0.13105E+02  0.30298E+02 -0.43403E+02  0.57794E+00 -0.73319E+01 -0.19215E+01      982.00
  0.76473E+00  0.68168E+02    0.40000E+00  0.40000E+00 -0.80000E+00  0.00000E+00  0.00000E+00  0.00000E+00    0.13112E+02  0.30352E+02 -0.43464E+02  0.61488E+00 -0.73512E+01 -0.18472E+01      982.00
  0.78864E+00  0.68258E+02    0.41250E+00  0.41250E+00 -0.82500E+00  0.00000E+00  0.00000E+00  0.00000E+00    0.13118E+02  0.30402E+02 -0.43519E+02  0.65234E+00 -0.73704E+01 -0.17722E+01      982.00
  0.81255E+00  0.68340E+02    0.42500E+00  0.42500E+00 -0.85000E+00  0.00000E+00  0.00000E+00  0.00000E+00    0.13122E+02  0.30448E+02 -0.43570E+02  0.69026E+00 -0.73895E+01 -0.16966E+01      982.00
  0.83646E+00  0.68334E+02    0.43750E+00  0.43750E+00 -0.87500E+00  0.00000E+00  0.00000E+00  0.00000E+00    0.13107E+02  0.30469E+02 -0.43576E+02  0.71777E+00 -0.73362E+01 -0.16357E+01      982.00
  0.86037E+00  0.68336E+02    0.45000E+00  0.45000E+00 -0.90000E+00  0.00000E+00  0.00000E+00  0.00000E+00    0.13090E+02  0.30490E+02 -0.43580E+02  0.74480E+00 -0.73147E+01 -0.15664E+01      982.00
  0.88429E+00  0.68337E+02    0.46250E+00  0.46250E+00 -0.92500E+00  0.00000E+00  0.00000E+00  0.00000E+00    0.13078E+02  0.30506E+02 -0.43584E+02  0.77333E+00 -0.72971E+01 -0.14863E+01      982.00
  0.90820E+00  0.68334E+02    0.47500E+00  0.47500E+00 -0.95000E+00  0.00000E+00  0.00000E+00  0.00000E+00    0.13067E+02  0.30518E+02 -0.43585E+02  0.80444E+00 -0.72788E+01 -0.14137E+01      982.00
  0.93212E+00  0.68331E+02    0.48750E+00  0.48750E+00 -0.97500E+00  0.00000E+00  0.00000E+00  0.00000E+00    0.13056E+02  0.30529E+02 -0.43586E+02  0.83621E+00 -0.72615E+01 -0.13408E+01      982.00
  0.95604E+00  0.68327E+02    0.50000E+00  0.50000E+00 -0.10000E+01  0.00000E+00  0.00000E+00  0.00000E+00    0.13046E+02  0.30540E+02 -0.43586E+02  0.86819E+00 -0.72456E+01 -0.12678E+01      982.00
