          Evm          Svm            E11          E22          E33          E23          E13          E12         SDEV11       SDEV22       SDEV33       SDEV23       SDEV13       SDEV12      TEMP
  0.00000E+00  0.60867E+02    0.00000E+00  0.00000E+00  0.00000E+00  0.00000E+00  0.00000E+00  0.00000E+00    0.23220E+02  0.16002E+02 -0.39222E+02 -0.68312E+01  0.40183E+01  0.23072E+01      982.00
  0.24165E-01  0.60551E+02    0.12500E-01  0.12500E-01 -0.25000E-01  0.00000E+00  0.00000E+00  0.00000E+00    0.23419E+02  0.15657E+02 -0.39076E+02 -0.64227E+01  0.38913E+01  0.23428E+01      982.00
  0.48365E-01  0.60258E+02    0.25000E-01  0.25000E-01 -0.50000E-01  0.00000E+00  0.00000E+00  0.00000E+00    0.23601E+02  0.15335E+02 -0.38936E+02 -0.60529E+01  0.37306E+01  0.23927E+01      982.00
  0.72595E-01  0.60021E+02    0.37500E-01  0.37500E-01 -0.75000E-01  0.00000E+00  0.00000E+00  0.00000E+00    0.23779E+02  0.15043E+02 -0.38823E+02 -0.57153E+01  0.35718E+01  0.24398E+01      982.00
  0.96851E-01  0.59888E+02    0.50000E-01  0.50000E-01 -0.10000E+00  0.00000E+00  0.00000E+00  0.00000E+00    0.23959E+02  0.14805E+02 -0.38764E+02 -0.54481E+01  0.34298E+01  0.24780E+01      982.00
  0.12112E+00  0.59882E+02    0.62500E-01  0.62500E-01 -0.12500E+00  0.00000E+00  0.00000E+00  0.00000E+00    0.24157E+02  0.14622E+02 -0.38779E+02 -0.52378E+01  0.33158E+01  0.25051E+01      982.00
  0.14541E+00  0.60008E+02    0.75000E-01  0.75000E-01 -0.15000E+00  0.00000E+00  0.00000E+00  0.00000E+00    0.24379E+02  0.14492E+02 -0.38871E+02 -0.50912E+01  0.32312E+01  0.25194E+01      982.00
  0.16970E+00  0.60245E+02    0.87500E-01  0.87500E-01 -0.17500E+00  0.00000E+00  0.00000E+00  0.00000E+00    0.24623E+02  0.14407E+02 -0.39030E+02 -0.49834E+01  0.31728E+01  0.25179E+01      982.00
  0.19399E+00  0.60578E+02    0.10000E+00  0.10000E+00 -0.20000E+00  0.00000E+00  0.00000E+00  0.00000E+00    0.24883E+02  0.14362E+02 -0.39245E+02 -0.49267E+01  0.31409E+01  0.25062E+01      982.00
  0.21829E+00  0.60973E+02    0.11250E+00  0.11250E+00 -0.22500E+00  0.00000E+00  0.00000E+00  0.00000E+00    0.25152E+02  0.14347E+02 -0.39498E+02 -0.48997E+01  0.31256E+01  0.24833E+01      982.00
  0.24258E+00  0.61395E+02    0.12500E+00  0.12500E+00 -0.25000E+00  0.00000E+00  0.00000E+00  0.00000E+00    0.25423E+02  0.14346E+02 -0.39768E+02 -0.48888E+01  0.31222E+01  0.24452E+01      982.00
  0.26687E+00  0.61844E+02    0.13750E+00  0.13750E+00 -0.27500E+00  0.00000E+00  0.00000E+00  0.00000E+00    0.25687E+02  0.14368E+02 -0.40055E+02 -0.49001E+01  0.31271E+01  0.24044E+01      982.00
  0.29116E+00  0.62293E+02    0.15000E+00  0.15000E+00 -0.30000E+00  0.00000E+00  0.00000E+00  0.00000E+00    0.25941E+02  0.14401E+02 -0.40341E+02 -0.49210E+01  0.31350E+01  0.23575E+01      982.00
  0.31544E+00  0.62728E+02    0.16250E+00  0.16250E+00 -0.32500E+00  0.00000E+00  0.00000E+00  0.00000E+00    0.26180E+02  0.14440E+02 -0.40620E+02 -0.49475E+01  0.31436E+01  0.23059E+01      982.00
  0.33973E+00  0.63126E+02    0.17500E+00  0.17500E+00 -0.35000E+00  0.00000E+00  0.00000E+00  0.00000E+00    0.26392E+02  0.14484E+02 -0.40876E+02 -0.49699E+01  0.31485E+01  0.22542E+01      982.00
  0.36401E+00  0.63509E+02    0.18750E+00  0.18750E+00 -0.37500E+00  0.00000E+00  0.00000E+00  0.00000E+00    0.26602E+02  0.14518E+02 -0.41120E+02 -0.50027E+01  0.31593E+01  0.21884E+01      982.00
  0.38829E+00  0.63874E+02    0.20000E+00  0.20000E+00 -0.40000E+00  0.00000E+00  0.00000E+00  0.00000E+00    0.26793E+02  0.14562E+02 -0.41356E+02 -0.50327E+01  0.31640E+01  0.21289E+01      982.00
  0.41257E+00  0.64212E+02    0.21250E+00  0.21250E+00 -0.42500E+00  0.00000E+00  0.00000E+00  0.00000E+00    0.26968E+02  0.14605E+02 -0.41574E+02 -0.50618E+01  0.31656E+01  0.20684E+01      982.00
  0.43685E+00  0.64530E+02    0.22500E+00  0.22500E+00 -0.45000E+00  0.00000E+00  0.00000E+00  0.00000E+00    0.27139E+02  0.14638E+02 -0.41777E+02 -0.50947E+01  0.31675E+01  0.19943E+01      982.00
  0.46113E+00  0.64814E+02    0.23750E+00  0.23750E+00 -0.47500E+00  0.00000E+00  0.00000E+00  0.00000E+00    0.27285E+02  0.14677E+02 -0.41962E+02 -0.51196E+01  0.31646E+01  0.19320E+01      982.00
  0.48540E+00  0.65074E+02    0.25000E+00  0.25000E+00 -0.50000E+00  0.00000E+00  0.00000E+00  0.00000E+00    0.27417E+02  0.14714E+02 -0.42131E+02 -0.51431E+01  0.31587E+01  0.18702E+01      982.00
  0.50968E+00  0.65312E+02    0.26250E+00  0.26250E+00 -0.52500E+00  0.00000E+00  0.00000E+00  0.00000E+00    0.27538E+02  0.14748E+02 -0.42286E+02 -0.51652E+01  0.31506E+01  0.18083E+01      982.00
  0.53396E+00  0.65529E+02    0.27500E+00  0.27500E+00 -0.55000E+00  0.00000E+00  0.00000E+00  0.00000E+00    0.27649E+02  0.14779E+02 -0.42428E+02 -0.51858E+01  0.31409E+01  0.17466E+01      982.00
  0.55824E+00  0.65727E+02    0.28750E+00  0.28750E+00 -0.57500E+00  0.00000E+00  0.00000E+00  0.00000E+00    0.27750E+02  0.14808E+02 -0.42559E+02 -0.52051E+01  0.31297E+01  0.16850E+01      982.00
  0.58252E+00  0.65922E+02    0.30000E+00  0.30000E+00 -0.60000E+00  0.00000E+00  0.00000E+00  0.00000E+00    0.27857E+02  0.14828E+02 -0.42685E+02 -0.52310E+01  0.31142E+01  0.16067E+01      982.00
  0.60681E+00  0.66068E+02    0.31250E+00  0.31250E+00 -0.62500E+00  0.00000E+00  0.00000E+00  0.00000E+00    0.27933E+02  0.14846E+02 -0.42779E+02 -0.52487E+01  0.31104E+01  0.15525E+01      982.00
  0.63109E+00  0.66222E+02    0.32500E+00  0.32500E+00 -0.65000E+00  0.00000E+00  0.00000E+00  0.00000E+00    0.28011E+02  0.14869E+02 -0.42881E+02 -0.52642E+01  0.30949E+01  0.14937E+01      982.00
  0.65537E+00  0.66362E+02    0.33750E+00  0.33750E+00 -0.67500E+00  0.00000E+00  0.00000E+00  0.00000E+00    0.28084E+02  0.14890E+02 -0.42974E+02 -0.52795E+01  0.30790E+01  0.14345E+01      982.00
  0.67965E+00  0.66491E+02    0.35000E+00  0.35000E+00 -0.70000E+00  0.00000E+00  0.00000E+00  0.00000E+00    0.28150E+02  0.14909E+02 -0.43059E+02 -0.52943E+01  0.30626E+01  0.13758E+01      982.00
  0.70394E+00  0.66610E+02    0.36250E+00  0.36250E+00 -0.72500E+00  0.00000E+00  0.00000E+00  0.00000E+00    0.28212E+02  0.14925E+02 -0.43138E+02 -0.53088E+01  0.30457E+01  0.13176E+01      982.00
  0.72822E+00  0.66719E+02    0.37500E+00  0.37500E+00 -0.75000E+00  0.00000E+00  0.00000E+00  0.00000E+00    0.28269E+02  0.14940E+02 -0.43210E+02 -0.53230E+01  0.30285E+01  0.12598E+01      982.00
  0.75251E+00  0.66820E+02    0.38750E+00  0.38750E+00 -0.77500E+00  0.00000E+00  0.00000E+00  0.00000E+00    0.28323E+02  0.14954E+02 -0.43277E+02 -0.53371E+01  0.30111E+01  0.12025E+01      982.00
  0.77680E+00  0.66914E+02    0.40000E+00  0.40000E+00 -0.80000E+00  0.00000E+00  0.00000E+00  0.00000E+00    0.28372E+02  0.14966E+02 -0.43338E+02 -0.53511E+01  0.29934E+01  0.11457E+01      982.00
  0.80108E+00  0.67000E+02    0.41250E+00  0.41250E+00 -0.82500E+00  0.00000E+00  0.00000E+00  0.00000E+00    0.28418E+02  0.14977E+02 -0.43395E+02 -0.53649E+01  0.29756E+01  0.10893E+01      982.00
  0.82537E+00  0.67080E+02    0.42500E+00  0.42500E+00 -0.85000E+00  0.00000E+00  0.00000E+00  0.00000E+00    0.28461E+02  0.14987E+02 -0.43447E+02 -0.53788E+01  0.29578E+01  0.10335E+01      982.00
  0.84966E+00  0.67153E+02    0.43750E+00  0.43750E+00 -0.87500E+00  0.00000E+00  0.00000E+00  0.00000E+00    0.28501E+02  0.14995E+02 -0.43496E+02 -0.53927E+01  0.29399E+01  0.97812E+00      982.00
  0.87395E+00  0.67152E+02    0.45000E+00  0.45000E+00 -0.90000E+00  0.00000E+00  0.00000E+00  0.00000E+00    0.28502E+02  0.15002E+02 -0.43505E+02 -0.53616E+01  0.29044E+01  0.94345E+00      982.00
  0.89824E+00  0.67155E+02    0.46250E+00  0.46250E+00 -0.92500E+00  0.00000E+00  0.00000E+00  0.00000E+00    0.28521E+02  0.14990E+02 -0.43511E+02 -0.53430E+01  0.28696E+01  0.90040E+00      982.00
  0.92254E+00  0.67160E+02    0.47500E+00  0.47500E+00 -0.95000E+00  0.00000E+00  0.00000E+00  0.00000E+00    0.28525E+02  0.14994E+02 -0.43519E+02 -0.53369E+01  0.28427E+01  0.84868E+00      982.00
  0.94684E+00  0.67164E+02    0.48750E+00  0.48750E+00 -0.97500E+00  0.00000E+00  0.00000E+00  0.00000E+00    0.28534E+02  0.14991E+02 -0.43525E+02 -0.53277E+01  0.28141E+01  0.80239E+00      982.00
  0.97114E+00  0.67167E+02    0.50000E+00  0.50000E+00 -0.10000E+01  0.00000E+00  0.00000E+00  0.00000E+00    0.28544E+02  0.14987E+02 -0.43531E+02 -0.53194E+01  0.27856E+01  0.75582E+00      982.00
