          Evm          Svm            E11          E22          E33          E23          E13          E12         SDEV11       SDEV22       SDEV33       SDEV23       SDEV13       SDEV12      TEMP
  0.00000E+00  0.55189E+02    0.00000E+00  0.00000E+00  0.00000E+00  0.00000E+00  0.00000E+00  0.00000E+00    0.11789E+02  0.22789E+02 -0.34578E+02  0.75472E+01 -0.33888E+01 -0.44573E+01      982.00
  0.23495E-01  0.55346E+02    0.12500E-01  0.12500E-01 -0.25000E-01  0.00000E+00  0.00000E+00  0.00000E+00    0.11961E+02  0.22696E+02 -0.34658E+02  0.77157E+01 -0.28556E+01 -0.48693E+01      982.00
  0.46977E-01  0.55522E+02    0.25000E-01  0.25000E-01 -0.50000E-01  0.00000E+00  0.00000E+00  0.00000E+00    0.12287E+02  0.22488E+02 -0.34776E+02  0.78539E+01 -0.23088E+01 -0.52474E+01      982.00
  0.70465E-01  0.55665E+02    0.37500E-01  0.37500E-01 -0.75000E-01  0.00000E+00  0.00000E+00  0.00000E+00    0.12772E+02  0.22129E+02 -0.34901E+02  0.79481E+01 -0.17014E+01 -0.55969E+01      982.00
  0.93977E-01  0.55765E+02    0.50000E-01  0.50000E-01 -0.10000E+00  0.00000E+00  0.00000E+00  0.00000E+00    0.13333E+02  0.21675E+02 -0.35008E+02  0.80053E+01 -0.10958E+01 -0.58955E+01      982.00
  0.11752E+00  0.55882E+02    0.62500E-01  0.62500E-01 -0.12500E+00  0.00000E+00  0.00000E+00  0.00000E+00    0.13853E+02  0.21253E+02 -0.35106E+02  0.80589E+01 -0.60366E+00 -0.61302E+01      982.00
  0.14108E+00  0.56048E+02    0.75000E-01  0.75000E-01 -0.15000E+00  0.00000E+00  0.00000E+00  0.00000E+00    0.14270E+02  0.20947E+02 -0.35217E+02  0.81205E+01 -0.26934E+00 -0.63067E+01      982.00
  0.16464E+00  0.56260E+02    0.87500E-01  0.87500E-01 -0.17500E+00  0.00000E+00  0.00000E+00  0.00000E+00    0.14579E+02  0.20767E+02 -0.35346E+02  0.81838E+01 -0.59828E-01 -0.64425E+01      982.00
  0.18820E+00  0.56508E+02    0.10000E+00  0.10000E+00 -0.20000E+00  0.00000E+00  0.00000E+00  0.00000E+00    0.14804E+02  0.20689E+02 -0.35493E+02  0.82425E+01  0.76112E-01 -0.65555E+01      982.00
  0.21175E+00  0.56788E+02    0.11250E+00  0.11250E+00 -0.22500E+00  0.00000E+00  0.00000E+00  0.00000E+00    0.14972E+02  0.20687E+02 -0.35659E+02  0.82924E+01  0.17894E+00 -0.66572E+01      982.00
  0.23530E+00  0.57088E+02    0.12500E+00  0.12500E+00 -0.25000E+00  0.00000E+00  0.00000E+00  0.00000E+00    0.15094E+02  0.20744E+02 -0.35838E+02  0.83329E+01  0.26709E+00 -0.67508E+01      982.00
  0.25884E+00  0.57406E+02    0.13750E+00  0.13750E+00 -0.27500E+00  0.00000E+00  0.00000E+00  0.00000E+00    0.15190E+02  0.20839E+02 -0.36028E+02  0.83680E+01  0.35897E+00 -0.68430E+01      982.00
  0.28238E+00  0.57738E+02    0.15000E+00  0.15000E+00 -0.30000E+00  0.00000E+00  0.00000E+00  0.00000E+00    0.15277E+02  0.20955E+02 -0.36232E+02  0.83887E+01  0.45604E+00 -0.69285E+01      982.00
  0.30591E+00  0.58077E+02    0.16250E+00  0.16250E+00 -0.32500E+00  0.00000E+00  0.00000E+00  0.00000E+00    0.15362E+02  0.21083E+02 -0.36445E+02  0.83975E+01  0.56337E+00 -0.70086E+01      982.00
  0.32944E+00  0.58422E+02    0.17500E+00  0.17500E+00 -0.35000E+00  0.00000E+00  0.00000E+00  0.00000E+00    0.15450E+02  0.21215E+02 -0.36664E+02  0.83981E+01  0.68692E+00 -0.70863E+01      982.00
  0.35298E+00  0.58767E+02    0.18750E+00  0.18750E+00 -0.37500E+00  0.00000E+00  0.00000E+00  0.00000E+00    0.15543E+02  0.21343E+02 -0.36886E+02  0.83897E+01  0.82565E+00 -0.71600E+01      982.00
  0.37651E+00  0.59108E+02    0.20000E+00  0.20000E+00 -0.40000E+00  0.00000E+00  0.00000E+00  0.00000E+00    0.15645E+02  0.21464E+02 -0.37109E+02  0.83714E+01  0.97784E+00 -0.72289E+01      982.00
  0.40006E+00  0.59443E+02    0.21250E+00  0.21250E+00 -0.42500E+00  0.00000E+00  0.00000E+00  0.00000E+00    0.15764E+02  0.21569E+02 -0.37333E+02  0.83406E+01  0.11445E+01 -0.72928E+01      982.00
  0.42361E+00  0.59771E+02    0.22500E+00  0.22500E+00 -0.45000E+00  0.00000E+00  0.00000E+00  0.00000E+00    0.15890E+02  0.21665E+02 -0.37556E+02  0.83012E+01  0.13178E+01 -0.73516E+01      982.00
  0.44717E+00  0.60090E+02    0.23750E+00  0.23750E+00 -0.47500E+00  0.00000E+00  0.00000E+00  0.00000E+00    0.16034E+02  0.21743E+02 -0.37777E+02  0.82493E+01  0.15017E+01 -0.74059E+01      982.00
  0.47075E+00  0.60402E+02    0.25000E+00  0.25000E+00 -0.50000E+00  0.00000E+00  0.00000E+00  0.00000E+00    0.16183E+02  0.21812E+02 -0.37995E+02  0.81891E+01  0.16876E+01 -0.74556E+01      982.00
  0.49434E+00  0.60705E+02    0.26250E+00  0.26250E+00 -0.52500E+00  0.00000E+00  0.00000E+00  0.00000E+00    0.16346E+02  0.21864E+02 -0.38211E+02  0.81173E+01  0.18802E+01 -0.75018E+01      982.00
  0.51794E+00  0.61000E+02    0.27500E+00  0.27500E+00 -0.55000E+00  0.00000E+00  0.00000E+00  0.00000E+00    0.16518E+02  0.21906E+02 -0.38423E+02  0.80362E+01  0.20741E+01 -0.75445E+01      982.00
  0.54156E+00  0.61287E+02    0.28750E+00  0.28750E+00 -0.57500E+00  0.00000E+00  0.00000E+00  0.00000E+00    0.16693E+02  0.21939E+02 -0.38632E+02  0.79468E+01  0.22675E+01 -0.75840E+01      982.00
  0.56520E+00  0.61568E+02    0.30000E+00  0.30000E+00 -0.60000E+00  0.00000E+00  0.00000E+00  0.00000E+00    0.16867E+02  0.21971E+02 -0.38838E+02  0.78517E+01  0.24547E+01 -0.76202E+01      982.00
  0.58885E+00  0.61838E+02    0.31250E+00  0.31250E+00 -0.62500E+00  0.00000E+00  0.00000E+00  0.00000E+00    0.17048E+02  0.21990E+02 -0.39038E+02  0.77465E+01  0.26446E+01 -0.76549E+01      982.00
  0.61253E+00  0.62104E+02    0.32500E+00  0.32500E+00 -0.65000E+00  0.00000E+00  0.00000E+00  0.00000E+00    0.17223E+02  0.22012E+02 -0.39234E+02  0.76371E+01  0.28267E+01 -0.76863E+01      982.00
  0.63622E+00  0.62362E+02    0.33750E+00  0.33750E+00 -0.67500E+00  0.00000E+00  0.00000E+00  0.00000E+00    0.17392E+02  0.22034E+02 -0.39426E+02  0.75230E+01  0.30026E+01 -0.77153E+01      982.00
  0.65993E+00  0.62614E+02    0.35000E+00  0.35000E+00 -0.70000E+00  0.00000E+00  0.00000E+00  0.00000E+00    0.17555E+02  0.22059E+02 -0.39614E+02  0.74053E+01  0.31715E+01 -0.77416E+01      982.00
  0.68365E+00  0.62859E+02    0.36250E+00  0.36250E+00 -0.72500E+00  0.00000E+00  0.00000E+00  0.00000E+00    0.17708E+02  0.22089E+02 -0.39797E+02  0.72848E+01  0.33331E+01 -0.77652E+01      982.00
  0.70739E+00  0.63098E+02    0.37500E+00  0.37500E+00 -0.75000E+00  0.00000E+00  0.00000E+00  0.00000E+00    0.17851E+02  0.22123E+02 -0.39974E+02  0.71623E+01  0.34869E+01 -0.77860E+01      982.00
  0.73115E+00  0.63329E+02    0.38750E+00  0.38750E+00 -0.77500E+00  0.00000E+00  0.00000E+00  0.00000E+00    0.17982E+02  0.22165E+02 -0.40147E+02  0.70388E+01  0.36328E+01 -0.78038E+01      982.00
  0.75492E+00  0.63552E+02    0.40000E+00  0.40000E+00 -0.80000E+00  0.00000E+00  0.00000E+00  0.00000E+00    0.18101E+02  0.22212E+02 -0.40314E+02  0.69148E+01  0.37708E+01 -0.78185E+01      982.00
  0.77871E+00  0.63768E+02    0.41250E+00  0.41250E+00 -0.82500E+00  0.00000E+00  0.00000E+00  0.00000E+00    0.18208E+02  0.22268E+02 -0.40476E+02  0.67910E+01  0.39012E+01 -0.78298E+01      982.00
  0.80251E+00  0.63977E+02    0.42500E+00  0.42500E+00 -0.85000E+00  0.00000E+00  0.00000E+00  0.00000E+00    0.18302E+02  0.22330E+02 -0.40632E+02  0.66678E+01  0.40241E+01 -0.78377E+01      982.00
  0.82633E+00  0.64178E+02    0.43750E+00  0.43750E+00 -0.87500E+00  0.00000E+00  0.00000E+00  0.00000E+00    0.18383E+02  0.22400E+02 -0.40783E+02  0.65457E+01  0.41399E+01 -0.78420E+01      982.00
  0.85016E+00  0.64371E+02    0.45000E+00  0.45000E+00 -0.90000E+00  0.00000E+00  0.00000E+00  0.00000E+00    0.18452E+02  0.22476E+02 -0.40928E+02  0.64251E+01  0.42489E+01 -0.78427E+01      982.00
  0.87400E+00  0.64557E+02    0.46250E+00  0.46250E+00 -0.92500E+00  0.00000E+00  0.00000E+00  0.00000E+00    0.18509E+02  0.22559E+02 -0.41068E+02  0.63062E+01  0.43516E+01 -0.78396E+01      982.00
  0.89786E+00  0.64734E+02    0.47500E+00  0.47500E+00 -0.95000E+00  0.00000E+00  0.00000E+00  0.00000E+00    0.18555E+02  0.22648E+02 -0.41202E+02  0.61892E+01  0.44483E+01 -0.78329E+01      982.00
  0.92173E+00  0.64846E+02    0.48750E+00  0.48750E+00 -0.97500E+00  0.00000E+00  0.00000E+00  0.00000E+00    0.18596E+02  0.22707E+02 -0.41303E+02  0.60476E+01  0.45240E+01 -0.78093E+01      982.00
  0.94561E+00  0.64955E+02    0.50000E+00  0.50000E+00 -0.10000E+01  0.00000E+00  0.00000E+00  0.00000E+00    0.18622E+02  0.22777E+02 -0.41400E+02  0.59145E+01  0.45893E+01 -0.77831E+01      982.00
