          Evm          Svm            E11          E22          E33          E23          E13          E12         SDEV11       SDEV22       SDEV33       SDEV23       SDEV13       SDEV12      TEMP
  0.00000E+00  0.55177E+02    0.00000E+00  0.00000E+00  0.00000E+00  0.00000E+00  0.00000E+00  0.00000E+00    0.14463E+02  0.19615E+02 -0.34078E+02 -0.45121E+01  0.13561E+01  0.10725E+02      982.00
  0.23160E-01  0.55197E+02    0.12500E-01  0.12500E-01 -0.25000E-01  0.00000E+00  0.00000E+00  0.00000E+00    0.14898E+02  0.19182E+02 -0.34081E+02 -0.41075E+01  0.15448E+01  0.10981E+02      982.00
  0.46315E-01  0.55303E+02    0.25000E-01  0.25000E-01 -0.50000E-01  0.00000E+00  0.00000E+00  0.00000E+00    0.15360E+02  0.18756E+02 -0.34116E+02 -0.37268E+01  0.17104E+01  0.11263E+02      982.00
  0.69448E-01  0.55491E+02    0.37500E-01  0.37500E-01 -0.75000E-01  0.00000E+00  0.00000E+00  0.00000E+00    0.15786E+02  0.18392E+02 -0.34178E+02 -0.33947E+01  0.18390E+01  0.11562E+02      982.00
  0.92545E-01  0.55774E+02    0.50000E-01  0.50000E-01 -0.10000E+00  0.00000E+00  0.00000E+00  0.00000E+00    0.16146E+02  0.18132E+02 -0.34278E+02 -0.31150E+01  0.19315E+01  0.11886E+02      982.00
  0.11559E+00  0.56154E+02    0.62500E-01  0.62500E-01 -0.12500E+00  0.00000E+00  0.00000E+00  0.00000E+00    0.16443E+02  0.17975E+02 -0.34418E+02 -0.28765E+01  0.19970E+01  0.12238E+02      982.00
  0.13858E+00  0.56609E+02    0.75000E-01  0.75000E-01 -0.15000E+00  0.00000E+00  0.00000E+00  0.00000E+00    0.16682E+02  0.17912E+02 -0.34595E+02 -0.26745E+01  0.20380E+01  0.12607E+02      982.00
  0.16149E+00  0.57114E+02    0.87500E-01  0.87500E-01 -0.17500E+00  0.00000E+00  0.00000E+00  0.00000E+00    0.16881E+02  0.17916E+02 -0.34796E+02 -0.25007E+01  0.20602E+01  0.12981E+02      982.00
  0.18434E+00  0.57645E+02    0.10000E+00  0.10000E+00 -0.20000E+00  0.00000E+00  0.00000E+00  0.00000E+00    0.17048E+02  0.17964E+02 -0.35012E+02 -0.23504E+01  0.20667E+01  0.13351E+02      982.00
  0.20712E+00  0.58184E+02    0.11250E+00  0.11250E+00 -0.22500E+00  0.00000E+00  0.00000E+00  0.00000E+00    0.17194E+02  0.18041E+02 -0.35235E+02 -0.22205E+01  0.20596E+01  0.13711E+02      982.00
  0.22983E+00  0.58719E+02    0.12500E+00  0.12500E+00 -0.25000E+00  0.00000E+00  0.00000E+00  0.00000E+00    0.17321E+02  0.18137E+02 -0.35458E+02 -0.21282E+01  0.20377E+01  0.14052E+02      982.00
  0.25247E+00  0.59238E+02    0.13750E+00  0.13750E+00 -0.27500E+00  0.00000E+00  0.00000E+00  0.00000E+00    0.17440E+02  0.18238E+02 -0.35678E+02 -0.20569E+01  0.20077E+01  0.14374E+02      982.00
  0.27506E+00  0.59739E+02    0.15000E+00  0.15000E+00 -0.30000E+00  0.00000E+00  0.00000E+00  0.00000E+00    0.17552E+02  0.18337E+02 -0.35889E+02 -0.19897E+01  0.19716E+01  0.14683E+02      982.00
  0.29758E+00  0.60192E+02    0.16250E+00  0.16250E+00 -0.32500E+00  0.00000E+00  0.00000E+00  0.00000E+00    0.17653E+02  0.18431E+02 -0.36084E+02 -0.19709E+01  0.19305E+01  0.14946E+02      982.00
  0.32007E+00  0.60624E+02    0.17500E+00  0.17500E+00 -0.35000E+00  0.00000E+00  0.00000E+00  0.00000E+00    0.17751E+02  0.18516E+02 -0.36266E+02 -0.19346E+01  0.18877E+01  0.15206E+02      982.00
  0.34250E+00  0.61045E+02    0.18750E+00  0.18750E+00 -0.37500E+00  0.00000E+00  0.00000E+00  0.00000E+00    0.17849E+02  0.18596E+02 -0.36445E+02 -0.19225E+01  0.18427E+01  0.15451E+02      982.00
  0.36489E+00  0.61437E+02    0.20000E+00  0.20000E+00 -0.40000E+00  0.00000E+00  0.00000E+00  0.00000E+00    0.17944E+02  0.18667E+02 -0.36611E+02 -0.19186E+01  0.17977E+01  0.15679E+02      982.00
  0.38723E+00  0.61802E+02    0.21250E+00  0.21250E+00 -0.42500E+00  0.00000E+00  0.00000E+00  0.00000E+00    0.18036E+02  0.18726E+02 -0.36762E+02 -0.19104E+01  0.17507E+01  0.15898E+02      982.00
  0.40954E+00  0.62168E+02    0.22500E+00  0.22500E+00 -0.45000E+00  0.00000E+00  0.00000E+00  0.00000E+00    0.18133E+02  0.18778E+02 -0.36911E+02 -0.19091E+01  0.17007E+01  0.16118E+02      982.00
  0.43181E+00  0.62478E+02    0.23750E+00  0.23750E+00 -0.47500E+00  0.00000E+00  0.00000E+00  0.00000E+00    0.18220E+02  0.18819E+02 -0.37039E+02 -0.19196E+01  0.16635E+01  0.16300E+02      982.00
  0.45404E+00  0.62763E+02    0.25000E+00  0.25000E+00 -0.50000E+00  0.00000E+00  0.00000E+00  0.00000E+00    0.18305E+02  0.18850E+02 -0.37155E+02 -0.19296E+01  0.16318E+01  0.16469E+02      982.00
  0.47624E+00  0.63001E+02    0.26250E+00  0.26250E+00 -0.52500E+00  0.00000E+00  0.00000E+00  0.00000E+00    0.18375E+02  0.18880E+02 -0.37255E+02 -0.19553E+01  0.16159E+01  0.16600E+02      982.00
  0.49841E+00  0.63249E+02    0.27500E+00  0.27500E+00 -0.55000E+00  0.00000E+00  0.00000E+00  0.00000E+00    0.18457E+02  0.18896E+02 -0.37353E+02 -0.19633E+01  0.15933E+01  0.16750E+02      982.00
  0.52056E+00  0.63478E+02    0.28750E+00  0.28750E+00 -0.57500E+00  0.00000E+00  0.00000E+00  0.00000E+00    0.18538E+02  0.18905E+02 -0.37443E+02 -0.19699E+01  0.15762E+01  0.16890E+02      982.00
  0.54268E+00  0.63691E+02    0.30000E+00  0.30000E+00 -0.60000E+00  0.00000E+00  0.00000E+00  0.00000E+00    0.18638E+02  0.18882E+02 -0.37521E+02 -0.19594E+01  0.15528E+01  0.17031E+02      982.00
  0.56477E+00  0.63880E+02    0.31250E+00  0.31250E+00 -0.62500E+00  0.00000E+00  0.00000E+00  0.00000E+00    0.18721E+02  0.18873E+02 -0.37594E+02 -0.19638E+01  0.15467E+01  0.17146E+02      982.00
  0.58684E+00  0.64029E+02    0.32500E+00  0.32500E+00 -0.65000E+00  0.00000E+00  0.00000E+00  0.00000E+00    0.18772E+02  0.18883E+02 -0.37654E+02 -0.19801E+01  0.15514E+01  0.17229E+02      982.00
  0.60889E+00  0.64192E+02    0.33750E+00  0.33750E+00 -0.67500E+00  0.00000E+00  0.00000E+00  0.00000E+00    0.18851E+02  0.18866E+02 -0.37717E+02 -0.19830E+01  0.15493E+01  0.17329E+02      982.00
  0.63093E+00  0.64343E+02    0.35000E+00  0.35000E+00 -0.70000E+00  0.00000E+00  0.00000E+00  0.00000E+00    0.18929E+02  0.18846E+02 -0.37775E+02 -0.19855E+01  0.15498E+01  0.17420E+02      982.00
  0.65294E+00  0.64480E+02    0.36250E+00  0.36250E+00 -0.72500E+00  0.00000E+00  0.00000E+00  0.00000E+00    0.19006E+02  0.18822E+02 -0.37828E+02 -0.19880E+01  0.15517E+01  0.17502E+02      982.00
  0.67494E+00  0.64606E+02    0.37500E+00  0.37500E+00 -0.75000E+00  0.00000E+00  0.00000E+00  0.00000E+00    0.19082E+02  0.18794E+02 -0.37876E+02 -0.19906E+01  0.15544E+01  0.17577E+02      982.00
  0.69693E+00  0.64721E+02    0.38750E+00  0.38750E+00 -0.77500E+00  0.00000E+00  0.00000E+00  0.00000E+00    0.19157E+02  0.18764E+02 -0.37921E+02 -0.19936E+01  0.15576E+01  0.17644E+02      982.00
  0.71890E+00  0.64794E+02    0.40000E+00  0.40000E+00 -0.80000E+00  0.00000E+00  0.00000E+00  0.00000E+00    0.19229E+02  0.18722E+02 -0.37951E+02 -0.19931E+01  0.15606E+01  0.17685E+02      982.00
  0.74086E+00  0.64894E+02    0.41250E+00  0.41250E+00 -0.82500E+00  0.00000E+00  0.00000E+00  0.00000E+00    0.19301E+02  0.18689E+02 -0.37991E+02 -0.19979E+01  0.15641E+01  0.17741E+02      982.00
  0.76282E+00  0.64984E+02    0.42500E+00  0.42500E+00 -0.85000E+00  0.00000E+00  0.00000E+00  0.00000E+00    0.19372E+02  0.18655E+02 -0.38027E+02 -0.20032E+01  0.15670E+01  0.17790E+02      982.00
  0.78476E+00  0.65055E+02    0.43750E+00  0.43750E+00 -0.87500E+00  0.00000E+00  0.00000E+00  0.00000E+00    0.19451E+02  0.18605E+02 -0.38056E+02 -0.20070E+01  0.15695E+01  0.17828E+02      982.00
  0.80670E+00  0.65134E+02    0.45000E+00  0.45000E+00 -0.90000E+00  0.00000E+00  0.00000E+00  0.00000E+00    0.19519E+02  0.18570E+02 -0.38089E+02 -0.20138E+01  0.15720E+01  0.17869E+02      982.00
  0.82863E+00  0.65219E+02    0.46250E+00  0.46250E+00 -0.92500E+00  0.00000E+00  0.00000E+00  0.00000E+00    0.19614E+02  0.18510E+02 -0.38124E+02 -0.20216E+01  0.15738E+01  0.17914E+02      982.00
  0.85055E+00  0.65282E+02    0.47500E+00  0.47500E+00 -0.95000E+00  0.00000E+00  0.00000E+00  0.00000E+00    0.19678E+02  0.18473E+02 -0.38151E+02 -0.20294E+01  0.15756E+01  0.17944E+02      982.00
  0.87246E+00  0.65283E+02    0.48750E+00  0.48750E+00 -0.97500E+00  0.00000E+00  0.00000E+00  0.00000E+00    0.19651E+02  0.18502E+02 -0.38153E+02 -0.20255E+01  0.15777E+01  0.17944E+02      982.00
  0.89438E+00  0.65317E+02    0.50000E+00  0.50000E+00 -0.10000E+01  0.00000E+00  0.00000E+00  0.00000E+00    0.19788E+02  0.18373E+02 -0.38161E+02 -0.20286E+01  0.15692E+01  0.17967E+02      982.00
