          Evm          Svm            E11          E22          E33          E23          E13          E12         SDEV11       SDEV22       SDEV33       SDEV23       SDEV13       SDEV12      TEMP
  0.00000E+00  0.60338E+02    0.00000E+00  0.00000E+00  0.00000E+00  0.00000E+00  0.00000E+00  0.00000E+00    0.16613E+02  0.21562E+02 -0.38176E+02  0.60774E+01  0.44589E+01 -0.75884E+01      982.00
  0.23726E-01  0.60250E+02    0.12500E-01  0.12500E-01 -0.25000E-01  0.00000E+00  0.00000E+00  0.00000E+00    0.16868E+02  0.21349E+02 -0.38216E+02  0.58742E+01  0.44635E+01 -0.74296E+01      982.00
  0.47512E-01  0.60203E+02    0.25000E-01  0.25000E-01 -0.50000E-01  0.00000E+00  0.00000E+00  0.00000E+00    0.17048E+02  0.21216E+02 -0.38264E+02  0.58259E+01  0.43318E+01 -0.72796E+01      982.00
  0.71347E-01  0.60241E+02    0.37500E-01  0.37500E-01 -0.75000E-01  0.00000E+00  0.00000E+00  0.00000E+00    0.17127E+02  0.21214E+02 -0.38342E+02  0.58994E+01  0.41287E+01 -0.71455E+01      982.00
  0.95214E-01  0.60354E+02    0.50000E-01  0.50000E-01 -0.10000E+00  0.00000E+00  0.00000E+00  0.00000E+00    0.17224E+02  0.21227E+02 -0.38452E+02  0.60001E+01  0.39571E+01 -0.70449E+01      982.00
  0.11911E+00  0.60522E+02    0.62500E-01  0.62500E-01 -0.12500E+00  0.00000E+00  0.00000E+00  0.00000E+00    0.17297E+02  0.21288E+02 -0.38585E+02  0.61055E+01  0.38078E+01 -0.69716E+01      982.00
  0.14301E+00  0.60732E+02    0.75000E-01  0.75000E-01 -0.15000E+00  0.00000E+00  0.00000E+00  0.00000E+00    0.17352E+02  0.21387E+02 -0.38739E+02  0.61947E+01  0.36863E+01 -0.69218E+01      982.00
  0.16693E+00  0.60980E+02    0.87500E-01  0.87500E-01 -0.17500E+00  0.00000E+00  0.00000E+00  0.00000E+00    0.17389E+02  0.21523E+02 -0.38912E+02  0.62635E+01  0.35898E+01 -0.68927E+01      982.00
  0.19086E+00  0.61261E+02    0.10000E+00  0.10000E+00 -0.20000E+00  0.00000E+00  0.00000E+00  0.00000E+00    0.17408E+02  0.21696E+02 -0.39104E+02  0.63138E+01  0.35118E+01 -0.68805E+01      982.00
  0.21480E+00  0.61565E+02    0.11250E+00  0.11250E+00 -0.22500E+00  0.00000E+00  0.00000E+00  0.00000E+00    0.17416E+02  0.21893E+02 -0.39309E+02  0.63447E+01  0.34530E+01 -0.68808E+01      982.00
  0.23874E+00  0.61890E+02    0.12500E+00  0.12500E+00 -0.25000E+00  0.00000E+00  0.00000E+00  0.00000E+00    0.17416E+02  0.22109E+02 -0.39525E+02  0.63610E+01  0.34106E+01 -0.68918E+01      982.00
  0.26269E+00  0.62229E+02    0.13750E+00  0.13750E+00 -0.27500E+00  0.00000E+00  0.00000E+00  0.00000E+00    0.17406E+02  0.22345E+02 -0.39751E+02  0.63660E+01  0.33776E+01 -0.69081E+01      982.00
  0.28665E+00  0.62574E+02    0.15000E+00  0.15000E+00 -0.30000E+00  0.00000E+00  0.00000E+00  0.00000E+00    0.17396E+02  0.22582E+02 -0.39979E+02  0.63590E+01  0.33596E+01 -0.69284E+01      982.00
  0.31060E+00  0.62919E+02    0.16250E+00  0.16250E+00 -0.32500E+00  0.00000E+00  0.00000E+00  0.00000E+00    0.17385E+02  0.22822E+02 -0.40207E+02  0.63430E+01  0.33516E+01 -0.69494E+01      982.00
  0.33457E+00  0.63260E+02    0.17500E+00  0.17500E+00 -0.35000E+00  0.00000E+00  0.00000E+00  0.00000E+00    0.17369E+02  0.23064E+02 -0.40433E+02  0.63204E+01  0.33481E+01 -0.69682E+01      982.00
  0.35854E+00  0.63590E+02    0.18750E+00  0.18750E+00 -0.37500E+00  0.00000E+00  0.00000E+00  0.00000E+00    0.17353E+02  0.23299E+02 -0.40652E+02  0.62918E+01  0.33518E+01 -0.69848E+01      982.00
  0.38251E+00  0.63908E+02    0.20000E+00  0.20000E+00 -0.40000E+00  0.00000E+00  0.00000E+00  0.00000E+00    0.17343E+02  0.23521E+02 -0.40864E+02  0.62564E+01  0.33660E+01 -0.69994E+01      982.00
  0.40649E+00  0.64210E+02    0.21250E+00  0.21250E+00 -0.42500E+00  0.00000E+00  0.00000E+00  0.00000E+00    0.17332E+02  0.23736E+02 -0.41067E+02  0.62156E+01  0.33800E+01 -0.70083E+01      982.00
  0.43047E+00  0.64490E+02    0.22500E+00  0.22500E+00 -0.45000E+00  0.00000E+00  0.00000E+00  0.00000E+00    0.17316E+02  0.23939E+02 -0.41255E+02  0.61745E+01  0.33987E+01 -0.70150E+01      982.00
  0.45446E+00  0.64761E+02    0.23750E+00  0.23750E+00 -0.47500E+00  0.00000E+00  0.00000E+00  0.00000E+00    0.17310E+02  0.24129E+02 -0.41438E+02  0.61280E+01  0.34261E+01 -0.70188E+01      982.00
  0.47846E+00  0.65008E+02    0.25000E+00  0.25000E+00 -0.50000E+00  0.00000E+00  0.00000E+00  0.00000E+00    0.17295E+02  0.24310E+02 -0.41604E+02  0.60820E+01  0.34533E+01 -0.70184E+01      982.00
  0.50246E+00  0.65244E+02    0.26250E+00  0.26250E+00 -0.52500E+00  0.00000E+00  0.00000E+00  0.00000E+00    0.17277E+02  0.24487E+02 -0.41764E+02  0.60330E+01  0.34851E+01 -0.70136E+01      982.00
  0.52646E+00  0.65474E+02    0.27500E+00  0.27500E+00 -0.55000E+00  0.00000E+00  0.00000E+00  0.00000E+00    0.17261E+02  0.24662E+02 -0.41922E+02  0.59755E+01  0.35219E+01 -0.70012E+01      982.00
  0.55047E+00  0.65675E+02    0.28750E+00  0.28750E+00 -0.57500E+00  0.00000E+00  0.00000E+00  0.00000E+00    0.17255E+02  0.24807E+02 -0.42062E+02  0.59185E+01  0.35557E+01 -0.69896E+01      982.00
  0.57449E+00  0.65864E+02    0.30000E+00  0.30000E+00 -0.60000E+00  0.00000E+00  0.00000E+00  0.00000E+00    0.17248E+02  0.24946E+02 -0.42194E+02  0.58638E+01  0.35928E+01 -0.69779E+01      982.00
  0.59851E+00  0.66037E+02    0.31250E+00  0.31250E+00 -0.62500E+00  0.00000E+00  0.00000E+00  0.00000E+00    0.17240E+02  0.25075E+02 -0.42315E+02  0.58067E+01  0.36288E+01 -0.69624E+01      982.00
  0.62254E+00  0.66197E+02    0.32500E+00  0.32500E+00 -0.65000E+00  0.00000E+00  0.00000E+00  0.00000E+00    0.17229E+02  0.25199E+02 -0.42428E+02  0.57495E+01  0.36647E+01 -0.69445E+01      982.00
  0.64658E+00  0.66345E+02    0.33750E+00  0.33750E+00 -0.67500E+00  0.00000E+00  0.00000E+00  0.00000E+00    0.17217E+02  0.25316E+02 -0.42533E+02  0.56923E+01  0.37003E+01 -0.69246E+01      982.00
  0.67062E+00  0.66481E+02    0.35000E+00  0.35000E+00 -0.70000E+00  0.00000E+00  0.00000E+00  0.00000E+00    0.17202E+02  0.25428E+02 -0.42630E+02  0.56354E+01  0.37356E+01 -0.69026E+01      982.00
  0.69466E+00  0.66606E+02    0.36250E+00  0.36250E+00 -0.72500E+00  0.00000E+00  0.00000E+00  0.00000E+00    0.17184E+02  0.25535E+02 -0.42719E+02  0.55788E+01  0.37704E+01 -0.68789E+01      982.00
  0.71871E+00  0.66724E+02    0.37500E+00  0.37500E+00 -0.75000E+00  0.00000E+00  0.00000E+00  0.00000E+00    0.17171E+02  0.25632E+02 -0.42803E+02  0.55343E+01  0.37906E+01 -0.68613E+01      982.00
  0.74277E+00  0.66831E+02    0.38750E+00  0.38750E+00 -0.77500E+00  0.00000E+00  0.00000E+00  0.00000E+00    0.17146E+02  0.25734E+02 -0.42880E+02  0.54805E+01  0.38230E+01 -0.68340E+01      982.00
  0.76683E+00  0.66930E+02    0.40000E+00  0.40000E+00 -0.80000E+00  0.00000E+00  0.00000E+00  0.00000E+00    0.17120E+02  0.25831E+02 -0.42951E+02  0.54267E+01  0.38560E+01 -0.68056E+01      982.00
  0.79090E+00  0.67027E+02    0.41250E+00  0.41250E+00 -0.82500E+00  0.00000E+00  0.00000E+00  0.00000E+00    0.17086E+02  0.25935E+02 -0.43021E+02  0.53745E+01  0.38885E+01 -0.67707E+01      982.00
  0.81496E+00  0.67109E+02    0.42500E+00  0.42500E+00 -0.85000E+00  0.00000E+00  0.00000E+00  0.00000E+00    0.17055E+02  0.26026E+02 -0.43081E+02  0.53221E+01  0.39200E+01 -0.67394E+01      982.00
  0.83904E+00  0.67185E+02    0.43750E+00  0.43750E+00 -0.87500E+00  0.00000E+00  0.00000E+00  0.00000E+00    0.17024E+02  0.26113E+02 -0.43137E+02  0.52701E+01  0.39515E+01 -0.67070E+01      982.00
  0.86312E+00  0.67254E+02    0.45000E+00  0.45000E+00 -0.90000E+00  0.00000E+00  0.00000E+00  0.00000E+00    0.16991E+02  0.26197E+02 -0.43188E+02  0.52187E+01  0.39827E+01 -0.66736E+01      982.00
  0.88720E+00  0.67255E+02    0.46250E+00  0.46250E+00 -0.92500E+00  0.00000E+00  0.00000E+00  0.00000E+00    0.16962E+02  0.26240E+02 -0.43202E+02  0.51455E+01  0.40008E+01 -0.66280E+01      982.00
  0.91128E+00  0.67259E+02    0.47500E+00  0.47500E+00 -0.95000E+00  0.00000E+00  0.00000E+00  0.00000E+00    0.16922E+02  0.26294E+02 -0.43216E+02  0.50802E+01  0.40155E+01 -0.65809E+01      982.00
  0.93538E+00  0.67259E+02    0.48750E+00  0.48750E+00 -0.97500E+00  0.00000E+00  0.00000E+00  0.00000E+00    0.16888E+02  0.26339E+02 -0.43228E+02  0.50133E+01  0.40307E+01 -0.65370E+01      982.00
  0.95948E+00  0.67258E+02    0.50000E+00  0.50000E+00 -0.10000E+01  0.00000E+00  0.00000E+00  0.00000E+00    0.16855E+02  0.26383E+02 -0.43238E+02  0.49480E+01  0.40463E+01 -0.64936E+01      982.00
