          Evm          Svm            E11          E22          E33          E23          E13          E12         SDEV11       SDEV22       SDEV33       SDEV23       SDEV13       SDEV12      TEMP
  0.00000E+00  0.63937E+02    0.00000E+00  0.00000E+00  0.00000E+00  0.00000E+00  0.00000E+00  0.00000E+00    0.21567E+02  0.20187E+02 -0.41754E+02  0.72825E+01 -0.12512E+01 -0.92991E-01      982.00
  0.24489E-01  0.63676E+02    0.12500E-01  0.12500E-01 -0.25000E-01  0.00000E+00  0.00000E+00  0.00000E+00    0.21768E+02  0.19821E+02 -0.41589E+02  0.71972E+01 -0.12353E+01  0.15953E+00      982.00
  0.48982E-01  0.63527E+02    0.25000E-01  0.25000E-01 -0.50000E-01  0.00000E+00  0.00000E+00  0.00000E+00    0.22031E+02  0.19462E+02 -0.41494E+02  0.71138E+01 -0.12230E+01  0.43185E+00      982.00
  0.73476E-01  0.63443E+02    0.37500E-01  0.37500E-01 -0.75000E-01  0.00000E+00  0.00000E+00  0.00000E+00    0.22368E+02  0.19077E+02 -0.41444E+02  0.69831E+01 -0.11868E+01  0.74714E+00      982.00
  0.97973E-01  0.63433E+02    0.50000E-01  0.50000E-01 -0.10000E+00  0.00000E+00  0.00000E+00  0.00000E+00    0.22760E+02  0.18687E+02 -0.41447E+02  0.68033E+01 -0.11235E+01  0.10946E+01      982.00
  0.12247E+00  0.63458E+02    0.62500E-01  0.62500E-01 -0.12500E+00  0.00000E+00  0.00000E+00  0.00000E+00    0.23175E+02  0.18298E+02 -0.41473E+02  0.65699E+01 -0.10328E+01  0.14632E+01      982.00
  0.14698E+00  0.63481E+02    0.75000E-01  0.75000E-01 -0.15000E+00  0.00000E+00  0.00000E+00  0.00000E+00    0.23580E+02  0.17917E+02 -0.41497E+02  0.62869E+01 -0.91858E+00  0.18416E+01      982.00
  0.17150E+00  0.63513E+02    0.87500E-01  0.87500E-01 -0.17500E+00  0.00000E+00  0.00000E+00  0.00000E+00    0.23946E+02  0.17578E+02 -0.41524E+02  0.59853E+01 -0.79976E+00  0.22041E+01      982.00
  0.19601E+00  0.63554E+02    0.10000E+00  0.10000E+00 -0.20000E+00  0.00000E+00  0.00000E+00  0.00000E+00    0.24257E+02  0.17294E+02 -0.41551E+02  0.56969E+01 -0.68778E+00  0.25377E+01      982.00
  0.22053E+00  0.63634E+02    0.11250E+00  0.11250E+00 -0.22500E+00  0.00000E+00  0.00000E+00  0.00000E+00    0.24520E+02  0.17080E+02 -0.41600E+02  0.54414E+01 -0.58424E+00  0.28377E+01      982.00
  0.24505E+00  0.63754E+02    0.12500E+00  0.12500E+00 -0.25000E+00  0.00000E+00  0.00000E+00  0.00000E+00    0.24728E+02  0.16942E+02 -0.41671E+02  0.52515E+01 -0.50857E+00  0.30893E+01      982.00
  0.26956E+00  0.63943E+02    0.13750E+00  0.13750E+00 -0.27500E+00  0.00000E+00  0.00000E+00  0.00000E+00    0.24912E+02  0.16874E+02 -0.41786E+02  0.51012E+01 -0.43922E+00  0.33150E+01      982.00
  0.29406E+00  0.64158E+02    0.15000E+00  0.15000E+00 -0.30000E+00  0.00000E+00  0.00000E+00  0.00000E+00    0.25062E+02  0.16855E+02 -0.41916E+02  0.50020E+01 -0.39068E+00  0.35101E+01      982.00
  0.31856E+00  0.64398E+02    0.16250E+00  0.16250E+00 -0.32500E+00  0.00000E+00  0.00000E+00  0.00000E+00    0.25189E+02  0.16875E+02 -0.42064E+02  0.49319E+01 -0.34625E+00  0.36842E+01      982.00
  0.34306E+00  0.64673E+02    0.17500E+00  0.17500E+00 -0.35000E+00  0.00000E+00  0.00000E+00  0.00000E+00    0.25308E+02  0.16926E+02 -0.42234E+02  0.48962E+01 -0.31726E+00  0.38432E+01      982.00
  0.36755E+00  0.64929E+02    0.18750E+00  0.18750E+00 -0.37500E+00  0.00000E+00  0.00000E+00  0.00000E+00    0.25401E+02  0.16991E+02 -0.42392E+02  0.48733E+01 -0.28604E+00  0.39942E+01      982.00
  0.39203E+00  0.65192E+02    0.20000E+00  0.20000E+00 -0.40000E+00  0.00000E+00  0.00000E+00  0.00000E+00    0.25485E+02  0.17069E+02 -0.42554E+02  0.48717E+01 -0.26791E+00  0.41292E+01      982.00
  0.41651E+00  0.65439E+02    0.21250E+00  0.21250E+00 -0.42500E+00  0.00000E+00  0.00000E+00  0.00000E+00    0.25554E+02  0.17152E+02 -0.42705E+02  0.48783E+01 -0.25498E+00  0.42547E+01      982.00
  0.44098E+00  0.65663E+02    0.22500E+00  0.22500E+00 -0.45000E+00  0.00000E+00  0.00000E+00  0.00000E+00    0.25610E+02  0.17233E+02 -0.42843E+02  0.48878E+01 -0.24624E+00  0.43654E+01      982.00
  0.46545E+00  0.65883E+02    0.23750E+00  0.23750E+00 -0.47500E+00  0.00000E+00  0.00000E+00  0.00000E+00    0.25658E+02  0.17320E+02 -0.42978E+02  0.49069E+01 -0.23986E+00  0.44768E+01      982.00
  0.48991E+00  0.66073E+02    0.25000E+00  0.25000E+00 -0.50000E+00  0.00000E+00  0.00000E+00  0.00000E+00    0.25687E+02  0.17404E+02 -0.43091E+02  0.49310E+01 -0.22717E+00  0.45866E+01      982.00
  0.51437E+00  0.66262E+02    0.26250E+00  0.26250E+00 -0.52500E+00  0.00000E+00  0.00000E+00  0.00000E+00    0.25718E+02  0.17488E+02 -0.43206E+02  0.49555E+01 -0.22507E+00  0.46853E+01      982.00
  0.53882E+00  0.66430E+02    0.27500E+00  0.27500E+00 -0.55000E+00  0.00000E+00  0.00000E+00  0.00000E+00    0.25738E+02  0.17568E+02 -0.43307E+02  0.49829E+01 -0.22524E+00  0.47793E+01      982.00
  0.56326E+00  0.66588E+02    0.28750E+00  0.28750E+00 -0.57500E+00  0.00000E+00  0.00000E+00  0.00000E+00    0.25746E+02  0.17652E+02 -0.43399E+02  0.50145E+01 -0.21958E+00  0.48806E+01      982.00
  0.58771E+00  0.66733E+02    0.30000E+00  0.30000E+00 -0.60000E+00  0.00000E+00  0.00000E+00  0.00000E+00    0.25757E+02  0.17728E+02 -0.43485E+02  0.50425E+01 -0.22201E+00  0.49650E+01      982.00
  0.61214E+00  0.66866E+02    0.31250E+00  0.31250E+00 -0.62500E+00  0.00000E+00  0.00000E+00  0.00000E+00    0.25761E+02  0.17802E+02 -0.43563E+02  0.50711E+01 -0.22660E+00  0.50454E+01      982.00
  0.63657E+00  0.66984E+02    0.32500E+00  0.32500E+00 -0.65000E+00  0.00000E+00  0.00000E+00  0.00000E+00    0.25761E+02  0.17870E+02 -0.43631E+02  0.50991E+01 -0.23273E+00  0.51219E+01      982.00
  0.66100E+00  0.67099E+02    0.33750E+00  0.33750E+00 -0.67500E+00  0.00000E+00  0.00000E+00  0.00000E+00    0.25760E+02  0.17938E+02 -0.43698E+02  0.51266E+01 -0.23988E+00  0.51955E+01      982.00
  0.68542E+00  0.67181E+02    0.35000E+00  0.35000E+00 -0.70000E+00  0.00000E+00  0.00000E+00  0.00000E+00    0.25754E+02  0.17991E+02 -0.43745E+02  0.51483E+01 -0.24475E+00  0.52535E+01      982.00
  0.70984E+00  0.67282E+02    0.36250E+00  0.36250E+00 -0.72500E+00  0.00000E+00  0.00000E+00  0.00000E+00    0.25748E+02  0.18055E+02 -0.43803E+02  0.51747E+01 -0.25377E+00  0.53223E+01      982.00
  0.73425E+00  0.67363E+02    0.37500E+00  0.37500E+00 -0.75000E+00  0.00000E+00  0.00000E+00  0.00000E+00    0.25735E+02  0.18113E+02 -0.43847E+02  0.52006E+01 -0.26315E+00  0.53867E+01      982.00
  0.75866E+00  0.67439E+02    0.38750E+00  0.38750E+00 -0.77500E+00  0.00000E+00  0.00000E+00  0.00000E+00    0.25709E+02  0.18178E+02 -0.43887E+02  0.52361E+01 -0.26813E+00  0.54606E+01      982.00
  0.78306E+00  0.67516E+02    0.40000E+00  0.40000E+00 -0.80000E+00  0.00000E+00  0.00000E+00  0.00000E+00    0.25694E+02  0.18234E+02 -0.43929E+02  0.52629E+01 -0.27872E+00  0.55200E+01      982.00
  0.80746E+00  0.67587E+02    0.41250E+00  0.41250E+00 -0.82500E+00  0.00000E+00  0.00000E+00  0.00000E+00    0.25680E+02  0.18288E+02 -0.43968E+02  0.52861E+01 -0.29055E+00  0.55762E+01      982.00
  0.83186E+00  0.67649E+02    0.42500E+00  0.42500E+00 -0.85000E+00  0.00000E+00  0.00000E+00  0.00000E+00    0.25661E+02  0.18340E+02 -0.44001E+02  0.53096E+01 -0.30277E+00  0.56306E+01      982.00
  0.85625E+00  0.67708E+02    0.43750E+00  0.43750E+00 -0.87500E+00  0.00000E+00  0.00000E+00  0.00000E+00    0.25643E+02  0.18390E+02 -0.44033E+02  0.53328E+01 -0.31566E+00  0.56822E+01      982.00
  0.88064E+00  0.67763E+02    0.45000E+00  0.45000E+00 -0.90000E+00  0.00000E+00  0.00000E+00  0.00000E+00    0.25622E+02  0.18439E+02 -0.44062E+02  0.53561E+01 -0.32892E+00  0.57321E+01      982.00
  0.90502E+00  0.67762E+02    0.46250E+00  0.46250E+00 -0.92500E+00  0.00000E+00  0.00000E+00  0.00000E+00    0.25583E+02  0.18476E+02 -0.44059E+02  0.53187E+01 -0.34724E+00  0.57972E+01      982.00
  0.92940E+00  0.67745E+02    0.47500E+00  0.47500E+00 -0.95000E+00  0.00000E+00  0.00000E+00  0.00000E+00    0.25548E+02  0.18498E+02 -0.44046E+02  0.53078E+01 -0.36007E+00  0.58323E+01      982.00
  0.95379E+00  0.67738E+02    0.48750E+00  0.48750E+00 -0.97500E+00  0.00000E+00  0.00000E+00  0.00000E+00    0.25516E+02  0.18523E+02 -0.44039E+02  0.53014E+01 -0.37294E+00  0.58690E+01      982.00
  0.97817E+00  0.67730E+02    0.50000E+00  0.50000E+00 -0.10000E+01  0.00000E+00  0.00000E+00  0.00000E+00    0.25483E+02  0.18548E+02 -0.44031E+02  0.52973E+01 -0.38640E+00  0.59030E+01      982.00
