          Evm          Svm            E11          E22          E33          E23          E13          E12         SDEV11       SDEV22       SDEV33       SDEV23       SDEV13       SDEV12      TEMP
  0.00000E+00  0.63934E+02    0.00000E+00  0.00000E+00  0.00000E+00  0.00000E+00  0.00000E+00  0.00000E+00    0.20908E+02  0.20845E+02 -0.41752E+02 -0.63814E+01  0.37224E+01  0.69174E+00      982.00
  0.24490E-01  0.63678E+02    0.12500E-01  0.12500E-01 -0.25000E-01  0.00000E+00  0.00000E+00  0.00000E+00    0.21125E+02  0.20467E+02 -0.41591E+02 -0.63058E+01  0.36797E+01  0.92656E+00      982.00
  0.48983E-01  0.63525E+02    0.25000E-01  0.25000E-01 -0.50000E-01  0.00000E+00  0.00000E+00  0.00000E+00    0.21398E+02  0.20095E+02 -0.41493E+02 -0.62345E+01  0.36361E+01  0.11856E+01      982.00
  0.73476E-01  0.63445E+02    0.37500E-01  0.37500E-01 -0.75000E-01  0.00000E+00  0.00000E+00  0.00000E+00    0.21748E+02  0.19698E+02 -0.41446E+02 -0.61107E+01  0.35798E+01  0.14864E+01      982.00
  0.97974E-01  0.63431E+02    0.50000E-01  0.50000E-01 -0.10000E+00  0.00000E+00  0.00000E+00  0.00000E+00    0.22158E+02  0.19288E+02 -0.41446E+02 -0.59320E+01  0.35126E+01  0.18111E+01      982.00
  0.12248E+00  0.63455E+02    0.62500E-01  0.62500E-01 -0.12500E+00  0.00000E+00  0.00000E+00  0.00000E+00    0.22603E+02  0.18868E+02 -0.41471E+02 -0.56953E+01  0.34324E+01  0.21425E+01      982.00
  0.14698E+00  0.63486E+02    0.75000E-01  0.75000E-01 -0.15000E+00  0.00000E+00  0.00000E+00  0.00000E+00    0.23059E+02  0.18442E+02 -0.41501E+02 -0.54048E+01  0.33375E+01  0.24634E+01      982.00
  0.17150E+00  0.63515E+02    0.87500E-01  0.87500E-01 -0.17500E+00  0.00000E+00  0.00000E+00  0.00000E+00    0.23490E+02  0.18035E+02 -0.41525E+02 -0.50976E+01  0.32352E+01  0.27482E+01      982.00
  0.19602E+00  0.63553E+02    0.10000E+00  0.10000E+00 -0.20000E+00  0.00000E+00  0.00000E+00  0.00000E+00    0.23883E+02  0.17668E+02 -0.41551E+02 -0.48049E+01  0.31355E+01  0.29838E+01      982.00
  0.22053E+00  0.63631E+02    0.11250E+00  0.11250E+00 -0.22500E+00  0.00000E+00  0.00000E+00  0.00000E+00    0.24243E+02  0.17355E+02 -0.41598E+02 -0.45429E+01  0.30505E+01  0.31662E+01      982.00
  0.24505E+00  0.63755E+02    0.12500E+00  0.12500E+00 -0.25000E+00  0.00000E+00  0.00000E+00  0.00000E+00    0.24558E+02  0.17114E+02 -0.41671E+02 -0.43478E+01  0.29855E+01  0.32929E+01      982.00
  0.26956E+00  0.63939E+02    0.13750E+00  0.13750E+00 -0.27500E+00  0.00000E+00  0.00000E+00  0.00000E+00    0.24858E+02  0.16925E+02 -0.41783E+02 -0.41886E+01  0.29422E+01  0.33779E+01      982.00
  0.29406E+00  0.64162E+02    0.15000E+00  0.15000E+00 -0.30000E+00  0.00000E+00  0.00000E+00  0.00000E+00    0.25133E+02  0.16786E+02 -0.41919E+02 -0.40820E+01  0.29159E+01  0.34282E+01      982.00
  0.31856E+00  0.64402E+02    0.16250E+00  0.16250E+00 -0.32500E+00  0.00000E+00  0.00000E+00  0.00000E+00    0.25388E+02  0.16680E+02 -0.42067E+02 -0.39993E+01  0.29043E+01  0.34509E+01      982.00
  0.34306E+00  0.64665E+02    0.17500E+00  0.17500E+00 -0.35000E+00  0.00000E+00  0.00000E+00  0.00000E+00    0.25631E+02  0.16599E+02 -0.42229E+02 -0.39519E+01  0.29029E+01  0.34558E+01      982.00
  0.36755E+00  0.64937E+02    0.18750E+00  0.18750E+00 -0.37500E+00  0.00000E+00  0.00000E+00  0.00000E+00    0.25861E+02  0.16536E+02 -0.42397E+02 -0.39249E+01  0.29095E+01  0.34471E+01      982.00
  0.39203E+00  0.65194E+02    0.20000E+00  0.20000E+00 -0.40000E+00  0.00000E+00  0.00000E+00  0.00000E+00    0.26078E+02  0.16477E+02 -0.42555E+02 -0.39028E+01  0.29247E+01  0.34232E+01      982.00
  0.41651E+00  0.65440E+02    0.21250E+00  0.21250E+00 -0.42500E+00  0.00000E+00  0.00000E+00  0.00000E+00    0.26276E+02  0.16430E+02 -0.42706E+02 -0.38999E+01  0.29398E+01  0.33946E+01      982.00
  0.44098E+00  0.65673E+02    0.22500E+00  0.22500E+00 -0.45000E+00  0.00000E+00  0.00000E+00  0.00000E+00    0.26461E+02  0.16388E+02 -0.42848E+02 -0.39050E+01  0.29563E+01  0.33602E+01      982.00
  0.46545E+00  0.65866E+02    0.23750E+00  0.23750E+00 -0.47500E+00  0.00000E+00  0.00000E+00  0.00000E+00    0.26623E+02  0.16343E+02 -0.42966E+02 -0.39057E+01  0.29764E+01  0.33194E+01      982.00
  0.48991E+00  0.66071E+02    0.25000E+00  0.25000E+00 -0.50000E+00  0.00000E+00  0.00000E+00  0.00000E+00    0.26785E+02  0.16306E+02 -0.43091E+02 -0.39212E+01  0.29946E+01  0.32782E+01      982.00
  0.51437E+00  0.66261E+02    0.26250E+00  0.26250E+00 -0.52500E+00  0.00000E+00  0.00000E+00  0.00000E+00    0.26935E+02  0.16270E+02 -0.43205E+02 -0.39400E+01  0.30123E+01  0.32349E+01      982.00
  0.53882E+00  0.66434E+02    0.27500E+00  0.27500E+00 -0.55000E+00  0.00000E+00  0.00000E+00  0.00000E+00    0.27074E+02  0.16235E+02 -0.43309E+02 -0.39608E+01  0.30295E+01  0.31898E+01      982.00
  0.56327E+00  0.66590E+02    0.28750E+00  0.28750E+00 -0.57500E+00  0.00000E+00  0.00000E+00  0.00000E+00    0.27212E+02  0.16188E+02 -0.43400E+02 -0.39807E+01  0.30537E+01  0.31348E+01      982.00
  0.58771E+00  0.66737E+02    0.30000E+00  0.30000E+00 -0.60000E+00  0.00000E+00  0.00000E+00  0.00000E+00    0.27334E+02  0.16153E+02 -0.43487E+02 -0.40038E+01  0.30698E+01  0.30881E+01      982.00
  0.61214E+00  0.66864E+02    0.31250E+00  0.31250E+00 -0.62500E+00  0.00000E+00  0.00000E+00  0.00000E+00    0.27444E+02  0.16117E+02 -0.43561E+02 -0.40290E+01  0.30849E+01  0.30401E+01      982.00
  0.63657E+00  0.66987E+02    0.32500E+00  0.32500E+00 -0.65000E+00  0.00000E+00  0.00000E+00  0.00000E+00    0.27549E+02  0.16084E+02 -0.43633E+02 -0.40543E+01  0.30981E+01  0.29932E+01      982.00
  0.66100E+00  0.67100E+02    0.33750E+00  0.33750E+00 -0.67500E+00  0.00000E+00  0.00000E+00  0.00000E+00    0.27648E+02  0.16050E+02 -0.43698E+02 -0.40799E+01  0.31103E+01  0.29464E+01      982.00
  0.68542E+00  0.67203E+02    0.35000E+00  0.35000E+00 -0.70000E+00  0.00000E+00  0.00000E+00  0.00000E+00    0.27741E+02  0.16017E+02 -0.43757E+02 -0.41058E+01  0.31214E+01  0.28997E+01      982.00
  0.70984E+00  0.67278E+02    0.36250E+00  0.36250E+00 -0.72500E+00  0.00000E+00  0.00000E+00  0.00000E+00    0.27812E+02  0.15988E+02 -0.43800E+02 -0.41259E+01  0.31309E+01  0.28607E+01      982.00
  0.73425E+00  0.67366E+02    0.37500E+00  0.37500E+00 -0.75000E+00  0.00000E+00  0.00000E+00  0.00000E+00    0.27894E+02  0.15955E+02 -0.43849E+02 -0.41518E+01  0.31401E+01  0.28147E+01      982.00
  0.75866E+00  0.67440E+02    0.38750E+00  0.38750E+00 -0.77500E+00  0.00000E+00  0.00000E+00  0.00000E+00    0.27978E+02  0.15909E+02 -0.43887E+02 -0.41821E+01  0.31592E+01  0.27570E+01      982.00
  0.78307E+00  0.67518E+02    0.40000E+00  0.40000E+00 -0.80000E+00  0.00000E+00  0.00000E+00  0.00000E+00    0.28052E+02  0.15879E+02 -0.43931E+02 -0.42084E+01  0.31674E+01  0.27120E+01      982.00
  0.80746E+00  0.67587E+02    0.41250E+00  0.41250E+00 -0.82500E+00  0.00000E+00  0.00000E+00  0.00000E+00    0.28120E+02  0.15848E+02 -0.43968E+02 -0.42344E+01  0.31741E+01  0.26680E+01      982.00
  0.83186E+00  0.67650E+02    0.42500E+00  0.42500E+00 -0.85000E+00  0.00000E+00  0.00000E+00  0.00000E+00    0.28184E+02  0.15818E+02 -0.44002E+02 -0.42604E+01  0.31797E+01  0.26245E+01      982.00
  0.85625E+00  0.67709E+02    0.43750E+00  0.43750E+00 -0.87500E+00  0.00000E+00  0.00000E+00  0.00000E+00    0.28245E+02  0.15788E+02 -0.44033E+02 -0.42863E+01  0.31846E+01  0.25816E+01      982.00
  0.88064E+00  0.67763E+02    0.45000E+00  0.45000E+00 -0.90000E+00  0.00000E+00  0.00000E+00  0.00000E+00    0.28302E+02  0.15759E+02 -0.44062E+02 -0.43119E+01  0.31889E+01  0.25392E+01      982.00
  0.90502E+00  0.67762E+02    0.46250E+00  0.46250E+00 -0.92500E+00  0.00000E+00  0.00000E+00  0.00000E+00    0.28358E+02  0.15701E+02 -0.44059E+02 -0.42959E+01  0.31517E+01  0.24902E+01      982.00
  0.92941E+00  0.67747E+02    0.47500E+00  0.47500E+00 -0.95000E+00  0.00000E+00  0.00000E+00  0.00000E+00    0.28383E+02  0.15665E+02 -0.44048E+02 -0.42951E+01  0.31342E+01  0.24564E+01      982.00
  0.95379E+00  0.67736E+02    0.48750E+00  0.48750E+00 -0.97500E+00  0.00000E+00  0.00000E+00  0.00000E+00    0.28408E+02  0.15630E+02 -0.44038E+02 -0.42988E+01  0.31205E+01  0.24220E+01      982.00
  0.97817E+00  0.67726E+02    0.50000E+00  0.50000E+00 -0.10000E+01  0.00000E+00  0.00000E+00  0.00000E+00    0.28432E+02  0.15596E+02 -0.44028E+02 -0.43042E+01  0.31076E+01  0.23876E+01      982.00
