          Evm          Svm            E11          E22          E33          E23          E13          E12         SDEV11       SDEV22       SDEV33       SDEV23       SDEV13       SDEV12      TEMP
  0.00000E+00  0.57703E+02    0.00000E+00  0.00000E+00  0.00000E+00  0.00000E+00  0.00000E+00  0.00000E+00    0.15700E+02  0.20441E+02 -0.36140E+02  0.76260E+01  0.36373E+01 -0.72998E+01      982.00
  0.23487E-01  0.57754E+02    0.12500E-01  0.12500E-01 -0.25000E-01  0.00000E+00  0.00000E+00  0.00000E+00    0.16217E+02  0.20026E+02 -0.36243E+02  0.73771E+01  0.39481E+01 -0.72838E+01      982.00
  0.47019E-01  0.57856E+02    0.25000E-01  0.25000E-01 -0.50000E-01  0.00000E+00  0.00000E+00  0.00000E+00    0.16591E+02  0.19765E+02 -0.36356E+02  0.72852E+01  0.40395E+01 -0.72484E+01      982.00
  0.70584E-01  0.58014E+02    0.37500E-01  0.37500E-01 -0.75000E-01  0.00000E+00  0.00000E+00  0.00000E+00    0.16875E+02  0.19617E+02 -0.36492E+02  0.72820E+01  0.40231E+01 -0.72115E+01      982.00
  0.94173E-01  0.58206E+02    0.50000E-01  0.50000E-01 -0.10000E+00  0.00000E+00  0.00000E+00  0.00000E+00    0.17101E+02  0.19546E+02 -0.36647E+02  0.73052E+01  0.39644E+01 -0.71767E+01      982.00
  0.11778E+00  0.58400E+02    0.62500E-01  0.62500E-01 -0.12500E+00  0.00000E+00  0.00000E+00  0.00000E+00    0.17264E+02  0.19534E+02 -0.36798E+02  0.73355E+01  0.38839E+01 -0.71486E+01      982.00
  0.14141E+00  0.58663E+02    0.75000E-01  0.75000E-01 -0.15000E+00  0.00000E+00  0.00000E+00  0.00000E+00    0.17390E+02  0.19601E+02 -0.36991E+02  0.73588E+01  0.38212E+01 -0.71340E+01      982.00
  0.16506E+00  0.58954E+02    0.87500E-01  0.87500E-01 -0.17500E+00  0.00000E+00  0.00000E+00  0.00000E+00    0.17506E+02  0.19691E+02 -0.37198E+02  0.73728E+01  0.37771E+01 -0.71376E+01      982.00
  0.18872E+00  0.59262E+02    0.10000E+00  0.10000E+00 -0.20000E+00  0.00000E+00  0.00000E+00  0.00000E+00    0.17607E+02  0.19809E+02 -0.37416E+02  0.73697E+01  0.37473E+01 -0.71502E+01      982.00
  0.21240E+00  0.59589E+02    0.11250E+00  0.11250E+00 -0.22500E+00  0.00000E+00  0.00000E+00  0.00000E+00    0.17689E+02  0.19958E+02 -0.37646E+02  0.73559E+01  0.37266E+01 -0.71697E+01      982.00
  0.23609E+00  0.59935E+02    0.12500E+00  0.12500E+00 -0.25000E+00  0.00000E+00  0.00000E+00  0.00000E+00    0.17758E+02  0.20130E+02 -0.37888E+02  0.73335E+01  0.37173E+01 -0.71959E+01      982.00
  0.25979E+00  0.60296E+02    0.13750E+00  0.13750E+00 -0.27500E+00  0.00000E+00  0.00000E+00  0.00000E+00    0.17819E+02  0.20319E+02 -0.38139E+02  0.73033E+01  0.37187E+01 -0.72266E+01      982.00
  0.28351E+00  0.60661E+02    0.15000E+00  0.15000E+00 -0.30000E+00  0.00000E+00  0.00000E+00  0.00000E+00    0.17869E+02  0.20523E+02 -0.38392E+02  0.72668E+01  0.37262E+01 -0.72576E+01      982.00
  0.30725E+00  0.61035E+02    0.16250E+00  0.16250E+00 -0.32500E+00  0.00000E+00  0.00000E+00  0.00000E+00    0.17920E+02  0.20731E+02 -0.38651E+02  0.72237E+01  0.37459E+01 -0.72913E+01      982.00
  0.33099E+00  0.61403E+02    0.17500E+00  0.17500E+00 -0.35000E+00  0.00000E+00  0.00000E+00  0.00000E+00    0.17961E+02  0.20945E+02 -0.38906E+02  0.71762E+01  0.37707E+01 -0.73224E+01      982.00
  0.35475E+00  0.61773E+02    0.18750E+00  0.18750E+00 -0.37500E+00  0.00000E+00  0.00000E+00  0.00000E+00    0.18007E+02  0.21155E+02 -0.39162E+02  0.71221E+01  0.38046E+01 -0.73530E+01      982.00
  0.37853E+00  0.62132E+02    0.20000E+00  0.20000E+00 -0.40000E+00  0.00000E+00  0.00000E+00  0.00000E+00    0.18044E+02  0.21367E+02 -0.39411E+02  0.70636E+01  0.38438E+01 -0.73794E+01      982.00
  0.40231E+00  0.62486E+02    0.21250E+00  0.21250E+00 -0.42500E+00  0.00000E+00  0.00000E+00  0.00000E+00    0.18078E+02  0.21580E+02 -0.39658E+02  0.69979E+01  0.38893E+01 -0.74012E+01      982.00
  0.42611E+00  0.62832E+02    0.22500E+00  0.22500E+00 -0.45000E+00  0.00000E+00  0.00000E+00  0.00000E+00    0.18111E+02  0.21791E+02 -0.39902E+02  0.69215E+01  0.39412E+01 -0.74173E+01      982.00
  0.44993E+00  0.63153E+02    0.23750E+00  0.23750E+00 -0.47500E+00  0.00000E+00  0.00000E+00  0.00000E+00    0.18148E+02  0.21980E+02 -0.40128E+02  0.68482E+01  0.39912E+01 -0.74316E+01      982.00
  0.47375E+00  0.63459E+02    0.25000E+00  0.25000E+00 -0.50000E+00  0.00000E+00  0.00000E+00  0.00000E+00    0.18182E+02  0.22163E+02 -0.40345E+02  0.67723E+01  0.40427E+01 -0.74420E+01      982.00
  0.49760E+00  0.63739E+02    0.26250E+00  0.26250E+00 -0.52500E+00  0.00000E+00  0.00000E+00  0.00000E+00    0.18209E+02  0.22333E+02 -0.40542E+02  0.67055E+01  0.40929E+01 -0.74516E+01      982.00
  0.52145E+00  0.64015E+02    0.27500E+00  0.27500E+00 -0.55000E+00  0.00000E+00  0.00000E+00  0.00000E+00    0.18234E+02  0.22505E+02 -0.40739E+02  0.66264E+01  0.41444E+01 -0.74542E+01      982.00
  0.54531E+00  0.64274E+02    0.28750E+00  0.28750E+00 -0.57500E+00  0.00000E+00  0.00000E+00  0.00000E+00    0.18254E+02  0.22672E+02 -0.40926E+02  0.65451E+01  0.41949E+01 -0.74524E+01      982.00
  0.56919E+00  0.64518E+02    0.30000E+00  0.30000E+00 -0.60000E+00  0.00000E+00  0.00000E+00  0.00000E+00    0.18276E+02  0.22824E+02 -0.41101E+02  0.64758E+01  0.42278E+01 -0.74552E+01      982.00
  0.59308E+00  0.64748E+02    0.31250E+00  0.31250E+00 -0.62500E+00  0.00000E+00  0.00000E+00  0.00000E+00    0.18282E+02  0.22986E+02 -0.41268E+02  0.63951E+01  0.42750E+01 -0.74461E+01      982.00
  0.61698E+00  0.64973E+02    0.32500E+00  0.32500E+00 -0.65000E+00  0.00000E+00  0.00000E+00  0.00000E+00    0.18283E+02  0.23150E+02 -0.41432E+02  0.63138E+01  0.43193E+01 -0.74331E+01      982.00
  0.64089E+00  0.65175E+02    0.33750E+00  0.33750E+00 -0.67500E+00  0.00000E+00  0.00000E+00  0.00000E+00    0.18278E+02  0.23303E+02 -0.41581E+02  0.62320E+01  0.43645E+01 -0.74171E+01      982.00
  0.66482E+00  0.65364E+02    0.35000E+00  0.35000E+00 -0.70000E+00  0.00000E+00  0.00000E+00  0.00000E+00    0.18269E+02  0.23451E+02 -0.41721E+02  0.61499E+01  0.44087E+01 -0.73980E+01      982.00
  0.68875E+00  0.65545E+02    0.36250E+00  0.36250E+00 -0.72500E+00  0.00000E+00  0.00000E+00  0.00000E+00    0.18250E+02  0.23605E+02 -0.41855E+02  0.60689E+01  0.44507E+01 -0.73731E+01      982.00
  0.71270E+00  0.65709E+02    0.37500E+00  0.37500E+00 -0.75000E+00  0.00000E+00  0.00000E+00  0.00000E+00    0.18231E+02  0.23747E+02 -0.41978E+02  0.59874E+01  0.44917E+01 -0.73478E+01      982.00
  0.73666E+00  0.65862E+02    0.38750E+00  0.38750E+00 -0.77500E+00  0.00000E+00  0.00000E+00  0.00000E+00    0.18207E+02  0.23886E+02 -0.42093E+02  0.59060E+01  0.45317E+01 -0.73200E+01      982.00
  0.76062E+00  0.66005E+02    0.40000E+00  0.40000E+00 -0.80000E+00  0.00000E+00  0.00000E+00  0.00000E+00    0.18180E+02  0.24022E+02 -0.42202E+02  0.58252E+01  0.45704E+01 -0.72896E+01      982.00
  0.78460E+00  0.66138E+02    0.41250E+00  0.41250E+00 -0.82500E+00  0.00000E+00  0.00000E+00  0.00000E+00    0.18148E+02  0.24154E+02 -0.42303E+02  0.57451E+01  0.46080E+01 -0.72569E+01      982.00
  0.80859E+00  0.66262E+02    0.42500E+00  0.42500E+00 -0.85000E+00  0.00000E+00  0.00000E+00  0.00000E+00    0.18113E+02  0.24284E+02 -0.42398E+02  0.56657E+01  0.46443E+01 -0.72219E+01      982.00
  0.83258E+00  0.66377E+02    0.43750E+00  0.43750E+00 -0.87500E+00  0.00000E+00  0.00000E+00  0.00000E+00    0.18075E+02  0.24412E+02 -0.42487E+02  0.55871E+01  0.46797E+01 -0.71848E+01      982.00
  0.85658E+00  0.66485E+02    0.45000E+00  0.45000E+00 -0.90000E+00  0.00000E+00  0.00000E+00  0.00000E+00    0.18026E+02  0.24544E+02 -0.42570E+02  0.55125E+01  0.47119E+01 -0.71423E+01      982.00
  0.88060E+00  0.66585E+02    0.46250E+00  0.46250E+00 -0.92500E+00  0.00000E+00  0.00000E+00  0.00000E+00    0.17981E+02  0.24667E+02 -0.42648E+02  0.54362E+01  0.47449E+01 -0.71012E+01      982.00
  0.90461E+00  0.66617E+02    0.47500E+00  0.47500E+00 -0.95000E+00  0.00000E+00  0.00000E+00  0.00000E+00    0.17941E+02  0.24749E+02 -0.42690E+02  0.53366E+01  0.47616E+01 -0.70490E+01      982.00
  0.92865E+00  0.66646E+02    0.48750E+00  0.48750E+00 -0.97500E+00  0.00000E+00  0.00000E+00  0.00000E+00    0.17897E+02  0.24832E+02 -0.42729E+02  0.52415E+01  0.47761E+01 -0.69968E+01      982.00
  0.95269E+00  0.66674E+02    0.50000E+00  0.50000E+00 -0.10000E+01  0.00000E+00  0.00000E+00  0.00000E+00    0.17850E+02  0.24915E+02 -0.42765E+02  0.51494E+01  0.47899E+01 -0.69448E+01      982.00
