          Evm          Svm            E11          E22          E33          E23          E13          E12         SDEV11       SDEV22       SDEV33       SDEV23       SDEV13       SDEV12      TEMP
  0.00000E+00  0.59832E+02    0.00000E+00  0.00000E+00  0.00000E+00  0.00000E+00  0.00000E+00  0.00000E+00    0.16476E+02  0.22573E+02 -0.39049E+02  0.43768E+01 -0.36340E+01  0.28372E+01      982.00
  0.24474E-01  0.59877E+02    0.12500E-01  0.12500E-01 -0.25000E-01  0.00000E+00  0.00000E+00  0.00000E+00    0.17001E+02  0.22101E+02 -0.39102E+02  0.43364E+01 -0.38011E+01  0.29365E+01      982.00
  0.48963E-01  0.60097E+02    0.25000E-01  0.25000E-01 -0.50000E-01  0.00000E+00  0.00000E+00  0.00000E+00    0.17781E+02  0.21476E+02 -0.39256E+02  0.42811E+01 -0.40725E+01  0.31236E+01      982.00
  0.73458E-01  0.60439E+02    0.37500E-01  0.37500E-01 -0.75000E-01  0.00000E+00  0.00000E+00  0.00000E+00    0.18754E+02  0.20710E+02 -0.39464E+02  0.41925E+01 -0.44227E+01  0.33855E+01      982.00
  0.97944E-01  0.60788E+02    0.50000E-01  0.50000E-01 -0.10000E+00  0.00000E+00  0.00000E+00  0.00000E+00    0.19731E+02  0.19927E+02 -0.39658E+02  0.40747E+01 -0.47260E+01  0.36387E+01      982.00
  0.12241E+00  0.61060E+02    0.62500E-01  0.62500E-01 -0.12500E+00  0.00000E+00  0.00000E+00  0.00000E+00    0.20533E+02  0.19274E+02 -0.39807E+02  0.39489E+01 -0.48704E+01  0.38219E+01      982.00
  0.14686E+00  0.61262E+02    0.75000E-01  0.75000E-01 -0.15000E+00  0.00000E+00  0.00000E+00  0.00000E+00    0.21140E+02  0.18785E+02 -0.39925E+02  0.38249E+01 -0.48833E+01  0.39595E+01      982.00
  0.17130E+00  0.61424E+02    0.87500E-01  0.87500E-01 -0.17500E+00  0.00000E+00  0.00000E+00  0.00000E+00    0.21579E+02  0.18449E+02 -0.40028E+02  0.37097E+01 -0.48127E+01  0.40700E+01      982.00
  0.19573E+00  0.61586E+02    0.10000E+00  0.10000E+00 -0.20000E+00  0.00000E+00  0.00000E+00  0.00000E+00    0.21916E+02  0.18220E+02 -0.40136E+02  0.36065E+01 -0.47176E+01  0.41748E+01      982.00
  0.22017E+00  0.61742E+02    0.11250E+00  0.11250E+00 -0.22500E+00  0.00000E+00  0.00000E+00  0.00000E+00    0.22165E+02  0.18078E+02 -0.40243E+02  0.35154E+01 -0.46149E+01  0.42708E+01      982.00
  0.24461E+00  0.61892E+02    0.12500E+00  0.12500E+00 -0.25000E+00  0.00000E+00  0.00000E+00  0.00000E+00    0.22361E+02  0.17984E+02 -0.40344E+02  0.34357E+01 -0.45275E+01  0.43640E+01      982.00
  0.26906E+00  0.62067E+02    0.13750E+00  0.13750E+00 -0.27500E+00  0.00000E+00  0.00000E+00  0.00000E+00    0.22520E+02  0.17940E+02 -0.40460E+02  0.33699E+01 -0.44576E+01  0.44556E+01      982.00
  0.29350E+00  0.62264E+02    0.15000E+00  0.15000E+00 -0.30000E+00  0.00000E+00  0.00000E+00  0.00000E+00    0.22656E+02  0.17933E+02 -0.40589E+02  0.33157E+01 -0.44081E+01  0.45427E+01      982.00
  0.31795E+00  0.62467E+02    0.16250E+00  0.16250E+00 -0.32500E+00  0.00000E+00  0.00000E+00  0.00000E+00    0.22767E+02  0.17953E+02 -0.40720E+02  0.32801E+01 -0.43903E+01  0.46172E+01      982.00
  0.34239E+00  0.62682E+02    0.17500E+00  0.17500E+00 -0.35000E+00  0.00000E+00  0.00000E+00  0.00000E+00    0.22868E+02  0.17987E+02 -0.40855E+02  0.32482E+01 -0.43902E+01  0.46925E+01      982.00
  0.36684E+00  0.62873E+02    0.18750E+00  0.18750E+00 -0.37500E+00  0.00000E+00  0.00000E+00  0.00000E+00    0.22947E+02  0.18026E+02 -0.40973E+02  0.32309E+01 -0.44155E+01  0.47520E+01      982.00
  0.39127E+00  0.63038E+02    0.20000E+00  0.20000E+00 -0.40000E+00  0.00000E+00  0.00000E+00  0.00000E+00    0.23009E+02  0.18062E+02 -0.41071E+02  0.32230E+01 -0.44582E+01  0.48029E+01      982.00
  0.41571E+00  0.63198E+02    0.21250E+00  0.21250E+00 -0.42500E+00  0.00000E+00  0.00000E+00  0.00000E+00    0.23060E+02  0.18107E+02 -0.41167E+02  0.32174E+01 -0.45086E+01  0.48455E+01      982.00
  0.44013E+00  0.63338E+02    0.22500E+00  0.22500E+00 -0.45000E+00  0.00000E+00  0.00000E+00  0.00000E+00    0.23098E+02  0.18150E+02 -0.41248E+02  0.32159E+01 -0.45714E+01  0.48818E+01      982.00
  0.46456E+00  0.63454E+02    0.23750E+00  0.23750E+00 -0.47500E+00  0.00000E+00  0.00000E+00  0.00000E+00    0.23122E+02  0.18193E+02 -0.41314E+02  0.32204E+01 -0.46314E+01  0.49062E+01      982.00
  0.48897E+00  0.63553E+02    0.25000E+00  0.25000E+00 -0.50000E+00  0.00000E+00  0.00000E+00  0.00000E+00    0.23137E+02  0.18229E+02 -0.41366E+02  0.32254E+01 -0.47150E+01  0.49316E+01      982.00
  0.51338E+00  0.63629E+02    0.26250E+00  0.26250E+00 -0.52500E+00  0.00000E+00  0.00000E+00  0.00000E+00    0.23139E+02  0.18262E+02 -0.41402E+02  0.32328E+01 -0.48056E+01  0.49493E+01      982.00
  0.53778E+00  0.63666E+02    0.27500E+00  0.27500E+00 -0.55000E+00  0.00000E+00  0.00000E+00  0.00000E+00    0.23121E+02  0.18291E+02 -0.41411E+02  0.32436E+01 -0.49029E+01  0.49551E+01      982.00
  0.56217E+00  0.63687E+02    0.28750E+00  0.28750E+00 -0.57500E+00  0.00000E+00  0.00000E+00  0.00000E+00    0.23096E+02  0.18312E+02 -0.41408E+02  0.32548E+01 -0.50093E+01  0.49586E+01      982.00
  0.58655E+00  0.63674E+02    0.30000E+00  0.30000E+00 -0.60000E+00  0.00000E+00  0.00000E+00  0.00000E+00    0.23053E+02  0.18332E+02 -0.41385E+02  0.32681E+01 -0.51165E+01  0.49504E+01      982.00
  0.61093E+00  0.63639E+02    0.31250E+00  0.31250E+00 -0.62500E+00  0.00000E+00  0.00000E+00  0.00000E+00    0.23003E+02  0.18341E+02 -0.41343E+02  0.32815E+01 -0.52368E+01  0.49393E+01      982.00
  0.63529E+00  0.63577E+02    0.32500E+00  0.32500E+00 -0.65000E+00  0.00000E+00  0.00000E+00  0.00000E+00    0.22940E+02  0.18343E+02 -0.41283E+02  0.32959E+01 -0.53639E+01  0.49204E+01      982.00
  0.65964E+00  0.63471E+02    0.33750E+00  0.33750E+00 -0.67500E+00  0.00000E+00  0.00000E+00  0.00000E+00    0.22853E+02  0.18342E+02 -0.41195E+02  0.33118E+01 -0.54926E+01  0.48862E+01      982.00
  0.68398E+00  0.63347E+02    0.35000E+00  0.35000E+00 -0.70000E+00  0.00000E+00  0.00000E+00  0.00000E+00    0.22762E+02  0.18330E+02 -0.41092E+02  0.33275E+01 -0.56305E+01  0.48494E+01      982.00
  0.70830E+00  0.63192E+02    0.36250E+00  0.36250E+00 -0.72500E+00  0.00000E+00  0.00000E+00  0.00000E+00    0.22656E+02  0.18312E+02 -0.40968E+02  0.33440E+01 -0.57734E+01  0.48024E+01      982.00
  0.73262E+00  0.63002E+02    0.37500E+00  0.37500E+00 -0.75000E+00  0.00000E+00  0.00000E+00  0.00000E+00    0.22535E+02  0.18286E+02 -0.40820E+02  0.33611E+01 -0.59203E+01  0.47443E+01      982.00
  0.75691E+00  0.62767E+02    0.38750E+00  0.38750E+00 -0.77500E+00  0.00000E+00  0.00000E+00  0.00000E+00    0.22390E+02  0.18255E+02 -0.40645E+02  0.33799E+01 -0.60627E+01  0.46677E+01      982.00
  0.78120E+00  0.62502E+02    0.40000E+00  0.40000E+00 -0.80000E+00  0.00000E+00  0.00000E+00  0.00000E+00    0.22235E+02  0.18213E+02 -0.40447E+02  0.33988E+01 -0.62119E+01  0.45832E+01      982.00
  0.80546E+00  0.62197E+02    0.41250E+00  0.41250E+00 -0.82500E+00  0.00000E+00  0.00000E+00  0.00000E+00    0.22062E+02  0.18161E+02 -0.40223E+02  0.34190E+01 -0.63597E+01  0.44833E+01      982.00
  0.82971E+00  0.61847E+02    0.42500E+00  0.42500E+00 -0.85000E+00  0.00000E+00  0.00000E+00  0.00000E+00    0.21870E+02  0.18101E+02 -0.39971E+02  0.34418E+01 -0.65023E+01  0.43653E+01      982.00
  0.85395E+00  0.61451E+02    0.43750E+00  0.43750E+00 -0.87500E+00  0.00000E+00  0.00000E+00  0.00000E+00    0.21659E+02  0.18031E+02 -0.39691E+02  0.34669E+01 -0.66363E+01  0.42278E+01      982.00
  0.87817E+00  0.60955E+02    0.45000E+00  0.45000E+00 -0.90000E+00  0.00000E+00  0.00000E+00  0.00000E+00    0.21420E+02  0.17936E+02 -0.39356E+02  0.34751E+01 -0.67242E+01  0.40612E+01      982.00
  0.90238E+00  0.60403E+02    0.46250E+00  0.46250E+00 -0.92500E+00  0.00000E+00  0.00000E+00  0.00000E+00    0.21147E+02  0.17840E+02 -0.38987E+02  0.34903E+01 -0.68056E+01  0.38672E+01      982.00
  0.92659E+00  0.59790E+02    0.47500E+00  0.47500E+00 -0.95000E+00  0.00000E+00  0.00000E+00  0.00000E+00    0.20852E+02  0.17737E+02 -0.38589E+02  0.35173E+01 -0.68369E+01  0.36373E+01      982.00
  0.95079E+00  0.59176E+02    0.48750E+00  0.48750E+00 -0.97500E+00  0.00000E+00  0.00000E+00  0.00000E+00    0.20594E+02  0.17598E+02 -0.38192E+02  0.35461E+01 -0.68458E+01  0.34032E+01      982.00
  0.97499E+00  0.58494E+02    0.50000E+00  0.50000E+00 -0.10000E+01  0.00000E+00  0.00000E+00  0.00000E+00    0.20294E+02  0.17463E+02 -0.37757E+02  0.35797E+01 -0.68326E+01  0.31338E+01      982.00
