          Evm          Svm            E11          E22          E33          E23          E13          E12         SDEV11       SDEV22       SDEV33       SDEV23       SDEV13       SDEV12      TEMP
  0.00000E+00  0.56105E+02    0.00000E+00  0.00000E+00  0.00000E+00  0.00000E+00  0.00000E+00  0.00000E+00    0.11745E+02  0.24092E+02 -0.35837E+02  0.32643E+01  0.14900E+01 -0.59202E+01      982.00
  0.23953E-01  0.56007E+02    0.12500E-01  0.12500E-01 -0.25000E-01  0.00000E+00  0.00000E+00  0.00000E+00    0.11556E+02  0.24131E+02 -0.35687E+02  0.32549E+01  0.12011E+01 -0.62324E+01      982.00
  0.47848E-01  0.55970E+02    0.25000E-01  0.25000E-01 -0.50000E-01  0.00000E+00  0.00000E+00  0.00000E+00    0.11414E+02  0.24166E+02 -0.35581E+02  0.32599E+01  0.96205E+00 -0.65194E+01      982.00
  0.71687E-01  0.56007E+02    0.37500E-01  0.37500E-01 -0.75000E-01  0.00000E+00  0.00000E+00  0.00000E+00    0.11316E+02  0.24209E+02 -0.35525E+02  0.32589E+01  0.73548E+00 -0.68088E+01      982.00
  0.95473E-01  0.56120E+02    0.50000E-01  0.50000E-01 -0.10000E+00  0.00000E+00  0.00000E+00  0.00000E+00    0.11258E+02  0.24262E+02 -0.35521E+02  0.32471E+01  0.52471E+00 -0.71016E+01      982.00
  0.11921E+00  0.56313E+02    0.62500E-01  0.62500E-01 -0.12500E+00  0.00000E+00  0.00000E+00  0.00000E+00    0.11236E+02  0.24334E+02 -0.35570E+02  0.32134E+01  0.31907E+00 -0.74046E+01      982.00
  0.14290E+00  0.56581E+02    0.75000E-01  0.75000E-01 -0.15000E+00  0.00000E+00  0.00000E+00  0.00000E+00    0.11243E+02  0.24425E+02 -0.35669E+02  0.31546E+01  0.12212E+00 -0.77143E+01      982.00
  0.16654E+00  0.56919E+02    0.87500E-01  0.87500E-01 -0.17500E+00  0.00000E+00  0.00000E+00  0.00000E+00    0.11274E+02  0.24541E+02 -0.35815E+02  0.30655E+01 -0.70934E-01 -0.80318E+01      982.00
  0.19013E+00  0.57321E+02    0.10000E+00  0.10000E+00 -0.20000E+00  0.00000E+00  0.00000E+00  0.00000E+00    0.11319E+02  0.24682E+02 -0.36001E+02  0.29426E+01 -0.26777E+00 -0.83543E+01      982.00
  0.21368E+00  0.57773E+02    0.11250E+00  0.11250E+00 -0.22500E+00  0.00000E+00  0.00000E+00  0.00000E+00    0.11377E+02  0.24844E+02 -0.36221E+02  0.27924E+01 -0.45903E+00 -0.86744E+01      982.00
  0.23719E+00  0.58262E+02    0.12500E+00  0.12500E+00 -0.25000E+00  0.00000E+00  0.00000E+00  0.00000E+00    0.11439E+02  0.25027E+02 -0.36465E+02  0.26148E+01 -0.65454E+00 -0.89878E+01      982.00
  0.26066E+00  0.58777E+02    0.13750E+00  0.13750E+00 -0.27500E+00  0.00000E+00  0.00000E+00  0.00000E+00    0.11510E+02  0.25219E+02 -0.36729E+02  0.24209E+01 -0.84076E+00 -0.92889E+01      982.00
  0.28410E+00  0.59306E+02    0.15000E+00  0.15000E+00 -0.30000E+00  0.00000E+00  0.00000E+00  0.00000E+00    0.11583E+02  0.25421E+02 -0.37004E+02  0.22112E+01 -0.10283E+01 -0.95729E+01      982.00
  0.30750E+00  0.59840E+02    0.16250E+00  0.16250E+00 -0.32500E+00  0.00000E+00  0.00000E+00  0.00000E+00    0.11665E+02  0.25621E+02 -0.37286E+02  0.19979E+01 -0.12007E+01 -0.98385E+01      982.00
  0.33086E+00  0.60370E+02    0.17500E+00  0.17500E+00 -0.35000E+00  0.00000E+00  0.00000E+00  0.00000E+00    0.11750E+02  0.25821E+02 -0.37571E+02  0.17786E+01 -0.13706E+01 -0.10081E+02      982.00
  0.35420E+00  0.60891E+02    0.18750E+00  0.18750E+00 -0.37500E+00  0.00000E+00  0.00000E+00  0.00000E+00    0.11843E+02  0.26012E+02 -0.37855E+02  0.15662E+01 -0.15199E+01 -0.10304E+02      982.00
  0.37751E+00  0.61395E+02    0.20000E+00  0.20000E+00 -0.40000E+00  0.00000E+00  0.00000E+00  0.00000E+00    0.11941E+02  0.26195E+02 -0.38135E+02  0.13530E+01 -0.16635E+01 -0.10503E+02      982.00
  0.40081E+00  0.61883E+02    0.21250E+00  0.21250E+00 -0.42500E+00  0.00000E+00  0.00000E+00  0.00000E+00    0.12045E+02  0.26366E+02 -0.38411E+02  0.11550E+01 -0.17833E+01 -0.10686E+02      982.00
  0.42408E+00  0.62349E+02    0.22500E+00  0.22500E+00 -0.45000E+00  0.00000E+00  0.00000E+00  0.00000E+00    0.12153E+02  0.26525E+02 -0.38678E+02  0.96692E+00 -0.18878E+01 -0.10848E+02      982.00
  0.44735E+00  0.62790E+02    0.23750E+00  0.23750E+00 -0.47500E+00  0.00000E+00  0.00000E+00  0.00000E+00    0.12264E+02  0.26670E+02 -0.38934E+02  0.77712E+00 -0.19846E+01 -0.10993E+02      982.00
  0.47060E+00  0.63211E+02    0.25000E+00  0.25000E+00 -0.50000E+00  0.00000E+00  0.00000E+00  0.00000E+00    0.12377E+02  0.26806E+02 -0.39182E+02  0.60748E+00 -0.20607E+01 -0.11125E+02      982.00
  0.49384E+00  0.63612E+02    0.26250E+00  0.26250E+00 -0.52500E+00  0.00000E+00  0.00000E+00  0.00000E+00    0.12490E+02  0.26931E+02 -0.39421E+02  0.44444E+00 -0.21261E+01 -0.11246E+02      982.00
  0.51708E+00  0.63993E+02    0.27500E+00  0.27500E+00 -0.55000E+00  0.00000E+00  0.00000E+00  0.00000E+00    0.12601E+02  0.27048E+02 -0.39649E+02  0.29398E+00 -0.21816E+01 -0.11357E+02      982.00
  0.54032E+00  0.64349E+02    0.28750E+00  0.28750E+00 -0.57500E+00  0.00000E+00  0.00000E+00  0.00000E+00    0.12711E+02  0.27152E+02 -0.39863E+02  0.12740E+00 -0.22393E+01 -0.11457E+02      982.00
  0.56355E+00  0.64689E+02    0.30000E+00  0.30000E+00 -0.60000E+00  0.00000E+00  0.00000E+00  0.00000E+00    0.12819E+02  0.27249E+02 -0.40068E+02 -0.43502E-01 -0.22992E+01 -0.11551E+02      982.00
  0.58677E+00  0.65009E+02    0.31250E+00  0.31250E+00 -0.62500E+00  0.00000E+00  0.00000E+00  0.00000E+00    0.12928E+02  0.27335E+02 -0.40262E+02 -0.23645E+00 -0.23696E+01 -0.11636E+02      982.00
  0.61000E+00  0.65313E+02    0.32500E+00  0.32500E+00 -0.65000E+00  0.00000E+00  0.00000E+00  0.00000E+00    0.13037E+02  0.27410E+02 -0.40446E+02 -0.45776E+00 -0.24558E+01 -0.11709E+02      982.00
  0.63322E+00  0.65602E+02    0.33750E+00  0.33750E+00 -0.67500E+00  0.00000E+00  0.00000E+00  0.00000E+00    0.13149E+02  0.27474E+02 -0.40623E+02 -0.70984E+00 -0.25609E+01 -0.11768E+02      982.00
  0.65644E+00  0.65877E+02    0.35000E+00  0.35000E+00 -0.70000E+00  0.00000E+00  0.00000E+00  0.00000E+00    0.13265E+02  0.27528E+02 -0.40794E+02 -0.98797E+00 -0.26836E+01 -0.11810E+02      982.00
  0.67966E+00  0.66137E+02    0.36250E+00  0.36250E+00 -0.72500E+00  0.00000E+00  0.00000E+00  0.00000E+00    0.13387E+02  0.27570E+02 -0.40957E+02 -0.12850E+01 -0.28203E+01 -0.11834E+02      982.00
  0.70289E+00  0.66381E+02    0.37500E+00  0.37500E+00 -0.75000E+00  0.00000E+00  0.00000E+00  0.00000E+00    0.13514E+02  0.27601E+02 -0.41115E+02 -0.15748E+01 -0.29556E+01 -0.11838E+02      982.00
  0.72611E+00  0.66606E+02    0.38750E+00  0.38750E+00 -0.77500E+00  0.00000E+00  0.00000E+00  0.00000E+00    0.13643E+02  0.27625E+02 -0.41267E+02 -0.18396E+01 -0.30778E+01 -0.11826E+02      982.00
  0.74935E+00  0.66817E+02    0.40000E+00  0.40000E+00 -0.80000E+00  0.00000E+00  0.00000E+00  0.00000E+00    0.13770E+02  0.27644E+02 -0.41414E+02 -0.20779E+01 -0.31848E+01 -0.11800E+02      982.00
  0.77259E+00  0.67015E+02    0.41250E+00  0.41250E+00 -0.82500E+00  0.00000E+00  0.00000E+00  0.00000E+00    0.13893E+02  0.27664E+02 -0.41557E+02 -0.22811E+01 -0.32705E+01 -0.11766E+02      982.00
  0.79585E+00  0.67200E+02    0.42500E+00  0.42500E+00 -0.85000E+00  0.00000E+00  0.00000E+00  0.00000E+00    0.14011E+02  0.27686E+02 -0.41697E+02 -0.24495E+01 -0.33334E+01 -0.11724E+02      982.00
  0.81911E+00  0.67378E+02    0.43750E+00  0.43750E+00 -0.87500E+00  0.00000E+00  0.00000E+00  0.00000E+00    0.14125E+02  0.27709E+02 -0.41834E+02 -0.26039E+01 -0.33856E+01 -0.11675E+02      982.00
  0.84240E+00  0.67472E+02    0.45000E+00  0.45000E+00 -0.90000E+00  0.00000E+00  0.00000E+00  0.00000E+00    0.14226E+02  0.27702E+02 -0.41927E+02 -0.27114E+01 -0.33919E+01 -0.11610E+02      982.00
  0.86570E+00  0.67558E+02    0.46250E+00  0.46250E+00 -0.92500E+00  0.00000E+00  0.00000E+00  0.00000E+00    0.14321E+02  0.27694E+02 -0.42015E+02 -0.28076E+01 -0.33933E+01 -0.11547E+02      982.00
  0.88902E+00  0.67641E+02    0.47500E+00  0.47500E+00 -0.95000E+00  0.00000E+00  0.00000E+00  0.00000E+00    0.14414E+02  0.27686E+02 -0.42100E+02 -0.28966E+01 -0.33899E+01 -0.11484E+02      982.00
  0.91236E+00  0.67719E+02    0.48750E+00  0.48750E+00 -0.97500E+00  0.00000E+00  0.00000E+00  0.00000E+00    0.14503E+02  0.27678E+02 -0.42181E+02 -0.29800E+01 -0.33827E+01 -0.11422E+02      982.00
  0.93572E+00  0.67792E+02    0.50000E+00  0.50000E+00 -0.10000E+01  0.00000E+00  0.00000E+00  0.00000E+00    0.14591E+02  0.27668E+02 -0.42259E+02 -0.30587E+01 -0.33724E+01 -0.11362E+02      982.00
