          Evm          Svm            E11          E22          E33          E23          E13          E12         SDEV11       SDEV22       SDEV33       SDEV23       SDEV13       SDEV12      TEMP
  0.00000E+00  0.54978E+02    0.00000E+00  0.00000E+00  0.00000E+00  0.00000E+00  0.00000E+00  0.00000E+00    0.20368E+02  0.13463E+02 -0.33831E+02 -0.15560E+01  0.49179E+01  0.10517E+02      982.00
  0.23076E-01  0.54944E+02    0.12500E-01  0.12500E-01 -0.25000E-01  0.00000E+00  0.00000E+00  0.00000E+00    0.19998E+02  0.13832E+02 -0.33829E+02 -0.17321E+01  0.45137E+01  0.10728E+02      982.00
  0.46165E-01  0.55006E+02    0.25000E-01  0.25000E-01 -0.50000E-01  0.00000E+00  0.00000E+00  0.00000E+00    0.19615E+02  0.14253E+02 -0.33868E+02 -0.18998E+01  0.41165E+01  0.10979E+02      982.00
  0.69254E-01  0.55153E+02    0.37500E-01  0.37500E-01 -0.75000E-01  0.00000E+00  0.00000E+00  0.00000E+00    0.19267E+02  0.14667E+02 -0.33934E+02 -0.20415E+01  0.37601E+01  0.11258E+02      982.00
  0.92326E-01  0.55395E+02    0.50000E-01  0.50000E-01 -0.10000E+00  0.00000E+00  0.00000E+00  0.00000E+00    0.19019E+02  0.15014E+02 -0.34033E+02 -0.21492E+01  0.34631E+01  0.11556E+02      982.00
  0.11537E+00  0.55733E+02    0.62500E-01  0.62500E-01 -0.12500E+00  0.00000E+00  0.00000E+00  0.00000E+00    0.18885E+02  0.15287E+02 -0.34172E+02 -0.22282E+01  0.32187E+01  0.11876E+02      982.00
  0.13836E+00  0.56153E+02    0.75000E-01  0.75000E-01 -0.15000E+00  0.00000E+00  0.00000E+00  0.00000E+00    0.18843E+02  0.15502E+02 -0.34345E+02 -0.22877E+01  0.30164E+01  0.12216E+02      982.00
  0.16129E+00  0.56629E+02    0.87500E-01  0.87500E-01 -0.17500E+00  0.00000E+00  0.00000E+00  0.00000E+00    0.18879E+02  0.15666E+02 -0.34545E+02 -0.23274E+01  0.28521E+01  0.12562E+02      982.00
  0.18417E+00  0.57135E+02    0.10000E+00  0.10000E+00 -0.20000E+00  0.00000E+00  0.00000E+00  0.00000E+00    0.18961E+02  0.15800E+02 -0.34761E+02 -0.23556E+01  0.27119E+01  0.12903E+02      982.00
  0.20699E+00  0.57650E+02    0.11250E+00  0.11250E+00 -0.22500E+00  0.00000E+00  0.00000E+00  0.00000E+00    0.19075E+02  0.15907E+02 -0.34982E+02 -0.23682E+01  0.25992E+01  0.13234E+02      982.00
  0.22974E+00  0.58164E+02    0.12500E+00  0.12500E+00 -0.25000E+00  0.00000E+00  0.00000E+00  0.00000E+00    0.19206E+02  0.15999E+02 -0.35205E+02 -0.23650E+01  0.25246E+01  0.13550E+02      982.00
  0.25244E+00  0.58646E+02    0.13750E+00  0.13750E+00 -0.27500E+00  0.00000E+00  0.00000E+00  0.00000E+00    0.19334E+02  0.16081E+02 -0.35415E+02 -0.23496E+01  0.24765E+01  0.13837E+02      982.00
  0.27508E+00  0.59123E+02    0.15000E+00  0.15000E+00 -0.30000E+00  0.00000E+00  0.00000E+00  0.00000E+00    0.19460E+02  0.16162E+02 -0.35621E+02 -0.23335E+01  0.24323E+01  0.14122E+02      982.00
  0.29768E+00  0.59585E+02    0.16250E+00  0.16250E+00 -0.32500E+00  0.00000E+00  0.00000E+00  0.00000E+00    0.19577E+02  0.16246E+02 -0.35823E+02 -0.23074E+01  0.24171E+01  0.14390E+02      982.00
  0.32022E+00  0.60024E+02    0.17500E+00  0.17500E+00 -0.35000E+00  0.00000E+00  0.00000E+00  0.00000E+00    0.19680E+02  0.16333E+02 -0.36013E+02 -0.22767E+01  0.24150E+01  0.14644E+02      982.00
  0.34272E+00  0.60435E+02    0.18750E+00  0.18750E+00 -0.37500E+00  0.00000E+00  0.00000E+00  0.00000E+00    0.19765E+02  0.16422E+02 -0.36187E+02 -0.22434E+01  0.24126E+01  0.14889E+02      982.00
  0.36518E+00  0.60846E+02    0.20000E+00  0.20000E+00 -0.40000E+00  0.00000E+00  0.00000E+00  0.00000E+00    0.19836E+02  0.16523E+02 -0.36359E+02 -0.22035E+01  0.24214E+01  0.15138E+02      982.00
  0.38758E+00  0.61207E+02    0.21250E+00  0.21250E+00 -0.42500E+00  0.00000E+00  0.00000E+00  0.00000E+00    0.19886E+02  0.16624E+02 -0.36510E+02 -0.21681E+01  0.24426E+01  0.15352E+02      982.00
  0.40995E+00  0.61530E+02    0.22500E+00  0.22500E+00 -0.45000E+00  0.00000E+00  0.00000E+00  0.00000E+00    0.19930E+02  0.16716E+02 -0.36646E+02 -0.21420E+01  0.24760E+01  0.15539E+02      982.00
  0.43229E+00  0.61839E+02    0.23750E+00  0.23750E+00 -0.47500E+00  0.00000E+00  0.00000E+00  0.00000E+00    0.19947E+02  0.16822E+02 -0.36769E+02 -0.21142E+01  0.24918E+01  0.15734E+02      982.00
  0.45458E+00  0.62137E+02    0.25000E+00  0.25000E+00 -0.50000E+00  0.00000E+00  0.00000E+00  0.00000E+00    0.19951E+02  0.16935E+02 -0.36886E+02 -0.20921E+01  0.25051E+01  0.15927E+02      982.00
  0.47684E+00  0.62431E+02    0.26250E+00  0.26250E+00 -0.52500E+00  0.00000E+00  0.00000E+00  0.00000E+00    0.19949E+02  0.17049E+02 -0.36998E+02 -0.20756E+01  0.25170E+01  0.16120E+02      982.00
  0.49907E+00  0.62690E+02    0.27500E+00  0.27500E+00 -0.55000E+00  0.00000E+00  0.00000E+00  0.00000E+00    0.19922E+02  0.17171E+02 -0.37093E+02 -0.20684E+01  0.25155E+01  0.16297E+02      982.00
  0.52126E+00  0.62910E+02    0.28750E+00  0.28750E+00 -0.57500E+00  0.00000E+00  0.00000E+00  0.00000E+00    0.19871E+02  0.17300E+02 -0.37171E+02 -0.20707E+01  0.25017E+01  0.16454E+02      982.00
  0.54341E+00  0.63170E+02    0.30000E+00  0.30000E+00 -0.60000E+00  0.00000E+00  0.00000E+00  0.00000E+00    0.19834E+02  0.17430E+02 -0.37264E+02 -0.20780E+01  0.24880E+01  0.16635E+02      982.00
  0.56554E+00  0.63378E+02    0.31250E+00  0.31250E+00 -0.62500E+00  0.00000E+00  0.00000E+00  0.00000E+00    0.19772E+02  0.17563E+02 -0.37335E+02 -0.20943E+01  0.24588E+01  0.16788E+02      982.00
  0.58763E+00  0.63571E+02    0.32500E+00  0.32500E+00 -0.65000E+00  0.00000E+00  0.00000E+00  0.00000E+00    0.19702E+02  0.17698E+02 -0.37400E+02 -0.21160E+01  0.24220E+01  0.16932E+02      982.00
  0.60969E+00  0.63751E+02    0.33750E+00  0.33750E+00 -0.67500E+00  0.00000E+00  0.00000E+00  0.00000E+00    0.19628E+02  0.17831E+02 -0.37460E+02 -0.21409E+01  0.23800E+01  0.17066E+02      982.00
  0.63172E+00  0.63916E+02    0.35000E+00  0.35000E+00 -0.70000E+00  0.00000E+00  0.00000E+00  0.00000E+00    0.19550E+02  0.17965E+02 -0.37515E+02 -0.21675E+01  0.23322E+01  0.17189E+02      982.00
  0.65373E+00  0.64085E+02    0.36250E+00  0.36250E+00 -0.72500E+00  0.00000E+00  0.00000E+00  0.00000E+00    0.19485E+02  0.18088E+02 -0.37573E+02 -0.21865E+01  0.22953E+01  0.17309E+02      982.00
  0.67572E+00  0.64235E+02    0.37500E+00  0.37500E+00 -0.75000E+00  0.00000E+00  0.00000E+00  0.00000E+00    0.19411E+02  0.18214E+02 -0.37625E+02 -0.22126E+01  0.22482E+01  0.17417E+02      982.00
  0.69768E+00  0.64368E+02    0.38750E+00  0.38750E+00 -0.77500E+00  0.00000E+00  0.00000E+00  0.00000E+00    0.19342E+02  0.18330E+02 -0.37672E+02 -0.22321E+01  0.22052E+01  0.17510E+02      982.00
  0.71963E+00  0.64491E+02    0.40000E+00  0.40000E+00 -0.80000E+00  0.00000E+00  0.00000E+00  0.00000E+00    0.19277E+02  0.18440E+02 -0.37717E+02 -0.22478E+01  0.21652E+01  0.17594E+02      982.00
  0.74156E+00  0.64598E+02    0.41250E+00  0.41250E+00 -0.82500E+00  0.00000E+00  0.00000E+00  0.00000E+00    0.19214E+02  0.18542E+02 -0.37757E+02 -0.22630E+01  0.21230E+01  0.17665E+02      982.00
  0.76348E+00  0.64706E+02    0.42500E+00  0.42500E+00 -0.85000E+00  0.00000E+00  0.00000E+00  0.00000E+00    0.19161E+02  0.18638E+02 -0.37798E+02 -0.22711E+01  0.20897E+01  0.17734E+02      982.00
  0.78539E+00  0.64782E+02    0.43750E+00  0.43750E+00 -0.87500E+00  0.00000E+00  0.00000E+00  0.00000E+00    0.19105E+02  0.18724E+02 -0.37829E+02 -0.22779E+01  0.20515E+01  0.17782E+02      982.00
  0.80728E+00  0.64876E+02    0.45000E+00  0.45000E+00 -0.90000E+00  0.00000E+00  0.00000E+00  0.00000E+00    0.19063E+02  0.18805E+02 -0.37867E+02 -0.22793E+01  0.20250E+01  0.17838E+02      982.00
  0.82917E+00  0.64963E+02    0.46250E+00  0.46250E+00 -0.92500E+00  0.00000E+00  0.00000E+00  0.00000E+00    0.19025E+02  0.18879E+02 -0.37904E+02 -0.22775E+01  0.20022E+01  0.17888E+02      982.00
  0.85105E+00  0.65044E+02    0.47500E+00  0.47500E+00 -0.95000E+00  0.00000E+00  0.00000E+00  0.00000E+00    0.18993E+02  0.18947E+02 -0.37939E+02 -0.22738E+01  0.19820E+01  0.17933E+02      982.00
  0.87293E+00  0.65056E+02    0.48750E+00  0.48750E+00 -0.97500E+00  0.00000E+00  0.00000E+00  0.00000E+00    0.18947E+02  0.18995E+02 -0.37942E+02 -0.22593E+01  0.19519E+01  0.17949E+02      982.00
  0.89480E+00  0.65089E+02    0.50000E+00  0.50000E+00 -0.10000E+01  0.00000E+00  0.00000E+00  0.00000E+00    0.18916E+02  0.19039E+02 -0.37954E+02 -0.22465E+01  0.19325E+01  0.17972E+02      982.00
