          Evm          Svm            E11          E22          E33          E23          E13          E12         SDEV11       SDEV22       SDEV33       SDEV23       SDEV13       SDEV12      TEMP
  0.00000E+00  0.57125E+02    0.00000E+00  0.00000E+00  0.00000E+00  0.00000E+00  0.00000E+00  0.00000E+00    0.20587E+02  0.14558E+02 -0.35145E+02 -0.48556E+00  0.46798E+01  0.11408E+02      982.00
  0.23071E-01  0.57204E+02    0.12500E-01  0.12500E-01 -0.25000E-01  0.00000E+00  0.00000E+00  0.00000E+00    0.20036E+02  0.15122E+02 -0.35158E+02 -0.79293E+00  0.43288E+01  0.11761E+02      982.00
  0.46119E-01  0.57336E+02    0.25000E-01  0.25000E-01 -0.50000E-01  0.00000E+00  0.00000E+00  0.00000E+00    0.19566E+02  0.15611E+02 -0.35178E+02 -0.10490E+01  0.40414E+01  0.12098E+02      982.00
  0.69126E-01  0.57535E+02    0.37500E-01  0.37500E-01 -0.75000E-01  0.00000E+00  0.00000E+00  0.00000E+00    0.19190E+02  0.16028E+02 -0.35217E+02 -0.12675E+01  0.37918E+01  0.12439E+02      982.00
  0.92080E-01  0.57805E+02    0.50000E-01  0.50000E-01 -0.10000E+00  0.00000E+00  0.00000E+00  0.00000E+00    0.18914E+02  0.16369E+02 -0.35283E+02 -0.14486E+01  0.35749E+01  0.12791E+02      982.00
  0.11497E+00  0.58134E+02    0.62500E-01  0.62500E-01 -0.12500E+00  0.00000E+00  0.00000E+00  0.00000E+00    0.18727E+02  0.16648E+02 -0.35374E+02 -0.15960E+01  0.33829E+01  0.13152E+02      982.00
  0.13779E+00  0.58505E+02    0.75000E-01  0.75000E-01 -0.15000E+00  0.00000E+00  0.00000E+00  0.00000E+00    0.18608E+02  0.16876E+02 -0.35484E+02 -0.17137E+01  0.32107E+01  0.13514E+02      982.00
  0.16053E+00  0.58901E+02    0.87500E-01  0.87500E-01 -0.17500E+00  0.00000E+00  0.00000E+00  0.00000E+00    0.18542E+02  0.17065E+02 -0.35607E+02 -0.18056E+01  0.30554E+01  0.13871E+02      982.00
  0.18320E+00  0.59308E+02    0.10000E+00  0.10000E+00 -0.20000E+00  0.00000E+00  0.00000E+00  0.00000E+00    0.18512E+02  0.17227E+02 -0.35738E+02 -0.18761E+01  0.29151E+01  0.14217E+02      982.00
  0.20580E+00  0.59721E+02    0.11250E+00  0.11250E+00 -0.22500E+00  0.00000E+00  0.00000E+00  0.00000E+00    0.18507E+02  0.17369E+02 -0.35876E+02 -0.19282E+01  0.27900E+01  0.14550E+02      982.00
  0.22833E+00  0.60121E+02    0.12500E+00  0.12500E+00 -0.25000E+00  0.00000E+00  0.00000E+00  0.00000E+00    0.18516E+02  0.17497E+02 -0.36013E+02 -0.19682E+01  0.26766E+01  0.14861E+02      982.00
  0.25079E+00  0.60507E+02    0.13750E+00  0.13750E+00 -0.27500E+00  0.00000E+00  0.00000E+00  0.00000E+00    0.18531E+02  0.17617E+02 -0.36148E+02 -0.19988E+01  0.25745E+01  0.15150E+02      982.00
  0.27319E+00  0.60883E+02    0.15000E+00  0.15000E+00 -0.30000E+00  0.00000E+00  0.00000E+00  0.00000E+00    0.18554E+02  0.17729E+02 -0.36283E+02 -0.20174E+01  0.24858E+01  0.15421E+02      982.00
  0.29554E+00  0.61233E+02    0.16250E+00  0.16250E+00 -0.32500E+00  0.00000E+00  0.00000E+00  0.00000E+00    0.18571E+02  0.17840E+02 -0.36411E+02 -0.20353E+01  0.24038E+01  0.15666E+02      982.00
  0.31784E+00  0.61571E+02    0.17500E+00  0.17500E+00 -0.35000E+00  0.00000E+00  0.00000E+00  0.00000E+00    0.18592E+02  0.17945E+02 -0.36537E+02 -0.20447E+01  0.23342E+01  0.15896E+02      982.00
  0.34009E+00  0.61880E+02    0.18750E+00  0.18750E+00 -0.37500E+00  0.00000E+00  0.00000E+00  0.00000E+00    0.18604E+02  0.18052E+02 -0.36656E+02 -0.20556E+01  0.22678E+01  0.16100E+02      982.00
  0.36231E+00  0.62181E+02    0.20000E+00  0.20000E+00 -0.40000E+00  0.00000E+00  0.00000E+00  0.00000E+00    0.18621E+02  0.18152E+02 -0.36773E+02 -0.20589E+01  0.22178E+01  0.16292E+02      982.00
  0.38448E+00  0.62459E+02    0.21250E+00  0.21250E+00 -0.42500E+00  0.00000E+00  0.00000E+00  0.00000E+00    0.18633E+02  0.18249E+02 -0.36882E+02 -0.20618E+01  0.21703E+01  0.16467E+02      982.00
  0.40663E+00  0.62695E+02    0.22500E+00  0.22500E+00 -0.45000E+00  0.00000E+00  0.00000E+00  0.00000E+00    0.18632E+02  0.18344E+02 -0.36976E+02 -0.20665E+01  0.21224E+01  0.16614E+02      982.00
  0.42874E+00  0.62936E+02    0.23750E+00  0.23750E+00 -0.47500E+00  0.00000E+00  0.00000E+00  0.00000E+00    0.18638E+02  0.18435E+02 -0.37073E+02 -0.20673E+01  0.20857E+01  0.16759E+02      982.00
  0.45083E+00  0.63159E+02    0.25000E+00  0.25000E+00 -0.50000E+00  0.00000E+00  0.00000E+00  0.00000E+00    0.18643E+02  0.18522E+02 -0.37164E+02 -0.20672E+01  0.20536E+01  0.16891E+02      982.00
  0.47290E+00  0.63362E+02    0.26250E+00  0.26250E+00 -0.52500E+00  0.00000E+00  0.00000E+00  0.00000E+00    0.18645E+02  0.18603E+02 -0.37249E+02 -0.20662E+01  0.20248E+01  0.17008E+02      982.00
  0.49494E+00  0.63552E+02    0.27500E+00  0.27500E+00 -0.55000E+00  0.00000E+00  0.00000E+00  0.00000E+00    0.18648E+02  0.18681E+02 -0.37329E+02 -0.20650E+01  0.19999E+01  0.17117E+02      982.00
  0.51697E+00  0.63710E+02    0.28750E+00  0.28750E+00 -0.57500E+00  0.00000E+00  0.00000E+00  0.00000E+00    0.18639E+02  0.18756E+02 -0.37395E+02 -0.20639E+01  0.19711E+01  0.17206E+02      982.00
  0.53898E+00  0.63875E+02    0.30000E+00  0.30000E+00 -0.60000E+00  0.00000E+00  0.00000E+00  0.00000E+00    0.18641E+02  0.18825E+02 -0.37466E+02 -0.20621E+01  0.19519E+01  0.17296E+02      982.00
  0.56098E+00  0.64026E+02    0.31250E+00  0.31250E+00 -0.62500E+00  0.00000E+00  0.00000E+00  0.00000E+00    0.18643E+02  0.18889E+02 -0.37532E+02 -0.20598E+01  0.19350E+01  0.17378E+02      982.00
  0.58296E+00  0.64164E+02    0.32500E+00  0.32500E+00 -0.65000E+00  0.00000E+00  0.00000E+00  0.00000E+00    0.18647E+02  0.18947E+02 -0.37594E+02 -0.20565E+01  0.19224E+01  0.17447E+02      982.00
  0.60493E+00  0.64294E+02    0.33750E+00  0.33750E+00 -0.67500E+00  0.00000E+00  0.00000E+00  0.00000E+00    0.18650E+02  0.19002E+02 -0.37652E+02 -0.20538E+01  0.19089E+01  0.17514E+02      982.00
  0.62689E+00  0.64415E+02    0.35000E+00  0.35000E+00 -0.70000E+00  0.00000E+00  0.00000E+00  0.00000E+00    0.18653E+02  0.19054E+02 -0.37706E+02 -0.20514E+01  0.18968E+01  0.17576E+02      982.00
  0.64884E+00  0.64494E+02    0.36250E+00  0.36250E+00 -0.72500E+00  0.00000E+00  0.00000E+00  0.00000E+00    0.18643E+02  0.19097E+02 -0.37740E+02 -0.20478E+01  0.18799E+01  0.17620E+02      982.00
  0.67079E+00  0.64602E+02    0.37500E+00  0.37500E+00 -0.75000E+00  0.00000E+00  0.00000E+00  0.00000E+00    0.18649E+02  0.19141E+02 -0.37790E+02 -0.20459E+01  0.18702E+01  0.17673E+02      982.00
  0.69272E+00  0.64699E+02    0.38750E+00  0.38750E+00 -0.77500E+00  0.00000E+00  0.00000E+00  0.00000E+00    0.18654E+02  0.19181E+02 -0.37835E+02 -0.20438E+01  0.18615E+01  0.17720E+02      982.00
  0.71465E+00  0.64804E+02    0.40000E+00  0.40000E+00 -0.80000E+00  0.00000E+00  0.00000E+00  0.00000E+00    0.18649E+02  0.19231E+02 -0.37879E+02 -0.20388E+01  0.18408E+01  0.17779E+02      982.00
  0.73657E+00  0.64890E+02    0.41250E+00  0.41250E+00 -0.82500E+00  0.00000E+00  0.00000E+00  0.00000E+00    0.18656E+02  0.19265E+02 -0.37921E+02 -0.20372E+01  0.18317E+01  0.17818E+02      982.00
  0.75849E+00  0.64965E+02    0.42500E+00  0.42500E+00 -0.85000E+00  0.00000E+00  0.00000E+00  0.00000E+00    0.18665E+02  0.19292E+02 -0.37957E+02 -0.20360E+01  0.18252E+01  0.17853E+02      982.00
  0.78040E+00  0.65036E+02    0.43750E+00  0.43750E+00 -0.87500E+00  0.00000E+00  0.00000E+00  0.00000E+00    0.18675E+02  0.19316E+02 -0.37991E+02 -0.20350E+01  0.18197E+01  0.17884E+02      982.00
  0.80230E+00  0.65101E+02    0.45000E+00  0.45000E+00 -0.90000E+00  0.00000E+00  0.00000E+00  0.00000E+00    0.18685E+02  0.19338E+02 -0.38023E+02 -0.20341E+01  0.18148E+01  0.17914E+02      982.00
  0.82420E+00  0.65163E+02    0.46250E+00  0.46250E+00 -0.92500E+00  0.00000E+00  0.00000E+00  0.00000E+00    0.18696E+02  0.19357E+02 -0.38053E+02 -0.20334E+01  0.18101E+01  0.17941E+02      982.00
  0.84610E+00  0.65252E+02    0.47500E+00  0.47500E+00 -0.95000E+00  0.00000E+00  0.00000E+00  0.00000E+00    0.18711E+02  0.19383E+02 -0.38094E+02 -0.20315E+01  0.17985E+01  0.17984E+02      982.00
  0.86800E+00  0.65274E+02    0.48750E+00  0.48750E+00 -0.97500E+00  0.00000E+00  0.00000E+00  0.00000E+00    0.18719E+02  0.19389E+02 -0.38108E+02 -0.20326E+01  0.17991E+01  0.17989E+02      982.00
  0.88989E+00  0.65281E+02    0.50000E+00  0.50000E+00 -0.10000E+01  0.00000E+00  0.00000E+00  0.00000E+00    0.18720E+02  0.19392E+02 -0.38112E+02 -0.20378E+01  0.18024E+01  0.17989E+02      982.00
