          Evm          Svm            E11          E22          E33          E23          E13          E12         SDEV11       SDEV22       SDEV33       SDEV23       SDEV13       SDEV12      TEMP
  0.00000E+00  0.54458E+02    0.00000E+00  0.00000E+00  0.00000E+00  0.00000E+00  0.00000E+00  0.00000E+00    0.20331E+02  0.12779E+02 -0.33109E+02  0.50121E+01  0.66649E+01 -0.90892E+01      982.00
  0.22799E-01  0.54916E+02    0.12500E-01  0.12500E-01 -0.25000E-01  0.00000E+00  0.00000E+00  0.00000E+00    0.20164E+02  0.13206E+02 -0.33370E+02  0.50892E+01  0.68396E+01 -0.92352E+01      982.00
  0.45586E-01  0.55336E+02    0.25000E-01  0.25000E-01 -0.50000E-01  0.00000E+00  0.00000E+00  0.00000E+00    0.20088E+02  0.13546E+02 -0.33634E+02  0.51179E+01  0.69460E+01 -0.93338E+01      982.00
  0.68379E-01  0.55743E+02    0.37500E-01  0.37500E-01 -0.75000E-01  0.00000E+00  0.00000E+00  0.00000E+00    0.20067E+02  0.13837E+02 -0.33903E+02  0.51272E+01  0.70073E+01 -0.94131E+01      982.00
  0.91187E-01  0.56145E+02    0.50000E-01  0.50000E-01 -0.10000E+00  0.00000E+00  0.00000E+00  0.00000E+00    0.20092E+02  0.14086E+02 -0.34178E+02  0.51222E+01  0.70332E+01 -0.94822E+01      982.00
  0.11401E+00  0.56548E+02    0.62500E-01  0.62500E-01 -0.12500E+00  0.00000E+00  0.00000E+00  0.00000E+00    0.20161E+02  0.14299E+02 -0.34460E+02  0.51063E+01  0.70324E+01 -0.95489E+01      982.00
  0.13687E+00  0.56992E+02    0.75000E-01  0.75000E-01 -0.15000E+00  0.00000E+00  0.00000E+00  0.00000E+00    0.20265E+02  0.14496E+02 -0.34762E+02  0.50898E+01  0.70186E+01 -0.96394E+01      982.00
  0.15974E+00  0.57463E+02    0.87500E-01  0.87500E-01 -0.17500E+00  0.00000E+00  0.00000E+00  0.00000E+00    0.20420E+02  0.14666E+02 -0.35086E+02  0.50641E+01  0.69866E+01 -0.97291E+01      982.00
  0.18264E+00  0.57912E+02    0.10000E+00  0.10000E+00 -0.20000E+00  0.00000E+00  0.00000E+00  0.00000E+00    0.20593E+02  0.14810E+02 -0.35403E+02  0.50288E+01  0.69353E+01 -0.98052E+01      982.00
  0.20556E+00  0.58335E+02    0.11250E+00  0.11250E+00 -0.22500E+00  0.00000E+00  0.00000E+00  0.00000E+00    0.20765E+02  0.14943E+02 -0.35709E+02  0.49907E+01  0.68714E+01 -0.98686E+01      982.00
  0.22852E+00  0.58785E+02    0.12500E+00  0.12500E+00 -0.25000E+00  0.00000E+00  0.00000E+00  0.00000E+00    0.20936E+02  0.15094E+02 -0.36030E+02  0.49634E+01  0.68091E+01 -0.99368E+01      982.00
  0.25150E+00  0.59303E+02    0.13750E+00  0.13750E+00 -0.27500E+00  0.00000E+00  0.00000E+00  0.00000E+00    0.21152E+02  0.15232E+02 -0.36383E+02  0.49364E+01  0.67472E+01 -0.10041E+02      982.00
  0.27451E+00  0.59794E+02    0.15000E+00  0.15000E+00 -0.30000E+00  0.00000E+00  0.00000E+00  0.00000E+00    0.21348E+02  0.15379E+02 -0.36727E+02  0.49109E+01  0.66796E+01 -0.10124E+02      982.00
  0.29754E+00  0.60291E+02    0.16250E+00  0.16250E+00 -0.32500E+00  0.00000E+00  0.00000E+00  0.00000E+00    0.21539E+02  0.15534E+02 -0.37073E+02  0.48904E+01  0.66141E+01 -0.10206E+02      982.00
  0.32060E+00  0.60787E+02    0.17500E+00  0.17500E+00 -0.35000E+00  0.00000E+00  0.00000E+00  0.00000E+00    0.21724E+02  0.15696E+02 -0.37420E+02  0.48730E+01  0.65499E+01 -0.10285E+02      982.00
  0.34368E+00  0.61278E+02    0.18750E+00  0.18750E+00 -0.37500E+00  0.00000E+00  0.00000E+00  0.00000E+00    0.21899E+02  0.15865E+02 -0.37764E+02  0.48581E+01  0.64878E+01 -0.10359E+02      982.00
  0.36679E+00  0.61761E+02    0.20000E+00  0.20000E+00 -0.40000E+00  0.00000E+00  0.00000E+00  0.00000E+00    0.22064E+02  0.16039E+02 -0.38103E+02  0.48449E+01  0.64280E+01 -0.10426E+02      982.00
  0.38993E+00  0.62232E+02    0.21250E+00  0.21250E+00 -0.42500E+00  0.00000E+00  0.00000E+00  0.00000E+00    0.22218E+02  0.16219E+02 -0.38437E+02  0.48329E+01  0.63708E+01 -0.10487E+02      982.00
  0.41309E+00  0.62689E+02    0.22500E+00  0.22500E+00 -0.45000E+00  0.00000E+00  0.00000E+00  0.00000E+00    0.22359E+02  0.16403E+02 -0.38762E+02  0.48214E+01  0.63161E+01 -0.10540E+02      982.00
  0.43628E+00  0.63128E+02    0.23750E+00  0.23750E+00 -0.47500E+00  0.00000E+00  0.00000E+00  0.00000E+00    0.22487E+02  0.16591E+02 -0.39078E+02  0.48096E+01  0.62635E+01 -0.10584E+02      982.00
  0.45949E+00  0.63551E+02    0.25000E+00  0.25000E+00 -0.50000E+00  0.00000E+00  0.00000E+00  0.00000E+00    0.22604E+02  0.16780E+02 -0.39383E+02  0.47974E+01  0.62138E+01 -0.10622E+02      982.00
  0.48273E+00  0.63935E+02    0.26250E+00  0.26250E+00 -0.52500E+00  0.00000E+00  0.00000E+00  0.00000E+00    0.22713E+02  0.16951E+02 -0.39663E+02  0.47786E+01  0.61719E+01 -0.10652E+02      982.00
  0.50599E+00  0.64322E+02    0.27500E+00  0.27500E+00 -0.55000E+00  0.00000E+00  0.00000E+00  0.00000E+00    0.22808E+02  0.17139E+02 -0.39948E+02  0.47640E+01  0.61270E+01 -0.10676E+02      982.00
  0.52928E+00  0.64690E+02    0.28750E+00  0.28750E+00 -0.57500E+00  0.00000E+00  0.00000E+00  0.00000E+00    0.22894E+02  0.17326E+02 -0.40220E+02  0.47485E+01  0.60838E+01 -0.10695E+02      982.00
  0.55260E+00  0.65037E+02    0.30000E+00  0.30000E+00 -0.60000E+00  0.00000E+00  0.00000E+00  0.00000E+00    0.22968E+02  0.17512E+02 -0.40480E+02  0.47315E+01  0.60418E+01 -0.10706E+02      982.00
  0.57594E+00  0.65364E+02    0.31250E+00  0.31250E+00 -0.62500E+00  0.00000E+00  0.00000E+00  0.00000E+00    0.23033E+02  0.17695E+02 -0.40728E+02  0.47129E+01  0.60014E+01 -0.10712E+02      982.00
  0.59931E+00  0.65664E+02    0.32500E+00  0.32500E+00 -0.65000E+00  0.00000E+00  0.00000E+00  0.00000E+00    0.23079E+02  0.17879E+02 -0.40958E+02  0.46973E+01  0.59615E+01 -0.10712E+02      982.00
  0.62270E+00  0.65953E+02    0.33750E+00  0.33750E+00 -0.67500E+00  0.00000E+00  0.00000E+00  0.00000E+00    0.23126E+02  0.18056E+02 -0.41181E+02  0.46749E+01  0.59227E+01 -0.10707E+02      982.00
  0.64611E+00  0.66225E+02    0.35000E+00  0.35000E+00 -0.70000E+00  0.00000E+00  0.00000E+00  0.00000E+00    0.23166E+02  0.18228E+02 -0.41394E+02  0.46511E+01  0.58859E+01 -0.10698E+02      982.00
  0.66955E+00  0.66479E+02    0.36250E+00  0.36250E+00 -0.72500E+00  0.00000E+00  0.00000E+00  0.00000E+00    0.23199E+02  0.18396E+02 -0.41594E+02  0.46258E+01  0.58505E+01 -0.10686E+02      982.00
  0.69301E+00  0.66717E+02    0.37500E+00  0.37500E+00 -0.75000E+00  0.00000E+00  0.00000E+00  0.00000E+00    0.23225E+02  0.18559E+02 -0.41784E+02  0.45993E+01  0.58163E+01 -0.10671E+02      982.00
  0.71650E+00  0.66940E+02    0.38750E+00  0.38750E+00 -0.77500E+00  0.00000E+00  0.00000E+00  0.00000E+00    0.23246E+02  0.18717E+02 -0.41963E+02  0.45716E+01  0.57835E+01 -0.10653E+02      982.00
  0.74001E+00  0.67148E+02    0.40000E+00  0.40000E+00 -0.80000E+00  0.00000E+00  0.00000E+00  0.00000E+00    0.23262E+02  0.18871E+02 -0.42133E+02  0.45428E+01  0.57520E+01 -0.10633E+02      982.00
  0.76354E+00  0.67343E+02    0.41250E+00  0.41250E+00 -0.82500E+00  0.00000E+00  0.00000E+00  0.00000E+00    0.23272E+02  0.19020E+02 -0.42292E+02  0.45132E+01  0.57218E+01 -0.10611E+02      982.00
  0.78709E+00  0.67524E+02    0.42500E+00  0.42500E+00 -0.85000E+00  0.00000E+00  0.00000E+00  0.00000E+00    0.23278E+02  0.19164E+02 -0.42442E+02  0.44828E+01  0.56930E+01 -0.10588E+02      982.00
  0.81066E+00  0.67694E+02    0.43750E+00  0.43750E+00 -0.87500E+00  0.00000E+00  0.00000E+00  0.00000E+00    0.23280E+02  0.19303E+02 -0.42584E+02  0.44517E+01  0.56656E+01 -0.10564E+02      982.00
  0.83425E+00  0.67851E+02    0.45000E+00  0.45000E+00 -0.90000E+00  0.00000E+00  0.00000E+00  0.00000E+00    0.23278E+02  0.19438E+02 -0.42716E+02  0.44201E+01  0.56397E+01 -0.10538E+02      982.00
  0.85786E+00  0.67922E+02    0.46250E+00  0.46250E+00 -0.92500E+00  0.00000E+00  0.00000E+00  0.00000E+00    0.23267E+02  0.19533E+02 -0.42800E+02  0.43647E+01  0.55870E+01 -0.10497E+02      982.00
  0.88149E+00  0.67990E+02    0.47500E+00  0.47500E+00 -0.95000E+00  0.00000E+00  0.00000E+00  0.00000E+00    0.23246E+02  0.19636E+02 -0.42881E+02  0.43130E+01  0.55386E+01 -0.10453E+02      982.00
  0.90514E+00  0.68054E+02    0.48750E+00  0.48750E+00 -0.97500E+00  0.00000E+00  0.00000E+00  0.00000E+00    0.23223E+02  0.19734E+02 -0.42957E+02  0.42627E+01  0.54925E+01 -0.10412E+02      982.00
  0.92881E+00  0.68112E+02    0.50000E+00  0.50000E+00 -0.10000E+01  0.00000E+00  0.00000E+00  0.00000E+00    0.23199E+02  0.19829E+02 -0.43028E+02  0.42133E+01  0.54487E+01 -0.10373E+02      982.00
