          Evm          Svm            E11          E22          E33          E23          E13          E12         SDEV11       SDEV22       SDEV33       SDEV23       SDEV13       SDEV12      TEMP
  0.00000E+00  0.55396E+02    0.00000E+00  0.00000E+00  0.00000E+00  0.00000E+00  0.00000E+00  0.00000E+00    0.16775E+02  0.15898E+02 -0.32673E+02  0.52073E-01  0.32205E+01  0.14550E+02      982.00
  0.22118E-01  0.55294E+02    0.12500E-01  0.12500E-01 -0.25000E-01  0.00000E+00  0.00000E+00  0.00000E+00    0.17143E+02  0.15495E+02 -0.32638E+02 -0.51213E+00  0.34333E+01  0.14405E+02      982.00
  0.44252E-01  0.55238E+02    0.25000E-01  0.25000E-01 -0.50000E-01  0.00000E+00  0.00000E+00  0.00000E+00    0.17401E+02  0.15223E+02 -0.32624E+02 -0.89362E+00  0.35154E+01  0.14300E+02      982.00
  0.66400E-01  0.55290E+02    0.37500E-01  0.37500E-01 -0.75000E-01  0.00000E+00  0.00000E+00  0.00000E+00    0.17611E+02  0.15047E+02 -0.32658E+02 -0.11781E+01  0.35268E+01  0.14269E+02      982.00
  0.88550E-01  0.55493E+02    0.50000E-01  0.50000E-01 -0.10000E+00  0.00000E+00  0.00000E+00  0.00000E+00    0.17801E+02  0.14956E+02 -0.32758E+02 -0.13999E+01  0.35010E+01  0.14334E+02      982.00
  0.11069E+00  0.55811E+02    0.62500E-01  0.62500E-01 -0.12500E+00  0.00000E+00  0.00000E+00  0.00000E+00    0.17982E+02  0.14930E+02 -0.32912E+02 -0.15784E+01  0.34534E+01  0.14463E+02      982.00
  0.13280E+00  0.56203E+02    0.75000E-01  0.75000E-01 -0.15000E+00  0.00000E+00  0.00000E+00  0.00000E+00    0.18157E+02  0.14944E+02 -0.33101E+02 -0.17287E+01  0.33902E+01  0.14633E+02      982.00
  0.15489E+00  0.56658E+02    0.87500E-01  0.87500E-01 -0.17500E+00  0.00000E+00  0.00000E+00  0.00000E+00    0.18323E+02  0.14994E+02 -0.33317E+02 -0.18532E+01  0.33306E+01  0.14840E+02      982.00
  0.17694E+00  0.57148E+02    0.10000E+00  0.10000E+00 -0.20000E+00  0.00000E+00  0.00000E+00  0.00000E+00    0.18483E+02  0.15067E+02 -0.33549E+02 -0.19585E+01  0.32748E+01  0.15067E+02      982.00
  0.19895E+00  0.57662E+02    0.11250E+00  0.11250E+00 -0.22500E+00  0.00000E+00  0.00000E+00  0.00000E+00    0.18635E+02  0.15158E+02 -0.33793E+02 -0.20477E+01  0.32252E+01  0.15305E+02      982.00
  0.22093E+00  0.58184E+02    0.12500E+00  0.12500E+00 -0.25000E+00  0.00000E+00  0.00000E+00  0.00000E+00    0.18777E+02  0.15264E+02 -0.34041E+02 -0.21232E+01  0.31814E+01  0.15545E+02      982.00
  0.24287E+00  0.58700E+02    0.13750E+00  0.13750E+00 -0.27500E+00  0.00000E+00  0.00000E+00  0.00000E+00    0.18907E+02  0.15380E+02 -0.34288E+02 -0.21871E+01  0.31420E+01  0.15783E+02      982.00
  0.26477E+00  0.59203E+02    0.15000E+00  0.15000E+00 -0.30000E+00  0.00000E+00  0.00000E+00  0.00000E+00    0.19024E+02  0.15505E+02 -0.34529E+02 -0.22416E+01  0.31054E+01  0.16012E+02      982.00
  0.28664E+00  0.59687E+02    0.16250E+00  0.16250E+00 -0.32500E+00  0.00000E+00  0.00000E+00  0.00000E+00    0.19127E+02  0.15635E+02 -0.34762E+02 -0.22888E+01  0.30693E+01  0.16232E+02      982.00
  0.30848E+00  0.60146E+02    0.17500E+00  0.17500E+00 -0.35000E+00  0.00000E+00  0.00000E+00  0.00000E+00    0.19215E+02  0.15770E+02 -0.34985E+02 -0.23306E+01  0.30320E+01  0.16440E+02      982.00
  0.33030E+00  0.60579E+02    0.18750E+00  0.18750E+00 -0.37500E+00  0.00000E+00  0.00000E+00  0.00000E+00    0.19289E+02  0.15908E+02 -0.35197E+02 -0.23686E+01  0.29917E+01  0.16635E+02      982.00
  0.35208E+00  0.60985E+02    0.20000E+00  0.20000E+00 -0.40000E+00  0.00000E+00  0.00000E+00  0.00000E+00    0.19350E+02  0.16047E+02 -0.35397E+02 -0.24039E+01  0.29474E+01  0.16817E+02      982.00
  0.37385E+00  0.61363E+02    0.21250E+00  0.21250E+00 -0.42500E+00  0.00000E+00  0.00000E+00  0.00000E+00    0.19397E+02  0.16187E+02 -0.35584E+02 -0.24372E+01  0.28986E+01  0.16986E+02      982.00
  0.39560E+00  0.61714E+02    0.22500E+00  0.22500E+00 -0.45000E+00  0.00000E+00  0.00000E+00  0.00000E+00    0.19434E+02  0.16327E+02 -0.35760E+02 -0.24688E+01  0.28455E+01  0.17142E+02      982.00
  0.41733E+00  0.62038E+02    0.23750E+00  0.23750E+00 -0.47500E+00  0.00000E+00  0.00000E+00  0.00000E+00    0.19459E+02  0.16465E+02 -0.35924E+02 -0.24982E+01  0.27883E+01  0.17284E+02      982.00
  0.43904E+00  0.62339E+02    0.25000E+00  0.25000E+00 -0.50000E+00  0.00000E+00  0.00000E+00  0.00000E+00    0.19477E+02  0.16602E+02 -0.36078E+02 -0.25254E+01  0.27292E+01  0.17414E+02      982.00
  0.46074E+00  0.62617E+02    0.26250E+00  0.26250E+00 -0.52500E+00  0.00000E+00  0.00000E+00  0.00000E+00    0.19488E+02  0.16735E+02 -0.36223E+02 -0.25494E+01  0.26690E+01  0.17532E+02      982.00
  0.48244E+00  0.62873E+02    0.27500E+00  0.27500E+00 -0.55000E+00  0.00000E+00  0.00000E+00  0.00000E+00    0.19494E+02  0.16865E+02 -0.36358E+02 -0.25696E+01  0.26090E+01  0.17638E+02      982.00
  0.50412E+00  0.63110E+02    0.28750E+00  0.28750E+00 -0.57500E+00  0.00000E+00  0.00000E+00  0.00000E+00    0.19495E+02  0.16990E+02 -0.36485E+02 -0.25856E+01  0.25505E+01  0.17733E+02      982.00
  0.52580E+00  0.63319E+02    0.30000E+00  0.30000E+00 -0.60000E+00  0.00000E+00  0.00000E+00  0.00000E+00    0.19490E+02  0.17114E+02 -0.36603E+02 -0.25976E+01  0.24879E+01  0.17811E+02      982.00
  0.54748E+00  0.63522E+02    0.31250E+00  0.31250E+00 -0.62500E+00  0.00000E+00  0.00000E+00  0.00000E+00    0.19488E+02  0.17228E+02 -0.36717E+02 -0.26047E+01  0.24350E+01  0.17887E+02      982.00
  0.56915E+00  0.63710E+02    0.32500E+00  0.32500E+00 -0.65000E+00  0.00000E+00  0.00000E+00  0.00000E+00    0.19487E+02  0.17337E+02 -0.36824E+02 -0.26071E+01  0.23857E+01  0.17954E+02      982.00
  0.59083E+00  0.63883E+02    0.33750E+00  0.33750E+00 -0.67500E+00  0.00000E+00  0.00000E+00  0.00000E+00    0.19485E+02  0.17440E+02 -0.36925E+02 -0.26053E+01  0.23400E+01  0.18013E+02      982.00
  0.61250E+00  0.64042E+02    0.35000E+00  0.35000E+00 -0.70000E+00  0.00000E+00  0.00000E+00  0.00000E+00    0.19483E+02  0.17537E+02 -0.37020E+02 -0.25999E+01  0.22977E+01  0.18064E+02      982.00
  0.63418E+00  0.64174E+02    0.36250E+00  0.36250E+00 -0.72500E+00  0.00000E+00  0.00000E+00  0.00000E+00    0.19472E+02  0.17628E+02 -0.37100E+02 -0.25920E+01  0.22508E+01  0.18105E+02      982.00
  0.65586E+00  0.64311E+02    0.37500E+00  0.37500E+00 -0.75000E+00  0.00000E+00  0.00000E+00  0.00000E+00    0.19473E+02  0.17713E+02 -0.37186E+02 -0.25805E+01  0.22149E+01  0.18145E+02      982.00
  0.67754E+00  0.64438E+02    0.38750E+00  0.38750E+00 -0.77500E+00  0.00000E+00  0.00000E+00  0.00000E+00    0.19475E+02  0.17791E+02 -0.37266E+02 -0.25663E+01  0.21824E+01  0.18178E+02      982.00
  0.69923E+00  0.64547E+02    0.40000E+00  0.40000E+00 -0.80000E+00  0.00000E+00  0.00000E+00  0.00000E+00    0.19469E+02  0.17867E+02 -0.37336E+02 -0.25485E+01  0.21439E+01  0.18209E+02      982.00
  0.72092E+00  0.64657E+02    0.41250E+00  0.41250E+00 -0.82500E+00  0.00000E+00  0.00000E+00  0.00000E+00    0.19474E+02  0.17934E+02 -0.37408E+02 -0.25312E+01  0.21157E+01  0.18234E+02      982.00
  0.74262E+00  0.64757E+02    0.42500E+00  0.42500E+00 -0.85000E+00  0.00000E+00  0.00000E+00  0.00000E+00    0.19481E+02  0.17996E+02 -0.37476E+02 -0.25126E+01  0.20907E+01  0.18255E+02      982.00
  0.76432E+00  0.64850E+02    0.43750E+00  0.43750E+00 -0.87500E+00  0.00000E+00  0.00000E+00  0.00000E+00    0.19488E+02  0.18052E+02 -0.37540E+02 -0.24934E+01  0.20675E+01  0.18273E+02      982.00
  0.78603E+00  0.64936E+02    0.45000E+00  0.45000E+00 -0.90000E+00  0.00000E+00  0.00000E+00  0.00000E+00    0.19497E+02  0.18103E+02 -0.37601E+02 -0.24741E+01  0.20460E+01  0.18287E+02      982.00
  0.80774E+00  0.65016E+02    0.46250E+00  0.46250E+00 -0.92500E+00  0.00000E+00  0.00000E+00  0.00000E+00    0.19507E+02  0.18151E+02 -0.37657E+02 -0.24549E+01  0.20258E+01  0.18300E+02      982.00
  0.82946E+00  0.65090E+02    0.47500E+00  0.47500E+00 -0.95000E+00  0.00000E+00  0.00000E+00  0.00000E+00    0.19518E+02  0.18193E+02 -0.37711E+02 -0.24359E+01  0.20068E+01  0.18310E+02      982.00
  0.85119E+00  0.65159E+02    0.48750E+00  0.48750E+00 -0.97500E+00  0.00000E+00  0.00000E+00  0.00000E+00    0.19529E+02  0.18232E+02 -0.37761E+02 -0.24173E+01  0.19890E+01  0.18319E+02      982.00
  0.87292E+00  0.65222E+02    0.50000E+00  0.50000E+00 -0.10000E+01  0.00000E+00  0.00000E+00  0.00000E+00    0.19541E+02  0.18267E+02 -0.37808E+02 -0.23992E+01  0.19722E+01  0.18326E+02      982.00
