          Evm          Svm            E11          E22          E33          E23          E13          E12         SDEV11       SDEV22       SDEV33       SDEV23       SDEV13       SDEV12      TEMP
  0.00000E+00  0.61272E+02    0.00000E+00  0.00000E+00  0.00000E+00  0.00000E+00  0.00000E+00  0.00000E+00    0.17594E+02  0.22601E+02 -0.40195E+02  0.37995E+01 -0.20518E+01  0.38426E+01      982.00
  0.24600E-01  0.61526E+02    0.12500E-01  0.12500E-01 -0.25000E-01  0.00000E+00  0.00000E+00  0.00000E+00    0.18514E+02  0.21857E+02 -0.40371E+02  0.37704E+01 -0.23021E+01  0.41442E+01      982.00
  0.49206E-01  0.61889E+02    0.25000E-01  0.25000E-01 -0.50000E-01  0.00000E+00  0.00000E+00  0.00000E+00    0.19610E+02  0.20982E+02 -0.40592E+02  0.37215E+01 -0.25743E+01  0.44732E+01      982.00
  0.73802E-01  0.62235E+02    0.37500E-01  0.37500E-01 -0.75000E-01  0.00000E+00  0.00000E+00  0.00000E+00    0.20655E+02  0.20127E+02 -0.40783E+02  0.36558E+01 -0.27566E+01  0.47553E+01      982.00
  0.98376E-01  0.62536E+02    0.50000E-01  0.50000E-01 -0.10000E+00  0.00000E+00  0.00000E+00  0.00000E+00    0.21507E+02  0.19434E+02 -0.40941E+02  0.35821E+01 -0.27956E+01  0.49736E+01      982.00
  0.12293E+00  0.62782E+02    0.62500E-01  0.62500E-01 -0.12500E+00  0.00000E+00  0.00000E+00  0.00000E+00    0.22154E+02  0.18914E+02 -0.41068E+02  0.35030E+01 -0.27256E+01  0.51568E+01      982.00
  0.14746E+00  0.63015E+02    0.75000E-01  0.75000E-01 -0.15000E+00  0.00000E+00  0.00000E+00  0.00000E+00    0.22647E+02  0.18544E+02 -0.41192E+02  0.34241E+01 -0.25942E+01  0.53311E+01      982.00
  0.17197E+00  0.63242E+02    0.87500E-01  0.87500E-01 -0.17500E+00  0.00000E+00  0.00000E+00  0.00000E+00    0.23023E+02  0.18291E+02 -0.41314E+02  0.33499E+01 -0.24340E+01  0.55060E+01      982.00
  0.19647E+00  0.63495E+02    0.10000E+00  0.10000E+00 -0.20000E+00  0.00000E+00  0.00000E+00  0.00000E+00    0.23330E+02  0.18124E+02 -0.41454E+02  0.32826E+01 -0.22697E+01  0.56867E+01      982.00
  0.22095E+00  0.63752E+02    0.11250E+00  0.11250E+00 -0.22500E+00  0.00000E+00  0.00000E+00  0.00000E+00    0.23584E+02  0.18012E+02 -0.41596E+02  0.32216E+01 -0.21125E+01  0.58724E+01      982.00
  0.24542E+00  0.64039E+02    0.12500E+00  0.12500E+00 -0.25000E+00  0.00000E+00  0.00000E+00  0.00000E+00    0.23810E+02  0.17947E+02 -0.41757E+02  0.31695E+01 -0.19662E+01  0.60655E+01      982.00
  0.26987E+00  0.64344E+02    0.13750E+00  0.13750E+00 -0.27500E+00  0.00000E+00  0.00000E+00  0.00000E+00    0.24012E+02  0.17915E+02 -0.41927E+02  0.31262E+01 -0.18301E+01  0.62659E+01      982.00
  0.29430E+00  0.64666E+02    0.15000E+00  0.15000E+00 -0.30000E+00  0.00000E+00  0.00000E+00  0.00000E+00    0.24199E+02  0.17906E+02 -0.42104E+02  0.30922E+01 -0.17032E+01  0.64767E+01      982.00
  0.31872E+00  0.64986E+02    0.16250E+00  0.16250E+00 -0.32500E+00  0.00000E+00  0.00000E+00  0.00000E+00    0.24364E+02  0.17919E+02 -0.42283E+02  0.30651E+01 -0.15915E+01  0.66712E+01      982.00
  0.34312E+00  0.65309E+02    0.17500E+00  0.17500E+00 -0.35000E+00  0.00000E+00  0.00000E+00  0.00000E+00    0.24519E+02  0.17944E+02 -0.42463E+02  0.30441E+01 -0.14891E+01  0.68648E+01      982.00
  0.36750E+00  0.65620E+02    0.18750E+00  0.18750E+00 -0.37500E+00  0.00000E+00  0.00000E+00  0.00000E+00    0.24666E+02  0.17964E+02 -0.42630E+02  0.30272E+01 -0.13970E+01  0.70702E+01      982.00
  0.39186E+00  0.65924E+02    0.20000E+00  0.20000E+00 -0.40000E+00  0.00000E+00  0.00000E+00  0.00000E+00    0.24801E+02  0.17994E+02 -0.42795E+02  0.30112E+01 -0.13105E+01  0.72593E+01      982.00
  0.41621E+00  0.66216E+02    0.21250E+00  0.21250E+00 -0.42500E+00  0.00000E+00  0.00000E+00  0.00000E+00    0.24929E+02  0.18022E+02 -0.42951E+02  0.29963E+01 -0.12305E+01  0.74490E+01      982.00
  0.44053E+00  0.66485E+02    0.22500E+00  0.22500E+00 -0.45000E+00  0.00000E+00  0.00000E+00  0.00000E+00    0.25047E+02  0.18044E+02 -0.43091E+02  0.29795E+01 -0.11568E+01  0.76375E+01      982.00
  0.46484E+00  0.66749E+02    0.23750E+00  0.23750E+00 -0.47500E+00  0.00000E+00  0.00000E+00  0.00000E+00    0.25161E+02  0.18065E+02 -0.43226E+02  0.29599E+01 -0.10891E+01  0.78255E+01      982.00
  0.48912E+00  0.66990E+02    0.25000E+00  0.25000E+00 -0.50000E+00  0.00000E+00  0.00000E+00  0.00000E+00    0.25268E+02  0.18077E+02 -0.43344E+02  0.29355E+01 -0.10287E+01  0.80134E+01      982.00
  0.51339E+00  0.67217E+02    0.26250E+00  0.26250E+00 -0.52500E+00  0.00000E+00  0.00000E+00  0.00000E+00    0.25370E+02  0.18083E+02 -0.43453E+02  0.29036E+01 -0.97567E+00  0.82012E+01      982.00
  0.53763E+00  0.67430E+02    0.27500E+00  0.27500E+00 -0.55000E+00  0.00000E+00  0.00000E+00  0.00000E+00    0.25466E+02  0.18085E+02 -0.43551E+02  0.28627E+01 -0.93098E+00  0.83882E+01      982.00
  0.56185E+00  0.67621E+02    0.28750E+00  0.28750E+00 -0.57500E+00  0.00000E+00  0.00000E+00  0.00000E+00    0.25556E+02  0.18079E+02 -0.43635E+02  0.28103E+01 -0.89591E+00  0.85741E+01      982.00
  0.58605E+00  0.67808E+02    0.30000E+00  0.30000E+00 -0.60000E+00  0.00000E+00  0.00000E+00  0.00000E+00    0.25641E+02  0.18074E+02 -0.43716E+02  0.27466E+01 -0.87087E+00  0.87609E+01      982.00
  0.61022E+00  0.67964E+02    0.31250E+00  0.31250E+00 -0.62500E+00  0.00000E+00  0.00000E+00  0.00000E+00    0.25705E+02  0.18075E+02 -0.43779E+02  0.26806E+01 -0.85010E+00  0.89304E+01      982.00
  0.63438E+00  0.68125E+02    0.32500E+00  0.32500E+00 -0.65000E+00  0.00000E+00  0.00000E+00  0.00000E+00    0.25771E+02  0.18073E+02 -0.43844E+02  0.25929E+01 -0.84260E+00  0.91150E+01      982.00
  0.65851E+00  0.68268E+02    0.33750E+00  0.33750E+00 -0.67500E+00  0.00000E+00  0.00000E+00  0.00000E+00    0.25823E+02  0.18073E+02 -0.43896E+02  0.24927E+01 -0.84399E+00  0.92963E+01      982.00
  0.68262E+00  0.68412E+02    0.35000E+00  0.35000E+00 -0.70000E+00  0.00000E+00  0.00000E+00  0.00000E+00    0.25866E+02  0.18085E+02 -0.43951E+02  0.23815E+01 -0.85232E+00  0.94750E+01      982.00
  0.70672E+00  0.68546E+02    0.36250E+00  0.36250E+00 -0.72500E+00  0.00000E+00  0.00000E+00  0.00000E+00    0.25894E+02  0.18107E+02 -0.44001E+02  0.22612E+01 -0.86565E+00  0.96487E+01      982.00
  0.73079E+00  0.68670E+02    0.37500E+00  0.37500E+00 -0.75000E+00  0.00000E+00  0.00000E+00  0.00000E+00    0.25908E+02  0.18138E+02 -0.44046E+02  0.21354E+01 -0.88179E+00  0.98172E+01      982.00
  0.75484E+00  0.68804E+02    0.38750E+00  0.38750E+00 -0.77500E+00  0.00000E+00  0.00000E+00  0.00000E+00    0.25913E+02  0.18187E+02 -0.44100E+02  0.20186E+01 -0.88924E+00  0.99812E+01      982.00
  0.77888E+00  0.68924E+02    0.40000E+00  0.40000E+00 -0.80000E+00  0.00000E+00  0.00000E+00  0.00000E+00    0.25906E+02  0.18241E+02 -0.44147E+02  0.18886E+01 -0.90466E+00  0.10136E+02      982.00
  0.80290E+00  0.69039E+02    0.41250E+00  0.41250E+00 -0.82500E+00  0.00000E+00  0.00000E+00  0.00000E+00    0.25889E+02  0.18303E+02 -0.44193E+02  0.17583E+01 -0.91776E+00  0.10281E+02      982.00
  0.82690E+00  0.69154E+02    0.42500E+00  0.42500E+00 -0.85000E+00  0.00000E+00  0.00000E+00  0.00000E+00    0.25866E+02  0.18376E+02 -0.44243E+02  0.16300E+01 -0.92671E+00  0.10417E+02      982.00
  0.85089E+00  0.69261E+02    0.43750E+00  0.43750E+00 -0.87500E+00  0.00000E+00  0.00000E+00  0.00000E+00    0.25835E+02  0.18454E+02 -0.44288E+02  0.15053E+01 -0.93085E+00  0.10544E+02      982.00
  0.87487E+00  0.69368E+02    0.45000E+00  0.45000E+00 -0.90000E+00  0.00000E+00  0.00000E+00  0.00000E+00    0.25800E+02  0.18537E+02 -0.44337E+02  0.13846E+01 -0.92977E+00  0.10660E+02      982.00
  0.89884E+00  0.69463E+02    0.46250E+00  0.46250E+00 -0.92500E+00  0.00000E+00  0.00000E+00  0.00000E+00    0.25759E+02  0.18621E+02 -0.44381E+02  0.12679E+01 -0.92336E+00  0.10767E+02      982.00
  0.92280E+00  0.69510E+02    0.47500E+00  0.47500E+00 -0.95000E+00  0.00000E+00  0.00000E+00  0.00000E+00    0.25694E+02  0.18707E+02 -0.44401E+02  0.11423E+01 -0.91387E+00  0.10846E+02      982.00
  0.94675E+00  0.69563E+02    0.48750E+00  0.48750E+00 -0.97500E+00  0.00000E+00  0.00000E+00  0.00000E+00    0.25637E+02  0.18787E+02 -0.44425E+02  0.10344E+01 -0.89438E+00  0.10920E+02      982.00
  0.97070E+00  0.69607E+02    0.50000E+00  0.50000E+00 -0.10000E+01  0.00000E+00  0.00000E+00  0.00000E+00    0.25580E+02  0.18864E+02 -0.44443E+02  0.93212E+00 -0.86965E+00  0.10988E+02      982.00
