          Evm          Svm            E11          E22          E33          E23          E13          E12         SDEV11       SDEV22       SDEV33       SDEV23       SDEV13       SDEV12      TEMP
  0.00000E+00  0.54490E+02    0.00000E+00  0.00000E+00  0.00000E+00  0.00000E+00  0.00000E+00  0.00000E+00    0.13219E+02  0.19166E+02 -0.32385E+02  0.68420E+01 -0.32627E+01  0.11697E+02      982.00
  0.22287E-01  0.54330E+02    0.12500E-01  0.12500E-01 -0.25000E-01  0.00000E+00  0.00000E+00  0.00000E+00    0.13626E+02  0.18671E+02 -0.32296E+02  0.61990E+01 -0.30002E+01  0.12159E+02      982.00
  0.44579E-01  0.54355E+02    0.25000E-01  0.25000E-01 -0.50000E-01  0.00000E+00  0.00000E+00  0.00000E+00    0.14187E+02  0.18118E+02 -0.32305E+02  0.54094E+01 -0.27140E+01  0.12713E+02      982.00
  0.66867E-01  0.54524E+02    0.37500E-01  0.37500E-01 -0.75000E-01  0.00000E+00  0.00000E+00  0.00000E+00    0.14888E+02  0.17494E+02 -0.32382E+02  0.44694E+01 -0.23626E+01  0.13313E+02      982.00
  0.89138E-01  0.54759E+02    0.50000E-01  0.50000E-01 -0.10000E+00  0.00000E+00  0.00000E+00  0.00000E+00    0.15656E+02  0.16825E+02 -0.32481E+02  0.34820E+01 -0.19381E+01  0.13858E+02      982.00
  0.11138E+00  0.55017E+02    0.62500E-01  0.62500E-01 -0.12500E+00  0.00000E+00  0.00000E+00  0.00000E+00    0.16407E+02  0.16172E+02 -0.32579E+02  0.25536E+01 -0.14665E+01  0.14292E+02      982.00
  0.13359E+00  0.55308E+02    0.75000E-01  0.75000E-01 -0.15000E+00  0.00000E+00  0.00000E+00  0.00000E+00    0.17097E+02  0.15587E+02 -0.32684E+02  0.17276E+01 -0.98704E+00  0.14628E+02      982.00
  0.15575E+00  0.55641E+02    0.87500E-01  0.87500E-01 -0.17500E+00  0.00000E+00  0.00000E+00  0.00000E+00    0.17714E+02  0.15091E+02 -0.32805E+02  0.10065E+01 -0.52842E+00  0.14894E+02      982.00
  0.17786E+00  0.56009E+02    0.10000E+00  0.10000E+00 -0.20000E+00  0.00000E+00  0.00000E+00  0.00000E+00    0.18261E+02  0.14683E+02 -0.32944E+02  0.38017E+00 -0.10381E+00  0.15112E+02      982.00
  0.19991E+00  0.56403E+02    0.11250E+00  0.11250E+00 -0.22500E+00  0.00000E+00  0.00000E+00  0.00000E+00    0.18739E+02  0.14358E+02 -0.33097E+02 -0.15834E+00  0.27952E+00  0.15296E+02      982.00
  0.22192E+00  0.56813E+02    0.12500E+00  0.12500E+00 -0.25000E+00  0.00000E+00  0.00000E+00  0.00000E+00    0.19150E+02  0.14113E+02 -0.33263E+02 -0.61447E+00  0.61694E+00  0.15459E+02      982.00
  0.24388E+00  0.57230E+02    0.13750E+00  0.13750E+00 -0.27500E+00  0.00000E+00  0.00000E+00  0.00000E+00    0.19506E+02  0.13933E+02 -0.33439E+02 -0.10033E+01  0.91633E+00  0.15604E+02      982.00
  0.26579E+00  0.57650E+02    0.15000E+00  0.15000E+00 -0.30000E+00  0.00000E+00  0.00000E+00  0.00000E+00    0.19805E+02  0.13817E+02 -0.33622E+02 -0.13279E+01  0.11757E+01  0.15744E+02      982.00
  0.28766E+00  0.58071E+02    0.16250E+00  0.16250E+00 -0.32500E+00  0.00000E+00  0.00000E+00  0.00000E+00    0.20063E+02  0.13748E+02 -0.33811E+02 -0.16027E+01  0.14079E+01  0.15881E+02      982.00
  0.30949E+00  0.58494E+02    0.17500E+00  0.17500E+00 -0.35000E+00  0.00000E+00  0.00000E+00  0.00000E+00    0.20277E+02  0.13730E+02 -0.34007E+02 -0.18275E+01  0.16071E+01  0.16016E+02      982.00
  0.33129E+00  0.58912E+02    0.18750E+00  0.18750E+00 -0.37500E+00  0.00000E+00  0.00000E+00  0.00000E+00    0.20458E+02  0.13751E+02 -0.34209E+02 -0.20124E+01  0.17808E+01  0.16147E+02      982.00
  0.35307E+00  0.59321E+02    0.20000E+00  0.20000E+00 -0.40000E+00  0.00000E+00  0.00000E+00  0.00000E+00    0.20609E+02  0.13803E+02 -0.34412E+02 -0.21640E+01  0.19330E+01  0.16275E+02      982.00
  0.37482E+00  0.59719E+02    0.21250E+00  0.21250E+00 -0.42500E+00  0.00000E+00  0.00000E+00  0.00000E+00    0.20734E+02  0.13878E+02 -0.34612E+02 -0.22888E+01  0.20687E+01  0.16401E+02      982.00
  0.39656E+00  0.60085E+02    0.22500E+00  0.22500E+00 -0.45000E+00  0.00000E+00  0.00000E+00  0.00000E+00    0.20832E+02  0.13969E+02 -0.34801E+02 -0.23681E+01  0.21726E+01  0.16521E+02      982.00
  0.41828E+00  0.60463E+02    0.23750E+00  0.23750E+00 -0.47500E+00  0.00000E+00  0.00000E+00  0.00000E+00    0.20920E+02  0.14076E+02 -0.34996E+02 -0.24373E+01  0.22711E+01  0.16650E+02      982.00
  0.43998E+00  0.60822E+02    0.25000E+00  0.25000E+00 -0.50000E+00  0.00000E+00  0.00000E+00  0.00000E+00    0.20992E+02  0.14192E+02 -0.35184E+02 -0.24905E+01  0.23555E+01  0.16774E+02      982.00
  0.46167E+00  0.61171E+02    0.26250E+00  0.26250E+00 -0.52500E+00  0.00000E+00  0.00000E+00  0.00000E+00    0.21051E+02  0.14315E+02 -0.35367E+02 -0.25314E+01  0.24271E+01  0.16898E+02      982.00
  0.48335E+00  0.61504E+02    0.27500E+00  0.27500E+00 -0.55000E+00  0.00000E+00  0.00000E+00  0.00000E+00    0.21097E+02  0.14444E+02 -0.35541E+02 -0.25632E+01  0.24843E+01  0.17021E+02      982.00
  0.50502E+00  0.61820E+02    0.28750E+00  0.28750E+00 -0.57500E+00  0.00000E+00  0.00000E+00  0.00000E+00    0.21131E+02  0.14577E+02 -0.35708E+02 -0.25891E+01  0.25261E+01  0.17141E+02      982.00
  0.52669E+00  0.62120E+02    0.30000E+00  0.30000E+00 -0.60000E+00  0.00000E+00  0.00000E+00  0.00000E+00    0.21153E+02  0.14712E+02 -0.35865E+02 -0.26120E+01  0.25518E+01  0.17258E+02      982.00
  0.54834E+00  0.62403E+02    0.31250E+00  0.31250E+00 -0.62500E+00  0.00000E+00  0.00000E+00  0.00000E+00    0.21164E+02  0.14850E+02 -0.36014E+02 -0.26341E+01  0.25609E+01  0.17373E+02      982.00
  0.56998E+00  0.62671E+02    0.32500E+00  0.32500E+00 -0.65000E+00  0.00000E+00  0.00000E+00  0.00000E+00    0.21165E+02  0.14989E+02 -0.36154E+02 -0.26569E+01  0.25538E+01  0.17485E+02      982.00
  0.59161E+00  0.62921E+02    0.33750E+00  0.33750E+00 -0.67500E+00  0.00000E+00  0.00000E+00  0.00000E+00    0.21163E+02  0.15125E+02 -0.36288E+02 -0.26769E+01  0.25320E+01  0.17589E+02      982.00
  0.61324E+00  0.63157E+02    0.35000E+00  0.35000E+00 -0.70000E+00  0.00000E+00  0.00000E+00  0.00000E+00    0.21149E+02  0.15263E+02 -0.36413E+02 -0.27020E+01  0.24981E+01  0.17692E+02      982.00
  0.63486E+00  0.63401E+02    0.36250E+00  0.36250E+00 -0.72500E+00  0.00000E+00  0.00000E+00  0.00000E+00    0.21143E+02  0.15398E+02 -0.36541E+02 -0.27247E+01  0.24641E+01  0.17797E+02      982.00
  0.65647E+00  0.63604E+02    0.37500E+00  0.37500E+00 -0.75000E+00  0.00000E+00  0.00000E+00  0.00000E+00    0.21120E+02  0.15531E+02 -0.36651E+02 -0.27474E+01  0.24142E+01  0.17884E+02      982.00
  0.67808E+00  0.63791E+02    0.38750E+00  0.38750E+00 -0.77500E+00  0.00000E+00  0.00000E+00  0.00000E+00    0.21094E+02  0.15661E+02 -0.36755E+02 -0.27675E+01  0.23602E+01  0.17962E+02      982.00
  0.69969E+00  0.63965E+02    0.40000E+00  0.40000E+00 -0.80000E+00  0.00000E+00  0.00000E+00  0.00000E+00    0.21068E+02  0.15785E+02 -0.36853E+02 -0.27809E+01  0.23124E+01  0.18033E+02      982.00
  0.72129E+00  0.64127E+02    0.41250E+00  0.41250E+00 -0.82500E+00  0.00000E+00  0.00000E+00  0.00000E+00    0.21041E+02  0.15907E+02 -0.36948E+02 -0.27942E+01  0.22518E+01  0.18095E+02      982.00
  0.74290E+00  0.64277E+02    0.42500E+00  0.42500E+00 -0.85000E+00  0.00000E+00  0.00000E+00  0.00000E+00    0.21016E+02  0.16021E+02 -0.37038E+02 -0.28002E+01  0.22002E+01  0.18149E+02      982.00
  0.76451E+00  0.64415E+02    0.43750E+00  0.43750E+00 -0.87500E+00  0.00000E+00  0.00000E+00  0.00000E+00    0.20994E+02  0.16130E+02 -0.37123E+02 -0.28007E+01  0.21526E+01  0.18196E+02      982.00
  0.78612E+00  0.64542E+02    0.45000E+00  0.45000E+00 -0.90000E+00  0.00000E+00  0.00000E+00  0.00000E+00    0.20973E+02  0.16231E+02 -0.37205E+02 -0.27961E+01  0.21089E+01  0.18236E+02      982.00
  0.80774E+00  0.64655E+02    0.46250E+00  0.46250E+00 -0.92500E+00  0.00000E+00  0.00000E+00  0.00000E+00    0.20954E+02  0.16325E+02 -0.37279E+02 -0.27876E+01  0.20616E+01  0.18268E+02      982.00
  0.82936E+00  0.64764E+02    0.47500E+00  0.47500E+00 -0.95000E+00  0.00000E+00  0.00000E+00  0.00000E+00    0.20940E+02  0.16414E+02 -0.37353E+02 -0.27745E+01  0.20257E+01  0.18297E+02      982.00
  0.85099E+00  0.64865E+02    0.48750E+00  0.48750E+00 -0.97500E+00  0.00000E+00  0.00000E+00  0.00000E+00    0.20928E+02  0.16495E+02 -0.37424E+02 -0.27578E+01  0.19939E+01  0.18320E+02      982.00
  0.87262E+00  0.64950E+02    0.50000E+00  0.50000E+00 -0.10000E+01  0.00000E+00  0.00000E+00  0.00000E+00    0.20916E+02  0.16569E+02 -0.37485E+02 -0.27365E+01  0.19580E+01  0.18339E+02      982.00
