          Evm          Svm            E11          E22          E33          E23          E13          E12         SDEV11       SDEV22       SDEV33       SDEV23       SDEV13       SDEV12      TEMP
  0.00000E+00  0.63005E+02    0.00000E+00  0.00000E+00  0.00000E+00  0.00000E+00  0.00000E+00  0.00000E+00    0.22024E+02  0.18040E+02 -0.40064E+02  0.28892E+01 -0.64456E+01  0.80957E+01      982.00
  0.23845E-01  0.63411E+02    0.12500E-01  0.12500E-01 -0.25000E-01  0.00000E+00  0.00000E+00  0.00000E+00    0.21061E+02  0.19207E+02 -0.40268E+02  0.32571E+01 -0.63029E+01  0.85446E+01      982.00
  0.47659E-01  0.63744E+02    0.25000E-01  0.25000E-01 -0.50000E-01  0.00000E+00  0.00000E+00  0.00000E+00    0.20242E+02  0.20178E+02 -0.40420E+02  0.35089E+01 -0.61409E+01  0.88924E+01      982.00
  0.71438E-01  0.63999E+02    0.37500E-01  0.37500E-01 -0.75000E-01  0.00000E+00  0.00000E+00  0.00000E+00    0.19619E+02  0.20910E+02 -0.40529E+02  0.36232E+01 -0.59686E+01  0.91733E+01      982.00
  0.95186E-01  0.64213E+02    0.50000E-01  0.50000E-01 -0.10000E+00  0.00000E+00  0.00000E+00  0.00000E+00    0.19189E+02  0.21429E+02 -0.40619E+02  0.36204E+01 -0.58012E+01  0.94346E+01      982.00
  0.11891E+00  0.64417E+02    0.62500E-01  0.62500E-01 -0.12500E+00  0.00000E+00  0.00000E+00  0.00000E+00    0.18894E+02  0.21807E+02 -0.40701E+02  0.35521E+01 -0.56379E+01  0.97081E+01      982.00
  0.14260E+00  0.64632E+02    0.75000E-01  0.75000E-01 -0.15000E+00  0.00000E+00  0.00000E+00  0.00000E+00    0.18706E+02  0.22079E+02 -0.40784E+02  0.34449E+01 -0.54868E+01  0.10003E+02      982.00
  0.16626E+00  0.64865E+02    0.87500E-01  0.87500E-01 -0.17500E+00  0.00000E+00  0.00000E+00  0.00000E+00    0.18584E+02  0.22288E+02 -0.40872E+02  0.33289E+01 -0.53460E+01  0.10320E+02      982.00
  0.18989E+00  0.65124E+02    0.10000E+00  0.10000E+00 -0.20000E+00  0.00000E+00  0.00000E+00  0.00000E+00    0.18513E+02  0.22454E+02 -0.40968E+02  0.32146E+01 -0.52184E+01  0.10653E+02      982.00
  0.21348E+00  0.65394E+02    0.11250E+00  0.11250E+00 -0.22500E+00  0.00000E+00  0.00000E+00  0.00000E+00    0.18483E+02  0.22579E+02 -0.41062E+02  0.31031E+01 -0.51068E+01  0.11000E+02      982.00
  0.23703E+00  0.65679E+02    0.12500E+00  0.12500E+00 -0.25000E+00  0.00000E+00  0.00000E+00  0.00000E+00    0.18479E+02  0.22677E+02 -0.41156E+02  0.30020E+01 -0.50101E+01  0.11360E+02      982.00
  0.26053E+00  0.65961E+02    0.13750E+00  0.13750E+00 -0.27500E+00  0.00000E+00  0.00000E+00  0.00000E+00    0.18496E+02  0.22751E+02 -0.41247E+02  0.29162E+01 -0.49358E+01  0.11701E+02      982.00
  0.28398E+00  0.66242E+02    0.15000E+00  0.15000E+00 -0.30000E+00  0.00000E+00  0.00000E+00  0.00000E+00    0.18518E+02  0.22811E+02 -0.41329E+02  0.28481E+01 -0.48736E+01  0.12048E+02      982.00
  0.30737E+00  0.66520E+02    0.16250E+00  0.16250E+00 -0.32500E+00  0.00000E+00  0.00000E+00  0.00000E+00    0.18550E+02  0.22858E+02 -0.41407E+02  0.27953E+01 -0.48314E+01  0.12379E+02      982.00
  0.33072E+00  0.66788E+02    0.17500E+00  0.17500E+00 -0.35000E+00  0.00000E+00  0.00000E+00  0.00000E+00    0.18581E+02  0.22894E+02 -0.41476E+02  0.27581E+01 -0.48043E+01  0.12703E+02      982.00
  0.35401E+00  0.67044E+02    0.18750E+00  0.18750E+00 -0.37500E+00  0.00000E+00  0.00000E+00  0.00000E+00    0.18610E+02  0.22922E+02 -0.41532E+02  0.27354E+01 -0.47913E+01  0.13021E+02      982.00
  0.37724E+00  0.67283E+02    0.20000E+00  0.20000E+00 -0.40000E+00  0.00000E+00  0.00000E+00  0.00000E+00    0.18632E+02  0.22941E+02 -0.41573E+02  0.27255E+01 -0.47913E+01  0.13332E+02      982.00
  0.40041E+00  0.67505E+02    0.21250E+00  0.21250E+00 -0.42500E+00  0.00000E+00  0.00000E+00  0.00000E+00    0.18645E+02  0.22953E+02 -0.41598E+02  0.27272E+01 -0.48033E+01  0.13640E+02      982.00
  0.42351E+00  0.67708E+02    0.22500E+00  0.22500E+00 -0.45000E+00  0.00000E+00  0.00000E+00  0.00000E+00    0.18648E+02  0.22957E+02 -0.41605E+02  0.27387E+01 -0.48261E+01  0.13945E+02      982.00
  0.44656E+00  0.67921E+02    0.23750E+00  0.23750E+00 -0.47500E+00  0.00000E+00  0.00000E+00  0.00000E+00    0.18640E+02  0.22958E+02 -0.41599E+02  0.27581E+01 -0.48572E+01  0.14285E+02      982.00
  0.46952E+00  0.68071E+02    0.25000E+00  0.25000E+00 -0.50000E+00  0.00000E+00  0.00000E+00  0.00000E+00    0.18612E+02  0.22950E+02 -0.41562E+02  0.27862E+01 -0.49020E+01  0.14578E+02      982.00
  0.49242E+00  0.68214E+02    0.26250E+00  0.26250E+00 -0.52500E+00  0.00000E+00  0.00000E+00  0.00000E+00    0.18569E+02  0.22940E+02 -0.41509E+02  0.28172E+01 -0.49489E+01  0.14886E+02      982.00
  0.51524E+00  0.68361E+02    0.27500E+00  0.27500E+00 -0.55000E+00  0.00000E+00  0.00000E+00  0.00000E+00    0.18506E+02  0.22931E+02 -0.41437E+02  0.28550E+01 -0.50044E+01  0.15228E+02      982.00
  0.53797E+00  0.68463E+02    0.28750E+00  0.28750E+00 -0.57500E+00  0.00000E+00  0.00000E+00  0.00000E+00    0.18424E+02  0.22916E+02 -0.41340E+02  0.28892E+01 -0.50583E+01  0.15546E+02      982.00
  0.56061E+00  0.68547E+02    0.30000E+00  0.30000E+00 -0.60000E+00  0.00000E+00  0.00000E+00  0.00000E+00    0.18322E+02  0.22900E+02 -0.41222E+02  0.29216E+01 -0.51122E+01  0.15871E+02      982.00
  0.58317E+00  0.68612E+02    0.31250E+00  0.31250E+00 -0.62500E+00  0.00000E+00  0.00000E+00  0.00000E+00    0.18197E+02  0.22885E+02 -0.41082E+02  0.29496E+01 -0.51633E+01  0.16204E+02      982.00
  0.60562E+00  0.68638E+02    0.32500E+00  0.32500E+00 -0.65000E+00  0.00000E+00  0.00000E+00  0.00000E+00    0.18059E+02  0.22859E+02 -0.40919E+02  0.29652E+01 -0.52036E+01  0.16523E+02      982.00
  0.62797E+00  0.68669E+02    0.33750E+00  0.33750E+00 -0.67500E+00  0.00000E+00  0.00000E+00  0.00000E+00    0.17894E+02  0.22842E+02 -0.40736E+02  0.29774E+01 -0.52410E+01  0.16875E+02      982.00
  0.65022E+00  0.68676E+02    0.35000E+00  0.35000E+00 -0.70000E+00  0.00000E+00  0.00000E+00  0.00000E+00    0.17717E+02  0.22816E+02 -0.40533E+02  0.29802E+01 -0.52709E+01  0.17227E+02      982.00
  0.67235E+00  0.68678E+02    0.36250E+00  0.36250E+00 -0.72500E+00  0.00000E+00  0.00000E+00  0.00000E+00    0.17512E+02  0.22801E+02 -0.40314E+02  0.29675E+01 -0.52819E+01  0.17596E+02      982.00
  0.69437E+00  0.68665E+02    0.37500E+00  0.37500E+00 -0.75000E+00  0.00000E+00  0.00000E+00  0.00000E+00    0.17289E+02  0.22790E+02 -0.40079E+02  0.29385E+01 -0.52738E+01  0.17970E+02      982.00
  0.71625E+00  0.68640E+02    0.38750E+00  0.38750E+00 -0.77500E+00  0.00000E+00  0.00000E+00  0.00000E+00    0.17049E+02  0.22782E+02 -0.39831E+02  0.28909E+01 -0.52436E+01  0.18344E+02      982.00
  0.73801E+00  0.68608E+02    0.40000E+00  0.40000E+00 -0.80000E+00  0.00000E+00  0.00000E+00  0.00000E+00    0.16808E+02  0.22768E+02 -0.39575E+02  0.28288E+01 -0.51979E+01  0.18721E+02      982.00
  0.75965E+00  0.68562E+02    0.41250E+00  0.41250E+00 -0.82500E+00  0.00000E+00  0.00000E+00  0.00000E+00    0.16548E+02  0.22767E+02 -0.39315E+02  0.27412E+01 -0.51177E+01  0.19086E+02      982.00
  0.78115E+00  0.68506E+02    0.42500E+00  0.42500E+00 -0.85000E+00  0.00000E+00  0.00000E+00  0.00000E+00    0.16284E+02  0.22770E+02 -0.39055E+02  0.26324E+01 -0.50089E+01  0.19440E+02      982.00
  0.80253E+00  0.68442E+02    0.43750E+00  0.43750E+00 -0.87500E+00  0.00000E+00  0.00000E+00  0.00000E+00    0.16020E+02  0.22778E+02 -0.38798E+02  0.25024E+01 -0.48712E+01  0.19775E+02      982.00
  0.82379E+00  0.68377E+02    0.45000E+00  0.45000E+00 -0.90000E+00  0.00000E+00  0.00000E+00  0.00000E+00    0.15765E+02  0.22787E+02 -0.38552E+02  0.23556E+01 -0.47128E+01  0.20092E+02      982.00
  0.84493E+00  0.68307E+02    0.46250E+00  0.46250E+00 -0.92500E+00  0.00000E+00  0.00000E+00  0.00000E+00    0.15521E+02  0.22799E+02 -0.38320E+02  0.21934E+01 -0.45313E+01  0.20381E+02      982.00
  0.86597E+00  0.68226E+02    0.47500E+00  0.47500E+00 -0.95000E+00  0.00000E+00  0.00000E+00  0.00000E+00    0.15282E+02  0.22819E+02 -0.38101E+02  0.20095E+01 -0.43151E+01  0.20640E+02      982.00
  0.88691E+00  0.68104E+02    0.48750E+00  0.48750E+00 -0.97500E+00  0.00000E+00  0.00000E+00  0.00000E+00    0.15060E+02  0.22825E+02 -0.37885E+02  0.18281E+01 -0.40915E+01  0.20844E+02      982.00
  0.90777E+00  0.67984E+02    0.50000E+00  0.50000E+00 -0.10000E+01  0.00000E+00  0.00000E+00  0.00000E+00    0.14858E+02  0.22833E+02 -0.37691E+02  0.16354E+01 -0.38500E+01  0.21017E+02      982.00
