          Evm          Svm            E11          E22          E33          E23          E13          E12         SDEV11       SDEV22       SDEV33       SDEV23       SDEV13       SDEV12      TEMP
  0.00000E+00  0.50174E+02    0.00000E+00  0.00000E+00  0.00000E+00  0.00000E+00  0.00000E+00  0.00000E+00    0.18539E+02  0.14156E+02 -0.32695E+02  0.18768E+01  0.53461E+01 -0.69663E+00      982.00
  0.24437E-01  0.50138E+02    0.12500E-01  0.12500E-01 -0.25000E-01  0.00000E+00  0.00000E+00  0.00000E+00    0.18858E+02  0.13780E+02 -0.32639E+02  0.22626E+01  0.51765E+01 -0.78485E+00      982.00
  0.48848E-01  0.50170E+02    0.25000E-01  0.25000E-01 -0.50000E-01  0.00000E+00  0.00000E+00  0.00000E+00    0.19150E+02  0.13475E+02 -0.32625E+02  0.25840E+01  0.50237E+01 -0.86276E+00      982.00
  0.73234E-01  0.50283E+02    0.37500E-01  0.37500E-01 -0.75000E-01  0.00000E+00  0.00000E+00  0.00000E+00    0.19446E+02  0.13213E+02 -0.32659E+02  0.28872E+01  0.48931E+01 -0.93713E+00      982.00
  0.97590E-01  0.50485E+02    0.50000E-01  0.50000E-01 -0.10000E+00  0.00000E+00  0.00000E+00  0.00000E+00    0.19754E+02  0.12989E+02 -0.32743E+02  0.31774E+01  0.47891E+01 -0.10071E+01      982.00
  0.12191E+00  0.50777E+02    0.62500E-01  0.62500E-01 -0.12500E+00  0.00000E+00  0.00000E+00  0.00000E+00    0.20084E+02  0.12795E+02 -0.32879E+02  0.34716E+01  0.47098E+01 -0.10743E+01      982.00
  0.14619E+00  0.51156E+02    0.75000E-01  0.75000E-01 -0.15000E+00  0.00000E+00  0.00000E+00  0.00000E+00    0.20433E+02  0.12632E+02 -0.33065E+02  0.37632E+01  0.46554E+01 -0.11363E+01      982.00
  0.17043E+00  0.51614E+02    0.87500E-01  0.87500E-01 -0.17500E+00  0.00000E+00  0.00000E+00  0.00000E+00    0.20801E+02  0.12494E+02 -0.33296E+02  0.40647E+01  0.46196E+01 -0.11953E+01      982.00
  0.19462E+00  0.52138E+02    0.10000E+00  0.10000E+00 -0.20000E+00  0.00000E+00  0.00000E+00  0.00000E+00    0.21181E+02  0.12385E+02 -0.33566E+02  0.43639E+01  0.45990E+01 -0.12492E+01      982.00
  0.21877E+00  0.52716E+02    0.11250E+00  0.11250E+00 -0.22500E+00  0.00000E+00  0.00000E+00  0.00000E+00    0.21568E+02  0.12301E+02 -0.33869E+02  0.46649E+01  0.45870E+01 -0.13001E+01      982.00
  0.24286E+00  0.53335E+02    0.12500E+00  0.12500E+00 -0.25000E+00  0.00000E+00  0.00000E+00  0.00000E+00    0.21958E+02  0.12240E+02 -0.34198E+02  0.49705E+01  0.45757E+01 -0.13504E+01      982.00
  0.26690E+00  0.53975E+02    0.13750E+00  0.13750E+00 -0.27500E+00  0.00000E+00  0.00000E+00  0.00000E+00    0.22339E+02  0.12203E+02 -0.34543E+02  0.52669E+01  0.45635E+01 -0.13989E+01      982.00
  0.29090E+00  0.54628E+02    0.15000E+00  0.15000E+00 -0.30000E+00  0.00000E+00  0.00000E+00  0.00000E+00    0.22710E+02  0.12189E+02 -0.34899E+02  0.55566E+01  0.45447E+01 -0.14480E+01      982.00
  0.31486E+00  0.55287E+02    0.16250E+00  0.16250E+00 -0.32500E+00  0.00000E+00  0.00000E+00  0.00000E+00    0.23068E+02  0.12195E+02 -0.35262E+02  0.58425E+01  0.45129E+01 -0.15004E+01      982.00
  0.33878E+00  0.55934E+02    0.17500E+00  0.17500E+00 -0.35000E+00  0.00000E+00  0.00000E+00  0.00000E+00    0.23405E+02  0.12220E+02 -0.35625E+02  0.61107E+01  0.44720E+01 -0.15533E+01      982.00
  0.36266E+00  0.56567E+02    0.18750E+00  0.18750E+00 -0.37500E+00  0.00000E+00  0.00000E+00  0.00000E+00    0.23722E+02  0.12262E+02 -0.35984E+02  0.63643E+01  0.44186E+01 -0.16081E+01      982.00
  0.38652E+00  0.57176E+02    0.20000E+00  0.20000E+00 -0.40000E+00  0.00000E+00  0.00000E+00  0.00000E+00    0.24018E+02  0.12318E+02 -0.36336E+02  0.65964E+01  0.43564E+01 -0.16617E+01      982.00
  0.41035E+00  0.57764E+02    0.21250E+00  0.21250E+00 -0.42500E+00  0.00000E+00  0.00000E+00  0.00000E+00    0.24294E+02  0.12386E+02 -0.36680E+02  0.68152E+01  0.42785E+01 -0.17178E+01      982.00
  0.43416E+00  0.58329E+02    0.22500E+00  0.22500E+00 -0.45000E+00  0.00000E+00  0.00000E+00  0.00000E+00    0.24552E+02  0.12464E+02 -0.37016E+02  0.70147E+01  0.41901E+01 -0.17733E+01      982.00
  0.45796E+00  0.58874E+02    0.23750E+00  0.23750E+00 -0.47500E+00  0.00000E+00  0.00000E+00  0.00000E+00    0.24795E+02  0.12550E+02 -0.37345E+02  0.71985E+01  0.40901E+01 -0.18294E+01      982.00
  0.48175E+00  0.59384E+02    0.25000E+00  0.25000E+00 -0.50000E+00  0.00000E+00  0.00000E+00  0.00000E+00    0.25018E+02  0.12640E+02 -0.37658E+02  0.73579E+01  0.39857E+01 -0.18787E+01      982.00
  0.50553E+00  0.59866E+02    0.26250E+00  0.26250E+00 -0.52500E+00  0.00000E+00  0.00000E+00  0.00000E+00    0.25226E+02  0.12733E+02 -0.37960E+02  0.74973E+01  0.38767E+01 -0.19225E+01      982.00
  0.52930E+00  0.60322E+02    0.27500E+00  0.27500E+00 -0.55000E+00  0.00000E+00  0.00000E+00  0.00000E+00    0.25421E+02  0.12828E+02 -0.38249E+02  0.76177E+01  0.37647E+01 -0.19596E+01      982.00
  0.55308E+00  0.60752E+02    0.28750E+00  0.28750E+00 -0.57500E+00  0.00000E+00  0.00000E+00  0.00000E+00    0.25604E+02  0.12922E+02 -0.38526E+02  0.77202E+01  0.36515E+01 -0.19889E+01      982.00
  0.57686E+00  0.61157E+02    0.30000E+00  0.30000E+00 -0.60000E+00  0.00000E+00  0.00000E+00  0.00000E+00    0.25776E+02  0.13014E+02 -0.38791E+02  0.78060E+01  0.35382E+01 -0.20095E+01      982.00
  0.60065E+00  0.61538E+02    0.31250E+00  0.31250E+00 -0.62500E+00  0.00000E+00  0.00000E+00  0.00000E+00    0.25938E+02  0.13105E+02 -0.39043E+02  0.78765E+01  0.34260E+01 -0.20211E+01      982.00
  0.62444E+00  0.61897E+02    0.32500E+00  0.32500E+00 -0.65000E+00  0.00000E+00  0.00000E+00  0.00000E+00    0.26092E+02  0.13193E+02 -0.39284E+02  0.79334E+01  0.33157E+01 -0.20231E+01      982.00
  0.64824E+00  0.62238E+02    0.33750E+00  0.33750E+00 -0.67500E+00  0.00000E+00  0.00000E+00  0.00000E+00    0.26237E+02  0.13279E+02 -0.39517E+02  0.79799E+01  0.32022E+01 -0.20203E+01      982.00
  0.67205E+00  0.62554E+02    0.35000E+00  0.35000E+00 -0.70000E+00  0.00000E+00  0.00000E+00  0.00000E+00    0.26375E+02  0.13360E+02 -0.39735E+02  0.80140E+01  0.30973E+01 -0.20037E+01      982.00
  0.69587E+00  0.62851E+02    0.36250E+00  0.36250E+00 -0.72500E+00  0.00000E+00  0.00000E+00  0.00000E+00    0.26505E+02  0.13438E+02 -0.39943E+02  0.80386E+01  0.29961E+01 -0.19780E+01      982.00
  0.71970E+00  0.63130E+02    0.37500E+00  0.37500E+00 -0.75000E+00  0.00000E+00  0.00000E+00  0.00000E+00    0.26628E+02  0.13512E+02 -0.40140E+02  0.80552E+01  0.28983E+01 -0.19436E+01      982.00
  0.74355E+00  0.63392E+02    0.38750E+00  0.38750E+00 -0.77500E+00  0.00000E+00  0.00000E+00  0.00000E+00    0.26744E+02  0.13583E+02 -0.40327E+02  0.80650E+01  0.28040E+01 -0.19012E+01      982.00
  0.76740E+00  0.63638E+02    0.40000E+00  0.40000E+00 -0.80000E+00  0.00000E+00  0.00000E+00  0.00000E+00    0.26854E+02  0.13650E+02 -0.40504E+02  0.80690E+01  0.27132E+01 -0.18512E+01      982.00
  0.79127E+00  0.63869E+02    0.41250E+00  0.41250E+00 -0.82500E+00  0.00000E+00  0.00000E+00  0.00000E+00    0.26958E+02  0.13715E+02 -0.40673E+02  0.80682E+01  0.26258E+01 -0.17943E+01      982.00
  0.81515E+00  0.64088E+02    0.42500E+00  0.42500E+00 -0.85000E+00  0.00000E+00  0.00000E+00  0.00000E+00    0.27057E+02  0.13776E+02 -0.40833E+02  0.80636E+01  0.25424E+01 -0.17308E+01      982.00
  0.83904E+00  0.64291E+02    0.43750E+00  0.43750E+00 -0.87500E+00  0.00000E+00  0.00000E+00  0.00000E+00    0.27149E+02  0.13835E+02 -0.40984E+02  0.80554E+01  0.24617E+01 -0.16616E+01      982.00
  0.86295E+00  0.64482E+02    0.45000E+00  0.45000E+00 -0.90000E+00  0.00000E+00  0.00000E+00  0.00000E+00    0.27235E+02  0.13892E+02 -0.41127E+02  0.80445E+01  0.23841E+01 -0.15873E+01      982.00
  0.88687E+00  0.64662E+02    0.46250E+00  0.46250E+00 -0.92500E+00  0.00000E+00  0.00000E+00  0.00000E+00    0.27316E+02  0.13946E+02 -0.41262E+02  0.80315E+01  0.23094E+01 -0.15083E+01      982.00
  0.91080E+00  0.64763E+02    0.47500E+00  0.47500E+00 -0.95000E+00  0.00000E+00  0.00000E+00  0.00000E+00    0.27369E+02  0.13989E+02 -0.41358E+02  0.79651E+01  0.22243E+01 -0.14367E+01      982.00
  0.93474E+00  0.64861E+02    0.48750E+00  0.48750E+00 -0.97500E+00  0.00000E+00  0.00000E+00  0.00000E+00    0.27417E+02  0.14030E+02 -0.41448E+02  0.79121E+01  0.21520E+01 -0.13550E+01      982.00
  0.95871E+00  0.64953E+02    0.50000E+00  0.50000E+00 -0.10000E+01  0.00000E+00  0.00000E+00  0.00000E+00    0.27463E+02  0.14070E+02 -0.41534E+02  0.78581E+01  0.20776E+01 -0.12749E+01      982.00
