          Evm          Svm            E11          E22          E33          E23          E13          E12         SDEV11       SDEV22       SDEV33       SDEV23       SDEV13       SDEV12      TEMP
  0.00000E+00  0.53866E+02    0.00000E+00  0.00000E+00  0.00000E+00  0.00000E+00  0.00000E+00  0.00000E+00    0.13857E+02  0.19192E+02 -0.33050E+02 -0.37832E+01  0.23334E+01  0.11004E+02      982.00
  0.23008E-01  0.53762E+02    0.12500E-01  0.12500E-01 -0.25000E-01  0.00000E+00  0.00000E+00  0.00000E+00    0.14020E+02  0.19009E+02 -0.33029E+02 -0.33844E+01  0.25135E+01  0.11012E+02      982.00
  0.46047E-01  0.53733E+02    0.25000E-01  0.25000E-01 -0.50000E-01  0.00000E+00  0.00000E+00  0.00000E+00    0.14231E+02  0.18801E+02 -0.33033E+02 -0.29710E+01  0.26953E+01  0.11079E+02      982.00
  0.69100E-01  0.53790E+02    0.37500E-01  0.37500E-01 -0.75000E-01  0.00000E+00  0.00000E+00  0.00000E+00    0.14469E+02  0.18597E+02 -0.33066E+02 -0.25768E+01  0.28574E+01  0.11196E+02      982.00
  0.92152E-01  0.53948E+02    0.50000E-01  0.50000E-01 -0.10000E+00  0.00000E+00  0.00000E+00  0.00000E+00    0.14694E+02  0.18446E+02 -0.33140E+02 -0.22250E+01  0.29974E+01  0.11356E+02      982.00
  0.11519E+00  0.54218E+02    0.62500E-01  0.62500E-01 -0.12500E+00  0.00000E+00  0.00000E+00  0.00000E+00    0.14889E+02  0.18372E+02 -0.33262E+02 -0.19178E+01  0.31198E+01  0.11562E+02      982.00
  0.13819E+00  0.54597E+02    0.75000E-01  0.75000E-01 -0.15000E+00  0.00000E+00  0.00000E+00  0.00000E+00    0.15063E+02  0.18371E+02 -0.33434E+02 -0.16485E+01  0.32299E+01  0.11804E+02      982.00
  0.16116E+00  0.55035E+02    0.87500E-01  0.87500E-01 -0.17500E+00  0.00000E+00  0.00000E+00  0.00000E+00    0.15217E+02  0.18418E+02 -0.33635E+02 -0.14128E+01  0.33280E+01  0.12062E+02      982.00
  0.18408E+00  0.55514E+02    0.10000E+00  0.10000E+00 -0.20000E+00  0.00000E+00  0.00000E+00  0.00000E+00    0.15362E+02  0.18497E+02 -0.33859E+02 -0.12030E+01  0.34155E+01  0.12325E+02      982.00
  0.20695E+00  0.56004E+02    0.11250E+00  0.11250E+00 -0.22500E+00  0.00000E+00  0.00000E+00  0.00000E+00    0.15496E+02  0.18595E+02 -0.34091E+02 -0.10259E+01  0.34932E+01  0.12577E+02      982.00
  0.22978E+00  0.56495E+02    0.12500E+00  0.12500E+00 -0.25000E+00  0.00000E+00  0.00000E+00  0.00000E+00    0.15630E+02  0.18697E+02 -0.34327E+02 -0.86525E+00  0.35615E+01  0.12820E+02      982.00
  0.25256E+00  0.56968E+02    0.13750E+00  0.13750E+00 -0.27500E+00  0.00000E+00  0.00000E+00  0.00000E+00    0.15760E+02  0.18800E+02 -0.34560E+02 -0.73786E+00  0.36194E+01  0.13041E+02      982.00
  0.27531E+00  0.57416E+02    0.15000E+00  0.15000E+00 -0.30000E+00  0.00000E+00  0.00000E+00  0.00000E+00    0.15889E+02  0.18892E+02 -0.34780E+02 -0.61805E+00  0.36696E+01  0.13249E+02      982.00
  0.29803E+00  0.57845E+02    0.16250E+00  0.16250E+00 -0.32500E+00  0.00000E+00  0.00000E+00  0.00000E+00    0.16018E+02  0.18981E+02 -0.34998E+02 -0.53138E+00  0.37080E+01  0.13433E+02      982.00
  0.32071E+00  0.58246E+02    0.17500E+00  0.17500E+00 -0.35000E+00  0.00000E+00  0.00000E+00  0.00000E+00    0.16146E+02  0.19061E+02 -0.35207E+02 -0.46229E+00  0.37372E+01  0.13599E+02      982.00
  0.34338E+00  0.58623E+02    0.18750E+00  0.18750E+00 -0.37500E+00  0.00000E+00  0.00000E+00  0.00000E+00    0.16274E+02  0.19131E+02 -0.35405E+02 -0.40647E+00  0.37579E+01  0.13750E+02      982.00
  0.36603E+00  0.58971E+02    0.20000E+00  0.20000E+00 -0.40000E+00  0.00000E+00  0.00000E+00  0.00000E+00    0.16400E+02  0.19192E+02 -0.35592E+02 -0.36370E+00  0.37684E+01  0.13885E+02      982.00
  0.38866E+00  0.59296E+02    0.21250E+00  0.21250E+00 -0.42500E+00  0.00000E+00  0.00000E+00  0.00000E+00    0.16531E+02  0.19235E+02 -0.35766E+02 -0.32115E+00  0.37747E+01  0.14016E+02      982.00
  0.41128E+00  0.59599E+02    0.22500E+00  0.22500E+00 -0.45000E+00  0.00000E+00  0.00000E+00  0.00000E+00    0.16654E+02  0.19277E+02 -0.35932E+02 -0.30024E+00  0.37694E+01  0.14131E+02      982.00
  0.43389E+00  0.59881E+02    0.23750E+00  0.23750E+00 -0.47500E+00  0.00000E+00  0.00000E+00  0.00000E+00    0.16776E+02  0.19313E+02 -0.36089E+02 -0.28732E+00  0.37567E+01  0.14235E+02      982.00
  0.45649E+00  0.60144E+02    0.25000E+00  0.25000E+00 -0.50000E+00  0.00000E+00  0.00000E+00  0.00000E+00    0.16894E+02  0.19342E+02 -0.36235E+02 -0.28300E+00  0.37363E+01  0.14334E+02      982.00
  0.47908E+00  0.60389E+02    0.26250E+00  0.26250E+00 -0.52500E+00  0.00000E+00  0.00000E+00  0.00000E+00    0.17008E+02  0.19364E+02 -0.36373E+02 -0.28554E+00  0.37098E+01  0.14427E+02      982.00
  0.50167E+00  0.60630E+02    0.27500E+00  0.27500E+00 -0.55000E+00  0.00000E+00  0.00000E+00  0.00000E+00    0.17134E+02  0.19372E+02 -0.36505E+02 -0.28926E+00  0.36723E+01  0.14527E+02      982.00
  0.52425E+00  0.60854E+02    0.28750E+00  0.28750E+00 -0.57500E+00  0.00000E+00  0.00000E+00  0.00000E+00    0.17246E+02  0.19385E+02 -0.36631E+02 -0.30647E+00  0.36317E+01  0.14615E+02      982.00
  0.54682E+00  0.61066E+02    0.30000E+00  0.30000E+00 -0.60000E+00  0.00000E+00  0.00000E+00  0.00000E+00    0.17353E+02  0.19396E+02 -0.36749E+02 -0.32978E+00  0.35837E+01  0.14702E+02      982.00
  0.56939E+00  0.61264E+02    0.31250E+00  0.31250E+00 -0.62500E+00  0.00000E+00  0.00000E+00  0.00000E+00    0.17456E+02  0.19403E+02 -0.36859E+02 -0.35865E+00  0.35292E+01  0.14787E+02      982.00
  0.59195E+00  0.61465E+02    0.32500E+00  0.32500E+00 -0.65000E+00  0.00000E+00  0.00000E+00  0.00000E+00    0.17559E+02  0.19411E+02 -0.36970E+02 -0.39383E+00  0.34686E+01  0.14873E+02      982.00
  0.61451E+00  0.61644E+02    0.33750E+00  0.33750E+00 -0.67500E+00  0.00000E+00  0.00000E+00  0.00000E+00    0.17644E+02  0.19423E+02 -0.37066E+02 -0.43145E+00  0.34148E+01  0.14953E+02      982.00
  0.63705E+00  0.61834E+02    0.35000E+00  0.35000E+00 -0.70000E+00  0.00000E+00  0.00000E+00  0.00000E+00    0.17740E+02  0.19426E+02 -0.37167E+02 -0.47487E+00  0.33435E+01  0.15045E+02      982.00
  0.65959E+00  0.62014E+02    0.36250E+00  0.36250E+00 -0.72500E+00  0.00000E+00  0.00000E+00  0.00000E+00    0.17833E+02  0.19428E+02 -0.37261E+02 -0.52490E+00  0.32667E+01  0.15135E+02      982.00
  0.68213E+00  0.62201E+02    0.37500E+00  0.37500E+00 -0.75000E+00  0.00000E+00  0.00000E+00  0.00000E+00    0.17921E+02  0.19433E+02 -0.37354E+02 -0.57811E+00  0.31931E+01  0.15234E+02      982.00
  0.70465E+00  0.62375E+02    0.38750E+00  0.38750E+00 -0.77500E+00  0.00000E+00  0.00000E+00  0.00000E+00    0.18009E+02  0.19431E+02 -0.37439E+02 -0.63717E+00  0.31076E+01  0.15331E+02      982.00
  0.72715E+00  0.62549E+02    0.40000E+00  0.40000E+00 -0.80000E+00  0.00000E+00  0.00000E+00  0.00000E+00    0.18093E+02  0.19429E+02 -0.37523E+02 -0.70103E+00  0.30154E+01  0.15431E+02      982.00
  0.74965E+00  0.62721E+02    0.41250E+00  0.41250E+00 -0.82500E+00  0.00000E+00  0.00000E+00  0.00000E+00    0.18176E+02  0.19427E+02 -0.37603E+02 -0.77035E+00  0.29186E+01  0.15535E+02      982.00
  0.77213E+00  0.62903E+02    0.42500E+00  0.42500E+00 -0.85000E+00  0.00000E+00  0.00000E+00  0.00000E+00    0.18258E+02  0.19424E+02 -0.37682E+02 -0.83884E+00  0.28258E+01  0.15651E+02      982.00
  0.79460E+00  0.63069E+02    0.43750E+00  0.43750E+00 -0.87500E+00  0.00000E+00  0.00000E+00  0.00000E+00    0.18333E+02  0.19419E+02 -0.37752E+02 -0.91510E+00  0.27233E+01  0.15762E+02      982.00
  0.81704E+00  0.63242E+02    0.45000E+00  0.45000E+00 -0.90000E+00  0.00000E+00  0.00000E+00  0.00000E+00    0.18409E+02  0.19416E+02 -0.37825E+02 -0.99487E+00  0.26168E+01  0.15877E+02      982.00
  0.83947E+00  0.63419E+02    0.46250E+00  0.46250E+00 -0.92500E+00  0.00000E+00  0.00000E+00  0.00000E+00    0.18485E+02  0.19409E+02 -0.37894E+02 -0.10718E+01  0.25159E+01  0.16000E+02      982.00
  0.86188E+00  0.63533E+02    0.47500E+00  0.47500E+00 -0.95000E+00  0.00000E+00  0.00000E+00  0.00000E+00    0.18537E+02  0.19391E+02 -0.37928E+02 -0.11533E+01  0.23992E+01  0.16103E+02      982.00
  0.88427E+00  0.63652E+02    0.48750E+00  0.48750E+00 -0.97500E+00  0.00000E+00  0.00000E+00  0.00000E+00    0.18590E+02  0.19374E+02 -0.37964E+02 -0.12358E+01  0.22851E+01  0.16207E+02      982.00
  0.90663E+00  0.63773E+02    0.50000E+00  0.50000E+00 -0.10000E+01  0.00000E+00  0.00000E+00  0.00000E+00    0.18644E+02  0.19352E+02 -0.37997E+02 -0.13099E+01  0.21827E+01  0.16317E+02      982.00
