          Evm          Svm            E11          E22          E33          E23          E13          E12         SDEV11       SDEV22       SDEV33       SDEV23       SDEV13       SDEV12      TEMP
  0.00000E+00  0.49807E+02    0.00000E+00  0.00000E+00  0.00000E+00  0.00000E+00  0.00000E+00  0.00000E+00    0.18107E+02  0.14420E+02 -0.32527E+02 -0.49383E+01  0.23473E+01  0.31916E+00      982.00
  0.24490E-01  0.49386E+02    0.12500E-01  0.12500E-01 -0.25000E-01  0.00000E+00  0.00000E+00  0.00000E+00    0.17262E+02  0.15087E+02 -0.32349E+02 -0.49550E+01  0.15524E+01  0.41237E-01      982.00
  0.49053E-01  0.49060E+02    0.25000E-01  0.25000E-01 -0.50000E-01  0.00000E+00  0.00000E+00  0.00000E+00    0.16516E+02  0.15674E+02 -0.32190E+02 -0.49196E+01  0.84956E+00 -0.20807E+00      982.00
  0.73658E-01  0.48851E+02    0.37500E-01  0.37500E-01 -0.75000E-01  0.00000E+00  0.00000E+00  0.00000E+00    0.15875E+02  0.16200E+02 -0.32075E+02 -0.48581E+01  0.22721E+00 -0.43366E+00      982.00
  0.98281E-01  0.48759E+02    0.50000E-01  0.50000E-01 -0.10000E+00  0.00000E+00  0.00000E+00  0.00000E+00    0.15336E+02  0.16676E+02 -0.32011E+02 -0.47912E+01 -0.32176E+00 -0.63841E+00      982.00
  0.12290E+00  0.48782E+02    0.62500E-01  0.62500E-01 -0.12500E+00  0.00000E+00  0.00000E+00  0.00000E+00    0.14877E+02  0.17127E+02 -0.32004E+02 -0.47305E+01 -0.82575E+00 -0.82998E+00      982.00
  0.14750E+00  0.48916E+02    0.75000E-01  0.75000E-01 -0.15000E+00  0.00000E+00  0.00000E+00  0.00000E+00    0.14486E+02  0.17568E+02 -0.32054E+02 -0.46815E+01 -0.12982E+01 -0.10116E+01      982.00
  0.17208E+00  0.49156E+02    0.87500E-01  0.87500E-01 -0.17500E+00  0.00000E+00  0.00000E+00  0.00000E+00    0.14152E+02  0.18007E+02 -0.32159E+02 -0.46468E+01 -0.17524E+01 -0.11867E+01      982.00
  0.19661E+00  0.49486E+02    0.10000E+00  0.10000E+00 -0.20000E+00  0.00000E+00  0.00000E+00  0.00000E+00    0.13858E+02  0.18452E+02 -0.32310E+02 -0.46200E+01 -0.22058E+01 -0.13600E+01      982.00
  0.22109E+00  0.49906E+02    0.11250E+00  0.11250E+00 -0.22500E+00  0.00000E+00  0.00000E+00  0.00000E+00    0.13606E+02  0.18902E+02 -0.32509E+02 -0.46002E+01 -0.26614E+01 -0.15331E+01      982.00
  0.24552E+00  0.50399E+02    0.12500E+00  0.12500E+00 -0.25000E+00  0.00000E+00  0.00000E+00  0.00000E+00    0.13392E+02  0.19353E+02 -0.32745E+02 -0.45799E+01 -0.31175E+01 -0.17072E+01      982.00
  0.26989E+00  0.50944E+02    0.13750E+00  0.13750E+00 -0.27500E+00  0.00000E+00  0.00000E+00  0.00000E+00    0.13207E+02  0.19800E+02 -0.33007E+02 -0.45518E+01 -0.35814E+01 -0.18868E+01      982.00
  0.29418E+00  0.51548E+02    0.15000E+00  0.15000E+00 -0.30000E+00  0.00000E+00  0.00000E+00  0.00000E+00    0.13061E+02  0.20242E+02 -0.33303E+02 -0.45153E+01 -0.40455E+01 -0.20724E+01      982.00
  0.31841E+00  0.52194E+02    0.16250E+00  0.16250E+00 -0.32500E+00  0.00000E+00  0.00000E+00  0.00000E+00    0.12946E+02  0.20673E+02 -0.33620E+02 -0.44649E+01 -0.45111E+01 -0.22666E+01      982.00
  0.34256E+00  0.52870E+02    0.17500E+00  0.17500E+00 -0.35000E+00  0.00000E+00  0.00000E+00  0.00000E+00    0.12863E+02  0.21089E+02 -0.33953E+02 -0.43998E+01 -0.49763E+01 -0.24711E+01      982.00
  0.36665E+00  0.53567E+02    0.18750E+00  0.18750E+00 -0.37500E+00  0.00000E+00  0.00000E+00  0.00000E+00    0.12813E+02  0.21485E+02 -0.34298E+02 -0.43122E+01 -0.54367E+01 -0.26878E+01      982.00
  0.39066E+00  0.54278E+02    0.20000E+00  0.20000E+00 -0.40000E+00  0.00000E+00  0.00000E+00  0.00000E+00    0.12792E+02  0.21861E+02 -0.34653E+02 -0.42042E+01 -0.58876E+01 -0.29156E+01      982.00
  0.41460E+00  0.55002E+02    0.21250E+00  0.21250E+00 -0.42500E+00  0.00000E+00  0.00000E+00  0.00000E+00    0.12801E+02  0.22218E+02 -0.35018E+02 -0.40803E+01 -0.63207E+01 -0.31523E+01      982.00
  0.43847E+00  0.55720E+02    0.22500E+00  0.22500E+00 -0.45000E+00  0.00000E+00  0.00000E+00  0.00000E+00    0.12833E+02  0.22550E+02 -0.35383E+02 -0.39384E+01 -0.67319E+01 -0.33958E+01      982.00
  0.46229E+00  0.56431E+02    0.23750E+00  0.23750E+00 -0.47500E+00  0.00000E+00  0.00000E+00  0.00000E+00    0.12883E+02  0.22864E+02 -0.35748E+02 -0.37900E+01 -0.71112E+01 -0.36383E+01      982.00
  0.48604E+00  0.57127E+02    0.25000E+00  0.25000E+00 -0.50000E+00  0.00000E+00  0.00000E+00  0.00000E+00    0.12951E+02  0.23160E+02 -0.36110E+02 -0.36315E+01 -0.74567E+01 -0.38764E+01      982.00
  0.50975E+00  0.57794E+02    0.26250E+00  0.26250E+00 -0.52500E+00  0.00000E+00  0.00000E+00  0.00000E+00    0.13024E+02  0.23438E+02 -0.36462E+02 -0.34769E+01 -0.77619E+01 -0.41033E+01      982.00
  0.53340E+00  0.58448E+02    0.27500E+00  0.27500E+00 -0.55000E+00  0.00000E+00  0.00000E+00  0.00000E+00    0.13108E+02  0.23706E+02 -0.36814E+02 -0.33201E+01 -0.80325E+01 -0.43186E+01      982.00
  0.55702E+00  0.59061E+02    0.28750E+00  0.28750E+00 -0.57500E+00  0.00000E+00  0.00000E+00  0.00000E+00    0.13188E+02  0.23961E+02 -0.37149E+02 -0.31746E+01 -0.82614E+01 -0.45128E+01      982.00
  0.58061E+00  0.59656E+02    0.30000E+00  0.30000E+00 -0.60000E+00  0.00000E+00  0.00000E+00  0.00000E+00    0.13272E+02  0.24208E+02 -0.37481E+02 -0.30294E+01 -0.84603E+01 -0.46919E+01      982.00
  0.60417E+00  0.60219E+02    0.31250E+00  0.31250E+00 -0.62500E+00  0.00000E+00  0.00000E+00  0.00000E+00    0.13353E+02  0.24448E+02 -0.37801E+02 -0.28941E+01 -0.86273E+01 -0.48520E+01      982.00
  0.62771E+00  0.60748E+02    0.32500E+00  0.32500E+00 -0.65000E+00  0.00000E+00  0.00000E+00  0.00000E+00    0.13429E+02  0.24679E+02 -0.38108E+02 -0.27702E+01 -0.87614E+01 -0.49885E+01      982.00
  0.65124E+00  0.61256E+02    0.33750E+00  0.33750E+00 -0.67500E+00  0.00000E+00  0.00000E+00  0.00000E+00    0.13500E+02  0.24908E+02 -0.38408E+02 -0.26484E+01 -0.88751E+01 -0.51095E+01      982.00
  0.67475E+00  0.61730E+02    0.35000E+00  0.35000E+00 -0.70000E+00  0.00000E+00  0.00000E+00  0.00000E+00    0.13564E+02  0.25129E+02 -0.38693E+02 -0.25395E+01 -0.89627E+01 -0.52079E+01      982.00
  0.69825E+00  0.62185E+02    0.36250E+00  0.36250E+00 -0.72500E+00  0.00000E+00  0.00000E+00  0.00000E+00    0.13625E+02  0.25347E+02 -0.38972E+02 -0.24311E+01 -0.90332E+01 -0.52924E+01      982.00
  0.72175E+00  0.62609E+02    0.37500E+00  0.37500E+00 -0.75000E+00  0.00000E+00  0.00000E+00  0.00000E+00    0.13680E+02  0.25557E+02 -0.39237E+02 -0.23338E+01 -0.90877E+01 -0.53578E+01      982.00
  0.74526E+00  0.63003E+02    0.38750E+00  0.38750E+00 -0.77500E+00  0.00000E+00  0.00000E+00  0.00000E+00    0.13727E+02  0.25760E+02 -0.39487E+02 -0.22423E+01 -0.91255E+01 -0.54050E+01      982.00
  0.76876E+00  0.63373E+02    0.40000E+00  0.40000E+00 -0.80000E+00  0.00000E+00  0.00000E+00  0.00000E+00    0.13768E+02  0.25956E+02 -0.39724E+02 -0.21550E+01 -0.91552E+01 -0.54403E+01      982.00
  0.79226E+00  0.63720E+02    0.41250E+00  0.41250E+00 -0.82500E+00  0.00000E+00  0.00000E+00  0.00000E+00    0.13805E+02  0.26146E+02 -0.39951E+02 -0.20651E+01 -0.91738E+01 -0.54652E+01      982.00
  0.81578E+00  0.64052E+02    0.42500E+00  0.42500E+00 -0.85000E+00  0.00000E+00  0.00000E+00  0.00000E+00    0.13838E+02  0.26332E+02 -0.40170E+02 -0.19860E+01 -0.91850E+01 -0.54753E+01      982.00
  0.83929E+00  0.64364E+02    0.43750E+00  0.43750E+00 -0.87500E+00  0.00000E+00  0.00000E+00  0.00000E+00    0.13865E+02  0.26513E+02 -0.40378E+02 -0.19103E+01 -0.91924E+01 -0.54732E+01      982.00
  0.86282E+00  0.64648E+02    0.45000E+00  0.45000E+00 -0.90000E+00  0.00000E+00  0.00000E+00  0.00000E+00    0.13886E+02  0.26684E+02 -0.40570E+02 -0.18372E+01 -0.91942E+01 -0.54620E+01      982.00
  0.88635E+00  0.64922E+02    0.46250E+00  0.46250E+00 -0.92500E+00  0.00000E+00  0.00000E+00  0.00000E+00    0.13906E+02  0.26852E+02 -0.40758E+02 -0.17669E+01 -0.91877E+01 -0.54417E+01      982.00
  0.90990E+00  0.65172E+02    0.47500E+00  0.47500E+00 -0.95000E+00  0.00000E+00  0.00000E+00  0.00000E+00    0.13918E+02  0.27012E+02 -0.40930E+02 -0.17041E+01 -0.91830E+01 -0.54077E+01      982.00
  0.93345E+00  0.65332E+02    0.48750E+00  0.48750E+00 -0.97500E+00  0.00000E+00  0.00000E+00  0.00000E+00    0.13926E+02  0.27137E+02 -0.41063E+02 -0.16325E+01 -0.91111E+01 -0.53691E+01      982.00
  0.95702E+00  0.65487E+02    0.50000E+00  0.50000E+00 -0.10000E+01  0.00000E+00  0.00000E+00  0.00000E+00    0.13930E+02  0.27260E+02 -0.41190E+02 -0.15624E+01 -0.90474E+01 -0.53241E+01      982.00
