          Evm          Svm            E11          E22          E33          E23          E13          E12         SDEV11       SDEV22       SDEV33       SDEV23       SDEV13       SDEV12      TEMP
  0.00000E+00  0.63799E+02    0.00000E+00  0.00000E+00  0.00000E+00  0.00000E+00  0.00000E+00  0.00000E+00    0.20798E+02  0.19541E+02 -0.40340E+02  0.38430E+01 -0.57235E+01  0.94012E+01      982.00
  0.23711E-01  0.63872E+02    0.12500E-01  0.12500E-01 -0.25000E-01  0.00000E+00  0.00000E+00  0.00000E+00    0.20325E+02  0.20056E+02 -0.40381E+02  0.39572E+01 -0.55483E+01  0.95094E+01      982.00
  0.47419E-01  0.63953E+02    0.25000E-01  0.25000E-01 -0.50000E-01  0.00000E+00  0.00000E+00  0.00000E+00    0.20023E+02  0.20409E+02 -0.40432E+02  0.39475E+01 -0.53958E+01  0.96194E+01      982.00
  0.71127E-01  0.64058E+02    0.37500E-01  0.37500E-01 -0.75000E-01  0.00000E+00  0.00000E+00  0.00000E+00    0.19816E+02  0.20678E+02 -0.40494E+02  0.38725E+01 -0.52434E+01  0.97612E+01      982.00
  0.94833E-01  0.64197E+02    0.50000E-01  0.50000E-01 -0.10000E+00  0.00000E+00  0.00000E+00  0.00000E+00    0.19689E+02  0.20881E+02 -0.40570E+02  0.37537E+01 -0.50973E+01  0.99425E+01      982.00
  0.11853E+00  0.64373E+02    0.62500E-01  0.62500E-01 -0.12500E+00  0.00000E+00  0.00000E+00  0.00000E+00    0.19614E+02  0.21045E+02 -0.40659E+02  0.36154E+01 -0.49569E+01  0.10161E+02      982.00
  0.14222E+00  0.64588E+02    0.75000E-01  0.75000E-01 -0.15000E+00  0.00000E+00  0.00000E+00  0.00000E+00    0.19575E+02  0.21188E+02 -0.40763E+02  0.34727E+01 -0.48237E+01  0.10408E+02      982.00
  0.16588E+00  0.64822E+02    0.87500E-01  0.87500E-01 -0.17500E+00  0.00000E+00  0.00000E+00  0.00000E+00    0.19565E+02  0.21304E+02 -0.40868E+02  0.33276E+01 -0.47001E+01  0.10679E+02      982.00
  0.18953E+00  0.65077E+02    0.10000E+00  0.10000E+00 -0.20000E+00  0.00000E+00  0.00000E+00  0.00000E+00    0.19571E+02  0.21406E+02 -0.40976E+02  0.31875E+01 -0.45863E+01  0.10970E+02      982.00
  0.21314E+00  0.65343E+02    0.11250E+00  0.11250E+00 -0.22500E+00  0.00000E+00  0.00000E+00  0.00000E+00    0.19593E+02  0.21495E+02 -0.41088E+02  0.30603E+01 -0.44886E+01  0.11254E+02      982.00
  0.23672E+00  0.65619E+02    0.12500E+00  0.12500E+00 -0.25000E+00  0.00000E+00  0.00000E+00  0.00000E+00    0.19618E+02  0.21578E+02 -0.41197E+02  0.29471E+01 -0.44049E+01  0.11548E+02      982.00
  0.26026E+00  0.65904E+02    0.13750E+00  0.13750E+00 -0.27500E+00  0.00000E+00  0.00000E+00  0.00000E+00    0.19653E+02  0.21659E+02 -0.41311E+02  0.28495E+01 -0.43360E+01  0.11827E+02      982.00
  0.28377E+00  0.66187E+02    0.15000E+00  0.15000E+00 -0.30000E+00  0.00000E+00  0.00000E+00  0.00000E+00    0.19688E+02  0.21734E+02 -0.41422E+02  0.27676E+01 -0.42819E+01  0.12100E+02      982.00
  0.30724E+00  0.66467E+02    0.16250E+00  0.16250E+00 -0.32500E+00  0.00000E+00  0.00000E+00  0.00000E+00    0.19722E+02  0.21805E+02 -0.41527E+02  0.27012E+01 -0.42424E+01  0.12364E+02      982.00
  0.33067E+00  0.66739E+02    0.17500E+00  0.17500E+00 -0.35000E+00  0.00000E+00  0.00000E+00  0.00000E+00    0.19754E+02  0.21872E+02 -0.41626E+02  0.26498E+01 -0.42170E+01  0.12619E+02      982.00
  0.35406E+00  0.67000E+02    0.18750E+00  0.18750E+00 -0.37500E+00  0.00000E+00  0.00000E+00  0.00000E+00    0.19782E+02  0.21933E+02 -0.41716E+02  0.26126E+01 -0.42049E+01  0.12865E+02      982.00
  0.37740E+00  0.67241E+02    0.20000E+00  0.20000E+00 -0.40000E+00  0.00000E+00  0.00000E+00  0.00000E+00    0.19802E+02  0.21987E+02 -0.41789E+02  0.25857E+01 -0.42047E+01  0.13109E+02      982.00
  0.40071E+00  0.67474E+02    0.21250E+00  0.21250E+00 -0.42500E+00  0.00000E+00  0.00000E+00  0.00000E+00    0.19819E+02  0.22039E+02 -0.41858E+02  0.25737E+01 -0.42164E+01  0.13338E+02      982.00
  0.42397E+00  0.67716E+02    0.22500E+00  0.22500E+00 -0.45000E+00  0.00000E+00  0.00000E+00  0.00000E+00    0.19829E+02  0.22089E+02 -0.41918E+02  0.25737E+01 -0.42411E+01  0.13592E+02      982.00
  0.44719E+00  0.67912E+02    0.23750E+00  0.23750E+00 -0.47500E+00  0.00000E+00  0.00000E+00  0.00000E+00    0.19827E+02  0.22128E+02 -0.41955E+02  0.25836E+01 -0.42746E+01  0.13816E+02      982.00
  0.47035E+00  0.68088E+02    0.25000E+00  0.25000E+00 -0.50000E+00  0.00000E+00  0.00000E+00  0.00000E+00    0.19815E+02  0.22162E+02 -0.41977E+02  0.26038E+01 -0.43183E+01  0.14036E+02      982.00
  0.49347E+00  0.68248E+02    0.26250E+00  0.26250E+00 -0.52500E+00  0.00000E+00  0.00000E+00  0.00000E+00    0.19792E+02  0.22190E+02 -0.41982E+02  0.26309E+01 -0.43695E+01  0.14258E+02      982.00
  0.51654E+00  0.68390E+02    0.27500E+00  0.27500E+00 -0.55000E+00  0.00000E+00  0.00000E+00  0.00000E+00    0.19757E+02  0.22213E+02 -0.41969E+02  0.26647E+01 -0.44280E+01  0.14484E+02      982.00
  0.53955E+00  0.68515E+02    0.28750E+00  0.28750E+00 -0.57500E+00  0.00000E+00  0.00000E+00  0.00000E+00    0.19709E+02  0.22230E+02 -0.41939E+02  0.27041E+01 -0.44928E+01  0.14715E+02      982.00
  0.56251E+00  0.68624E+02    0.30000E+00  0.30000E+00 -0.60000E+00  0.00000E+00  0.00000E+00  0.00000E+00    0.19648E+02  0.22242E+02 -0.41890E+02  0.27478E+01 -0.45629E+01  0.14953E+02      982.00
  0.58540E+00  0.68727E+02    0.31250E+00  0.31250E+00 -0.62500E+00  0.00000E+00  0.00000E+00  0.00000E+00    0.19571E+02  0.22249E+02 -0.41820E+02  0.28015E+01 -0.46453E+01  0.15218E+02      982.00
  0.60822E+00  0.68785E+02    0.32500E+00  0.32500E+00 -0.65000E+00  0.00000E+00  0.00000E+00  0.00000E+00    0.19486E+02  0.22243E+02 -0.41730E+02  0.28439E+01 -0.47133E+01  0.15456E+02      982.00
  0.63097E+00  0.68846E+02    0.33750E+00  0.33750E+00 -0.67500E+00  0.00000E+00  0.00000E+00  0.00000E+00    0.19383E+02  0.22238E+02 -0.41621E+02  0.28914E+01 -0.47903E+01  0.15727E+02      982.00
  0.65364E+00  0.68893E+02    0.35000E+00  0.35000E+00 -0.70000E+00  0.00000E+00  0.00000E+00  0.00000E+00    0.19264E+02  0.22229E+02 -0.41493E+02  0.29367E+01 -0.48659E+01  0.16011E+02      982.00
  0.67622E+00  0.68926E+02    0.36250E+00  0.36250E+00 -0.72500E+00  0.00000E+00  0.00000E+00  0.00000E+00    0.19128E+02  0.22215E+02 -0.41343E+02  0.29777E+01 -0.49378E+01  0.16310E+02      982.00
  0.69872E+00  0.68943E+02    0.37500E+00  0.37500E+00 -0.75000E+00  0.00000E+00  0.00000E+00  0.00000E+00    0.18976E+02  0.22197E+02 -0.41173E+02  0.30096E+01 -0.50007E+01  0.16623E+02      982.00
  0.72111E+00  0.68948E+02    0.38750E+00  0.38750E+00 -0.77500E+00  0.00000E+00  0.00000E+00  0.00000E+00    0.18808E+02  0.22175E+02 -0.40982E+02  0.30343E+01 -0.50560E+01  0.16951E+02      982.00
  0.74340E+00  0.68940E+02    0.40000E+00  0.40000E+00 -0.80000E+00  0.00000E+00  0.00000E+00  0.00000E+00    0.18624E+02  0.22149E+02 -0.40773E+02  0.30471E+01 -0.50982E+01  0.17293E+02      982.00
  0.76558E+00  0.68918E+02    0.41250E+00  0.41250E+00 -0.82500E+00  0.00000E+00  0.00000E+00  0.00000E+00    0.18425E+02  0.22120E+02 -0.40545E+02  0.30452E+01 -0.51240E+01  0.17647E+02      982.00
  0.78764E+00  0.68885E+02    0.42500E+00  0.42500E+00 -0.85000E+00  0.00000E+00  0.00000E+00  0.00000E+00    0.18213E+02  0.22088E+02 -0.40301E+02  0.30261E+01 -0.51298E+01  0.18010E+02      982.00
  0.80958E+00  0.68835E+02    0.43750E+00  0.43750E+00 -0.87500E+00  0.00000E+00  0.00000E+00  0.00000E+00    0.18005E+02  0.22039E+02 -0.40044E+02  0.30015E+01 -0.51251E+01  0.18369E+02      982.00
  0.83140E+00  0.68784E+02    0.45000E+00  0.45000E+00 -0.90000E+00  0.00000E+00  0.00000E+00  0.00000E+00    0.17776E+02  0.22003E+02 -0.39778E+02  0.29449E+01 -0.50861E+01  0.18744E+02      982.00
  0.85308E+00  0.68723E+02    0.46250E+00  0.46250E+00 -0.92500E+00  0.00000E+00  0.00000E+00  0.00000E+00    0.17540E+02  0.21967E+02 -0.39507E+02  0.28661E+01 -0.50191E+01  0.19115E+02      982.00
  0.87464E+00  0.68667E+02    0.47500E+00  0.47500E+00 -0.95000E+00  0.00000E+00  0.00000E+00  0.00000E+00    0.17307E+02  0.21930E+02 -0.39237E+02  0.27675E+01 -0.49286E+01  0.19487E+02      982.00
  0.89607E+00  0.68556E+02    0.48750E+00  0.48750E+00 -0.97500E+00  0.00000E+00  0.00000E+00  0.00000E+00    0.17075E+02  0.21880E+02 -0.38955E+02  0.26615E+01 -0.48176E+01  0.19811E+02      982.00
  0.91738E+00  0.68436E+02    0.50000E+00  0.50000E+00 -0.10000E+01  0.00000E+00  0.00000E+00  0.00000E+00    0.16844E+02  0.21836E+02 -0.38680E+02  0.25311E+01 -0.46734E+01  0.20114E+02      982.00
