          Evm          Svm            E11          E22          E33          E23          E13          E12         SDEV11       SDEV22       SDEV33       SDEV23       SDEV13       SDEV12      TEMP
  0.00000E+00  0.62766E+02    0.00000E+00  0.00000E+00  0.00000E+00  0.00000E+00  0.00000E+00  0.00000E+00    0.21897E+02  0.17690E+02 -0.39586E+02  0.33155E+01 -0.70490E+01  0.85318E+01      982.00
  0.23651E-01  0.63188E+02    0.12500E-01  0.12500E-01 -0.25000E-01  0.00000E+00  0.00000E+00  0.00000E+00    0.20960E+02  0.18826E+02 -0.39786E+02  0.37107E+01 -0.69059E+01  0.90057E+01      982.00
  0.47263E-01  0.63536E+02    0.25000E-01  0.25000E-01 -0.50000E-01  0.00000E+00  0.00000E+00  0.00000E+00    0.20148E+02  0.19785E+02 -0.39933E+02  0.40071E+01 -0.67433E+01  0.93822E+01      982.00
  0.70832E-01  0.63797E+02    0.37500E-01  0.37500E-01 -0.75000E-01  0.00000E+00  0.00000E+00  0.00000E+00    0.19533E+02  0.20503E+02 -0.40036E+02  0.41607E+01 -0.65720E+01  0.96849E+01      982.00
  0.94365E-01  0.64013E+02    0.50000E-01  0.50000E-01 -0.10000E+00  0.00000E+00  0.00000E+00  0.00000E+00    0.19101E+02  0.21016E+02 -0.40118E+02  0.41940E+01 -0.64009E+01  0.99675E+01      982.00
  0.11787E+00  0.64214E+02    0.62500E-01  0.62500E-01 -0.12500E+00  0.00000E+00  0.00000E+00  0.00000E+00    0.18811E+02  0.21379E+02 -0.40190E+02  0.41474E+01 -0.62360E+01  0.10262E+02      982.00
  0.14134E+00  0.64423E+02    0.75000E-01  0.75000E-01 -0.15000E+00  0.00000E+00  0.00000E+00  0.00000E+00    0.18629E+02  0.21633E+02 -0.40262E+02  0.40532E+01 -0.60834E+01  0.10583E+02      982.00
  0.16477E+00  0.64649E+02    0.87500E-01  0.87500E-01 -0.17500E+00  0.00000E+00  0.00000E+00  0.00000E+00    0.18512E+02  0.21822E+02 -0.40334E+02  0.39441E+01 -0.59413E+01  0.10930E+02      982.00
  0.18817E+00  0.64898E+02    0.10000E+00  0.10000E+00 -0.20000E+00  0.00000E+00  0.00000E+00  0.00000E+00    0.18444E+02  0.21965E+02 -0.40409E+02  0.38318E+01 -0.58116E+01  0.11300E+02      982.00
  0.21152E+00  0.65158E+02    0.11250E+00  0.11250E+00 -0.22500E+00  0.00000E+00  0.00000E+00  0.00000E+00    0.18414E+02  0.22066E+02 -0.40480E+02  0.37189E+01 -0.56977E+01  0.11687E+02      982.00
  0.23482E+00  0.65430E+02    0.12500E+00  0.12500E+00 -0.25000E+00  0.00000E+00  0.00000E+00  0.00000E+00    0.18404E+02  0.22141E+02 -0.40545E+02  0.36143E+01 -0.55983E+01  0.12092E+02      982.00
  0.25805E+00  0.65698E+02    0.13750E+00  0.13750E+00 -0.27500E+00  0.00000E+00  0.00000E+00  0.00000E+00    0.18412E+02  0.22190E+02 -0.40602E+02  0.35249E+01 -0.55231E+01  0.12483E+02      982.00
  0.28123E+00  0.65965E+02    0.15000E+00  0.15000E+00 -0.30000E+00  0.00000E+00  0.00000E+00  0.00000E+00    0.18423E+02  0.22226E+02 -0.40650E+02  0.34511E+01 -0.54638E+01  0.12875E+02      982.00
  0.30434E+00  0.66226E+02    0.16250E+00  0.16250E+00 -0.32500E+00  0.00000E+00  0.00000E+00  0.00000E+00    0.18433E+02  0.22252E+02 -0.40685E+02  0.33926E+01 -0.54199E+01  0.13266E+02      982.00
  0.32738E+00  0.66478E+02    0.17500E+00  0.17500E+00 -0.35000E+00  0.00000E+00  0.00000E+00  0.00000E+00    0.18437E+02  0.22268E+02 -0.40705E+02  0.33481E+01 -0.53903E+01  0.13656E+02      982.00
  0.35034E+00  0.66716E+02    0.18750E+00  0.18750E+00 -0.37500E+00  0.00000E+00  0.00000E+00  0.00000E+00    0.18432E+02  0.22276E+02 -0.40709E+02  0.33157E+01 -0.53733E+01  0.14043E+02      982.00
  0.37322E+00  0.66957E+02    0.20000E+00  0.20000E+00 -0.40000E+00  0.00000E+00  0.00000E+00  0.00000E+00    0.18416E+02  0.22280E+02 -0.40696E+02  0.32907E+01 -0.53631E+01  0.14456E+02      982.00
  0.39601E+00  0.67159E+02    0.21250E+00  0.21250E+00 -0.42500E+00  0.00000E+00  0.00000E+00  0.00000E+00    0.18384E+02  0.22276E+02 -0.40659E+02  0.32761E+01 -0.53656E+01  0.14841E+02      982.00
  0.41871E+00  0.67340E+02    0.22500E+00  0.22500E+00 -0.45000E+00  0.00000E+00  0.00000E+00  0.00000E+00    0.18333E+02  0.22268E+02 -0.40601E+02  0.32667E+01 -0.53742E+01  0.15225E+02      982.00
  0.44132E+00  0.67499E+02    0.23750E+00  0.23750E+00 -0.47500E+00  0.00000E+00  0.00000E+00  0.00000E+00    0.18262E+02  0.22257E+02 -0.40519E+02  0.32597E+01 -0.53861E+01  0.15612E+02      982.00
  0.46383E+00  0.67637E+02    0.25000E+00  0.25000E+00 -0.50000E+00  0.00000E+00  0.00000E+00  0.00000E+00    0.18169E+02  0.22246E+02 -0.40415E+02  0.32521E+01 -0.53983E+01  0.16001E+02      982.00
  0.48624E+00  0.67753E+02    0.26250E+00  0.26250E+00 -0.52500E+00  0.00000E+00  0.00000E+00  0.00000E+00    0.18053E+02  0.22235E+02 -0.40288E+02  0.32410E+01 -0.54077E+01  0.16392E+02      982.00
  0.50854E+00  0.67849E+02    0.27500E+00  0.27500E+00 -0.55000E+00  0.00000E+00  0.00000E+00  0.00000E+00    0.17915E+02  0.22225E+02 -0.40139E+02  0.32236E+01 -0.54108E+01  0.16787E+02      982.00
  0.53073E+00  0.67911E+02    0.28750E+00  0.28750E+00 -0.57500E+00  0.00000E+00  0.00000E+00  0.00000E+00    0.17762E+02  0.22206E+02 -0.39968E+02  0.31995E+01 -0.54109E+01  0.17169E+02      982.00
  0.55280E+00  0.67966E+02    0.30000E+00  0.30000E+00 -0.60000E+00  0.00000E+00  0.00000E+00  0.00000E+00    0.17588E+02  0.22190E+02 -0.39778E+02  0.31634E+01 -0.53991E+01  0.17568E+02      982.00
  0.57474E+00  0.68007E+02    0.31250E+00  0.31250E+00 -0.62500E+00  0.00000E+00  0.00000E+00  0.00000E+00    0.17390E+02  0.22185E+02 -0.39575E+02  0.31108E+01 -0.53647E+01  0.17967E+02      982.00
  0.59657E+00  0.68031E+02    0.32500E+00  0.32500E+00 -0.65000E+00  0.00000E+00  0.00000E+00  0.00000E+00    0.17174E+02  0.22185E+02 -0.39359E+02  0.30418E+01 -0.53107E+01  0.18361E+02      982.00
  0.61826E+00  0.68040E+02    0.33750E+00  0.33750E+00 -0.67500E+00  0.00000E+00  0.00000E+00  0.00000E+00    0.16944E+02  0.22190E+02 -0.39134E+02  0.29548E+01 -0.52344E+01  0.18748E+02      982.00
  0.63983E+00  0.68035E+02    0.35000E+00  0.35000E+00 -0.70000E+00  0.00000E+00  0.00000E+00  0.00000E+00    0.16703E+02  0.22201E+02 -0.38904E+02  0.28484E+01 -0.51335E+01  0.19124E+02      982.00
  0.66127E+00  0.68025E+02    0.36250E+00  0.36250E+00 -0.72500E+00  0.00000E+00  0.00000E+00  0.00000E+00    0.16467E+02  0.22209E+02 -0.38675E+02  0.27251E+01 -0.50148E+01  0.19489E+02      982.00
  0.68259E+00  0.67997E+02    0.37500E+00  0.37500E+00 -0.75000E+00  0.00000E+00  0.00000E+00  0.00000E+00    0.16220E+02  0.22229E+02 -0.38449E+02  0.25797E+01 -0.48621E+01  0.19827E+02      982.00
  0.70380E+00  0.67957E+02    0.38750E+00  0.38750E+00 -0.77500E+00  0.00000E+00  0.00000E+00  0.00000E+00    0.15973E+02  0.22258E+02 -0.38231E+02  0.24124E+01 -0.46784E+01  0.20140E+02      982.00
  0.72489E+00  0.67910E+02    0.40000E+00  0.40000E+00 -0.80000E+00  0.00000E+00  0.00000E+00  0.00000E+00    0.15735E+02  0.22288E+02 -0.38024E+02  0.22292E+01 -0.44716E+01  0.20425E+02      982.00
  0.74589E+00  0.67862E+02    0.41250E+00  0.41250E+00 -0.82500E+00  0.00000E+00  0.00000E+00  0.00000E+00    0.15517E+02  0.22317E+02 -0.37834E+02  0.20344E+01 -0.42505E+01  0.20683E+02      982.00
  0.76680E+00  0.67805E+02    0.42500E+00  0.42500E+00 -0.85000E+00  0.00000E+00  0.00000E+00  0.00000E+00    0.15309E+02  0.22352E+02 -0.37661E+02  0.18222E+01 -0.40019E+01  0.20904E+02      982.00
  0.78763E+00  0.67741E+02    0.43750E+00  0.43750E+00 -0.87500E+00  0.00000E+00  0.00000E+00  0.00000E+00    0.15116E+02  0.22392E+02 -0.37508E+02  0.15943E+01 -0.37261E+01  0.21091E+02      982.00
  0.80839E+00  0.67677E+02    0.45000E+00  0.45000E+00 -0.90000E+00  0.00000E+00  0.00000E+00  0.00000E+00    0.14947E+02  0.22431E+02 -0.37378E+02  0.13594E+01 -0.34393E+01  0.21242E+02      982.00
  0.82910E+00  0.67609E+02    0.46250E+00  0.46250E+00 -0.92500E+00  0.00000E+00  0.00000E+00  0.00000E+00    0.14798E+02  0.22472E+02 -0.37269E+02  0.11130E+01 -0.31322E+01  0.21357E+02      982.00
  0.84977E+00  0.67538E+02    0.47500E+00  0.47500E+00 -0.95000E+00  0.00000E+00  0.00000E+00  0.00000E+00    0.14671E+02  0.22514E+02 -0.37184E+02  0.85507E+00 -0.28044E+01  0.21435E+02      982.00
  0.87042E+00  0.67469E+02    0.48750E+00  0.48750E+00 -0.97500E+00  0.00000E+00  0.00000E+00  0.00000E+00    0.14570E+02  0.22553E+02 -0.37123E+02  0.59608E+00 -0.24724E+01  0.21479E+02      982.00
  0.89105E+00  0.67365E+02    0.50000E+00  0.50000E+00 -0.10000E+01  0.00000E+00  0.00000E+00  0.00000E+00    0.14490E+02  0.22578E+02 -0.37068E+02  0.34870E+00 -0.21431E+01  0.21473E+02      982.00
