          Evm          Svm            E11          E22          E33          E23          E13          E12         SDEV11       SDEV22       SDEV33       SDEV23       SDEV13       SDEV12      TEMP
  0.00000E+00  0.59307E+02    0.00000E+00  0.00000E+00  0.00000E+00  0.00000E+00  0.00000E+00  0.00000E+00    0.19330E+02  0.17314E+02 -0.36643E+02 -0.19047E+01  0.26881E+01  0.12389E+02      982.00
  0.23170E-01  0.59280E+02    0.12500E-01  0.12500E-01 -0.25000E-01  0.00000E+00  0.00000E+00  0.00000E+00    0.19148E+02  0.17446E+02 -0.36594E+02 -0.19627E+01  0.25967E+01  0.12479E+02      982.00
  0.46319E-01  0.59331E+02    0.25000E-01  0.25000E-01 -0.50000E-01  0.00000E+00  0.00000E+00  0.00000E+00    0.19034E+02  0.17543E+02 -0.36577E+02 -0.20219E+01  0.25549E+01  0.12603E+02      982.00
  0.69437E-01  0.59461E+02    0.37500E-01  0.37500E-01 -0.75000E-01  0.00000E+00  0.00000E+00  0.00000E+00    0.18965E+02  0.17633E+02 -0.36598E+02 -0.20885E+01  0.25398E+01  0.12757E+02      982.00
  0.92518E-01  0.59659E+02    0.50000E-01  0.50000E-01 -0.10000E+00  0.00000E+00  0.00000E+00  0.00000E+00    0.18928E+02  0.17724E+02 -0.36652E+02 -0.21604E+01  0.25387E+01  0.12940E+02      982.00
  0.11556E+00  0.59914E+02    0.62500E-01  0.62500E-01 -0.12500E+00  0.00000E+00  0.00000E+00  0.00000E+00    0.18913E+02  0.17821E+02 -0.36734E+02 -0.22352E+01  0.25442E+01  0.13143E+02      982.00
  0.13855E+00  0.60213E+02    0.75000E-01  0.75000E-01 -0.15000E+00  0.00000E+00  0.00000E+00  0.00000E+00    0.18924E+02  0.17916E+02 -0.36840E+02 -0.23063E+01  0.25589E+01  0.13362E+02      982.00
  0.16149E+00  0.60546E+02    0.87500E-01  0.87500E-01 -0.17500E+00  0.00000E+00  0.00000E+00  0.00000E+00    0.18947E+02  0.18019E+02 -0.36966E+02 -0.23753E+01  0.25714E+01  0.13588E+02      982.00
  0.18439E+00  0.60902E+02    0.10000E+00  0.10000E+00 -0.20000E+00  0.00000E+00  0.00000E+00  0.00000E+00    0.18985E+02  0.18120E+02 -0.37104E+02 -0.24370E+01  0.25876E+01  0.13820E+02      982.00
  0.20723E+00  0.61269E+02    0.11250E+00  0.11250E+00 -0.22500E+00  0.00000E+00  0.00000E+00  0.00000E+00    0.19030E+02  0.18222E+02 -0.37251E+02 -0.24929E+01  0.26024E+01  0.14050E+02      982.00
  0.23003E+00  0.61641E+02    0.12500E+00  0.12500E+00 -0.25000E+00  0.00000E+00  0.00000E+00  0.00000E+00    0.19076E+02  0.18331E+02 -0.37406E+02 -0.25454E+01  0.26107E+01  0.14272E+02      982.00
  0.25279E+00  0.62005E+02    0.13750E+00  0.13750E+00 -0.27500E+00  0.00000E+00  0.00000E+00  0.00000E+00    0.19127E+02  0.18432E+02 -0.37559E+02 -0.25885E+01  0.26206E+01  0.14486E+02      982.00
  0.27550E+00  0.62374E+02    0.15000E+00  0.15000E+00 -0.30000E+00  0.00000E+00  0.00000E+00  0.00000E+00    0.19181E+02  0.18535E+02 -0.37716E+02 -0.26279E+01  0.26284E+01  0.14699E+02      982.00
  0.29818E+00  0.62739E+02    0.16250E+00  0.16250E+00 -0.32500E+00  0.00000E+00  0.00000E+00  0.00000E+00    0.19236E+02  0.18636E+02 -0.37871E+02 -0.26653E+01  0.26368E+01  0.14907E+02      982.00
  0.32082E+00  0.63091E+02    0.17500E+00  0.17500E+00 -0.35000E+00  0.00000E+00  0.00000E+00  0.00000E+00    0.19285E+02  0.18736E+02 -0.38021E+02 -0.27082E+01  0.26473E+01  0.15106E+02      982.00
  0.34342E+00  0.63445E+02    0.18750E+00  0.18750E+00 -0.37500E+00  0.00000E+00  0.00000E+00  0.00000E+00    0.19341E+02  0.18825E+02 -0.38167E+02 -0.27563E+01  0.26745E+01  0.15311E+02      982.00
  0.36597E+00  0.63774E+02    0.20000E+00  0.20000E+00 -0.40000E+00  0.00000E+00  0.00000E+00  0.00000E+00    0.19389E+02  0.18906E+02 -0.38296E+02 -0.28188E+01  0.27161E+01  0.15505E+02      982.00
  0.38849E+00  0.64045E+02    0.21250E+00  0.21250E+00 -0.42500E+00  0.00000E+00  0.00000E+00  0.00000E+00    0.19431E+02  0.18968E+02 -0.38399E+02 -0.28615E+01  0.27489E+01  0.15671E+02      982.00
  0.41098E+00  0.64306E+02    0.22500E+00  0.22500E+00 -0.45000E+00  0.00000E+00  0.00000E+00  0.00000E+00    0.19459E+02  0.19040E+02 -0.38499E+02 -0.28892E+01  0.27578E+01  0.15837E+02      982.00
  0.43343E+00  0.64537E+02    0.23750E+00  0.23750E+00 -0.47500E+00  0.00000E+00  0.00000E+00  0.00000E+00    0.19480E+02  0.19108E+02 -0.38588E+02 -0.28788E+01  0.27297E+01  0.15994E+02      982.00
  0.45585E+00  0.64752E+02    0.25000E+00  0.25000E+00 -0.50000E+00  0.00000E+00  0.00000E+00  0.00000E+00    0.19500E+02  0.19168E+02 -0.38668E+02 -0.28388E+01  0.26768E+01  0.16154E+02      982.00
  0.47824E+00  0.64947E+02    0.26250E+00  0.26250E+00 -0.52500E+00  0.00000E+00  0.00000E+00  0.00000E+00    0.19513E+02  0.19229E+02 -0.38741E+02 -0.27819E+01  0.26039E+01  0.16304E+02      982.00
  0.50061E+00  0.65127E+02    0.27500E+00  0.27500E+00 -0.55000E+00  0.00000E+00  0.00000E+00  0.00000E+00    0.19527E+02  0.19279E+02 -0.38806E+02 -0.27098E+01  0.25214E+01  0.16453E+02      982.00
  0.52296E+00  0.65301E+02    0.28750E+00  0.28750E+00 -0.57500E+00  0.00000E+00  0.00000E+00  0.00000E+00    0.19537E+02  0.19330E+02 -0.38868E+02 -0.26327E+01  0.24310E+01  0.16599E+02      982.00
  0.54528E+00  0.65466E+02    0.30000E+00  0.30000E+00 -0.60000E+00  0.00000E+00  0.00000E+00  0.00000E+00    0.19546E+02  0.19378E+02 -0.38924E+02 -0.25539E+01  0.23397E+01  0.16742E+02      982.00
  0.56757E+00  0.65618E+02    0.31250E+00  0.31250E+00 -0.62500E+00  0.00000E+00  0.00000E+00  0.00000E+00    0.19549E+02  0.19426E+02 -0.38975E+02 -0.24684E+01  0.22381E+01  0.16878E+02      982.00
  0.58985E+00  0.65766E+02    0.32500E+00  0.32500E+00 -0.65000E+00  0.00000E+00  0.00000E+00  0.00000E+00    0.19558E+02  0.19464E+02 -0.39022E+02 -0.23962E+01  0.21547E+01  0.17008E+02      982.00
  0.61210E+00  0.65905E+02    0.33750E+00  0.33750E+00 -0.67500E+00  0.00000E+00  0.00000E+00  0.00000E+00    0.19568E+02  0.19498E+02 -0.39066E+02 -0.23294E+01  0.20785E+01  0.17131E+02      982.00
  0.63433E+00  0.66037E+02    0.35000E+00  0.35000E+00 -0.70000E+00  0.00000E+00  0.00000E+00  0.00000E+00    0.19581E+02  0.19527E+02 -0.39107E+02 -0.22693E+01  0.20102E+01  0.17245E+02      982.00
  0.65653E+00  0.66160E+02    0.36250E+00  0.36250E+00 -0.72500E+00  0.00000E+00  0.00000E+00  0.00000E+00    0.19594E+02  0.19552E+02 -0.39146E+02 -0.22157E+01  0.19488E+01  0.17351E+02      982.00
  0.67872E+00  0.66275E+02    0.37500E+00  0.37500E+00 -0.75000E+00  0.00000E+00  0.00000E+00  0.00000E+00    0.19607E+02  0.19574E+02 -0.39181E+02 -0.21687E+01  0.18945E+01  0.17449E+02      982.00
  0.70089E+00  0.66379E+02    0.38750E+00  0.38750E+00 -0.77500E+00  0.00000E+00  0.00000E+00  0.00000E+00    0.19619E+02  0.19596E+02 -0.39214E+02 -0.21234E+01  0.18397E+01  0.17536E+02      982.00
  0.72304E+00  0.66480E+02    0.40000E+00  0.40000E+00 -0.80000E+00  0.00000E+00  0.00000E+00  0.00000E+00    0.19634E+02  0.19612E+02 -0.39246E+02 -0.20885E+01  0.17981E+01  0.17618E+02      982.00
  0.74518E+00  0.66574E+02    0.41250E+00  0.41250E+00 -0.82500E+00  0.00000E+00  0.00000E+00  0.00000E+00    0.19652E+02  0.19625E+02 -0.39276E+02 -0.20585E+01  0.17623E+01  0.17693E+02      982.00
  0.76731E+00  0.66654E+02    0.42500E+00  0.42500E+00 -0.85000E+00  0.00000E+00  0.00000E+00  0.00000E+00    0.19667E+02  0.19637E+02 -0.39303E+02 -0.20268E+01  0.17226E+01  0.17756E+02      982.00
  0.78942E+00  0.66737E+02    0.43750E+00  0.43750E+00 -0.87500E+00  0.00000E+00  0.00000E+00  0.00000E+00    0.19685E+02  0.19645E+02 -0.39330E+02 -0.20058E+01  0.16960E+01  0.17819E+02      982.00
  0.81152E+00  0.66795E+02    0.45000E+00  0.45000E+00 -0.90000E+00  0.00000E+00  0.00000E+00  0.00000E+00    0.19700E+02  0.19651E+02 -0.39351E+02 -0.19927E+01  0.16783E+01  0.17861E+02      982.00
  0.83361E+00  0.66870E+02    0.46250E+00  0.46250E+00 -0.92500E+00  0.00000E+00  0.00000E+00  0.00000E+00    0.19721E+02  0.19656E+02 -0.39377E+02 -0.19773E+01  0.16587E+01  0.17916E+02      982.00
  0.85569E+00  0.66937E+02    0.47500E+00  0.47500E+00 -0.95000E+00  0.00000E+00  0.00000E+00  0.00000E+00    0.19741E+02  0.19659E+02 -0.39400E+02 -0.19643E+01  0.16413E+01  0.17964E+02      982.00
  0.87777E+00  0.67000E+02    0.48750E+00  0.48750E+00 -0.97500E+00  0.00000E+00  0.00000E+00  0.00000E+00    0.19762E+02  0.19661E+02 -0.39422E+02 -0.19535E+01  0.16264E+01  0.18008E+02      982.00
  0.89983E+00  0.67062E+02    0.50000E+00  0.50000E+00 -0.10000E+01  0.00000E+00  0.00000E+00  0.00000E+00    0.19787E+02  0.19658E+02 -0.39444E+02 -0.19375E+01  0.16036E+01  0.18052E+02      982.00
