          Evm          Svm            E11          E22          E33          E23          E13          E12         SDEV11       SDEV22       SDEV33       SDEV23       SDEV13       SDEV12      TEMP
  0.00000E+00  0.59675E+02    0.00000E+00  0.00000E+00  0.00000E+00  0.00000E+00  0.00000E+00  0.00000E+00    0.16261E+02  0.22673E+02 -0.38934E+02 -0.33303E+01  0.35842E+01  0.39913E+01      982.00
  0.24466E-01  0.59807E+02    0.12500E-01  0.12500E-01 -0.25000E-01  0.00000E+00  0.00000E+00  0.00000E+00    0.16998E+02  0.22022E+02 -0.39020E+02 -0.33400E+01  0.38663E+01  0.42376E+01      982.00
  0.48932E-01  0.60023E+02    0.25000E-01  0.25000E-01 -0.50000E-01  0.00000E+00  0.00000E+00  0.00000E+00    0.17874E+02  0.21269E+02 -0.39144E+02 -0.33173E+01  0.41721E+01  0.45232E+01      982.00
  0.73388E-01  0.60253E+02    0.37500E-01  0.37500E-01 -0.75000E-01  0.00000E+00  0.00000E+00  0.00000E+00    0.18745E+02  0.20518E+02 -0.39263E+02 -0.32620E+01  0.44147E+01  0.47976E+01      982.00
  0.97824E-01  0.60449E+02    0.50000E-01  0.50000E-01 -0.10000E+00  0.00000E+00  0.00000E+00  0.00000E+00    0.19482E+02  0.19880E+02 -0.39363E+02 -0.31838E+01  0.45261E+01  0.50288E+01      982.00
  0.12224E+00  0.60607E+02    0.62500E-01  0.62500E-01 -0.12500E+00  0.00000E+00  0.00000E+00  0.00000E+00    0.20053E+02  0.19392E+02 -0.39445E+02 -0.30921E+01  0.45185E+01  0.52308E+01      982.00
  0.14665E+00  0.60749E+02    0.75000E-01  0.75000E-01 -0.15000E+00  0.00000E+00  0.00000E+00  0.00000E+00    0.20490E+02  0.19031E+02 -0.39522E+02 -0.29942E+01  0.44411E+01  0.54291E+01      982.00
  0.17105E+00  0.60890E+02    0.87500E-01  0.87500E-01 -0.17500E+00  0.00000E+00  0.00000E+00  0.00000E+00    0.20822E+02  0.18777E+02 -0.39599E+02 -0.28971E+01  0.43235E+01  0.56293E+01      982.00
  0.19543E+00  0.61042E+02    0.10000E+00  0.10000E+00 -0.20000E+00  0.00000E+00  0.00000E+00  0.00000E+00    0.21082E+02  0.18600E+02 -0.39682E+02 -0.28049E+01  0.41944E+01  0.58385E+01      982.00
  0.21981E+00  0.61210E+02    0.11250E+00  0.11250E+00 -0.22500E+00  0.00000E+00  0.00000E+00  0.00000E+00    0.21293E+02  0.18477E+02 -0.39770E+02 -0.27202E+01  0.40682E+01  0.60585E+01      982.00
  0.24418E+00  0.61394E+02    0.12500E+00  0.12500E+00 -0.25000E+00  0.00000E+00  0.00000E+00  0.00000E+00    0.21471E+02  0.18393E+02 -0.39864E+02 -0.26449E+01  0.39522E+01  0.62909E+01      982.00
  0.26853E+00  0.61594E+02    0.13750E+00  0.13750E+00 -0.27500E+00  0.00000E+00  0.00000E+00  0.00000E+00    0.21617E+02  0.18347E+02 -0.39964E+02 -0.25867E+01  0.38471E+01  0.65304E+01      982.00
  0.29286E+00  0.61810E+02    0.15000E+00  0.15000E+00 -0.30000E+00  0.00000E+00  0.00000E+00  0.00000E+00    0.21752E+02  0.18313E+02 -0.40065E+02 -0.25348E+01  0.37582E+01  0.67871E+01      982.00
  0.31716E+00  0.62034E+02    0.16250E+00  0.16250E+00 -0.32500E+00  0.00000E+00  0.00000E+00  0.00000E+00    0.21866E+02  0.18303E+02 -0.40169E+02 -0.25007E+01  0.36795E+01  0.70411E+01      982.00
  0.34145E+00  0.62245E+02    0.17500E+00  0.17500E+00 -0.35000E+00  0.00000E+00  0.00000E+00  0.00000E+00    0.21964E+02  0.18300E+02 -0.40263E+02 -0.24777E+01  0.36111E+01  0.72866E+01      982.00
  0.36570E+00  0.62478E+02    0.18750E+00  0.18750E+00 -0.37500E+00  0.00000E+00  0.00000E+00  0.00000E+00    0.22063E+02  0.18296E+02 -0.40359E+02 -0.24563E+01  0.35555E+01  0.75689E+01      982.00
  0.38993E+00  0.62700E+02    0.20000E+00  0.20000E+00 -0.40000E+00  0.00000E+00  0.00000E+00  0.00000E+00    0.22146E+02  0.18301E+02 -0.40447E+02 -0.24491E+01  0.35004E+01  0.78418E+01      982.00
  0.41412E+00  0.62914E+02    0.21250E+00  0.21250E+00 -0.42500E+00  0.00000E+00  0.00000E+00  0.00000E+00    0.22219E+02  0.18307E+02 -0.40525E+02 -0.24482E+01  0.34478E+01  0.81215E+01      982.00
  0.43827E+00  0.63119E+02    0.22500E+00  0.22500E+00 -0.45000E+00  0.00000E+00  0.00000E+00  0.00000E+00    0.22282E+02  0.18310E+02 -0.40592E+02 -0.24519E+01  0.33958E+01  0.84090E+01      982.00
  0.46239E+00  0.63314E+02    0.23750E+00  0.23750E+00 -0.47500E+00  0.00000E+00  0.00000E+00  0.00000E+00    0.22337E+02  0.18310E+02 -0.40647E+02 -0.24585E+01  0.33425E+01  0.87051E+01      982.00
  0.48647E+00  0.63498E+02    0.25000E+00  0.25000E+00 -0.50000E+00  0.00000E+00  0.00000E+00  0.00000E+00    0.22384E+02  0.18306E+02 -0.40690E+02 -0.24663E+01  0.32858E+01  0.90103E+01      982.00
  0.51050E+00  0.63689E+02    0.26250E+00  0.26250E+00 -0.52500E+00  0.00000E+00  0.00000E+00  0.00000E+00    0.22426E+02  0.18299E+02 -0.40725E+02 -0.24780E+01  0.32206E+01  0.93503E+01      982.00
  0.53447E+00  0.63852E+02    0.27500E+00  0.27500E+00 -0.55000E+00  0.00000E+00  0.00000E+00  0.00000E+00    0.22458E+02  0.18285E+02 -0.40743E+02 -0.24818E+01  0.31522E+01  0.96753E+01      982.00
  0.55840E+00  0.64006E+02    0.28750E+00  0.28750E+00 -0.57500E+00  0.00000E+00  0.00000E+00  0.00000E+00    0.22484E+02  0.18265E+02 -0.40749E+02 -0.24807E+01  0.30754E+01  0.10009E+02      982.00
  0.58228E+00  0.64152E+02    0.30000E+00  0.30000E+00 -0.60000E+00  0.00000E+00  0.00000E+00  0.00000E+00    0.22504E+02  0.18240E+02 -0.40744E+02 -0.24719E+01  0.29890E+01  0.10352E+02      982.00
  0.60609E+00  0.64304E+02    0.31250E+00  0.31250E+00 -0.62500E+00  0.00000E+00  0.00000E+00  0.00000E+00    0.22520E+02  0.18211E+02 -0.40731E+02 -0.24505E+01  0.28860E+01  0.10728E+02      982.00
  0.62985E+00  0.64421E+02    0.32500E+00  0.32500E+00 -0.65000E+00  0.00000E+00  0.00000E+00  0.00000E+00    0.22535E+02  0.18170E+02 -0.40706E+02 -0.24209E+01  0.27823E+01  0.11059E+02      982.00
  0.65354E+00  0.64549E+02    0.33750E+00  0.33750E+00 -0.67500E+00  0.00000E+00  0.00000E+00  0.00000E+00    0.22551E+02  0.18124E+02 -0.40675E+02 -0.23738E+01  0.26603E+01  0.11420E+02      982.00
  0.67717E+00  0.64671E+02    0.35000E+00  0.35000E+00 -0.70000E+00  0.00000E+00  0.00000E+00  0.00000E+00    0.22573E+02  0.18064E+02 -0.40637E+02 -0.23205E+01  0.25340E+01  0.11778E+02      982.00
  0.70074E+00  0.64796E+02    0.36250E+00  0.36250E+00 -0.72500E+00  0.00000E+00  0.00000E+00  0.00000E+00    0.22599E+02  0.17998E+02 -0.40597E+02 -0.22382E+01  0.23873E+01  0.12141E+02      982.00
  0.72423E+00  0.64927E+02    0.37500E+00  0.37500E+00 -0.75000E+00  0.00000E+00  0.00000E+00  0.00000E+00    0.22637E+02  0.17918E+02 -0.40555E+02 -0.21471E+01  0.22366E+01  0.12507E+02      982.00
  0.74765E+00  0.65053E+02    0.38750E+00  0.38750E+00 -0.77500E+00  0.00000E+00  0.00000E+00  0.00000E+00    0.22684E+02  0.17830E+02 -0.40514E+02 -0.20258E+01  0.20681E+01  0.12858E+02      982.00
  0.77101E+00  0.65182E+02    0.40000E+00  0.40000E+00 -0.80000E+00  0.00000E+00  0.00000E+00  0.00000E+00    0.22742E+02  0.17733E+02 -0.40475E+02 -0.18871E+01  0.18919E+01  0.13197E+02      982.00
  0.79429E+00  0.65314E+02    0.41250E+00  0.41250E+00 -0.82500E+00  0.00000E+00  0.00000E+00  0.00000E+00    0.22811E+02  0.17628E+02 -0.40440E+02 -0.17360E+01  0.17136E+01  0.13520E+02      982.00
  0.81751E+00  0.65459E+02    0.42500E+00  0.42500E+00 -0.85000E+00  0.00000E+00  0.00000E+00  0.00000E+00    0.22892E+02  0.17519E+02 -0.40411E+02 -0.15900E+01  0.15493E+01  0.13833E+02      982.00
  0.84066E+00  0.65599E+02    0.43750E+00  0.43750E+00 -0.87500E+00  0.00000E+00  0.00000E+00  0.00000E+00    0.22975E+02  0.17411E+02 -0.40387E+02 -0.14381E+01  0.13881E+01  0.14120E+02      982.00
  0.86375E+00  0.65743E+02    0.45000E+00  0.45000E+00 -0.90000E+00  0.00000E+00  0.00000E+00  0.00000E+00    0.23060E+02  0.17308E+02 -0.40368E+02 -0.12978E+01  0.12448E+01  0.14388E+02      982.00
  0.88678E+00  0.65882E+02    0.46250E+00  0.46250E+00 -0.92500E+00  0.00000E+00  0.00000E+00  0.00000E+00    0.23141E+02  0.17212E+02 -0.40353E+02 -0.11672E+01  0.11160E+01  0.14634E+02      982.00
  0.90975E+00  0.66027E+02    0.47500E+00  0.47500E+00 -0.95000E+00  0.00000E+00  0.00000E+00  0.00000E+00    0.23221E+02  0.17122E+02 -0.40342E+02 -0.10683E+01  0.10195E+01  0.14868E+02      982.00
  0.93266E+00  0.66125E+02    0.48750E+00  0.48750E+00 -0.97500E+00  0.00000E+00  0.00000E+00  0.00000E+00    0.23283E+02  0.17032E+02 -0.40315E+02 -0.10006E+01  0.94845E+00  0.15063E+02      982.00
  0.95552E+00  0.66229E+02    0.50000E+00  0.50000E+00 -0.10000E+01  0.00000E+00  0.00000E+00  0.00000E+00    0.23345E+02  0.16946E+02 -0.40292E+02 -0.95867E+00  0.90124E+00  0.15250E+02      982.00
