          Evm          Svm            E11          E22          E33          E23          E13          E12         SDEV11       SDEV22       SDEV33       SDEV23       SDEV13       SDEV12      TEMP
  0.00000E+00  0.63483E+02    0.00000E+00  0.00000E+00  0.00000E+00  0.00000E+00  0.00000E+00  0.00000E+00    0.21206E+02  0.18681E+02 -0.39887E+02  0.38601E+01 -0.66392E+01  0.94635E+01      982.00
  0.23562E-01  0.63682E+02    0.12500E-01  0.12500E-01 -0.25000E-01  0.00000E+00  0.00000E+00  0.00000E+00    0.20464E+02  0.19506E+02 -0.39970E+02  0.41647E+01 -0.64425E+01  0.97211E+01      982.00
  0.47099E-01  0.63831E+02    0.25000E-01  0.25000E-01 -0.50000E-01  0.00000E+00  0.00000E+00  0.00000E+00    0.19929E+02  0.20103E+02 -0.40032E+02  0.43098E+01 -0.62697E+01  0.99144E+01      982.00
  0.70617E-01  0.63968E+02    0.37500E-01  0.37500E-01 -0.75000E-01  0.00000E+00  0.00000E+00  0.00000E+00    0.19557E+02  0.20536E+02 -0.40093E+02  0.43371E+01 -0.61060E+01  0.10101E+02      982.00
  0.94121E-01  0.64115E+02    0.50000E-01  0.50000E-01 -0.10000E+00  0.00000E+00  0.00000E+00  0.00000E+00    0.19313E+02  0.20846E+02 -0.40158E+02  0.42822E+01 -0.59523E+01  0.10313E+02      982.00
  0.11761E+00  0.64283E+02    0.62500E-01  0.62500E-01 -0.12500E+00  0.00000E+00  0.00000E+00  0.00000E+00    0.19148E+02  0.21080E+02 -0.40229E+02  0.41856E+01 -0.58035E+01  0.10561E+02      982.00
  0.14108E+00  0.64481E+02    0.75000E-01  0.75000E-01 -0.15000E+00  0.00000E+00  0.00000E+00  0.00000E+00    0.19056E+02  0.21253E+02 -0.40308E+02  0.40627E+01 -0.56677E+01  0.10842E+02      982.00
  0.16452E+00  0.64712E+02    0.87500E-01  0.87500E-01 -0.17500E+00  0.00000E+00  0.00000E+00  0.00000E+00    0.19001E+02  0.21395E+02 -0.40396E+02  0.39362E+01 -0.55410E+01  0.11152E+02      982.00
  0.18793E+00  0.64957E+02    0.10000E+00  0.10000E+00 -0.20000E+00  0.00000E+00  0.00000E+00  0.00000E+00    0.18978E+02  0.21503E+02 -0.40481E+02  0.38071E+01 -0.54268E+01  0.11483E+02      982.00
  0.21130E+00  0.65218E+02    0.11250E+00  0.11250E+00 -0.22500E+00  0.00000E+00  0.00000E+00  0.00000E+00    0.18973E+02  0.21591E+02 -0.40563E+02  0.36839E+01 -0.53248E+01  0.11836E+02      982.00
  0.23462E+00  0.65481E+02    0.12500E+00  0.12500E+00 -0.25000E+00  0.00000E+00  0.00000E+00  0.00000E+00    0.18982E+02  0.21660E+02 -0.40642E+02  0.35754E+01 -0.52431E+01  0.12180E+02      982.00
  0.25790E+00  0.65752E+02    0.13750E+00  0.13750E+00 -0.27500E+00  0.00000E+00  0.00000E+00  0.00000E+00    0.18993E+02  0.21721E+02 -0.40714E+02  0.34805E+01 -0.51745E+01  0.12535E+02      982.00
  0.28112E+00  0.66021E+02    0.15000E+00  0.15000E+00 -0.30000E+00  0.00000E+00  0.00000E+00  0.00000E+00    0.19009E+02  0.21772E+02 -0.40781E+02  0.34025E+01 -0.51246E+01  0.12878E+02      982.00
  0.30428E+00  0.66283E+02    0.16250E+00  0.16250E+00 -0.32500E+00  0.00000E+00  0.00000E+00  0.00000E+00    0.19021E+02  0.21816E+02 -0.40837E+02  0.33402E+01 -0.50900E+01  0.13219E+02      982.00
  0.32738E+00  0.66536E+02    0.17500E+00  0.17500E+00 -0.35000E+00  0.00000E+00  0.00000E+00  0.00000E+00    0.19026E+02  0.21854E+02 -0.40880E+02  0.32927E+01 -0.50698E+01  0.13556E+02      982.00
  0.35042E+00  0.66774E+02    0.18750E+00  0.18750E+00 -0.37500E+00  0.00000E+00  0.00000E+00  0.00000E+00    0.19022E+02  0.21885E+02 -0.40907E+02  0.32586E+01 -0.50627E+01  0.13890E+02      982.00
  0.37340E+00  0.66998E+02    0.20000E+00  0.20000E+00 -0.40000E+00  0.00000E+00  0.00000E+00  0.00000E+00    0.19008E+02  0.21910E+02 -0.40918E+02  0.32363E+01 -0.50674E+01  0.14222E+02      982.00
  0.39630E+00  0.67222E+02    0.21250E+00  0.21250E+00 -0.42500E+00  0.00000E+00  0.00000E+00  0.00000E+00    0.18982E+02  0.21930E+02 -0.40912E+02  0.32242E+01 -0.50840E+01  0.14578E+02      982.00
  0.41912E+00  0.67409E+02    0.22500E+00  0.22500E+00 -0.45000E+00  0.00000E+00  0.00000E+00  0.00000E+00    0.18940E+02  0.21943E+02 -0.40883E+02  0.32199E+01 -0.51070E+01  0.14912E+02      982.00
  0.44187E+00  0.67575E+02    0.23750E+00  0.23750E+00 -0.47500E+00  0.00000E+00  0.00000E+00  0.00000E+00    0.18883E+02  0.21950E+02 -0.40832E+02  0.32213E+01 -0.51359E+01  0.15249E+02      982.00
  0.46453E+00  0.67720E+02    0.25000E+00  0.25000E+00 -0.50000E+00  0.00000E+00  0.00000E+00  0.00000E+00    0.18808E+02  0.21952E+02 -0.40760E+02  0.32259E+01 -0.51684E+01  0.15590E+02      982.00
  0.48710E+00  0.67845E+02    0.26250E+00  0.26250E+00 -0.52500E+00  0.00000E+00  0.00000E+00  0.00000E+00    0.18715E+02  0.21950E+02 -0.40665E+02  0.32312E+01 -0.52016E+01  0.15936E+02      982.00
  0.50957E+00  0.67949E+02    0.27500E+00  0.27500E+00 -0.55000E+00  0.00000E+00  0.00000E+00  0.00000E+00    0.18603E+02  0.21945E+02 -0.40547E+02  0.32345E+01 -0.52329E+01  0.16290E+02      982.00
  0.53195E+00  0.68034E+02    0.28750E+00  0.28750E+00 -0.57500E+00  0.00000E+00  0.00000E+00  0.00000E+00    0.18471E+02  0.21936E+02 -0.40407E+02  0.32331E+01 -0.52592E+01  0.16650E+02      982.00
  0.55422E+00  0.68088E+02    0.30000E+00  0.30000E+00 -0.60000E+00  0.00000E+00  0.00000E+00  0.00000E+00    0.18328E+02  0.21916E+02 -0.40244E+02  0.32265E+01 -0.52804E+01  0.17004E+02      982.00
  0.57639E+00  0.68137E+02    0.31250E+00  0.31250E+00 -0.62500E+00  0.00000E+00  0.00000E+00  0.00000E+00    0.18162E+02  0.21901E+02 -0.40063E+02  0.32067E+01 -0.52871E+01  0.17378E+02      982.00
  0.59844E+00  0.68169E+02    0.32500E+00  0.32500E+00 -0.65000E+00  0.00000E+00  0.00000E+00  0.00000E+00    0.17979E+02  0.21886E+02 -0.39865E+02  0.31749E+01 -0.52793E+01  0.17758E+02      982.00
  0.62037E+00  0.68187E+02    0.33750E+00  0.33750E+00 -0.67500E+00  0.00000E+00  0.00000E+00  0.00000E+00    0.17788E+02  0.21862E+02 -0.39650E+02  0.31321E+01 -0.52604E+01  0.18142E+02      982.00
  0.64217E+00  0.68191E+02    0.35000E+00  0.35000E+00 -0.70000E+00  0.00000E+00  0.00000E+00  0.00000E+00    0.17578E+02  0.21846E+02 -0.39424E+02  0.30680E+01 -0.52145E+01  0.18524E+02      982.00
  0.66385E+00  0.68182E+02    0.36250E+00  0.36250E+00 -0.72500E+00  0.00000E+00  0.00000E+00  0.00000E+00    0.17358E+02  0.21833E+02 -0.39191E+02  0.29851E+01 -0.51449E+01  0.18901E+02      982.00
  0.68541E+00  0.68161E+02    0.37500E+00  0.37500E+00 -0.75000E+00  0.00000E+00  0.00000E+00  0.00000E+00    0.17132E+02  0.21821E+02 -0.38953E+02  0.28822E+01 -0.50497E+01  0.19269E+02      982.00
  0.70684E+00  0.68129E+02    0.38750E+00  0.38750E+00 -0.77500E+00  0.00000E+00  0.00000E+00  0.00000E+00    0.16904E+02  0.21812E+02 -0.38716E+02  0.27585E+01 -0.49275E+01  0.19623E+02      982.00
  0.72815E+00  0.68088E+02    0.40000E+00  0.40000E+00 -0.80000E+00  0.00000E+00  0.00000E+00  0.00000E+00    0.16677E+02  0.21807E+02 -0.38483E+02  0.26143E+01 -0.47777E+01  0.19959E+02      982.00
  0.74934E+00  0.68045E+02    0.41250E+00  0.41250E+00 -0.82500E+00  0.00000E+00  0.00000E+00  0.00000E+00    0.16461E+02  0.21800E+02 -0.38261E+02  0.24538E+01 -0.46085E+01  0.20274E+02      982.00
  0.77043E+00  0.67988E+02    0.42500E+00  0.42500E+00 -0.85000E+00  0.00000E+00  0.00000E+00  0.00000E+00    0.16248E+02  0.21801E+02 -0.38050E+02  0.22717E+01 -0.44062E+01  0.20559E+02      982.00
  0.79142E+00  0.67933E+02    0.43750E+00  0.43750E+00 -0.87500E+00  0.00000E+00  0.00000E+00  0.00000E+00    0.16054E+02  0.21802E+02 -0.37856E+02  0.20789E+01 -0.41903E+01  0.20817E+02      982.00
  0.81231E+00  0.67869E+02    0.45000E+00  0.45000E+00 -0.90000E+00  0.00000E+00  0.00000E+00  0.00000E+00    0.15871E+02  0.21809E+02 -0.37679E+02  0.18683E+01 -0.39474E+01  0.21040E+02      982.00
  0.83313E+00  0.67802E+02    0.46250E+00  0.46250E+00 -0.92500E+00  0.00000E+00  0.00000E+00  0.00000E+00    0.15706E+02  0.21818E+02 -0.37524E+02  0.16459E+01 -0.36859E+01  0.21229E+02      982.00
  0.85389E+00  0.67729E+02    0.47500E+00  0.47500E+00 -0.95000E+00  0.00000E+00  0.00000E+00  0.00000E+00    0.15557E+02  0.21833E+02 -0.37390E+02  0.14067E+01 -0.33971E+01  0.21383E+02      982.00
  0.87459E+00  0.67658E+02    0.48750E+00  0.48750E+00 -0.97500E+00  0.00000E+00  0.00000E+00  0.00000E+00    0.15430E+02  0.21849E+02 -0.37279E+02  0.11609E+01 -0.30970E+01  0.21502E+02      982.00
  0.89525E+00  0.67549E+02    0.50000E+00  0.50000E+00 -0.10000E+01  0.00000E+00  0.00000E+00  0.00000E+00    0.15321E+02  0.21854E+02 -0.37175E+02  0.92457E+00 -0.27965E+01  0.21567E+02      982.00
