          Evm          Svm            E11          E22          E33          E23          E13          E12         SDEV11       SDEV22       SDEV33       SDEV23       SDEV13       SDEV12      TEMP
  0.00000E+00  0.56717E+02    0.00000E+00  0.00000E+00  0.00000E+00  0.00000E+00  0.00000E+00  0.00000E+00    0.15494E+02  0.18108E+02 -0.33602E+02 -0.48824E+01  0.13069E+01  0.14078E+02      982.00
  0.22217E-01  0.56649E+02    0.12500E-01  0.12500E-01 -0.25000E-01  0.00000E+00  0.00000E+00  0.00000E+00    0.15722E+02  0.17882E+02 -0.33604E+02 -0.45038E+01  0.14784E+01  0.14111E+02      982.00
  0.44462E-01  0.56726E+02    0.25000E-01  0.25000E-01 -0.50000E-01  0.00000E+00  0.00000E+00  0.00000E+00    0.15906E+02  0.17752E+02 -0.33659E+02 -0.42055E+01  0.15915E+01  0.14208E+02      982.00
  0.66713E-01  0.56944E+02    0.37500E-01  0.37500E-01 -0.75000E-01  0.00000E+00  0.00000E+00  0.00000E+00    0.16071E+02  0.17696E+02 -0.33766E+02 -0.39476E+01  0.16763E+01  0.14377E+02      982.00
  0.88949E-01  0.57261E+02    0.50000E-01  0.50000E-01 -0.10000E+00  0.00000E+00  0.00000E+00  0.00000E+00    0.16216E+02  0.17697E+02 -0.33913E+02 -0.37238E+01  0.17332E+01  0.14592E+02      982.00
  0.11116E+00  0.57656E+02    0.62500E-01  0.62500E-01 -0.12500E+00  0.00000E+00  0.00000E+00  0.00000E+00    0.16352E+02  0.17740E+02 -0.34093E+02 -0.35238E+01  0.17770E+01  0.14842E+02      982.00
  0.13333E+00  0.58094E+02    0.75000E-01  0.75000E-01 -0.15000E+00  0.00000E+00  0.00000E+00  0.00000E+00    0.16479E+02  0.17811E+02 -0.34290E+02 -0.33446E+01  0.18063E+01  0.15106E+02      982.00
  0.15547E+00  0.58566E+02    0.87500E-01  0.87500E-01 -0.17500E+00  0.00000E+00  0.00000E+00  0.00000E+00    0.16599E+02  0.17903E+02 -0.34503E+02 -0.31942E+01  0.18187E+01  0.15380E+02      982.00
  0.17756E+00  0.59039E+02    0.10000E+00  0.10000E+00 -0.20000E+00  0.00000E+00  0.00000E+00  0.00000E+00    0.16714E+02  0.18003E+02 -0.34717E+02 -0.30537E+01  0.18267E+01  0.15647E+02      982.00
  0.19961E+00  0.59526E+02    0.11250E+00  0.11250E+00 -0.22500E+00  0.00000E+00  0.00000E+00  0.00000E+00    0.16828E+02  0.18111E+02 -0.34939E+02 -0.29430E+01  0.18252E+01  0.15910E+02      982.00
  0.22162E+00  0.60002E+02    0.12500E+00  0.12500E+00 -0.25000E+00  0.00000E+00  0.00000E+00  0.00000E+00    0.16941E+02  0.18218E+02 -0.35158E+02 -0.28490E+01  0.18201E+01  0.16160E+02      982.00
  0.24360E+00  0.60447E+02    0.13750E+00  0.13750E+00 -0.27500E+00  0.00000E+00  0.00000E+00  0.00000E+00    0.17049E+02  0.18317E+02 -0.35366E+02 -0.27569E+01  0.18139E+01  0.16388E+02      982.00
  0.26554E+00  0.60881E+02    0.15000E+00  0.15000E+00 -0.30000E+00  0.00000E+00  0.00000E+00  0.00000E+00    0.17159E+02  0.18413E+02 -0.35572E+02 -0.26904E+01  0.18057E+01  0.16600E+02      982.00
  0.28745E+00  0.61287E+02    0.16250E+00  0.16250E+00 -0.32500E+00  0.00000E+00  0.00000E+00  0.00000E+00    0.17267E+02  0.18502E+02 -0.35769E+02 -0.26341E+01  0.17970E+01  0.16791E+02      982.00
  0.30933E+00  0.61663E+02    0.17500E+00  0.17500E+00 -0.35000E+00  0.00000E+00  0.00000E+00  0.00000E+00    0.17373E+02  0.18578E+02 -0.35951E+02 -0.25748E+01  0.17873E+01  0.16967E+02      982.00
  0.33120E+00  0.62012E+02    0.18750E+00  0.18750E+00 -0.37500E+00  0.00000E+00  0.00000E+00  0.00000E+00    0.17478E+02  0.18648E+02 -0.36127E+02 -0.25349E+01  0.17792E+01  0.17119E+02      982.00
  0.35304E+00  0.62333E+02    0.20000E+00  0.20000E+00 -0.40000E+00  0.00000E+00  0.00000E+00  0.00000E+00    0.17581E+02  0.18709E+02 -0.36291E+02 -0.25008E+01  0.17711E+01  0.17254E+02      982.00
  0.37488E+00  0.62637E+02    0.21250E+00  0.21250E+00 -0.42500E+00  0.00000E+00  0.00000E+00  0.00000E+00    0.17687E+02  0.18758E+02 -0.36445E+02 -0.24606E+01  0.17610E+01  0.17383E+02      982.00
  0.39670E+00  0.62904E+02    0.22500E+00  0.22500E+00 -0.45000E+00  0.00000E+00  0.00000E+00  0.00000E+00    0.17786E+02  0.18801E+02 -0.36587E+02 -0.24350E+01  0.17540E+01  0.17486E+02      982.00
  0.41851E+00  0.63147E+02    0.23750E+00  0.23750E+00 -0.47500E+00  0.00000E+00  0.00000E+00  0.00000E+00    0.17881E+02  0.18837E+02 -0.36718E+02 -0.24119E+01  0.17469E+01  0.17576E+02      982.00
  0.44031E+00  0.63370E+02    0.25000E+00  0.25000E+00 -0.50000E+00  0.00000E+00  0.00000E+00  0.00000E+00    0.17974E+02  0.18867E+02 -0.36841E+02 -0.23924E+01  0.17403E+01  0.17655E+02      982.00
  0.46211E+00  0.63545E+02    0.26250E+00  0.26250E+00 -0.52500E+00  0.00000E+00  0.00000E+00  0.00000E+00    0.18048E+02  0.18894E+02 -0.36943E+02 -0.23820E+01  0.17350E+01  0.17707E+02      982.00
  0.48391E+00  0.63727E+02    0.27500E+00  0.27500E+00 -0.55000E+00  0.00000E+00  0.00000E+00  0.00000E+00    0.18139E+02  0.18904E+02 -0.37042E+02 -0.23609E+01  0.17279E+01  0.17773E+02      982.00
  0.50571E+00  0.63902E+02    0.28750E+00  0.28750E+00 -0.57500E+00  0.00000E+00  0.00000E+00  0.00000E+00    0.18225E+02  0.18918E+02 -0.37143E+02 -0.23460E+01  0.17224E+01  0.17828E+02      982.00
  0.52751E+00  0.64077E+02    0.30000E+00  0.30000E+00 -0.60000E+00  0.00000E+00  0.00000E+00  0.00000E+00    0.18323E+02  0.18919E+02 -0.37243E+02 -0.23264E+01  0.17150E+01  0.17887E+02      982.00
  0.54930E+00  0.64221E+02    0.31250E+00  0.31250E+00 -0.62500E+00  0.00000E+00  0.00000E+00  0.00000E+00    0.18404E+02  0.18924E+02 -0.37328E+02 -0.23134E+01  0.17098E+01  0.17927E+02      982.00
  0.57110E+00  0.64352E+02    0.32500E+00  0.32500E+00 -0.65000E+00  0.00000E+00  0.00000E+00  0.00000E+00    0.18482E+02  0.18926E+02 -0.37407E+02 -0.23019E+01  0.17046E+01  0.17963E+02      982.00
  0.59290E+00  0.64473E+02    0.33750E+00  0.33750E+00 -0.67500E+00  0.00000E+00  0.00000E+00  0.00000E+00    0.18556E+02  0.18925E+02 -0.37481E+02 -0.22914E+01  0.16996E+01  0.17994E+02      982.00
  0.61470E+00  0.64584E+02    0.35000E+00  0.35000E+00 -0.70000E+00  0.00000E+00  0.00000E+00  0.00000E+00    0.18628E+02  0.18921E+02 -0.37549E+02 -0.22815E+01  0.16948E+01  0.18022E+02      982.00
  0.63650E+00  0.64686E+02    0.36250E+00  0.36250E+00 -0.72500E+00  0.00000E+00  0.00000E+00  0.00000E+00    0.18698E+02  0.18915E+02 -0.37613E+02 -0.22724E+01  0.16901E+01  0.18046E+02      982.00
  0.65831E+00  0.64780E+02    0.37500E+00  0.37500E+00 -0.75000E+00  0.00000E+00  0.00000E+00  0.00000E+00    0.18765E+02  0.18908E+02 -0.37673E+02 -0.22638E+01  0.16857E+01  0.18067E+02      982.00
  0.68012E+00  0.64867E+02    0.38750E+00  0.38750E+00 -0.77500E+00  0.00000E+00  0.00000E+00  0.00000E+00    0.18830E+02  0.18898E+02 -0.37728E+02 -0.22558E+01  0.16815E+01  0.18086E+02      982.00
  0.70193E+00  0.64948E+02    0.40000E+00  0.40000E+00 -0.80000E+00  0.00000E+00  0.00000E+00  0.00000E+00    0.18892E+02  0.18887E+02 -0.37780E+02 -0.22483E+01  0.16776E+01  0.18103E+02      982.00
  0.72374E+00  0.65023E+02    0.41250E+00  0.41250E+00 -0.82500E+00  0.00000E+00  0.00000E+00  0.00000E+00    0.18953E+02  0.18875E+02 -0.37828E+02 -0.22414E+01  0.16738E+01  0.18118E+02      982.00
  0.74556E+00  0.65066E+02    0.42500E+00  0.42500E+00 -0.85000E+00  0.00000E+00  0.00000E+00  0.00000E+00    0.18996E+02  0.18861E+02 -0.37857E+02 -0.22374E+01  0.16720E+01  0.18126E+02      982.00
  0.76737E+00  0.65145E+02    0.43750E+00  0.43750E+00 -0.87500E+00  0.00000E+00  0.00000E+00  0.00000E+00    0.19075E+02  0.18832E+02 -0.37907E+02 -0.22277E+01  0.16674E+01  0.18143E+02      982.00
  0.78920E+00  0.65207E+02    0.45000E+00  0.45000E+00 -0.90000E+00  0.00000E+00  0.00000E+00  0.00000E+00    0.19131E+02  0.18817E+02 -0.37948E+02 -0.22207E+01  0.16645E+01  0.18154E+02      982.00
  0.81102E+00  0.65263E+02    0.46250E+00  0.46250E+00 -0.92500E+00  0.00000E+00  0.00000E+00  0.00000E+00    0.19183E+02  0.18801E+02 -0.37985E+02 -0.22152E+01  0.16618E+01  0.18163E+02      982.00
  0.83284E+00  0.65315E+02    0.47500E+00  0.47500E+00 -0.95000E+00  0.00000E+00  0.00000E+00  0.00000E+00    0.19234E+02  0.18786E+02 -0.38019E+02 -0.22103E+01  0.16592E+01  0.18172E+02      982.00
  0.85467E+00  0.65363E+02    0.48750E+00  0.48750E+00 -0.97500E+00  0.00000E+00  0.00000E+00  0.00000E+00    0.19282E+02  0.18769E+02 -0.38052E+02 -0.22058E+01  0.16568E+01  0.18180E+02      982.00
  0.87650E+00  0.65371E+02    0.50000E+00  0.50000E+00 -0.10000E+01  0.00000E+00  0.00000E+00  0.00000E+00    0.19266E+02  0.18788E+02 -0.38054E+02 -0.22055E+01  0.16607E+01  0.18186E+02      982.00
