          Evm          Svm            E11          E22          E33          E23          E13          E12         SDEV11       SDEV22       SDEV33       SDEV23       SDEV13       SDEV12      TEMP
  0.00000E+00  0.56706E+02    0.00000E+00  0.00000E+00  0.00000E+00  0.00000E+00  0.00000E+00  0.00000E+00    0.16408E+02  0.16848E+02 -0.33256E+02 -0.34679E+01  0.29245E+01  0.14892E+02      982.00
  0.21992E-01  0.56794E+02    0.12500E-01  0.12500E-01 -0.25000E-01  0.00000E+00  0.00000E+00  0.00000E+00    0.16462E+02  0.16879E+02 -0.33341E+02 -0.33860E+01  0.28617E+01  0.14892E+02      982.00
  0.44007E-01  0.56970E+02    0.25000E-01  0.25000E-01 -0.50000E-01  0.00000E+00  0.00000E+00  0.00000E+00    0.16525E+02  0.16931E+02 -0.33455E+02 -0.33036E+01  0.27862E+01  0.14956E+02      982.00
  0.66028E-01  0.57224E+02    0.37500E-01  0.37500E-01 -0.75000E-01  0.00000E+00  0.00000E+00  0.00000E+00    0.16595E+02  0.17000E+02 -0.33595E+02 -0.32218E+01  0.27051E+01  0.15077E+02      982.00
  0.88044E-01  0.57543E+02    0.50000E-01  0.50000E-01 -0.10000E+00  0.00000E+00  0.00000E+00  0.00000E+00    0.16673E+02  0.17085E+02 -0.33758E+02 -0.31414E+01  0.26212E+01  0.15240E+02      982.00
  0.11004E+00  0.57918E+02    0.62500E-01  0.62500E-01 -0.12500E+00  0.00000E+00  0.00000E+00  0.00000E+00    0.16758E+02  0.17184E+02 -0.33942E+02 -0.30646E+01  0.25390E+01  0.15435E+02      982.00
  0.13202E+00  0.58335E+02    0.75000E-01  0.75000E-01 -0.15000E+00  0.00000E+00  0.00000E+00  0.00000E+00    0.16850E+02  0.17292E+02 -0.34142E+02 -0.29926E+01  0.24607E+01  0.15652E+02      982.00
  0.15397E+00  0.58782E+02    0.87500E-01  0.87500E-01 -0.17500E+00  0.00000E+00  0.00000E+00  0.00000E+00    0.16951E+02  0.17408E+02 -0.34358E+02 -0.29364E+01  0.24005E+01  0.15873E+02      982.00
  0.17589E+00  0.59239E+02    0.10000E+00  0.10000E+00 -0.20000E+00  0.00000E+00  0.00000E+00  0.00000E+00    0.17052E+02  0.17526E+02 -0.34578E+02 -0.28748E+01  0.23341E+01  0.16102E+02      982.00
  0.19778E+00  0.59700E+02    0.11250E+00  0.11250E+00 -0.22500E+00  0.00000E+00  0.00000E+00  0.00000E+00    0.17154E+02  0.17646E+02 -0.34800E+02 -0.28191E+01  0.22742E+01  0.16327E+02      982.00
  0.21963E+00  0.60153E+02    0.12500E+00  0.12500E+00 -0.25000E+00  0.00000E+00  0.00000E+00  0.00000E+00    0.17257E+02  0.17764E+02 -0.35021E+02 -0.27689E+01  0.22209E+01  0.16541E+02      982.00
  0.24147E+00  0.60586E+02    0.13750E+00  0.13750E+00 -0.27500E+00  0.00000E+00  0.00000E+00  0.00000E+00    0.17355E+02  0.17877E+02 -0.35233E+02 -0.27159E+01  0.21647E+01  0.16746E+02      982.00
  0.26327E+00  0.61001E+02    0.15000E+00  0.15000E+00 -0.30000E+00  0.00000E+00  0.00000E+00  0.00000E+00    0.17456E+02  0.17986E+02 -0.35442E+02 -0.26760E+01  0.21243E+01  0.16928E+02      982.00
  0.28506E+00  0.61391E+02    0.16250E+00  0.16250E+00 -0.32500E+00  0.00000E+00  0.00000E+00  0.00000E+00    0.17554E+02  0.18088E+02 -0.35642E+02 -0.26399E+01  0.20891E+01  0.17092E+02      982.00
  0.30683E+00  0.61766E+02    0.17500E+00  0.17500E+00 -0.35000E+00  0.00000E+00  0.00000E+00  0.00000E+00    0.17650E+02  0.18184E+02 -0.35833E+02 -0.25980E+01  0.20490E+01  0.17252E+02      982.00
  0.32859E+00  0.62100E+02    0.18750E+00  0.18750E+00 -0.37500E+00  0.00000E+00  0.00000E+00  0.00000E+00    0.17742E+02  0.18270E+02 -0.36012E+02 -0.25685E+01  0.20226E+01  0.17379E+02      982.00
  0.35033E+00  0.62407E+02    0.20000E+00  0.20000E+00 -0.40000E+00  0.00000E+00  0.00000E+00  0.00000E+00    0.17831E+02  0.18349E+02 -0.36180E+02 -0.25415E+01  0.19996E+01  0.17491E+02      982.00
  0.37208E+00  0.62689E+02    0.21250E+00  0.21250E+00 -0.42500E+00  0.00000E+00  0.00000E+00  0.00000E+00    0.17917E+02  0.18421E+02 -0.36338E+02 -0.25165E+01  0.19791E+01  0.17588E+02      982.00
  0.39381E+00  0.62948E+02    0.22500E+00  0.22500E+00 -0.45000E+00  0.00000E+00  0.00000E+00  0.00000E+00    0.17999E+02  0.18486E+02 -0.36485E+02 -0.24930E+01  0.19606E+01  0.17672E+02      982.00
  0.41555E+00  0.63203E+02    0.23750E+00  0.23750E+00 -0.47500E+00  0.00000E+00  0.00000E+00  0.00000E+00    0.18083E+02  0.18546E+02 -0.36629E+02 -0.24614E+01  0.19357E+01  0.17761E+02      982.00
  0.43728E+00  0.63416E+02    0.25000E+00  0.25000E+00 -0.50000E+00  0.00000E+00  0.00000E+00  0.00000E+00    0.18159E+02  0.18597E+02 -0.36755E+02 -0.24398E+01  0.19198E+01  0.17822E+02      982.00
  0.45902E+00  0.63611E+02    0.26250E+00  0.26250E+00 -0.52500E+00  0.00000E+00  0.00000E+00  0.00000E+00    0.18231E+02  0.18642E+02 -0.36873E+02 -0.24204E+01  0.19061E+01  0.17875E+02      982.00
  0.48075E+00  0.63789E+02    0.27500E+00  0.27500E+00 -0.55000E+00  0.00000E+00  0.00000E+00  0.00000E+00    0.18300E+02  0.18683E+02 -0.36983E+02 -0.24021E+01  0.18933E+01  0.17921E+02      982.00
  0.50249E+00  0.63932E+02    0.28750E+00  0.28750E+00 -0.57500E+00  0.00000E+00  0.00000E+00  0.00000E+00    0.18358E+02  0.18713E+02 -0.37071E+02 -0.23888E+01  0.18845E+01  0.17956E+02      982.00
  0.52424E+00  0.64084E+02    0.30000E+00  0.30000E+00 -0.60000E+00  0.00000E+00  0.00000E+00  0.00000E+00    0.18422E+02  0.18745E+02 -0.37168E+02 -0.23725E+01  0.18734E+01  0.17991E+02      982.00
  0.54599E+00  0.64223E+02    0.31250E+00  0.31250E+00 -0.62500E+00  0.00000E+00  0.00000E+00  0.00000E+00    0.18483E+02  0.18773E+02 -0.37257E+02 -0.23564E+01  0.18624E+01  0.18022E+02      982.00
  0.56774E+00  0.64351E+02    0.32500E+00  0.32500E+00 -0.65000E+00  0.00000E+00  0.00000E+00  0.00000E+00    0.18542E+02  0.18798E+02 -0.37340E+02 -0.23411E+01  0.18519E+01  0.18048E+02      982.00
  0.58950E+00  0.64469E+02    0.33750E+00  0.33750E+00 -0.67500E+00  0.00000E+00  0.00000E+00  0.00000E+00    0.18598E+02  0.18819E+02 -0.37417E+02 -0.23265E+01  0.18420E+01  0.18071E+02      982.00
  0.61127E+00  0.64577E+02    0.35000E+00  0.35000E+00 -0.70000E+00  0.00000E+00  0.00000E+00  0.00000E+00    0.18652E+02  0.18837E+02 -0.37489E+02 -0.23127E+01  0.18325E+01  0.18091E+02      982.00
  0.63304E+00  0.64697E+02    0.36250E+00  0.36250E+00 -0.72500E+00  0.00000E+00  0.00000E+00  0.00000E+00    0.18720E+02  0.18848E+02 -0.37568E+02 -0.22909E+01  0.18175E+01  0.18116E+02      982.00
  0.65481E+00  0.64770E+02    0.37500E+00  0.37500E+00 -0.75000E+00  0.00000E+00  0.00000E+00  0.00000E+00    0.18755E+02  0.18863E+02 -0.37618E+02 -0.22860E+01  0.18144E+01  0.18125E+02      982.00
  0.67659E+00  0.64870E+02    0.38750E+00  0.38750E+00 -0.77500E+00  0.00000E+00  0.00000E+00  0.00000E+00    0.18817E+02  0.18869E+02 -0.37686E+02 -0.22673E+01  0.18011E+01  0.18143E+02      982.00
  0.69838E+00  0.64935E+02    0.40000E+00  0.40000E+00 -0.80000E+00  0.00000E+00  0.00000E+00  0.00000E+00    0.18850E+02  0.18881E+02 -0.37731E+02 -0.22633E+01  0.17984E+01  0.18151E+02      982.00
  0.72017E+00  0.65020E+02    0.41250E+00  0.41250E+00 -0.82500E+00  0.00000E+00  0.00000E+00  0.00000E+00    0.18908E+02  0.18881E+02 -0.37789E+02 -0.22467E+01  0.17862E+01  0.18165E+02      982.00
  0.74196E+00  0.65087E+02    0.42500E+00  0.42500E+00 -0.85000E+00  0.00000E+00  0.00000E+00  0.00000E+00    0.18952E+02  0.18883E+02 -0.37835E+02 -0.22356E+01  0.17785E+01  0.18175E+02      982.00
  0.76376E+00  0.65149E+02    0.43750E+00  0.43750E+00 -0.87500E+00  0.00000E+00  0.00000E+00  0.00000E+00    0.18994E+02  0.18884E+02 -0.37878E+02 -0.22265E+01  0.17719E+01  0.18183E+02      982.00
  0.78556E+00  0.65189E+02    0.45000E+00  0.45000E+00 -0.90000E+00  0.00000E+00  0.00000E+00  0.00000E+00    0.19024E+02  0.18882E+02 -0.37906E+02 -0.22225E+01  0.17693E+01  0.18189E+02      982.00
  0.80737E+00  0.65248E+02    0.46250E+00  0.46250E+00 -0.92500E+00  0.00000E+00  0.00000E+00  0.00000E+00    0.19064E+02  0.18883E+02 -0.37947E+02 -0.22157E+01  0.17639E+01  0.18196E+02      982.00
  0.82918E+00  0.65299E+02    0.47500E+00  0.47500E+00 -0.95000E+00  0.00000E+00  0.00000E+00  0.00000E+00    0.19102E+02  0.18880E+02 -0.37983E+02 -0.22086E+01  0.17582E+01  0.18202E+02      982.00
  0.85099E+00  0.65348E+02    0.48750E+00  0.48750E+00 -0.97500E+00  0.00000E+00  0.00000E+00  0.00000E+00    0.19140E+02  0.18877E+02 -0.38017E+02 -0.22020E+01  0.17527E+01  0.18208E+02      982.00
  0.87280E+00  0.65366E+02    0.50000E+00  0.50000E+00 -0.10000E+01  0.00000E+00  0.00000E+00  0.00000E+00    0.19169E+02  0.18865E+02 -0.38034E+02 -0.21834E+01  0.17414E+01  0.18206E+02      982.00
