          Evm          Svm            E11          E22          E33          E23          E13          E12         SDEV11       SDEV22       SDEV33       SDEV23       SDEV13       SDEV12      TEMP
  0.00000E+00  0.64272E+02    0.00000E+00  0.00000E+00  0.00000E+00  0.00000E+00  0.00000E+00  0.00000E+00    0.20869E+02  0.21121E+02 -0.41990E+02 -0.21715E+01  0.11624E+01  0.69653E+01      982.00
  0.24499E-01  0.64412E+02    0.12500E-01  0.12500E-01 -0.25000E-01  0.00000E+00  0.00000E+00  0.00000E+00    0.20014E+02  0.22023E+02 -0.42037E+02 -0.19992E+01  0.10190E+01  0.71826E+01      982.00
  0.48973E-01  0.64524E+02    0.25000E-01  0.25000E-01 -0.50000E-01  0.00000E+00  0.00000E+00  0.00000E+00    0.19347E+02  0.22710E+02 -0.42058E+02 -0.19974E+01  0.85365E+00  0.73212E+01      982.00
  0.73416E-01  0.64631E+02    0.37500E-01  0.37500E-01 -0.75000E-01  0.00000E+00  0.00000E+00  0.00000E+00    0.18824E+02  0.23246E+02 -0.42070E+02 -0.20776E+01  0.70409E+00  0.74338E+01      982.00
  0.97826E-01  0.64750E+02    0.50000E-01  0.50000E-01 -0.10000E+00  0.00000E+00  0.00000E+00  0.00000E+00    0.18415E+02  0.23672E+02 -0.42088E+02 -0.21929E+01  0.58357E+00  0.75468E+01      982.00
  0.12220E+00  0.64893E+02    0.62500E-01  0.62500E-01 -0.12500E+00  0.00000E+00  0.00000E+00  0.00000E+00    0.18090E+02  0.24028E+02 -0.42118E+02 -0.23175E+01  0.49449E+00  0.76695E+01      982.00
  0.14654E+00  0.65069E+02    0.75000E-01  0.75000E-01 -0.15000E+00  0.00000E+00  0.00000E+00  0.00000E+00    0.17851E+02  0.24318E+02 -0.42169E+02 -0.24446E+01  0.43027E+00  0.78131E+01      982.00
  0.17084E+00  0.65269E+02    0.87500E-01  0.87500E-01 -0.17500E+00  0.00000E+00  0.00000E+00  0.00000E+00    0.17658E+02  0.24577E+02 -0.42235E+02 -0.25623E+01  0.39047E+00  0.79677E+01      982.00
  0.19511E+00  0.65502E+02    0.10000E+00  0.10000E+00 -0.20000E+00  0.00000E+00  0.00000E+00  0.00000E+00    0.17517E+02  0.24805E+02 -0.42321E+02 -0.26747E+01  0.36863E+00  0.81416E+01      982.00
  0.21934E+00  0.65749E+02    0.11250E+00  0.11250E+00 -0.22500E+00  0.00000E+00  0.00000E+00  0.00000E+00    0.17403E+02  0.25015E+02 -0.42417E+02 -0.27749E+01  0.36325E+00  0.83205E+01      982.00
  0.24353E+00  0.66018E+02    0.12500E+00  0.12500E+00 -0.25000E+00  0.00000E+00  0.00000E+00  0.00000E+00    0.17326E+02  0.25202E+02 -0.42528E+02 -0.28696E+01  0.37050E+00  0.85119E+01      982.00
  0.26769E+00  0.66286E+02    0.13750E+00  0.13750E+00 -0.27500E+00  0.00000E+00  0.00000E+00  0.00000E+00    0.17266E+02  0.25373E+02 -0.42639E+02 -0.29503E+01  0.38822E+00  0.87026E+01      982.00
  0.29181E+00  0.66559E+02    0.15000E+00  0.15000E+00 -0.30000E+00  0.00000E+00  0.00000E+00  0.00000E+00    0.17227E+02  0.25528E+02 -0.42755E+02 -0.30216E+01  0.41477E+00  0.88995E+01      982.00
  0.31590E+00  0.66841E+02    0.16250E+00  0.16250E+00 -0.32500E+00  0.00000E+00  0.00000E+00  0.00000E+00    0.17209E+02  0.25667E+02 -0.42876E+02 -0.30853E+01  0.45001E+00  0.91048E+01      982.00
  0.33995E+00  0.67129E+02    0.17500E+00  0.17500E+00 -0.35000E+00  0.00000E+00  0.00000E+00  0.00000E+00    0.17209E+02  0.25790E+02 -0.43000E+02 -0.31407E+01  0.49375E+00  0.93188E+01      982.00
  0.36397E+00  0.67373E+02    0.18750E+00  0.18750E+00 -0.37500E+00  0.00000E+00  0.00000E+00  0.00000E+00    0.17230E+02  0.25877E+02 -0.43107E+02 -0.31833E+01  0.54274E+00  0.95025E+01      982.00
  0.38797E+00  0.67601E+02    0.20000E+00  0.20000E+00 -0.40000E+00  0.00000E+00  0.00000E+00  0.00000E+00    0.17263E+02  0.25943E+02 -0.43206E+02 -0.32156E+01  0.59626E+00  0.96803E+01      982.00
  0.41193E+00  0.67782E+02    0.21250E+00  0.21250E+00 -0.42500E+00  0.00000E+00  0.00000E+00  0.00000E+00    0.17305E+02  0.25979E+02 -0.43284E+02 -0.32324E+01  0.64874E+00  0.98327E+01      982.00
  0.43588E+00  0.67976E+02    0.22500E+00  0.22500E+00 -0.45000E+00  0.00000E+00  0.00000E+00  0.00000E+00    0.17353E+02  0.26016E+02 -0.43369E+02 -0.32545E+01  0.70724E+00  0.99870E+01      982.00
  0.45981E+00  0.68154E+02    0.23750E+00  0.23750E+00 -0.47500E+00  0.00000E+00  0.00000E+00  0.00000E+00    0.17407E+02  0.26037E+02 -0.43444E+02 -0.32575E+01  0.76851E+00  0.10147E+02      982.00
  0.48371E+00  0.68316E+02    0.25000E+00  0.25000E+00 -0.50000E+00  0.00000E+00  0.00000E+00  0.00000E+00    0.17470E+02  0.26042E+02 -0.43512E+02 -0.32527E+01  0.83104E+00  0.10299E+02      982.00
  0.50759E+00  0.68462E+02    0.26250E+00  0.26250E+00 -0.52500E+00  0.00000E+00  0.00000E+00  0.00000E+00    0.17538E+02  0.26034E+02 -0.43572E+02 -0.32409E+01  0.89379E+00  0.10444E+02      982.00
  0.53146E+00  0.68593E+02    0.27500E+00  0.27500E+00 -0.55000E+00  0.00000E+00  0.00000E+00  0.00000E+00    0.17611E+02  0.26016E+02 -0.43626E+02 -0.32231E+01  0.95597E+00  0.10580E+02      982.00
  0.55531E+00  0.68711E+02    0.28750E+00  0.28750E+00 -0.57500E+00  0.00000E+00  0.00000E+00  0.00000E+00    0.17686E+02  0.25988E+02 -0.43674E+02 -0.32008E+01  0.10169E+01  0.10707E+02      982.00
  0.57915E+00  0.68817E+02    0.30000E+00  0.30000E+00 -0.60000E+00  0.00000E+00  0.00000E+00  0.00000E+00    0.17764E+02  0.25954E+02 -0.43718E+02 -0.31749E+01  0.10760E+01  0.10825E+02      982.00
  0.60297E+00  0.68910E+02    0.31250E+00  0.31250E+00 -0.62500E+00  0.00000E+00  0.00000E+00  0.00000E+00    0.17852E+02  0.25904E+02 -0.43756E+02 -0.31412E+01  0.11329E+01  0.10934E+02      982.00
  0.62678E+00  0.68997E+02    0.32500E+00  0.32500E+00 -0.65000E+00  0.00000E+00  0.00000E+00  0.00000E+00    0.17931E+02  0.25861E+02 -0.43792E+02 -0.31114E+01  0.11876E+01  0.11036E+02      982.00
  0.65058E+00  0.69072E+02    0.33750E+00  0.33750E+00 -0.67500E+00  0.00000E+00  0.00000E+00  0.00000E+00    0.18007E+02  0.25814E+02 -0.43821E+02 -0.30829E+01  0.12364E+01  0.11127E+02      982.00
  0.67437E+00  0.69144E+02    0.35000E+00  0.35000E+00 -0.70000E+00  0.00000E+00  0.00000E+00  0.00000E+00    0.18082E+02  0.25769E+02 -0.43851E+02 -0.30518E+01  0.12857E+01  0.11213E+02      982.00
  0.69816E+00  0.69210E+02    0.36250E+00  0.36250E+00 -0.72500E+00  0.00000E+00  0.00000E+00  0.00000E+00    0.18155E+02  0.25722E+02 -0.43878E+02 -0.30207E+01  0.13325E+01  0.11292E+02      982.00
  0.72193E+00  0.69264E+02    0.37500E+00  0.37500E+00 -0.75000E+00  0.00000E+00  0.00000E+00  0.00000E+00    0.18238E+02  0.25665E+02 -0.43902E+02 -0.29827E+01  0.13787E+01  0.11359E+02      982.00
  0.74570E+00  0.69320E+02    0.38750E+00  0.38750E+00 -0.77500E+00  0.00000E+00  0.00000E+00  0.00000E+00    0.18305E+02  0.25620E+02 -0.43926E+02 -0.29528E+01  0.14209E+01  0.11425E+02      982.00
  0.76946E+00  0.69371E+02    0.40000E+00  0.40000E+00 -0.80000E+00  0.00000E+00  0.00000E+00  0.00000E+00    0.18370E+02  0.25578E+02 -0.43947E+02 -0.29236E+01  0.14605E+01  0.11485E+02      982.00
  0.79322E+00  0.69418E+02    0.41250E+00  0.41250E+00 -0.82500E+00  0.00000E+00  0.00000E+00  0.00000E+00    0.18431E+02  0.25536E+02 -0.43967E+02 -0.28954E+01  0.14978E+01  0.11540E+02      982.00
  0.81697E+00  0.69460E+02    0.42500E+00  0.42500E+00 -0.85000E+00  0.00000E+00  0.00000E+00  0.00000E+00    0.18489E+02  0.25497E+02 -0.43986E+02 -0.28681E+01  0.15331E+01  0.11589E+02      982.00
  0.84072E+00  0.69496E+02    0.43750E+00  0.43750E+00 -0.87500E+00  0.00000E+00  0.00000E+00  0.00000E+00    0.18555E+02  0.25448E+02 -0.44003E+02 -0.28318E+01  0.15743E+01  0.11634E+02      982.00
  0.86446E+00  0.69536E+02    0.45000E+00  0.45000E+00 -0.90000E+00  0.00000E+00  0.00000E+00  0.00000E+00    0.18596E+02  0.25423E+02 -0.44019E+02 -0.28159E+01  0.15987E+01  0.11676E+02      982.00
  0.88820E+00  0.69566E+02    0.46250E+00  0.46250E+00 -0.92500E+00  0.00000E+00  0.00000E+00  0.00000E+00    0.18654E+02  0.25380E+02 -0.44034E+02 -0.27824E+01  0.16358E+01  0.11711E+02      982.00
  0.91194E+00  0.69599E+02    0.47500E+00  0.47500E+00 -0.95000E+00  0.00000E+00  0.00000E+00  0.00000E+00    0.18691E+02  0.25357E+02 -0.44049E+02 -0.27683E+01  0.16572E+01  0.11746E+02      982.00
  0.93567E+00  0.69591E+02    0.48750E+00  0.48750E+00 -0.97500E+00  0.00000E+00  0.00000E+00  0.00000E+00    0.18722E+02  0.25317E+02 -0.44039E+02 -0.27354E+01  0.16766E+01  0.11770E+02      982.00
  0.95940E+00  0.69578E+02    0.50000E+00  0.50000E+00 -0.10000E+01  0.00000E+00  0.00000E+00  0.00000E+00    0.18751E+02  0.25278E+02 -0.44029E+02 -0.27059E+01  0.16955E+01  0.11787E+02      982.00
