          Evm          Svm            E11          E22          E33          E23          E13          E12         SDEV11       SDEV22       SDEV33       SDEV23       SDEV13       SDEV12      TEMP
  0.00000E+00  0.55888E+02    0.00000E+00  0.00000E+00  0.00000E+00  0.00000E+00  0.00000E+00  0.00000E+00    0.16704E+02  0.16028E+02 -0.32732E+02 -0.22050E+00  0.37496E+01  0.14945E+02      982.00
  0.21963E-01  0.55768E+02    0.12500E-01  0.12500E-01 -0.25000E-01  0.00000E+00  0.00000E+00  0.00000E+00    0.16956E+02  0.15742E+02 -0.32698E+02 -0.66252E+00  0.38379E+01  0.14809E+02      982.00
  0.43950E-01  0.55738E+02    0.25000E-01  0.25000E-01 -0.50000E-01  0.00000E+00  0.00000E+00  0.00000E+00    0.17148E+02  0.15555E+02 -0.32703E+02 -0.98643E+00  0.38417E+01  0.14734E+02      982.00
  0.65952E-01  0.55861E+02    0.37500E-01  0.37500E-01 -0.75000E-01  0.00000E+00  0.00000E+00  0.00000E+00    0.17311E+02  0.15461E+02 -0.32771E+02 -0.12394E+01  0.37964E+01  0.14760E+02      982.00
  0.87952E-01  0.56113E+02    0.50000E-01  0.50000E-01 -0.10000E+00  0.00000E+00  0.00000E+00  0.00000E+00    0.17468E+02  0.15436E+02 -0.32903E+02 -0.14422E+01  0.37202E+01  0.14854E+02      982.00
  0.10994E+00  0.56449E+02    0.62500E-01  0.62500E-01 -0.12500E+00  0.00000E+00  0.00000E+00  0.00000E+00    0.17607E+02  0.15458E+02 -0.33065E+02 -0.16124E+01  0.36326E+01  0.15009E+02      982.00
  0.13191E+00  0.56864E+02    0.75000E-01  0.75000E-01 -0.15000E+00  0.00000E+00  0.00000E+00  0.00000E+00    0.17751E+02  0.15513E+02 -0.33263E+02 -0.17577E+01  0.35388E+01  0.15203E+02      982.00
  0.15384E+00  0.57325E+02    0.87500E-01  0.87500E-01 -0.17500E+00  0.00000E+00  0.00000E+00  0.00000E+00    0.17891E+02  0.15592E+02 -0.33483E+02 -0.18829E+01  0.34442E+01  0.15421E+02      982.00
  0.17575E+00  0.57817E+02    0.10000E+00  0.10000E+00 -0.20000E+00  0.00000E+00  0.00000E+00  0.00000E+00    0.18027E+02  0.15690E+02 -0.33716E+02 -0.19923E+01  0.33526E+01  0.15656E+02      982.00
  0.19761E+00  0.58321E+02    0.11250E+00  0.11250E+00 -0.22500E+00  0.00000E+00  0.00000E+00  0.00000E+00    0.18155E+02  0.15801E+02 -0.33956E+02 -0.20882E+01  0.32649E+01  0.15895E+02      982.00
  0.21945E+00  0.58826E+02    0.12500E+00  0.12500E+00 -0.25000E+00  0.00000E+00  0.00000E+00  0.00000E+00    0.18274E+02  0.15922E+02 -0.34196E+02 -0.21728E+01  0.31815E+01  0.16132E+02      982.00
  0.24125E+00  0.59319E+02    0.13750E+00  0.13750E+00 -0.27500E+00  0.00000E+00  0.00000E+00  0.00000E+00    0.18383E+02  0.16050E+02 -0.34433E+02 -0.22475E+01  0.31021E+01  0.16360E+02      982.00
  0.26301E+00  0.59794E+02    0.15000E+00  0.15000E+00 -0.30000E+00  0.00000E+00  0.00000E+00  0.00000E+00    0.18481E+02  0.16182E+02 -0.34663E+02 -0.23136E+01  0.30260E+01  0.16576E+02      982.00
  0.28475E+00  0.60245E+02    0.16250E+00  0.16250E+00 -0.32500E+00  0.00000E+00  0.00000E+00  0.00000E+00    0.18568E+02  0.16317E+02 -0.34885E+02 -0.23720E+01  0.29529E+01  0.16777E+02      982.00
  0.30647E+00  0.60670E+02    0.17500E+00  0.17500E+00 -0.35000E+00  0.00000E+00  0.00000E+00  0.00000E+00    0.18645E+02  0.16452E+02 -0.35098E+02 -0.24231E+01  0.28825E+01  0.16962E+02      982.00
  0.32816E+00  0.61058E+02    0.18750E+00  0.18750E+00 -0.37500E+00  0.00000E+00  0.00000E+00  0.00000E+00    0.18706E+02  0.16589E+02 -0.35295E+02 -0.24702E+01  0.28065E+01  0.17125E+02      982.00
  0.34984E+00  0.61430E+02    0.20000E+00  0.20000E+00 -0.40000E+00  0.00000E+00  0.00000E+00  0.00000E+00    0.18764E+02  0.16724E+02 -0.35487E+02 -0.25080E+01  0.27419E+01  0.17279E+02      982.00
  0.37150E+00  0.61776E+02    0.21250E+00  0.21250E+00 -0.42500E+00  0.00000E+00  0.00000E+00  0.00000E+00    0.18814E+02  0.16855E+02 -0.35668E+02 -0.25391E+01  0.26804E+01  0.17416E+02      982.00
  0.39315E+00  0.62096E+02    0.22500E+00  0.22500E+00 -0.45000E+00  0.00000E+00  0.00000E+00  0.00000E+00    0.18857E+02  0.16982E+02 -0.35839E+02 -0.25639E+01  0.26220E+01  0.17539E+02      982.00
  0.41480E+00  0.62390E+02    0.23750E+00  0.23750E+00 -0.47500E+00  0.00000E+00  0.00000E+00  0.00000E+00    0.18895E+02  0.17106E+02 -0.36000E+02 -0.25825E+01  0.25663E+01  0.17647E+02      982.00
  0.43644E+00  0.62655E+02    0.25000E+00  0.25000E+00 -0.50000E+00  0.00000E+00  0.00000E+00  0.00000E+00    0.18920E+02  0.17229E+02 -0.36149E+02 -0.25980E+01  0.25064E+01  0.17741E+02      982.00
  0.45807E+00  0.62908E+02    0.26250E+00  0.26250E+00 -0.52500E+00  0.00000E+00  0.00000E+00  0.00000E+00    0.18949E+02  0.17343E+02 -0.36292E+02 -0.26058E+01  0.24581E+01  0.17827E+02      982.00
  0.47971E+00  0.63141E+02    0.27500E+00  0.27500E+00 -0.55000E+00  0.00000E+00  0.00000E+00  0.00000E+00    0.18976E+02  0.17452E+02 -0.36428E+02 -0.26084E+01  0.24135E+01  0.17902E+02      982.00
  0.50134E+00  0.63357E+02    0.28750E+00  0.28750E+00 -0.57500E+00  0.00000E+00  0.00000E+00  0.00000E+00    0.19000E+02  0.17555E+02 -0.36555E+02 -0.26066E+01  0.23719E+01  0.17968E+02      982.00
  0.52298E+00  0.63551E+02    0.30000E+00  0.30000E+00 -0.60000E+00  0.00000E+00  0.00000E+00  0.00000E+00    0.19015E+02  0.17658E+02 -0.36673E+02 -0.26015E+01  0.23253E+01  0.18026E+02      982.00
  0.54462E+00  0.63716E+02    0.31250E+00  0.31250E+00 -0.62500E+00  0.00000E+00  0.00000E+00  0.00000E+00    0.19034E+02  0.17743E+02 -0.36777E+02 -0.25915E+01  0.22908E+01  0.18068E+02      982.00
  0.56626E+00  0.63886E+02    0.32500E+00  0.32500E+00 -0.65000E+00  0.00000E+00  0.00000E+00  0.00000E+00    0.19056E+02  0.17828E+02 -0.36884E+02 -0.25797E+01  0.22582E+01  0.18111E+02      982.00
  0.58791E+00  0.64044E+02    0.33750E+00  0.33750E+00 -0.67500E+00  0.00000E+00  0.00000E+00  0.00000E+00    0.19077E+02  0.17909E+02 -0.36985E+02 -0.25659E+01  0.22276E+01  0.18149E+02      982.00
  0.60957E+00  0.64180E+02    0.35000E+00  0.35000E+00 -0.70000E+00  0.00000E+00  0.00000E+00  0.00000E+00    0.19087E+02  0.17986E+02 -0.37072E+02 -0.25488E+01  0.21919E+01  0.18184E+02      982.00
  0.63123E+00  0.64315E+02    0.36250E+00  0.36250E+00 -0.72500E+00  0.00000E+00  0.00000E+00  0.00000E+00    0.19107E+02  0.18055E+02 -0.37162E+02 -0.25318E+01  0.21647E+01  0.18212E+02      982.00
  0.65290E+00  0.64440E+02    0.37500E+00  0.37500E+00 -0.75000E+00  0.00000E+00  0.00000E+00  0.00000E+00    0.19127E+02  0.18119E+02 -0.37246E+02 -0.25135E+01  0.21399E+01  0.18235E+02      982.00
  0.67457E+00  0.64554E+02    0.38750E+00  0.38750E+00 -0.77500E+00  0.00000E+00  0.00000E+00  0.00000E+00    0.19148E+02  0.18178E+02 -0.37325E+02 -0.24945E+01  0.21167E+01  0.18255E+02      982.00
  0.69626E+00  0.64660E+02    0.40000E+00  0.40000E+00 -0.80000E+00  0.00000E+00  0.00000E+00  0.00000E+00    0.19168E+02  0.18232E+02 -0.37400E+02 -0.24753E+01  0.20947E+01  0.18272E+02      982.00
  0.71795E+00  0.64762E+02    0.41250E+00  0.41250E+00 -0.82500E+00  0.00000E+00  0.00000E+00  0.00000E+00    0.19184E+02  0.18287E+02 -0.37471E+02 -0.24496E+01  0.20652E+01  0.18290E+02      982.00
  0.73964E+00  0.64850E+02    0.42500E+00  0.42500E+00 -0.85000E+00  0.00000E+00  0.00000E+00  0.00000E+00    0.19208E+02  0.18327E+02 -0.37535E+02 -0.24368E+01  0.20531E+01  0.18298E+02      982.00
  0.76135E+00  0.64935E+02    0.43750E+00  0.43750E+00 -0.87500E+00  0.00000E+00  0.00000E+00  0.00000E+00    0.19225E+02  0.18372E+02 -0.37597E+02 -0.24115E+01  0.20273E+01  0.18310E+02      982.00
  0.78306E+00  0.65013E+02    0.45000E+00  0.45000E+00 -0.90000E+00  0.00000E+00  0.00000E+00  0.00000E+00    0.19246E+02  0.18409E+02 -0.37655E+02 -0.23923E+01  0.20084E+01  0.18318E+02      982.00
  0.80478E+00  0.65085E+02    0.46250E+00  0.46250E+00 -0.92500E+00  0.00000E+00  0.00000E+00  0.00000E+00    0.19267E+02  0.18441E+02 -0.37709E+02 -0.23745E+01  0.19914E+01  0.18324E+02      982.00
  0.82651E+00  0.65152E+02    0.47500E+00  0.47500E+00 -0.95000E+00  0.00000E+00  0.00000E+00  0.00000E+00    0.19289E+02  0.18471E+02 -0.37759E+02 -0.23574E+01  0.19754E+01  0.18329E+02      982.00
  0.84824E+00  0.65214E+02    0.48750E+00  0.48750E+00 -0.97500E+00  0.00000E+00  0.00000E+00  0.00000E+00    0.19310E+02  0.18497E+02 -0.37807E+02 -0.23410E+01  0.19602E+01  0.18333E+02      982.00
  0.86998E+00  0.65272E+02    0.50000E+00  0.50000E+00 -0.10000E+01  0.00000E+00  0.00000E+00  0.00000E+00    0.19331E+02  0.18521E+02 -0.37852E+02 -0.23255E+01  0.19456E+01  0.18336E+02      982.00
