          Evm          Svm            E11          E22          E33          E23          E13          E12         SDEV11       SDEV22       SDEV33       SDEV23       SDEV13       SDEV12      TEMP
  0.00000E+00  0.66265E+02    0.00000E+00  0.00000E+00  0.00000E+00  0.00000E+00  0.00000E+00  0.00000E+00    0.21287E+02  0.21943E+02 -0.43230E+02 -0.29351E+01 -0.21717E+01 -0.69723E+01      982.00
  0.24464E-01  0.65978E+02    0.12500E-01  0.12500E-01 -0.25000E-01  0.00000E+00  0.00000E+00  0.00000E+00    0.21377E+02  0.21734E+02 -0.43112E+02 -0.28112E+01 -0.22068E+01 -0.66534E+01      982.00
  0.48968E-01  0.65758E+02    0.25000E-01  0.25000E-01 -0.50000E-01  0.00000E+00  0.00000E+00  0.00000E+00    0.21442E+02  0.21601E+02 -0.43043E+02 -0.27121E+01 -0.22598E+01 -0.62778E+01      982.00
  0.73514E-01  0.65626E+02    0.37500E-01  0.37500E-01 -0.75000E-01  0.00000E+00  0.00000E+00  0.00000E+00    0.21521E+02  0.21499E+02 -0.43020E+02 -0.26502E+01 -0.23767E+01 -0.59065E+01      982.00
  0.98096E-01  0.65584E+02    0.50000E-01  0.50000E-01 -0.10000E+00  0.00000E+00  0.00000E+00  0.00000E+00    0.21601E+02  0.21435E+02 -0.43036E+02 -0.26364E+01 -0.25373E+01 -0.55970E+01      982.00
  0.12270E+00  0.65609E+02    0.62500E-01  0.62500E-01 -0.12500E+00  0.00000E+00  0.00000E+00  0.00000E+00    0.21677E+02  0.21398E+02 -0.43075E+02 -0.26569E+01 -0.27126E+01 -0.53689E+01      982.00
  0.14732E+00  0.65692E+02    0.75000E-01  0.75000E-01 -0.15000E+00  0.00000E+00  0.00000E+00  0.00000E+00    0.21762E+02  0.21375E+02 -0.43137E+02 -0.26942E+01 -0.28851E+01 -0.52181E+01      982.00
  0.17195E+00  0.65815E+02    0.87500E-01  0.87500E-01 -0.17500E+00  0.00000E+00  0.00000E+00  0.00000E+00    0.21844E+02  0.21371E+02 -0.43215E+02 -0.27429E+01 -0.30385E+01 -0.51391E+01      982.00
  0.19657E+00  0.65970E+02    0.10000E+00  0.10000E+00 -0.20000E+00  0.00000E+00  0.00000E+00  0.00000E+00    0.21938E+02  0.21369E+02 -0.43307E+02 -0.27912E+01 -0.31737E+01 -0.51109E+01      982.00
  0.22119E+00  0.66155E+02    0.11250E+00  0.11250E+00 -0.22500E+00  0.00000E+00  0.00000E+00  0.00000E+00    0.22038E+02  0.21375E+02 -0.43413E+02 -0.28412E+01 -0.32890E+01 -0.51293E+01      982.00
  0.24580E+00  0.66353E+02    0.12500E+00  0.12500E+00 -0.25000E+00  0.00000E+00  0.00000E+00  0.00000E+00    0.22153E+02  0.21373E+02 -0.43525E+02 -0.28851E+01 -0.33878E+01 -0.51731E+01      982.00
  0.27040E+00  0.66571E+02    0.13750E+00  0.13750E+00 -0.27500E+00  0.00000E+00  0.00000E+00  0.00000E+00    0.22274E+02  0.21375E+02 -0.43649E+02 -0.29283E+01 -0.34722E+01 -0.52406E+01      982.00
  0.29498E+00  0.66798E+02    0.15000E+00  0.15000E+00 -0.30000E+00  0.00000E+00  0.00000E+00  0.00000E+00    0.22405E+02  0.21373E+02 -0.43778E+02 -0.29683E+01 -0.35452E+01 -0.53199E+01      982.00
  0.31956E+00  0.67023E+02    0.16250E+00  0.16250E+00 -0.32500E+00  0.00000E+00  0.00000E+00  0.00000E+00    0.22544E+02  0.21362E+02 -0.43906E+02 -0.30044E+01 -0.36087E+01 -0.54036E+01      982.00
  0.34413E+00  0.67244E+02    0.17500E+00  0.17500E+00 -0.35000E+00  0.00000E+00  0.00000E+00  0.00000E+00    0.22689E+02  0.21342E+02 -0.44031E+02 -0.30375E+01 -0.36648E+01 -0.54878E+01      982.00
  0.36868E+00  0.67456E+02    0.18750E+00  0.18750E+00 -0.37500E+00  0.00000E+00  0.00000E+00  0.00000E+00    0.22839E+02  0.21312E+02 -0.44151E+02 -0.30679E+01 -0.37152E+01 -0.55690E+01      982.00
  0.39322E+00  0.67657E+02    0.20000E+00  0.20000E+00 -0.40000E+00  0.00000E+00  0.00000E+00  0.00000E+00    0.22993E+02  0.21271E+02 -0.44264E+02 -0.30960E+01 -0.37611E+01 -0.56453E+01      982.00
  0.41776E+00  0.67844E+02    0.21250E+00  0.21250E+00 -0.42500E+00  0.00000E+00  0.00000E+00  0.00000E+00    0.23151E+02  0.21218E+02 -0.44369E+02 -0.31223E+01 -0.38035E+01 -0.57152E+01      982.00
  0.44228E+00  0.68018E+02    0.22500E+00  0.22500E+00 -0.45000E+00  0.00000E+00  0.00000E+00  0.00000E+00    0.23309E+02  0.21158E+02 -0.44467E+02 -0.31468E+01 -0.38420E+01 -0.57782E+01      982.00
  0.46680E+00  0.68177E+02    0.23750E+00  0.23750E+00 -0.47500E+00  0.00000E+00  0.00000E+00  0.00000E+00    0.23471E+02  0.21083E+02 -0.44554E+02 -0.31704E+01 -0.38794E+01 -0.58339E+01      982.00
  0.49131E+00  0.68321E+02    0.25000E+00  0.25000E+00 -0.50000E+00  0.00000E+00  0.00000E+00  0.00000E+00    0.23635E+02  0.20998E+02 -0.44633E+02 -0.31927E+01 -0.39150E+01 -0.58820E+01      982.00
  0.51580E+00  0.68452E+02    0.26250E+00  0.26250E+00 -0.52500E+00  0.00000E+00  0.00000E+00  0.00000E+00    0.23801E+02  0.20902E+02 -0.44703E+02 -0.32139E+01 -0.39489E+01 -0.59225E+01      982.00
  0.54029E+00  0.68570E+02    0.27500E+00  0.27500E+00 -0.55000E+00  0.00000E+00  0.00000E+00  0.00000E+00    0.23969E+02  0.20797E+02 -0.44766E+02 -0.32339E+01 -0.39815E+01 -0.59556E+01      982.00
  0.56478E+00  0.68676E+02    0.28750E+00  0.28750E+00 -0.57500E+00  0.00000E+00  0.00000E+00  0.00000E+00    0.24138E+02  0.20684E+02 -0.44821E+02 -0.32528E+01 -0.40127E+01 -0.59817E+01      982.00
  0.58925E+00  0.68772E+02    0.30000E+00  0.30000E+00 -0.60000E+00  0.00000E+00  0.00000E+00  0.00000E+00    0.24307E+02  0.20562E+02 -0.44870E+02 -0.32707E+01 -0.40427E+01 -0.60012E+01      982.00
  0.61372E+00  0.68858E+02    0.31250E+00  0.31250E+00 -0.62500E+00  0.00000E+00  0.00000E+00  0.00000E+00    0.24478E+02  0.20433E+02 -0.44912E+02 -0.32874E+01 -0.40714E+01 -0.60143E+01      982.00
  0.63817E+00  0.68935E+02    0.32500E+00  0.32500E+00 -0.65000E+00  0.00000E+00  0.00000E+00  0.00000E+00    0.24650E+02  0.20299E+02 -0.44949E+02 -0.33026E+01 -0.40987E+01 -0.60212E+01      982.00
  0.66263E+00  0.69005E+02    0.33750E+00  0.33750E+00 -0.67500E+00  0.00000E+00  0.00000E+00  0.00000E+00    0.24822E+02  0.20159E+02 -0.44981E+02 -0.33171E+01 -0.41251E+01 -0.60228E+01      982.00
  0.68707E+00  0.69067E+02    0.35000E+00  0.35000E+00 -0.70000E+00  0.00000E+00  0.00000E+00  0.00000E+00    0.24995E+02  0.20014E+02 -0.45009E+02 -0.33306E+01 -0.41501E+01 -0.60191E+01      982.00
  0.71151E+00  0.69124E+02    0.36250E+00  0.36250E+00 -0.72500E+00  0.00000E+00  0.00000E+00  0.00000E+00    0.25167E+02  0.19866E+02 -0.45033E+02 -0.33430E+01 -0.41739E+01 -0.60105E+01      982.00
  0.73594E+00  0.69175E+02    0.37500E+00  0.37500E+00 -0.75000E+00  0.00000E+00  0.00000E+00  0.00000E+00    0.25339E+02  0.19714E+02 -0.45053E+02 -0.33543E+01 -0.41964E+01 -0.59973E+01      982.00
  0.76036E+00  0.69222E+02    0.38750E+00  0.38750E+00 -0.77500E+00  0.00000E+00  0.00000E+00  0.00000E+00    0.25510E+02  0.19561E+02 -0.45070E+02 -0.33646E+01 -0.42176E+01 -0.59799E+01      982.00
  0.78478E+00  0.69264E+02    0.40000E+00  0.40000E+00 -0.80000E+00  0.00000E+00  0.00000E+00  0.00000E+00    0.25679E+02  0.19406E+02 -0.45085E+02 -0.33739E+01 -0.42376E+01 -0.59584E+01      982.00
  0.80919E+00  0.69303E+02    0.41250E+00  0.41250E+00 -0.82500E+00  0.00000E+00  0.00000E+00  0.00000E+00    0.25848E+02  0.19249E+02 -0.45097E+02 -0.33823E+01 -0.42562E+01 -0.59333E+01      982.00
  0.83359E+00  0.69339E+02    0.42500E+00  0.42500E+00 -0.85000E+00  0.00000E+00  0.00000E+00  0.00000E+00    0.26015E+02  0.19093E+02 -0.45108E+02 -0.33898E+01 -0.42735E+01 -0.59047E+01      982.00
  0.85799E+00  0.69372E+02    0.43750E+00  0.43750E+00 -0.87500E+00  0.00000E+00  0.00000E+00  0.00000E+00    0.26180E+02  0.18937E+02 -0.45117E+02 -0.33965E+01 -0.42895E+01 -0.58729E+01      982.00
  0.88237E+00  0.69403E+02    0.45000E+00  0.45000E+00 -0.90000E+00  0.00000E+00  0.00000E+00  0.00000E+00    0.26342E+02  0.18782E+02 -0.45124E+02 -0.34025E+01 -0.43041E+01 -0.58382E+01      982.00
  0.90676E+00  0.69378E+02    0.46250E+00  0.46250E+00 -0.92500E+00  0.00000E+00  0.00000E+00  0.00000E+00    0.26462E+02  0.18638E+02 -0.45100E+02 -0.33921E+01 -0.43054E+01 -0.57960E+01      982.00
  0.93113E+00  0.69351E+02    0.47500E+00  0.47500E+00 -0.95000E+00  0.00000E+00  0.00000E+00  0.00000E+00    0.26585E+02  0.18489E+02 -0.45074E+02 -0.33868E+01 -0.43007E+01 -0.57509E+01      982.00
  0.95551E+00  0.69324E+02    0.48750E+00  0.48750E+00 -0.97500E+00  0.00000E+00  0.00000E+00  0.00000E+00    0.26715E+02  0.18333E+02 -0.45048E+02 -0.33823E+01 -0.42924E+01 -0.57022E+01      982.00
  0.97987E+00  0.69302E+02    0.50000E+00  0.50000E+00 -0.10000E+01  0.00000E+00  0.00000E+00  0.00000E+00    0.26835E+02  0.18191E+02 -0.45026E+02 -0.33769E+01 -0.42863E+01 -0.56547E+01      982.00
