          Evm          Svm            E11          E22          E33          E23          E13          E12         SDEV11       SDEV22       SDEV33       SDEV23       SDEV13       SDEV12      TEMP
  0.00000E+00  0.57815E+02    0.00000E+00  0.00000E+00  0.00000E+00  0.00000E+00  0.00000E+00  0.00000E+00    0.20669E+02  0.14626E+02 -0.35295E+02  0.56803E+01  0.61834E+01 -0.10013E+02      982.00
  0.22893E-01  0.58040E+02    0.12500E-01  0.12500E-01 -0.25000E-01  0.00000E+00  0.00000E+00  0.00000E+00    0.20524E+02  0.14980E+02 -0.35504E+02  0.55446E+01  0.63439E+01 -0.99412E+01      982.00
  0.45832E-01  0.58274E+02    0.25000E-01  0.25000E-01 -0.50000E-01  0.00000E+00  0.00000E+00  0.00000E+00    0.20445E+02  0.15268E+02 -0.35714E+02  0.54192E+01  0.64596E+01 -0.98771E+01      982.00
  0.68814E-01  0.58529E+02    0.37500E-01  0.37500E-01 -0.75000E-01  0.00000E+00  0.00000E+00  0.00000E+00    0.20417E+02  0.15514E+02 -0.35930E+02  0.53135E+01  0.65386E+01 -0.98308E+01      982.00
  0.91835E-01  0.58824E+02    0.50000E-01  0.50000E-01 -0.10000E+00  0.00000E+00  0.00000E+00  0.00000E+00    0.20447E+02  0.15721E+02 -0.36169E+02  0.52243E+01  0.65801E+01 -0.98030E+01      982.00
  0.11489E+00  0.59133E+02    0.62500E-01  0.62500E-01 -0.12500E+00  0.00000E+00  0.00000E+00  0.00000E+00    0.20514E+02  0.15898E+02 -0.36412E+02  0.51429E+01  0.65946E+01 -0.97941E+01      982.00
  0.13798E+00  0.59476E+02    0.75000E-01  0.75000E-01 -0.15000E+00  0.00000E+00  0.00000E+00  0.00000E+00    0.20623E+02  0.16050E+02 -0.36673E+02  0.50739E+01  0.65835E+01 -0.98045E+01      982.00
  0.16111E+00  0.59855E+02    0.87500E-01  0.87500E-01 -0.17500E+00  0.00000E+00  0.00000E+00  0.00000E+00    0.20764E+02  0.16189E+02 -0.36954E+02  0.50146E+01  0.65554E+01 -0.98323E+01      982.00
  0.18426E+00  0.60251E+02    0.10000E+00  0.10000E+00 -0.20000E+00  0.00000E+00  0.00000E+00  0.00000E+00    0.20929E+02  0.16314E+02 -0.37243E+02  0.49605E+01  0.65131E+01 -0.98720E+01      982.00
  0.20744E+00  0.60677E+02    0.11250E+00  0.11250E+00 -0.22500E+00  0.00000E+00  0.00000E+00  0.00000E+00    0.21109E+02  0.16441E+02 -0.37550E+02  0.49162E+01  0.64591E+01 -0.99197E+01      982.00
  0.23065E+00  0.61112E+02    0.12500E+00  0.12500E+00 -0.25000E+00  0.00000E+00  0.00000E+00  0.00000E+00    0.21303E+02  0.16558E+02 -0.37861E+02  0.48759E+01  0.63981E+01 -0.99740E+01      982.00
  0.25388E+00  0.61561E+02    0.13750E+00  0.13750E+00 -0.27500E+00  0.00000E+00  0.00000E+00  0.00000E+00    0.21511E+02  0.16665E+02 -0.38177E+02  0.48399E+01  0.63354E+01 -0.10036E+02      982.00
  0.27713E+00  0.62033E+02    0.15000E+00  0.15000E+00 -0.30000E+00  0.00000E+00  0.00000E+00  0.00000E+00    0.21730E+02  0.16776E+02 -0.38507E+02  0.48110E+01  0.62690E+01 -0.10102E+02      982.00
  0.30041E+00  0.62491E+02    0.16250E+00  0.16250E+00 -0.32500E+00  0.00000E+00  0.00000E+00  0.00000E+00    0.21937E+02  0.16893E+02 -0.38830E+02  0.47879E+01  0.61995E+01 -0.10158E+02      982.00
  0.32371E+00  0.62971E+02    0.17500E+00  0.17500E+00 -0.35000E+00  0.00000E+00  0.00000E+00  0.00000E+00    0.22154E+02  0.17012E+02 -0.39167E+02  0.47698E+01  0.61253E+01 -0.10217E+02      982.00
  0.34704E+00  0.63418E+02    0.18750E+00  0.18750E+00 -0.37500E+00  0.00000E+00  0.00000E+00  0.00000E+00    0.22349E+02  0.17135E+02 -0.39484E+02  0.47565E+01  0.60540E+01 -0.10264E+02      982.00
  0.37038E+00  0.63855E+02    0.20000E+00  0.20000E+00 -0.40000E+00  0.00000E+00  0.00000E+00  0.00000E+00    0.22534E+02  0.17260E+02 -0.39794E+02  0.47466E+01  0.59840E+01 -0.10304E+02      982.00
  0.39375E+00  0.64259E+02    0.21250E+00  0.21250E+00 -0.42500E+00  0.00000E+00  0.00000E+00  0.00000E+00    0.22705E+02  0.17380E+02 -0.40086E+02  0.47362E+01  0.59120E+01 -0.10334E+02      982.00
  0.41715E+00  0.64661E+02    0.22500E+00  0.22500E+00 -0.45000E+00  0.00000E+00  0.00000E+00  0.00000E+00    0.22872E+02  0.17503E+02 -0.40374E+02  0.47300E+01  0.58446E+01 -0.10362E+02      982.00
  0.44056E+00  0.65046E+02    0.23750E+00  0.23750E+00 -0.47500E+00  0.00000E+00  0.00000E+00  0.00000E+00    0.23029E+02  0.17624E+02 -0.40653E+02  0.47254E+01  0.57781E+01 -0.10383E+02      982.00
  0.46400E+00  0.65411E+02    0.25000E+00  0.25000E+00 -0.50000E+00  0.00000E+00  0.00000E+00  0.00000E+00    0.23176E+02  0.17743E+02 -0.40920E+02  0.47209E+01  0.57128E+01 -0.10397E+02      982.00
  0.48746E+00  0.65753E+02    0.26250E+00  0.26250E+00 -0.52500E+00  0.00000E+00  0.00000E+00  0.00000E+00    0.23313E+02  0.17858E+02 -0.41171E+02  0.47163E+01  0.56488E+01 -0.10405E+02      982.00
  0.51094E+00  0.66077E+02    0.27500E+00  0.27500E+00 -0.55000E+00  0.00000E+00  0.00000E+00  0.00000E+00    0.23442E+02  0.17970E+02 -0.41412E+02  0.47120E+01  0.55860E+01 -0.10407E+02      982.00
  0.53444E+00  0.66365E+02    0.28750E+00  0.28750E+00 -0.57500E+00  0.00000E+00  0.00000E+00  0.00000E+00    0.23555E+02  0.18069E+02 -0.41625E+02  0.47098E+01  0.55344E+01 -0.10408E+02      982.00
  0.55796E+00  0.66652E+02    0.30000E+00  0.30000E+00 -0.60000E+00  0.00000E+00  0.00000E+00  0.00000E+00    0.23669E+02  0.18172E+02 -0.41841E+02  0.47042E+01  0.54742E+01 -0.10401E+02      982.00
  0.58150E+00  0.66917E+02    0.31250E+00  0.31250E+00 -0.62500E+00  0.00000E+00  0.00000E+00  0.00000E+00    0.23774E+02  0.18270E+02 -0.42043E+02  0.46983E+01  0.54147E+01 -0.10390E+02      982.00
  0.60506E+00  0.67169E+02    0.32500E+00  0.32500E+00 -0.65000E+00  0.00000E+00  0.00000E+00  0.00000E+00    0.23873E+02  0.18363E+02 -0.42236E+02  0.46916E+01  0.53570E+01 -0.10377E+02      982.00
  0.62864E+00  0.67402E+02    0.33750E+00  0.33750E+00 -0.67500E+00  0.00000E+00  0.00000E+00  0.00000E+00    0.23966E+02  0.18451E+02 -0.42417E+02  0.46852E+01  0.52994E+01 -0.10359E+02      982.00
  0.65224E+00  0.67619E+02    0.35000E+00  0.35000E+00 -0.70000E+00  0.00000E+00  0.00000E+00  0.00000E+00    0.24052E+02  0.18534E+02 -0.42586E+02  0.46786E+01  0.52441E+01 -0.10341E+02      982.00
  0.67586E+00  0.67823E+02    0.36250E+00  0.36250E+00 -0.72500E+00  0.00000E+00  0.00000E+00  0.00000E+00    0.24134E+02  0.18613E+02 -0.42747E+02  0.46708E+01  0.51876E+01 -0.10320E+02      982.00
  0.69949E+00  0.68004E+02    0.37500E+00  0.37500E+00 -0.75000E+00  0.00000E+00  0.00000E+00  0.00000E+00    0.24209E+02  0.18683E+02 -0.42891E+02  0.46626E+01  0.51341E+01 -0.10297E+02      982.00
  0.72315E+00  0.68185E+02    0.38750E+00  0.38750E+00 -0.77500E+00  0.00000E+00  0.00000E+00  0.00000E+00    0.24283E+02  0.18752E+02 -0.43036E+02  0.46549E+01  0.50809E+01 -0.10273E+02      982.00
  0.74681E+00  0.68345E+02    0.40000E+00  0.40000E+00 -0.80000E+00  0.00000E+00  0.00000E+00  0.00000E+00    0.24351E+02  0.18814E+02 -0.43165E+02  0.46462E+01  0.50288E+01 -0.10249E+02      982.00
  0.77050E+00  0.68500E+02    0.41250E+00  0.41250E+00 -0.82500E+00  0.00000E+00  0.00000E+00  0.00000E+00    0.24418E+02  0.18872E+02 -0.43291E+02  0.46374E+01  0.49775E+01 -0.10224E+02      982.00
  0.79420E+00  0.68641E+02    0.42500E+00  0.42500E+00 -0.85000E+00  0.00000E+00  0.00000E+00  0.00000E+00    0.24482E+02  0.18921E+02 -0.43402E+02  0.46282E+01  0.49403E+01 -0.10205E+02      982.00
  0.81791E+00  0.68773E+02    0.43750E+00  0.43750E+00 -0.87500E+00  0.00000E+00  0.00000E+00  0.00000E+00    0.24542E+02  0.18968E+02 -0.43511E+02  0.46208E+01  0.48910E+01 -0.10179E+02      982.00
  0.84163E+00  0.68887E+02    0.45000E+00  0.45000E+00 -0.90000E+00  0.00000E+00  0.00000E+00  0.00000E+00    0.24597E+02  0.19009E+02 -0.43606E+02  0.46100E+01  0.48449E+01 -0.10156E+02      982.00
  0.86537E+00  0.68937E+02    0.46250E+00  0.46250E+00 -0.92500E+00  0.00000E+00  0.00000E+00  0.00000E+00    0.24638E+02  0.19031E+02 -0.43670E+02  0.45767E+01  0.47726E+01 -0.10112E+02      982.00
  0.88913E+00  0.68982E+02    0.47500E+00  0.47500E+00 -0.95000E+00  0.00000E+00  0.00000E+00  0.00000E+00    0.24674E+02  0.19052E+02 -0.43726E+02  0.45489E+01  0.47075E+01 -0.10073E+02      982.00
  0.91290E+00  0.69025E+02    0.48750E+00  0.48750E+00 -0.97500E+00  0.00000E+00  0.00000E+00  0.00000E+00    0.24709E+02  0.19070E+02 -0.43779E+02  0.45219E+01  0.46443E+01 -0.10036E+02      982.00
  0.93668E+00  0.69058E+02    0.50000E+00  0.50000E+00 -0.10000E+01  0.00000E+00  0.00000E+00  0.00000E+00    0.24741E+02  0.19082E+02 -0.43823E+02  0.44989E+01  0.45853E+01 -0.10003E+02      982.00
